<?xml version="1.0" encoding="utf-8"?>
<TestRun id="8165752b-8af9-4fc8-8baa-20b72f45cbd1" name="Home@DESKTOP-K17A3M4 2026-09-20 22:25:09" runUser="DESKTOP-K17A3M4\Home" xmlns="http://microsoft.com/schemas/VisualStudio/TeamTest/2010">
  <Times creation="2026-09-20T22:25:09.2346684+04:00" queuing="2026-09-20T22:25:09.2346687+04:00" start="2026-09-20T22:25:08.4849773+04:00" finish="2026-09-20T22:25:39.4304622+04:00" />
  <TestSettings name="default" id="1d4a4d54-c66c-4ad9-94e7-4dfeb7ca648c">
    <Deployment runDeploymentRoot="Home_DESKTOP-K17A3M4_2026-09-20_22_25_09" />
  </TestSettings>
  <Results>
    <UnitTestResult executionId="8c92d551-73c0-42d1-ba5e-2ceef16ae8b2" testId="a663c87b-cf55-d0c2-6f74-98c20df41d23" testName="PayTaxi.Tests.Integration.AuthAndAuthorizationTests.Every_common_phone_spelling_reaches_the_same_driver(pattern: &quot;0{local}&quot;)" computerName="DESKTOP-K17A3M4" duration="00:00:00.0270940" startTime="2026-09-20T22:25:30.5121272+04:00" endTime="2026-09-20T22:25:30.5121274+04:00" testType="13cdc9d9-ddb5-4fa4-a97d-d965ccfc6d4b" outcome="Passed" testListId="8c84fa94-04c1-424b-9868-57a2d4851a1d" relativeResultsDirectory="8c92d551-73c0-42d1-ba5e-2ceef16ae8b2" />
    <UnitTestResult executionId="cdd8f861-a39a-43ed-a11d-aa189abef0e4" testId="37602a43-6b59-1b34-f94b-d3f65c28afcd" testName="PayTaxi.Tests.Yandex.YandexFleetClientTests.Rejected_write_returns_failure_with_yandex_code" computerName="DESKTOP-K17A3M4" duration="00:00:00.0146842" startTime="2026-09-20T22:25:09.1686554+04:00" endTime="2026-09-20T22:25:09.1686560+04:00" testType="13cdc9d9-ddb5-4fa4-a97d-d965ccfc6d4b" outcome="Passed" testListId="8c84fa94-04c1-424b-9868-57a2d4851a1d" relativeResultsDirectory="cdd8f861-a39a-43ed-a11d-aa189abef0e4" />
    <UnitTestResult executionId="a5fec7d3-0322-4955-b544-14338e5bdcf4" testId="f900cc05-a387-dee0-ad45-17c55cdefbb7" testName="PayTaxi.Tests.Tbc.TbcPayoutAdapterTests.Find_by_key_returns_status_when_found" computerName="DESKTOP-K17A3M4" duration="00:00:00.0054443" startTime="2026-09-20T22:25:21.4708396+04:00" endTime="2026-09-20T22:25:21.4708400+04:00" testType="13cdc9d9-ddb5-4fa4-a97d-d965ccfc6d4b" outcome="Passed" testListId="8c84fa94-04c1-424b-9868-57a2d4851a1d" relativeResultsDirectory="a5fec7d3-0322-4955-b544-14338e5bdcf4" />
    <UnitTestResult executionId="d0e1eb0e-7a1f-47ab-8e7a-90d27008578e" testId="3244576b-4845-5b25-41fd-26a97d491666" testName="PayTaxi.Tests.Tbc.TbcPayoutAdapterTests.Balance_comes_from_statement_closing_balance" computerName="DESKTOP-K17A3M4" duration="00:00:00.0119694" startTime="2026-09-20T22:25:21.4651742+04:00" endTime="2026-09-20T22:25:21.4651745+04:00" testType="13cdc9d9-ddb5-4fa4-a97d-d965ccfc6d4b" outcome="Passed" testListId="8c84fa94-04c1-424b-9868-57a2d4851a1d" relativeResultsDirectory="d0e1eb0e-7a1f-47ab-8e7a-90d27008578e" />
    <UnitTestResult executionId="064ff645-8cd1-423b-b262-fcaba3c983b1" testId="95c87574-86fa-7cfb-46fb-9b6777dd914e" testName="PayTaxi.Tests.Domain.FieldEncryptorTests.Same_plaintext_encrypts_differently_each_time" computerName="DESKTOP-K17A3M4" duration="00:00:00.0001509" startTime="2026-09-20T22:25:09.2086646+04:00" endTime="2026-09-20T22:25:09.2086646+04:00" testType="13cdc9d9-ddb5-4fa4-a97d-d965ccfc6d4b" outcome="Passed" testListId="8c84fa94-04c1-424b-9868-57a2d4851a1d" relativeResultsDirectory="064ff645-8cd1-423b-b262-fcaba3c983b1" />
    <UnitTestResult executionId="eaf9d1f5-0c4d-4366-85f4-61d7a7f5e1b7" testId="dd9d5646-437d-d38a-0895-ca9418ff553d" testName="PayTaxi.Tests.Domain.PersonNameTests.Same_person_across_scripts_and_order(a: &quot;ნინო ჩხეიძე&quot;, b: &quot;Nino Chkheidze&quot;)" computerName="DESKTOP-K17A3M4" duration="00:00:00.0000078" startTime="2026-09-20T22:25:09.2119614+04:00" endTime="2026-09-20T22:25:09.2119615+04:00" testType="13cdc9d9-ddb5-4fa4-a97d-d965ccfc6d4b" outcome="Passed" testListId="8c84fa94-04c1-424b-9868-57a2d4851a1d" relativeResultsDirectory="eaf9d1f5-0c4d-4366-85f4-61d7a7f5e1b7" />
    <UnitTestResult executionId="6f744bb8-0d75-4102-9be1-4812b061eddc" testId="14c88695-3fbd-0e57-1795-c92a7c513baf" testName="PayTaxi.Tests.Tbc.TbcPayoutAdapterTests.Status_codes_map_per_documentation(code: &quot;FL&quot;, expected: Failed)" computerName="DESKTOP-K17A3M4" duration="00:00:00.0000113" startTime="2026-09-20T22:25:21.4075521+04:00" endTime="2026-09-20T22:25:21.4075522+04:00" testType="13cdc9d9-ddb5-4fa4-a97d-d965ccfc6d4b" outcome="Passed" testListId="8c84fa94-04c1-424b-9868-57a2d4851a1d" relativeResultsDirectory="6f744bb8-0d75-4102-9be1-4812b061eddc" />
    <UnitTestResult executionId="95bdd980-f361-4f4f-9700-5f424021fd1d" testId="64f177bf-2eb7-6be1-1193-b814ee504420" testName="PayTaxi.Tests.Integration.AuthAndAuthorizationTests.Every_common_phone_spelling_reaches_the_same_driver(pattern: &quot;{local}&quot;)" computerName="DESKTOP-K17A3M4" duration="00:00:00.2204549" startTime="2026-09-20T22:25:30.4281956+04:00" endTime="2026-09-20T22:25:30.4281965+04:00" testType="13cdc9d9-ddb5-4fa4-a97d-d965ccfc6d4b" outcome="Passed" testListId="8c84fa94-04c1-424b-9868-57a2d4851a1d" relativeResultsDirectory="95bdd980-f361-4f4f-9700-5f424021fd1d" />
    <UnitTestResult executionId="6728b6b2-0e59-417e-8474-6f02412f8cdb" testId="d822ae40-3eee-d6d9-8293-7e31caeca762" testName="PayTaxi.Tests.Domain.PersonNameTests.Same_person_across_scripts_and_order(a: &quot;Levan Kobakhidze&quot;, b: &quot;levan  kobakhidze &quot;)" computerName="DESKTOP-K17A3M4" duration="00:00:00.0000121" startTime="2026-09-20T22:25:09.2119953+04:00" endTime="2026-09-20T22:25:09.2119953+04:00" testType="13cdc9d9-ddb5-4fa4-a97d-d965ccfc6d4b" outcome="Passed" testListId="8c84fa94-04c1-424b-9868-57a2d4851a1d" relativeResultsDirectory="6728b6b2-0e59-417e-8474-6f02412f8cdb" />
    <UnitTestResult executionId="7e47cb01-cd12-42ef-8c13-d8f705503663" testId="a9d2ed44-8216-b25b-29f6-df823e732abc" testName="PayTaxi.Tests.Integration.AuthAndAuthorizationTests.Park_admin_is_confined_to_their_park" computerName="DESKTOP-K17A3M4" duration="00:00:00.3952397" startTime="2026-09-20T22:25:30.9085887+04:00" endTime="2026-09-20T22:25:30.9085890+04:00" testType="13cdc9d9-ddb5-4fa4-a97d-d965ccfc6d4b" outcome="Passed" testListId="8c84fa94-04c1-424b-9868-57a2d4851a1d" relativeResultsDirectory="7e47cb01-cd12-42ef-8c13-d8f705503663" />
    <UnitTestResult executionId="a11c6881-5b45-40b9-98c2-ef08849a9924" testId="a311b686-d906-7b0b-cb74-5addfc657e37" testName="PayTaxi.Tests.Yandex.YandexFleetClientTests.Balance_query_filters_by_profile_id" computerName="DESKTOP-K17A3M4" duration="00:00:00.0013028" startTime="2026-09-20T22:25:09.1710010+04:00" endTime="2026-09-20T22:25:09.1710012+04:00" testType="13cdc9d9-ddb5-4fa4-a97d-d965ccfc6d4b" outcome="Passed" testListId="8c84fa94-04c1-424b-9868-57a2d4851a1d" relativeResultsDirectory="a11c6881-5b45-40b9-98c2-ef08849a9924" />
    <UnitTestResult executionId="59527f45-1457-4ef3-8466-37c6a808557c" testId="d454eeb5-96fd-2011-c8da-5f1449fb1a71" testName="PayTaxi.Tests.Integration.OwnershipRuleTests.Unnamed_driver_is_not_blocked_by_the_placeholder" computerName="DESKTOP-K17A3M4" duration="00:00:00.0448430" startTime="2026-09-20T22:25:34.7923064+04:00" endTime="2026-09-20T22:25:34.7923071+04:00" testType="13cdc9d9-ddb5-4fa4-a97d-d965ccfc6d4b" outcome="Passed" testListId="8c84fa94-04c1-424b-9868-57a2d4851a1d" relativeResultsDirectory="59527f45-1457-4ef3-8466-37c6a808557c" />
    <UnitTestResult executionId="51fb5c79-c3be-4700-baa9-fe9dc4613ed6" testId="fd269e50-0ace-0f92-3666-6d8e6bb7f7e1" testName="PayTaxi.Tests.Tbc.TbcPayoutAdapterTests.Validation_fault_is_non_retryable" computerName="DESKTOP-K17A3M4" duration="00:00:00.0026008" startTime="2026-09-20T22:25:21.4901642+04:00" endTime="2026-09-20T22:25:21.4901647+04:00" testType="13cdc9d9-ddb5-4fa4-a97d-d965ccfc6d4b" outcome="Passed" testListId="8c84fa94-04c1-424b-9868-57a2d4851a1d" relativeResultsDirectory="51fb5c79-c3be-4700-baa9-fe9dc4613ed6" />
    <UnitTestResult executionId="f5783b67-2735-4a5f-b033-1a1ecb0da5e9" testId="2ff3f9e1-4927-cbaf-adfd-2ca6a71f449f" testName="PayTaxi.Tests.Domain.SettlementShareTests.Levan_park_takes_everything_under_the_cap" computerName="DESKTOP-K17A3M4" duration="00:00:00.0002339" startTime="2026-09-20T22:25:09.2083615+04:00" endTime="2026-09-20T22:25:09.2083615+04:00" testType="13cdc9d9-ddb5-4fa4-a97d-d965ccfc6d4b" outcome="Passed" testListId="8c84fa94-04c1-424b-9868-57a2d4851a1d" relativeResultsDirectory="f5783b67-2735-4a5f-b033-1a1ecb0da5e9" />
    <UnitTestResult executionId="8fd17478-c33b-41cd-b121-167d0e107722" testId="b538e72d-e6ea-c1d6-5051-5c68f89ba086" testName="PayTaxi.Tests.Domain.FieldEncryptorTests.Rejects_wrong_key_length" computerName="DESKTOP-K17A3M4" duration="00:00:00.0002631" startTime="2026-09-20T22:25:09.2109628+04:00" endTime="2026-09-20T22:25:09.2109628+04:00" testType="13cdc9d9-ddb5-4fa4-a97d-d965ccfc6d4b" outcome="Passed" testListId="8c84fa94-04c1-424b-9868-57a2d4851a1d" relativeResultsDirectory="8fd17478-c33b-41cd-b121-167d0e107722" />
    <UnitTestResult executionId="29876087-0cb8-4ce5-a3a4-7c0b74c1aee5" testId="c9bbf10e-c4cf-033c-fd2f-b04b4939dcbe" testName="PayTaxi.Tests.Domain.SettlementShareTests.Crossover_day_splits_exactly_at_the_cap" computerName="DESKTOP-K17A3M4" duration="00:00:00.0001718" startTime="2026-09-20T22:25:09.2084242+04:00" endTime="2026-09-20T22:25:09.2084242+04:00" testType="13cdc9d9-ddb5-4fa4-a97d-d965ccfc6d4b" outcome="Passed" testListId="8c84fa94-04c1-424b-9868-57a2d4851a1d" relativeResultsDirectory="29876087-0cb8-4ce5-a3a4-7c0b74c1aee5" />
    <UnitTestResult executionId="b9886267-bdc9-4add-ae8b-12f6bac15cba" testId="bef91c4b-aa98-2ddb-01bc-90bdfc1f8471" testName="PayTaxi.Tests.Domain.PersonNameTests.Same_person_across_scripts_and_order(a: &quot;Giorgi Mamulashvili&quot;, b: &quot;Giorgi Tornike Mamulashvili&quot;)" computerName="DESKTOP-K17A3M4" duration="00:00:00.0000082" startTime="2026-09-20T22:25:09.2119182+04:00" endTime="2026-09-20T22:25:09.2119183+04:00" testType="13cdc9d9-ddb5-4fa4-a97d-d965ccfc6d4b" outcome="Passed" testListId="8c84fa94-04c1-424b-9868-57a2d4851a1d" relativeResultsDirectory="b9886267-bdc9-4add-ae8b-12f6bac15cba" />
    <UnitTestResult executionId="c44a6125-6319-461c-b66a-9183f01db7e1" testId="74fcdb71-95b1-1e18-efb5-a6d4fb5466ed" testName="PayTaxi.Tests.Domain.FieldEncryptorTests.Roundtrip_and_prefix" computerName="DESKTOP-K17A3M4" duration="00:00:00.0001626" startTime="2026-09-20T22:25:09.2108643+04:00" endTime="2026-09-20T22:25:09.2108644+04:00" testType="13cdc9d9-ddb5-4fa4-a97d-d965ccfc6d4b" outcome="Passed" testListId="8c84fa94-04c1-424b-9868-57a2d4851a1d" relativeResultsDirectory="c44a6125-6319-461c-b66a-9183f01db7e1" />
    <UnitTestResult executionId="589530e2-64b0-4b5b-a329-d4799c29f779" testId="5fae6256-8ab5-04cf-7a36-140eb0c050ed" testName="PayTaxi.Tests.Domain.PersonNameTests.Same_person_across_scripts_and_order(a: &quot;თამარ ბერიძე&quot;, b: &quot;Tamar Beridze&quot;)" computerName="DESKTOP-K17A3M4" duration="00:00:00.0000068" startTime="2026-09-20T22:25:09.2120497+04:00" endTime="2026-09-20T22:25:09.2120498+04:00" testType="13cdc9d9-ddb5-4fa4-a97d-d965ccfc6d4b" outcome="Passed" testListId="8c84fa94-04c1-424b-9868-57a2d4851a1d" relativeResultsDirectory="589530e2-64b0-4b5b-a329-d4799c29f779" />
    <UnitTestResult executionId="a9dfa5a0-c4b7-4afa-b81a-fb1bf05073c2" testId="0ce74592-5259-970d-e3da-5b596827daa3" testName="PayTaxi.Tests.Integration.SessionsAndNotificationsTests.Cashout_writes_a_structured_notification_and_read_state_works" computerName="DESKTOP-K17A3M4" duration="00:00:00.1875547" startTime="2026-09-20T22:25:36.2328109+04:00" endTime="2026-09-20T22:25:36.2328115+04:00" testType="13cdc9d9-ddb5-4fa4-a97d-d965ccfc6d4b" outcome="Passed" testListId="8c84fa94-04c1-424b-9868-57a2d4851a1d" relativeResultsDirectory="a9dfa5a0-c4b7-4afa-b81a-fb1bf05073c2" />
    <UnitTestResult executionId="46e288c9-d710-4c53-9394-982377437c23" testId="a51f6246-5a31-efd9-7aa0-53be3ae133d8" testName="PayTaxi.Tests.Domain.PersonNameTests.Different_person_is_rejected(a: &quot;Giorgi Mamulashvili&quot;, b: &quot;Giorgi Beridze&quot;)" computerName="DESKTOP-K17A3M4" duration="00:00:00.0001089" startTime="2026-09-20T22:25:09.2129056+04:00" endTime="2026-09-20T22:25:09.2129057+04:00" testType="13cdc9d9-ddb5-4fa4-a97d-d965ccfc6d4b" outcome="Passed" testListId="8c84fa94-04c1-424b-9868-57a2d4851a1d" relativeResultsDirectory="46e288c9-d710-4c53-9394-982377437c23" />
    <UnitTestResult executionId="bdba2c96-6cee-4bb0-a56c-4870ea9ef9a1" testId="d0d86145-3a14-8537-bd16-2b038ebfa848" testName="PayTaxi.Tests.Integration.AlertsTests.Alerts_need_an_admin_token" computerName="DESKTOP-K17A3M4" duration="00:00:00.0325731" startTime="2026-09-20T22:25:29.5547979+04:00" endTime="2026-09-20T22:25:29.5547982+04:00" testType="13cdc9d9-ddb5-4fa4-a97d-d965ccfc6d4b" outcome="Passed" testListId="8c84fa94-04c1-424b-9868-57a2d4851a1d" relativeResultsDirectory="bdba2c96-6cee-4bb0-a56c-4870ea9ef9a1" />
    <UnitTestResult executionId="42dde38b-c778-4d41-be63-0a83ae95295d" testId="8046ded4-7a39-cece-5faa-2c8d70558848" testName="PayTaxi.Tests.Integration.OnboardingTests.Onboarding_with_the_drivers_own_iban_creates_an_unflagged_default_account" computerName="DESKTOP-K17A3M4" duration="00:00:00.3454536" startTime="2026-09-20T22:25:34.5352601+04:00" endTime="2026-09-20T22:25:34.5352604+04:00" testType="13cdc9d9-ddb5-4fa4-a97d-d965ccfc6d4b" outcome="Passed" testListId="8c84fa94-04c1-424b-9868-57a2d4851a1d" relativeResultsDirectory="42dde38b-c778-4d41-be63-0a83ae95295d" />
    <UnitTestResult executionId="e9eaae50-0a70-4e7f-94cd-3e624061930e" testId="21d2816d-5bf0-e95e-87dd-e946ae3992a2" testName="PayTaxi.Tests.Domain.PersonNameTests.Same_person_across_scripts_and_order(a: &quot;ნიკოლოზ მიქელაძე&quot;, b: &quot;Nikoloz Mikelladze&quot;)" computerName="DESKTOP-K17A3M4" duration="00:00:00.0000109" startTime="2026-09-20T22:25:09.2110927+04:00" endTime="2026-09-20T22:25:09.2110927+04:00" testType="13cdc9d9-ddb5-4fa4-a97d-d965ccfc6d4b" outcome="Passed" testListId="8c84fa94-04c1-424b-9868-57a2d4851a1d" relativeResultsDirectory="e9eaae50-0a70-4e7f-94cd-3e624061930e" />
    <UnitTestResult executionId="ee51f941-9ab6-4150-bc8b-6ad24d92f1fb" testId="2d030a41-db52-2472-6fb9-7e9fe6d44e4b" testName="PayTaxi.Tests.Integration.AlertsTests.Failed_settlement_raises_a_danger_alert_scoped_by_role_and_the_signature_tracks_the_set" computerName="DESKTOP-K17A3M4" duration="00:00:01.7214808" startTime="2026-09-20T22:25:29.5206635+04:00" endTime="2026-09-20T22:25:29.5206637+04:00" testType="13cdc9d9-ddb5-4fa4-a97d-d965ccfc6d4b" outcome="Passed" testListId="8c84fa94-04c1-424b-9868-57a2d4851a1d" relativeResultsDirectory="ee51f941-9ab6-4150-bc8b-6ad24d92f1fb" />
    <UnitTestResult executionId="fc3f73f8-7206-4a1e-8aed-becc19c60bda" testId="920cecfb-1fdf-6c25-f8e4-314ab8d74cc6" testName="PayTaxi.Tests.Integration.CashoutSagaTests.Idempotency_is_scoped_to_the_driver" computerName="DESKTOP-K17A3M4" duration="00:00:00.1703069" startTime="2026-09-20T22:25:33.5078184+04:00" endTime="2026-09-20T22:25:33.5078188+04:00" testType="13cdc9d9-ddb5-4fa4-a97d-d965ccfc6d4b" outcome="Passed" testListId="8c84fa94-04c1-424b-9868-57a2d4851a1d" relativeResultsDirectory="fc3f73f8-7206-4a1e-8aed-becc19c60bda" />
    <UnitTestResult executionId="7145e292-d77e-4c80-8e95-2de3288347d0" testId="737dc152-d987-6e4e-8aa2-65c33b6ca09c" testName="PayTaxi.Tests.Tbc.TbcPayoutAdapterTests.List_transfers_returns_debits_keyed_by_payment_id" computerName="DESKTOP-K17A3M4" duration="00:00:00.0112675" startTime="2026-09-20T22:25:21.5192187+04:00" endTime="2026-09-20T22:25:21.5192194+04:00" testType="13cdc9d9-ddb5-4fa4-a97d-d965ccfc6d4b" outcome="Passed" testListId="8c84fa94-04c1-424b-9868-57a2d4851a1d" relativeResultsDirectory="7145e292-d77e-4c80-8e95-2de3288347d0" />
    <UnitTestResult executionId="619f7afd-92f1-4957-89ae-9d9ef36bff7d" testId="b5bf4958-f2ad-2336-30cc-f465e0ee2b2a" testName="PayTaxi.Tests.Integration.OwnershipRuleTests.Driver_can_add_account_in_own_name(profile: &quot;yp_tb3_003&quot;, holder: &quot;ლევან კობახიძე&quot;)" computerName="DESKTOP-K17A3M4" duration="00:00:00.0273431" startTime="2026-09-20T22:25:34.6859869+04:00" endTime="2026-09-20T22:25:34.6859873+04:00" testType="13cdc9d9-ddb5-4fa4-a97d-d965ccfc6d4b" outcome="Passed" testListId="8c84fa94-04c1-424b-9868-57a2d4851a1d" relativeResultsDirectory="619f7afd-92f1-4957-89ae-9d9ef36bff7d" />
    <UnitTestResult executionId="d7a4bdf1-22d5-49e5-9ba4-b9c3f0141dde" testId="df3d80ec-e59f-fb0f-9bb3-7d2e8955162b" testName="PayTaxi.Tests.Tbc.TbcPayoutAdapterTests.Status_codes_map_per_documentation(code: &quot;XYZ&quot;, expected: Unknown)" computerName="DESKTOP-K17A3M4" duration="00:00:00.0000111" startTime="2026-09-20T22:25:21.4076266+04:00" endTime="2026-09-20T22:25:21.4076267+04:00" testType="13cdc9d9-ddb5-4fa4-a97d-d965ccfc6d4b" outcome="Passed" testListId="8c84fa94-04c1-424b-9868-57a2d4851a1d" relativeResultsDirectory="d7a4bdf1-22d5-49e5-9ba4-b9c3f0141dde" />
    <UnitTestResult executionId="ccc4eeea-24cf-4e1b-80a5-12869618f2ef" testId="089b2ff6-6103-f8eb-7041-5c8f02017f55" testName="PayTaxi.Tests.Domain.PersonNameTests.Transliteration_yields_lowercase_latin_only" computerName="DESKTOP-K17A3M4" duration="00:00:00.0000694" startTime="2026-09-20T22:25:09.2584352+04:00" endTime="2026-09-20T22:25:09.2584358+04:00" testType="13cdc9d9-ddb5-4fa4-a97d-d965ccfc6d4b" outcome="Passed" testListId="8c84fa94-04c1-424b-9868-57a2d4851a1d" relativeResultsDirectory="ccc4eeea-24cf-4e1b-80a5-12869618f2ef" />
    <UnitTestResult executionId="7865956e-e626-4734-9dd0-7201a6e2351a" testId="ea046591-e621-30a4-6948-feebd5f36181" testName="PayTaxi.Tests.Domain.SettlementShareTests.A_single_cashout_straddling_the_cap_is_split_inside_it" computerName="DESKTOP-K17A3M4" duration="00:00:00.0005251" startTime="2026-09-20T22:25:09.2083013+04:00" endTime="2026-09-20T22:25:09.2083014+04:00" testType="13cdc9d9-ddb5-4fa4-a97d-d965ccfc6d4b" outcome="Passed" testListId="8c84fa94-04c1-424b-9868-57a2d4851a1d" relativeResultsDirectory="7865956e-e626-4734-9dd0-7201a6e2351a" />
    <UnitTestResult executionId="948a59ae-3cae-48c5-8d63-beb6a7acbd59" testId="9dac7c61-3e8a-ef94-dfc0-a8a839e9c665" testName="PayTaxi.Tests.Tbc.TbcPayoutAdapterTests.Import_then_bank_fails_it_is_non_retryable_with_error_detail" computerName="DESKTOP-K17A3M4" duration="00:00:00.0025871" startTime="2026-09-20T22:25:21.5220611+04:00" endTime="2026-09-20T22:25:21.5220617+04:00" testType="13cdc9d9-ddb5-4fa4-a97d-d965ccfc6d4b" outcome="Passed" testListId="8c84fa94-04c1-424b-9868-57a2d4851a1d" relativeResultsDirectory="948a59ae-3cae-48c5-8d63-beb6a7acbd59" />
    <UnitTestResult executionId="1b7803e3-2ee4-4d1e-ad9e-89e0fcd49b5b" testId="ff559925-4efc-da4b-c51b-9adf6d6c8210" testName="PayTaxi.Tests.Domain.FieldEncryptorTests.Already_encrypted_is_not_double_encrypted" computerName="DESKTOP-K17A3M4" duration="00:00:00.0024476" startTime="2026-09-20T22:25:09.2085684+04:00" endTime="2026-09-20T22:25:09.2085685+04:00" testType="13cdc9d9-ddb5-4fa4-a97d-d965ccfc6d4b" outcome="Passed" testListId="8c84fa94-04c1-424b-9868-57a2d4851a1d" relativeResultsDirectory="1b7803e3-2ee4-4d1e-ad9e-89e0fcd49b5b" />
    <UnitTestResult executionId="4684d654-9ea6-4a4a-bcfe-313a4a849cee" testId="111db447-b3dc-8b96-0d74-f1d86708a16c" testName="PayTaxi.Tests.Integration.OwnershipRuleTests.Driver_can_add_account_in_own_name(profile: &quot;yp_tb3_003&quot;, holder: &quot;Levan Giorgi Kobakhidze&quot;)" computerName="DESKTOP-K17A3M4" duration="00:00:00.0266960" startTime="2026-09-20T22:25:34.6576993+04:00" endTime="2026-09-20T22:25:34.6576996+04:00" testType="13cdc9d9-ddb5-4fa4-a97d-d965ccfc6d4b" outcome="Passed" testListId="8c84fa94-04c1-424b-9868-57a2d4851a1d" relativeResultsDirectory="4684d654-9ea6-4a4a-bcfe-313a4a849cee" />
    <UnitTestResult executionId="cd28f694-9d99-4b1b-a26a-b7720f1ebe25" testId="4f9ab524-6d33-c40c-adfd-4de4bc735e8c" testName="PayTaxi.Tests.Integration.OnboardingTests.Duplicate_phone_or_yandex_id_is_a_conflict_and_status_values_are_validated" computerName="DESKTOP-K17A3M4" duration="00:00:00.3069346" startTime="2026-09-20T22:25:34.1886471+04:00" endTime="2026-09-20T22:25:34.1886473+04:00" testType="13cdc9d9-ddb5-4fa4-a97d-d965ccfc6d4b" outcome="Passed" testListId="8c84fa94-04c1-424b-9868-57a2d4851a1d" relativeResultsDirectory="cd28f694-9d99-4b1b-a26a-b7720f1ebe25" />
    <UnitTestResult executionId="50cd932f-004f-4c64-b7f0-78d63fe25fa1" testId="36d2427d-2764-c798-da00-2ae104ea7b66" testName="PayTaxi.Tests.Integration.SettlementAndReconciliationTests.Reconciliation_does_not_flag_the_settlement_transfer_as_an_orphan" computerName="DESKTOP-K17A3M4" duration="00:00:01.5294175" startTime="2026-09-20T22:25:39.2147531+04:00" endTime="2026-09-20T22:25:39.2147536+04:00" testType="13cdc9d9-ddb5-4fa4-a97d-d965ccfc6d4b" outcome="Passed" testListId="8c84fa94-04c1-424b-9868-57a2d4851a1d" relativeResultsDirectory="50cd932f-004f-4c64-b7f0-78d63fe25fa1" />
    <UnitTestResult executionId="5574b155-16a1-4df7-92e8-bd7e877c0422" testId="0500610a-e9fc-92f3-544e-3852886a0a1d" testName="PayTaxi.Tests.Domain.PersonNameTests.Same_person_across_scripts_and_order(a: &quot;ზურაბ ჟვანია&quot;, b: &quot;Zurab Jvania&quot;)" computerName="DESKTOP-K17A3M4" duration="00:00:00.0000065" startTime="2026-09-20T22:25:09.2127900+04:00" endTime="2026-09-20T22:25:09.2127901+04:00" testType="13cdc9d9-ddb5-4fa4-a97d-d965ccfc6d4b" outcome="Passed" testListId="8c84fa94-04c1-424b-9868-57a2d4851a1d" relativeResultsDirectory="5574b155-16a1-4df7-92e8-bd7e877c0422" />
    <UnitTestResult executionId="9ed142c2-6611-44eb-9604-5b8cdfb74ba5" testId="355ea4d7-7763-e64f-9e9c-12929477063c" testName="PayTaxi.Tests.Integration.SessionsAndNotificationsTests.Logout_kills_only_that_device_and_garbage_tokens_are_rejected" computerName="DESKTOP-K17A3M4" duration="00:00:00.0972351" startTime="2026-09-20T22:25:36.0436168+04:00" endTime="2026-09-20T22:25:36.0436169+04:00" testType="13cdc9d9-ddb5-4fa4-a97d-d965ccfc6d4b" outcome="Passed" testListId="8c84fa94-04c1-424b-9868-57a2d4851a1d" relativeResultsDirectory="9ed142c2-6611-44eb-9604-5b8cdfb74ba5" />
    <UnitTestResult executionId="99e5487a-a5e7-4ac3-8eba-6f08617d1b70" testId="65638460-a717-3fd7-baa8-5de7c1b5597f" testName="PayTaxi.Tests.Domain.SettlementShareTests.Network_park_is_flat_fifty_percent" computerName="DESKTOP-K17A3M4" duration="00:00:00.0023069" startTime="2026-09-20T22:25:09.2082311+04:00" endTime="2026-09-20T22:25:09.2082312+04:00" testType="13cdc9d9-ddb5-4fa4-a97d-d965ccfc6d4b" outcome="Passed" testListId="8c84fa94-04c1-424b-9868-57a2d4851a1d" relativeResultsDirectory="99e5487a-a5e7-4ac3-8eba-6f08617d1b70" />
    <UnitTestResult executionId="b44188a5-54b2-493c-b1aa-27f5c7ef13f8" testId="a83a29f1-f7e6-7c1d-fef3-46d79086e7c8" testName="PayTaxi.Tests.Domain.PersonNameTests.Same_person_across_scripts_and_order(a: &quot;გიგა ფირცხალავა&quot;, b: &quot;Giga Firtskhalava&quot;)" computerName="DESKTOP-K17A3M4" duration="00:00:00.0000078" startTime="2026-09-20T22:25:09.2127503+04:00" endTime="2026-09-20T22:25:09.2127504+04:00" testType="13cdc9d9-ddb5-4fa4-a97d-d965ccfc6d4b" outcome="Passed" testListId="8c84fa94-04c1-424b-9868-57a2d4851a1d" relativeResultsDirectory="b44188a5-54b2-493c-b1aa-27f5c7ef13f8" />
    <UnitTestResult executionId="9ba225cb-d8be-423e-ac0a-fe771393d9b2" testId="1bc98f8f-cdbc-acdf-08a3-726943cfb9f9" testName="PayTaxi.Tests.Integration.OwnershipRuleTests.Driver_is_refused_for_someone_elses_name(profile: &quot;yp_tb3_003&quot;, holder: &quot;Levan Kobakhadze&quot;)" computerName="DESKTOP-K17A3M4" duration="00:00:00.0095275" startTime="2026-09-20T22:25:34.8168103+04:00" endTime="2026-09-20T22:25:34.8168106+04:00" testType="13cdc9d9-ddb5-4fa4-a97d-d965ccfc6d4b" outcome="Passed" testListId="8c84fa94-04c1-424b-9868-57a2d4851a1d" relativeResultsDirectory="9ba225cb-d8be-423e-ac0a-fe771393d9b2" />
    <UnitTestResult executionId="f580402f-b663-4107-bfef-7a78d8f0372a" testId="90f0841b-fc95-4067-e633-87b3e16a4543" testName="PayTaxi.Tests.Domain.GeorgianIbanTests.Rejects_bad_checksum_and_bad_shape" computerName="DESKTOP-K17A3M4" duration="00:00:00.0003088" startTime="2026-09-20T22:25:21.5352853+04:00" endTime="2026-09-20T22:25:21.5352855+04:00" testType="13cdc9d9-ddb5-4fa4-a97d-d965ccfc6d4b" outcome="Passed" testListId="8c84fa94-04c1-424b-9868-57a2d4851a1d" relativeResultsDirectory="f580402f-b663-4107-bfef-7a78d8f0372a" />
    <UnitTestResult executionId="e33b9421-a42b-4b44-a671-1cb795b4d697" testId="18e05992-c94e-021c-a1ef-507bc9eda9a3" testName="PayTaxi.Tests.Domain.PersonNameTests.Same_person_across_scripts_and_order(a: &quot;სოფო ხაჩიძე&quot;, b: &quot;Sopho Hachidze&quot;)" computerName="DESKTOP-K17A3M4" duration="00:00:00.0000079" startTime="2026-09-20T22:25:09.2121587+04:00" endTime="2026-09-20T22:25:09.2121587+04:00" testType="13cdc9d9-ddb5-4fa4-a97d-d965ccfc6d4b" outcome="Passed" testListId="8c84fa94-04c1-424b-9868-57a2d4851a1d" relativeResultsDirectory="e33b9421-a42b-4b44-a671-1cb795b4d697" />
    <UnitTestResult executionId="528696aa-adfd-4647-b4f8-d728919a6ee6" testId="3bb749ca-c184-60cd-6426-89febc41f3a7" testName="PayTaxi.Tests.Domain.PersonNameTests.Different_person_is_rejected(a: &quot;ლევან კობახიძე&quot;, b: &quot;Levan Kobakhadze&quot;)" computerName="DESKTOP-K17A3M4" duration="00:00:00.0000048" startTime="2026-09-20T22:25:09.2130110+04:00" endTime="2026-09-20T22:25:09.2130111+04:00" testType="13cdc9d9-ddb5-4fa4-a97d-d965ccfc6d4b" outcome="Passed" testListId="8c84fa94-04c1-424b-9868-57a2d4851a1d" relativeResultsDirectory="528696aa-adfd-4647-b4f8-d728919a6ee6" />
    <UnitTestResult executionId="cd116825-a356-4fbf-bd67-9edb5af318ef" testId="622daf75-dd1d-59d7-442b-cd8a22b03133" testName="PayTaxi.Tests.Yandex.YandexFleetClientTests.Every_request_carries_park_headers" computerName="DESKTOP-K17A3M4" duration="00:00:00.0009325" startTime="2026-09-20T22:25:09.1696431+04:00" endTime="2026-09-20T22:25:09.1696440+04:00" testType="13cdc9d9-ddb5-4fa4-a97d-d965ccfc6d4b" outcome="Passed" testListId="8c84fa94-04c1-424b-9868-57a2d4851a1d" relativeResultsDirectory="cd116825-a356-4fbf-bd67-9edb5af318ef" />
    <UnitTestResult executionId="bc15f6c7-be8f-4061-b187-a954116302e8" testId="88dee36d-4634-24ef-e6bc-bd35a9ffb043" testName="PayTaxi.Tests.Integration.CashoutSagaTests.Cashout_to_a_removed_card_is_a_typed_rejection_and_a_foreign_card_is_forbidden" computerName="DESKTOP-K17A3M4" duration="00:00:00.1838432" startTime="2026-09-20T22:25:32.2416858+04:00" endTime="2026-09-20T22:25:32.2416859+04:00" testType="13cdc9d9-ddb5-4fa4-a97d-d965ccfc6d4b" outcome="Passed" testListId="8c84fa94-04c1-424b-9868-57a2d4851a1d" relativeResultsDirectory="bc15f6c7-be8f-4061-b187-a954116302e8" />
    <UnitTestResult executionId="c92d34bf-9874-4ee6-8a67-fc46c88aad2a" testId="f7ff2bb3-b056-e6d2-ed26-8d6194553648" testName="PayTaxi.Tests.Domain.PersonNameTests.Same_person_across_scripts_and_order(a: &quot;გიორგი ღვინიაშვილი&quot;, b: &quot;Giorgi Gviniashvili&quot;)" computerName="DESKTOP-K17A3M4" duration="00:00:00.0000079" startTime="2026-09-20T22:25:09.2121953+04:00" endTime="2026-09-20T22:25:09.2121954+04:00" testType="13cdc9d9-ddb5-4fa4-a97d-d965ccfc6d4b" outcome="Passed" testListId="8c84fa94-04c1-424b-9868-57a2d4851a1d" relativeResultsDirectory="c92d34bf-9874-4ee6-8a67-fc46c88aad2a" />
    <UnitTestResult executionId="58be175c-7595-4543-841c-418d93a35be1" testId="45383c55-6dc3-0d85-5daa-8919dc11eaf2" testName="PayTaxi.Tests.Domain.PersonNameTests.Different_person_is_rejected(a: &quot;გიორგი მამულაშვილი&quot;, b: &quot;Nino Beridze&quot;)" computerName="DESKTOP-K17A3M4" duration="00:00:00.0000041" startTime="2026-09-20T22:25:09.2130454+04:00" endTime="2026-09-20T22:25:09.2130454+04:00" testType="13cdc9d9-ddb5-4fa4-a97d-d965ccfc6d4b" outcome="Passed" testListId="8c84fa94-04c1-424b-9868-57a2d4851a1d" relativeResultsDirectory="58be175c-7595-4543-841c-418d93a35be1" />
    <UnitTestResult executionId="9b8d438e-f3ca-43e8-aa68-e8da9e820209" testId="8c46cbb2-05d2-bb95-dc4d-92c20d4490b1" testName="PayTaxi.Tests.Integration.AlertsTests.Review_required_cashouts_and_open_discrepancies_are_reported" computerName="DESKTOP-K17A3M4" duration="00:00:00.6492298" startTime="2026-09-20T22:25:30.2048711+04:00" endTime="2026-09-20T22:25:30.2048713+04:00" testType="13cdc9d9-ddb5-4fa4-a97d-d965ccfc6d4b" outcome="Passed" testListId="8c84fa94-04c1-424b-9868-57a2d4851a1d" relativeResultsDirectory="9b8d438e-f3ca-43e8-aa68-e8da9e820209" />
    <UnitTestResult executionId="b134ed3e-a15e-4870-b59b-3ae6f933ec6e" testId="7a6a5112-c981-c333-66f7-abf599a058b2" testName="PayTaxi.Tests.Integration.OwnershipRuleTests.Driver_can_add_account_in_own_name(profile: &quot;yp_tb3_003&quot;, holder: &quot;L. Kobakhidze&quot;)" computerName="DESKTOP-K17A3M4" duration="00:00:00.0276843" startTime="2026-09-20T22:25:34.6299620+04:00" endTime="2026-09-20T22:25:34.6299625+04:00" testType="13cdc9d9-ddb5-4fa4-a97d-d965ccfc6d4b" outcome="Passed" testListId="8c84fa94-04c1-424b-9868-57a2d4851a1d" relativeResultsDirectory="b134ed3e-a15e-4870-b59b-3ae6f933ec6e" />
    <UnitTestResult executionId="77278ba8-102f-4218-b149-7c42221b8f5d" testId="95d383b3-9288-20e4-16e0-d722edc5eb73" testName="PayTaxi.Tests.Integration.OwnershipRuleTests.Overlong_input_is_a_400_not_a_500" computerName="DESKTOP-K17A3M4" duration="00:00:00.3679663" startTime="2026-09-20T22:25:35.6503811+04:00" endTime="2026-09-20T22:25:35.6503813+04:00" testType="13cdc9d9-ddb5-4fa4-a97d-d965ccfc6d4b" outcome="Passed" testListId="8c84fa94-04c1-424b-9868-57a2d4851a1d" relativeResultsDirectory="77278ba8-102f-4218-b149-7c42221b8f5d" />
    <UnitTestResult executionId="b388a98f-fb6b-4c23-addf-42724caea35f" testId="7271bd64-55c1-be8d-3c8d-c3f49b075091" testName="PayTaxi.Tests.Tbc.TbcPayoutAdapterTests.Nonce_is_included_when_configured" computerName="DESKTOP-K17A3M4" duration="00:00:00.0037036" startTime="2026-09-20T22:25:21.5075588+04:00" endTime="2026-09-20T22:25:21.5075597+04:00" testType="13cdc9d9-ddb5-4fa4-a97d-d965ccfc6d4b" outcome="Passed" testListId="8c84fa94-04c1-424b-9868-57a2d4851a1d" relativeResultsDirectory="b388a98f-fb6b-4c23-addf-42724caea35f" />
    <UnitTestResult executionId="047768f5-81a9-4fc8-a66f-69ccba04c673" testId="43087e67-77ca-9d9c-c185-c1ec3eee0ce1" testName="PayTaxi.Tests.Integration.OwnershipRuleTests.Admin_needs_a_reason_for_a_third_party_account_and_the_flag_is_visible_everywhere" computerName="DESKTOP-K17A3M4" duration="00:00:00.4532889" startTime="2026-09-20T22:25:35.2811844+04:00" endTime="2026-09-20T22:25:35.2811848+04:00" testType="13cdc9d9-ddb5-4fa4-a97d-d965ccfc6d4b" outcome="Passed" testListId="8c84fa94-04c1-424b-9868-57a2d4851a1d" relativeResultsDirectory="047768f5-81a9-4fc8-a66f-69ccba04c673" />
    <UnitTestResult executionId="7aa9bf27-b7b4-47b2-8368-f6bd236339be" testId="501716dc-53ed-348d-15fb-f69f3e3bf557" testName="PayTaxi.Tests.Domain.PersonNameTests.Same_person_across_scripts_and_order(a: &quot;ნიკა ჯავახიშვილი&quot;, b: &quot;Nika Javakhishvili&quot;)" computerName="DESKTOP-K17A3M4" duration="00:00:00.0001269" startTime="2026-09-20T22:25:09.2110579+04:00" endTime="2026-09-20T22:25:09.2110579+04:00" testType="13cdc9d9-ddb5-4fa4-a97d-d965ccfc6d4b" outcome="Passed" testListId="8c84fa94-04c1-424b-9868-57a2d4851a1d" relativeResultsDirectory="7aa9bf27-b7b4-47b2-8368-f6bd236339be" />
    <UnitTestResult executionId="76f9782b-b00e-4329-9444-7eb25f55880a" testId="4d941c63-7b84-e527-b196-8ddb3bfd9f5c" testName="PayTaxi.Tests.Integration.OwnershipRuleTests.Driver_can_add_account_in_own_name(profile: &quot;yp_tb3_007&quot;, holder: &quot;Valeri Tavadze&quot;)" computerName="DESKTOP-K17A3M4" duration="00:00:00.0266079" startTime="2026-09-20T22:25:34.7136638+04:00" endTime="2026-09-20T22:25:34.7136641+04:00" testType="13cdc9d9-ddb5-4fa4-a97d-d965ccfc6d4b" outcome="Passed" testListId="8c84fa94-04c1-424b-9868-57a2d4851a1d" relativeResultsDirectory="76f9782b-b00e-4329-9444-7eb25f55880a" />
    <UnitTestResult executionId="553408f6-6b58-4682-a8ad-4aaa9bfc42c4" testId="8f783880-7daf-016d-0f5f-a630eccb60d0" testName="PayTaxi.Tests.Domain.PersonNameTests.Different_person_is_rejected(a: &quot;გიორგი მამულაშვილი&quot;, b: &quot;ნინო ბერიძე&quot;)" computerName="DESKTOP-K17A3M4" duration="00:00:00.0000584" startTime="2026-09-20T22:25:09.2128695+04:00" endTime="2026-09-20T22:25:09.2128696+04:00" testType="13cdc9d9-ddb5-4fa4-a97d-d965ccfc6d4b" outcome="Passed" testListId="8c84fa94-04c1-424b-9868-57a2d4851a1d" relativeResultsDirectory="553408f6-6b58-4682-a8ad-4aaa9bfc42c4" />
    <UnitTestResult executionId="9d5620b9-ab96-4528-a3b6-8ab7e89cb60d" testId="7b6b5b98-470e-3604-e3c1-297392eef644" testName="PayTaxi.Tests.Tbc.TbcPayoutAdapterTests.Status_codes_map_per_documentation(code: &quot;G&quot;, expected: Pending)" computerName="DESKTOP-K17A3M4" duration="00:00:00.0000142" startTime="2026-09-20T22:25:21.4074714+04:00" endTime="2026-09-20T22:25:21.4074717+04:00" testType="13cdc9d9-ddb5-4fa4-a97d-d965ccfc6d4b" outcome="Passed" testListId="8c84fa94-04c1-424b-9868-57a2d4851a1d" relativeResultsDirectory="9d5620b9-ab96-4528-a3b6-8ab7e89cb60d" />
    <UnitTestResult executionId="2e9a5400-aaf5-4489-a4fc-e1a779d48f67" testId="3ff4535a-cc74-96b6-5ad6-c059e71a613b" testName="PayTaxi.Tests.Domain.PersonNameTests.Same_person_across_scripts_and_order(a: &quot;ლევან ყიფიანი&quot;, b: &quot;Levan Kipiani&quot;)" computerName="DESKTOP-K17A3M4" duration="00:00:00.0000904" startTime="2026-09-20T22:25:09.2121241+04:00" endTime="2026-09-20T22:25:09.2121242+04:00" testType="13cdc9d9-ddb5-4fa4-a97d-d965ccfc6d4b" outcome="Passed" testListId="8c84fa94-04c1-424b-9868-57a2d4851a1d" relativeResultsDirectory="2e9a5400-aaf5-4489-a4fc-e1a779d48f67" />
    <UnitTestResult executionId="22c8434e-fcf5-4125-93e6-29f02e4d8d41" testId="b58dfb2a-b0c0-e65f-6fa7-84034df42af6" testName="PayTaxi.Tests.Tbc.TbcPayoutAdapterTests.Status_codes_map_per_documentation(code: &quot;VERIF&quot;, expected: Pending)" computerName="DESKTOP-K17A3M4" duration="00:00:00.0052159" startTime="2026-09-20T22:25:21.4049846+04:00" endTime="2026-09-20T22:25:21.4049851+04:00" testType="13cdc9d9-ddb5-4fa4-a97d-d965ccfc6d4b" outcome="Passed" testListId="8c84fa94-04c1-424b-9868-57a2d4851a1d" relativeResultsDirectory="22c8434e-fcf5-4125-93e6-29f02e4d8d41" />
    <UnitTestResult executionId="b658aeee-ba8e-45c0-ab09-fd9d6cb1b072" testId="ad01aade-b05f-34be-133e-684c10033d8d" testName="PayTaxi.Tests.Domain.SettlementShareTests.After_the_cap_only_the_steady_share_applies" computerName="DESKTOP-K17A3M4" duration="00:00:00.0001293" startTime="2026-09-20T22:25:09.2084678+04:00" endTime="2026-09-20T22:25:09.2084678+04:00" testType="13cdc9d9-ddb5-4fa4-a97d-d965ccfc6d4b" outcome="Passed" testListId="8c84fa94-04c1-424b-9868-57a2d4851a1d" relativeResultsDirectory="b658aeee-ba8e-45c0-ab09-fd9d6cb1b072" />
    <UnitTestResult executionId="7c0dd080-4f04-496a-bef1-ce4ed1816b8b" testId="b389221f-00dd-10a8-cfb0-7828e1c54df4" testName="PayTaxi.Tests.Integration.AuthAndAuthorizationTests.Every_common_phone_spelling_reaches_the_same_driver(pattern: &quot;+995 {spaced}&quot;)" computerName="DESKTOP-K17A3M4" duration="00:00:00.0241042" startTime="2026-09-20T22:25:30.4839138+04:00" endTime="2026-09-20T22:25:30.4839143+04:00" testType="13cdc9d9-ddb5-4fa4-a97d-d965ccfc6d4b" outcome="Passed" testListId="8c84fa94-04c1-424b-9868-57a2d4851a1d" relativeResultsDirectory="7c0dd080-4f04-496a-bef1-ce4ed1816b8b" />
    <UnitTestResult executionId="081c59b2-50e5-4b31-8f69-d75c9855cba6" testId="9ec24d16-46f2-6a8e-0dcf-9b06bb09a22d" testName="PayTaxi.Tests.Yandex.YandexFleetClientTests.Profiles_are_paged_by_offset_and_mapped" computerName="DESKTOP-K17A3M4" duration="00:00:00.0375205" startTime="2026-09-20T22:25:09.1543458+04:00" endTime="2026-09-20T22:25:09.1543595+04:00" testType="13cdc9d9-ddb5-4fa4-a97d-d965ccfc6d4b" outcome="Passed" testListId="8c84fa94-04c1-424b-9868-57a2d4851a1d" relativeResultsDirectory="081c59b2-50e5-4b31-8f69-d75c9855cba6" />
    <UnitTestResult executionId="27d288ac-a62b-4700-a470-488acdb397df" testId="4a875892-d373-5041-d135-192fd4af5a1d" testName="PayTaxi.Tests.Tbc.TbcPayoutAdapterTests.Request_id_is_deterministic_and_fits_xsd_long" computerName="DESKTOP-K17A3M4" duration="00:00:00.0071096" startTime="2026-09-20T22:25:21.5036009+04:00" endTime="2026-09-20T22:25:21.5036014+04:00" testType="13cdc9d9-ddb5-4fa4-a97d-d965ccfc6d4b" outcome="Passed" testListId="8c84fa94-04c1-424b-9868-57a2d4851a1d" relativeResultsDirectory="27d288ac-a62b-4700-a470-488acdb397df" />
    <UnitTestResult executionId="215a180b-1e6d-4f98-878e-45467da8f9ae" testId="5c3ec09b-2e10-5202-bb1d-cefc5927f5f3" testName="PayTaxi.Tests.Integration.SettlementAndReconciliationTests.Levans_park_settles_at_phase1_and_a_network_park_at_50_percent" computerName="DESKTOP-K17A3M4" duration="00:00:01.1384417" startTime="2026-09-20T22:25:37.3732754+04:00" endTime="2026-09-20T22:25:37.3732759+04:00" testType="13cdc9d9-ddb5-4fa4-a97d-d965ccfc6d4b" outcome="Passed" testListId="8c84fa94-04c1-424b-9868-57a2d4851a1d" relativeResultsDirectory="215a180b-1e6d-4f98-878e-45467da8f9ae" />
    <UnitTestResult executionId="0798342f-3273-41b2-a521-eb84bdb6fa31" testId="f3ffa624-26ff-9f64-90de-e9dd9d0edf3b" testName="PayTaxi.Tests.Yandex.YandexFleetClientTests.Cashout_posts_negative_amount_with_category_and_idempotency_token" computerName="DESKTOP-K17A3M4" duration="00:00:00.0007217" startTime="2026-09-20T22:25:09.1815870+04:00" endTime="2026-09-20T22:25:09.1815871+04:00" testType="13cdc9d9-ddb5-4fa4-a97d-d965ccfc6d4b" outcome="Passed" testListId="8c84fa94-04c1-424b-9868-57a2d4851a1d" relativeResultsDirectory="0798342f-3273-41b2-a521-eb84bdb6fa31" />
    <UnitTestResult executionId="4e06b4c4-ee29-40ca-861d-6ef1a1086f09" testId="0136c90b-2c22-ee1b-492b-3a48f42e963a" testName="PayTaxi.Tests.Domain.PersonNameTests.Same_person_across_scripts_and_order(a: &quot;Giorgi Mamulashvili&quot;, b: &quot;MAMULASHVILI GIORGI&quot;)" computerName="DESKTOP-K17A3M4" duration="00:00:00.0000066" startTime="2026-09-20T22:25:09.2120875+04:00" endTime="2026-09-20T22:25:09.2120875+04:00" testType="13cdc9d9-ddb5-4fa4-a97d-d965ccfc6d4b" outcome="Passed" testListId="8c84fa94-04c1-424b-9868-57a2d4851a1d" relativeResultsDirectory="4e06b4c4-ee29-40ca-861d-6ef1a1086f09" />
    <UnitTestResult executionId="fb030fd6-f619-482c-834f-2662f8cf31f5" testId="62da4db8-6243-9495-66a3-927d567636d0" testName="PayTaxi.Tests.Domain.PersonNameTests.Same_person_across_scripts_and_order(a: &quot;ილია ჭავჭავაძე&quot;, b: &quot;Ilia Chavchavadze&quot;)" computerName="DESKTOP-K17A3M4" duration="00:00:00.0013606" startTime="2026-09-20T22:25:09.2110219+04:00" endTime="2026-09-20T22:25:09.2110219+04:00" testType="13cdc9d9-ddb5-4fa4-a97d-d965ccfc6d4b" outcome="Passed" testListId="8c84fa94-04c1-424b-9868-57a2d4851a1d" relativeResultsDirectory="fb030fd6-f619-482c-834f-2662f8cf31f5" />
    <UnitTestResult executionId="fd49238a-8fea-4e6e-803a-ba1ffcd29acd" testId="cbe9f1ef-3c9c-f7bb-0b4e-b2085bcb3afb" testName="PayTaxi.Tests.Tbc.TbcPayoutAdapterTests.Duplicate_request_recovers_original_payment_id" computerName="DESKTOP-K17A3M4" duration="00:00:00.0161209" startTime="2026-09-20T22:25:21.4872340+04:00" endTime="2026-09-20T22:25:21.4872350+04:00" testType="13cdc9d9-ddb5-4fa4-a97d-d965ccfc6d4b" outcome="Passed" testListId="8c84fa94-04c1-424b-9868-57a2d4851a1d" relativeResultsDirectory="fd49238a-8fea-4e6e-803a-ba1ffcd29acd" />
    <UnitTestResult executionId="d75d1c56-2f17-43ab-b891-1545237d13d4" testId="3b2a31ac-db3d-bd3c-eb42-7e3663ffb75f" testName="PayTaxi.Tests.Domain.PersonNameTests.Same_person_across_scripts_and_order(a: &quot;გიორგი მამულაშვილი&quot;, b: &quot;Гиорги Мамулашвили&quot;)" computerName="DESKTOP-K17A3M4" duration="00:00:00.0000111" startTime="2026-09-20T22:25:09.2122322+04:00" endTime="2026-09-20T22:25:09.2122322+04:00" testType="13cdc9d9-ddb5-4fa4-a97d-d965ccfc6d4b" outcome="Passed" testListId="8c84fa94-04c1-424b-9868-57a2d4851a1d" relativeResultsDirectory="d75d1c56-2f17-43ab-b891-1545237d13d4" />
    <UnitTestResult executionId="7c6d00d3-323e-416d-b597-2ee43839342d" testId="e34228c5-f04c-befe-99c5-2d73c51f7b59" testName="PayTaxi.Tests.Domain.PersonNameTests.Different_person_is_rejected(a: &quot;Георгий Кобахидзе&quot;, b: &quot;Giorgi Kobakhidze&quot;)" computerName="DESKTOP-K17A3M4" duration="00:00:00.0000104" startTime="2026-09-20T22:25:09.2129774+04:00" endTime="2026-09-20T22:25:09.2129774+04:00" testType="13cdc9d9-ddb5-4fa4-a97d-d965ccfc6d4b" outcome="Passed" testListId="8c84fa94-04c1-424b-9868-57a2d4851a1d" relativeResultsDirectory="7c6d00d3-323e-416d-b597-2ee43839342d" />
    <UnitTestResult executionId="988c8cbd-76c2-4022-a66b-a70b6657be75" testId="2dad9616-5dbd-a2b3-42c2-4e687805b1d5" testName="PayTaxi.Tests.Domain.PersonNameTests.Empty_or_unusable_names_never_match" computerName="DESKTOP-K17A3M4" duration="00:00:00.0000420" startTime="2026-09-20T22:25:09.2586561+04:00" endTime="2026-09-20T22:25:09.2586563+04:00" testType="13cdc9d9-ddb5-4fa4-a97d-d965ccfc6d4b" outcome="Passed" testListId="8c84fa94-04c1-424b-9868-57a2d4851a1d" relativeResultsDirectory="988c8cbd-76c2-4022-a66b-a70b6657be75" />
    <UnitTestResult executionId="d657ad9b-2fb5-4b25-bb5f-55fdb9ad79df" testId="d7386cb1-006b-4944-b0cf-8cb3266ef011" testName="PayTaxi.Tests.Integration.SessionsAndNotificationsTests.Rides_come_from_yandex_clamped_and_cached" computerName="DESKTOP-K17A3M4" duration="00:00:00.1125915" startTime="2026-09-20T22:25:35.7646709+04:00" endTime="2026-09-20T22:25:35.7646711+04:00" testType="13cdc9d9-ddb5-4fa4-a97d-d965ccfc6d4b" outcome="Passed" testListId="8c84fa94-04c1-424b-9868-57a2d4851a1d" relativeResultsDirectory="d657ad9b-2fb5-4b25-bb5f-55fdb9ad79df" />
    <UnitTestResult executionId="0a74090a-354d-43d8-8318-5208ae98a164" testId="0c7d1fb5-3b61-cd13-d754-6e8d970844ba" testName="PayTaxi.Tests.Domain.FieldEncryptorTests.Legacy_plaintext_and_empty_pass_through" computerName="DESKTOP-K17A3M4" duration="00:00:00.0000896" startTime="2026-09-20T22:25:09.2109142+04:00" endTime="2026-09-20T22:25:09.2109143+04:00" testType="13cdc9d9-ddb5-4fa4-a97d-d965ccfc6d4b" outcome="Passed" testListId="8c84fa94-04c1-424b-9868-57a2d4851a1d" relativeResultsDirectory="0a74090a-354d-43d8-8318-5208ae98a164" />
    <UnitTestResult executionId="8c22b8d0-22ad-4023-93b8-41e9dad23b3d" testId="26e031d4-6d3d-9c74-b1eb-f3b1d7522127" testName="PayTaxi.Tests.Tbc.TbcPayoutAdapterTests.Status_codes_map_per_documentation(code: &quot;WC&quot;, expected: Pending)" computerName="DESKTOP-K17A3M4" duration="00:00:00.0000383" startTime="2026-09-20T22:25:21.4063192+04:00" endTime="2026-09-20T22:25:21.4063193+04:00" testType="13cdc9d9-ddb5-4fa4-a97d-d965ccfc6d4b" outcome="Passed" testListId="8c84fa94-04c1-424b-9868-57a2d4851a1d" relativeResultsDirectory="8c22b8d0-22ad-4023-93b8-41e9dad23b3d" />
    <UnitTestResult executionId="ae3c5677-58ab-40aa-9189-dde504f20b2a" testId="8c903265-6831-3e29-e650-627590b07377" testName="PayTaxi.Tests.Yandex.YandexFleetClientTests.Rate_limit_and_server_errors_are_transient_for_the_retry_wrapper" computerName="DESKTOP-K17A3M4" duration="00:00:00.0021863" startTime="2026-09-20T22:25:09.1787669+04:00" endTime="2026-09-20T22:25:09.1787672+04:00" testType="13cdc9d9-ddb5-4fa4-a97d-d965ccfc6d4b" outcome="Passed" testListId="8c84fa94-04c1-424b-9868-57a2d4851a1d" relativeResultsDirectory="ae3c5677-58ab-40aa-9189-dde504f20b2a" />
    <UnitTestResult executionId="6dc869cd-7647-4480-8309-aa542c681d88" testId="5fcef2be-8964-301d-4445-134d939388a2" testName="PayTaxi.Tests.Integration.SettlementAndReconciliationTests.Invoice_is_refused_for_a_cashout_that_did_not_complete" computerName="DESKTOP-K17A3M4" duration="00:00:00.3093021" startTime="2026-09-20T22:25:37.6838365+04:00" endTime="2026-09-20T22:25:37.6838367+04:00" testType="13cdc9d9-ddb5-4fa4-a97d-d965ccfc6d4b" outcome="Passed" testListId="8c84fa94-04c1-424b-9868-57a2d4851a1d" relativeResultsDirectory="6dc869cd-7647-4480-8309-aa542c681d88" />
    <UnitTestResult executionId="7784c26e-e102-49b1-8fef-41e91fed015e" testId="c0f82097-8660-994a-92f5-cb76cedc7a60" testName="PayTaxi.Tests.Integration.CashoutSagaTests.Rejections_are_typed_with_params" computerName="DESKTOP-K17A3M4" duration="00:00:00.0620883" startTime="2026-09-20T22:25:32.0568273+04:00" endTime="2026-09-20T22:25:32.0568276+04:00" testType="13cdc9d9-ddb5-4fa4-a97d-d965ccfc6d4b" outcome="Passed" testListId="8c84fa94-04c1-424b-9868-57a2d4851a1d" relativeResultsDirectory="7784c26e-e102-49b1-8fef-41e91fed015e" />
    <UnitTestResult executionId="5af4bf0b-8069-4627-9d63-a967a053ce8e" testId="0fbc6bd6-15ef-7ea8-6ce9-b42da81f5857" testName="PayTaxi.Tests.Tbc.TbcPayoutAdapterTests.Import_to_other_bank_uses_national_currency_type_and_tax_code" computerName="DESKTOP-K17A3M4" duration="00:00:00.0027099" startTime="2026-09-20T22:25:21.4962692+04:00" endTime="2026-09-20T22:25:21.4962696+04:00" testType="13cdc9d9-ddb5-4fa4-a97d-d965ccfc6d4b" outcome="Passed" testListId="8c84fa94-04c1-424b-9868-57a2d4851a1d" relativeResultsDirectory="5af4bf0b-8069-4627-9d63-a967a053ce8e" />
    <UnitTestResult executionId="a680cb3e-c201-4e46-8707-ae3210a8c00b" testId="493c1b12-6a10-b30d-3590-b275dfa4b60d" testName="PayTaxi.Tests.Yandex.YandexFleetClientTests.Transactions_follow_cursor_and_map_amount_strings" computerName="DESKTOP-K17A3M4" duration="00:00:00.0020004" startTime="2026-09-20T22:25:09.1807997+04:00" endTime="2026-09-20T22:25:09.1808000+04:00" testType="13cdc9d9-ddb5-4fa4-a97d-d965ccfc6d4b" outcome="Passed" testListId="8c84fa94-04c1-424b-9868-57a2d4851a1d" relativeResultsDirectory="a680cb3e-c201-4e46-8707-ae3210a8c00b" />
    <UnitTestResult executionId="4c50e234-de06-4afb-990b-21c345070d11" testId="de1aade7-516b-8e0d-9d53-4c9b580b675b" testName="PayTaxi.Tests.Tbc.TbcPayoutAdapterTests.Status_codes_map_per_documentation(code: &quot;C&quot;, expected: Failed)" computerName="DESKTOP-K17A3M4" duration="00:00:00.0000213" startTime="2026-09-20T22:25:21.4073445+04:00" endTime="2026-09-20T22:25:21.4073449+04:00" testType="13cdc9d9-ddb5-4fa4-a97d-d965ccfc6d4b" outcome="Passed" testListId="8c84fa94-04c1-424b-9868-57a2d4851a1d" relativeResultsDirectory="4c50e234-de06-4afb-990b-21c345070d11" />
    <UnitTestResult executionId="8f67aaab-900f-41e2-af5e-0d36172ee55b" testId="5a8184c7-0b6a-b186-79cb-afb193aea782" testName="PayTaxi.Tests.Tbc.TbcPayoutAdapterTests.Missing_credentials_are_retryable_not_reversing" computerName="DESKTOP-K17A3M4" duration="00:00:00.0019874" startTime="2026-09-20T22:25:21.4527904+04:00" endTime="2026-09-20T22:25:21.4527911+04:00" testType="13cdc9d9-ddb5-4fa4-a97d-d965ccfc6d4b" outcome="Passed" testListId="8c84fa94-04c1-424b-9868-57a2d4851a1d" relativeResultsDirectory="8f67aaab-900f-41e2-af5e-0d36172ee55b" />
    <UnitTestResult executionId="ab92fcf8-266a-41e8-82fa-1c1624242066" testId="65bff3cf-732a-436e-3473-477efe9562d6" testName="PayTaxi.Tests.Integration.OnboardingTests.Onboarding_with_someone_elses_iban_needs_a_reason_and_creates_nothing_without_one" computerName="DESKTOP-K17A3M4" duration="00:00:00.3710168" startTime="2026-09-20T22:25:33.8805165+04:00" endTime="2026-09-20T22:25:33.8805167+04:00" testType="13cdc9d9-ddb5-4fa4-a97d-d965ccfc6d4b" outcome="Passed" testListId="8c84fa94-04c1-424b-9868-57a2d4851a1d" relativeResultsDirectory="ab92fcf8-266a-41e8-82fa-1c1624242066" />
    <UnitTestResult executionId="ca36cd0b-10d2-4d53-93d1-d737ac968bb6" testId="fdbff144-9d5c-0757-2610-9a21de2baa2b" testName="PayTaxi.Tests.Tbc.TbcPayoutAdapterTests.Import_still_processing_after_polls_returns_pending" computerName="DESKTOP-K17A3M4" duration="00:00:00.0042471" startTime="2026-09-20T22:25:21.4506174+04:00" endTime="2026-09-20T22:25:21.4506181+04:00" testType="13cdc9d9-ddb5-4fa4-a97d-d965ccfc6d4b" outcome="Passed" testListId="8c84fa94-04c1-424b-9868-57a2d4851a1d" relativeResultsDirectory="ca36cd0b-10d2-4d53-93d1-d737ac968bb6" />
    <UnitTestResult executionId="4576ef32-47dd-4514-a26b-65f8353d2871" testId="a048b8c5-413a-adca-2ecd-21aa20513f69" testName="PayTaxi.Tests.Yandex.YandexFleetClientTests.Orders_map_price_and_addresses" computerName="DESKTOP-K17A3M4" duration="00:00:00.0053441" startTime="2026-09-20T22:25:09.1764584+04:00" endTime="2026-09-20T22:25:09.1764588+04:00" testType="13cdc9d9-ddb5-4fa4-a97d-d965ccfc6d4b" outcome="Passed" testListId="8c84fa94-04c1-424b-9868-57a2d4851a1d" relativeResultsDirectory="4576ef32-47dd-4514-a26b-65f8353d2871" />
    <UnitTestResult executionId="beb51170-4438-46fd-bd21-ff44688d7ad6" testId="d6a11105-2791-09b8-3cdf-b77e0f209ccc" testName="PayTaxi.Tests.Integration.OwnershipRuleTests.Driver_can_add_account_in_own_name(profile: &quot;yp_tb3_003&quot;, holder: &quot;&quot;)" computerName="DESKTOP-K17A3M4" duration="00:00:00.0315839" startTime="2026-09-20T22:25:34.7462613+04:00" endTime="2026-09-20T22:25:34.7462616+04:00" testType="13cdc9d9-ddb5-4fa4-a97d-d965ccfc6d4b" outcome="Passed" testListId="8c84fa94-04c1-424b-9868-57a2d4851a1d" relativeResultsDirectory="beb51170-4438-46fd-bd21-ff44688d7ad6" />
    <UnitTestResult executionId="4dd2196f-8769-4c91-bf35-1e55b8bb3660" testId="c466366d-714f-d584-c90b-5ce357e0ba2e" testName="PayTaxi.Tests.Integration.OwnershipRuleTests.Driver_can_add_account_in_own_name(profile: &quot;yp_tb3_003&quot;, holder: &quot;Levan Kobahidze&quot;)" computerName="DESKTOP-K17A3M4" duration="00:00:00.0299247" startTime="2026-09-20T22:25:34.6011554+04:00" endTime="2026-09-20T22:25:34.6011556+04:00" testType="13cdc9d9-ddb5-4fa4-a97d-d965ccfc6d4b" outcome="Passed" testListId="8c84fa94-04c1-424b-9868-57a2d4851a1d" relativeResultsDirectory="4dd2196f-8769-4c91-bf35-1e55b8bb3660" />
    <UnitTestResult executionId="59420deb-3d84-4b0e-82c3-71ee74002bc2" testId="229aed27-fe43-707b-684a-63eb6bec0d16" testName="PayTaxi.Tests.Integration.OwnershipRuleTests.Driver_can_add_account_in_own_name(profile: &quot;yp_tb3_003&quot;, holder: &quot;Kobakhidze&quot;)" computerName="DESKTOP-K17A3M4" duration="00:00:00.0333847" startTime="2026-09-20T22:25:34.5703537+04:00" endTime="2026-09-20T22:25:34.5703539+04:00" testType="13cdc9d9-ddb5-4fa4-a97d-d965ccfc6d4b" outcome="Passed" testListId="8c84fa94-04c1-424b-9868-57a2d4851a1d" relativeResultsDirectory="59420deb-3d84-4b0e-82c3-71ee74002bc2" />
    <UnitTestResult executionId="456f4a3f-7e3e-4c4f-8f5b-b4c21e20f51b" testId="94db0975-7c4a-0b0c-3bbc-976febc8bbde" testName="PayTaxi.Tests.Integration.AuthAndAuthorizationTests.Suspended_driver_cannot_log_in" computerName="DESKTOP-K17A3M4" duration="00:00:00.0961293" startTime="2026-09-20T22:25:31.0060166+04:00" endTime="2026-09-20T22:25:31.0060169+04:00" testType="13cdc9d9-ddb5-4fa4-a97d-d965ccfc6d4b" outcome="Passed" testListId="8c84fa94-04c1-424b-9868-57a2d4851a1d" relativeResultsDirectory="456f4a3f-7e3e-4c4f-8f5b-b4c21e20f51b" />
    <UnitTestResult executionId="8d037e70-ed6b-4faf-8ec7-57325ef13e6a" testId="d0103832-2b63-5ad0-dde0-49b974922595" testName="PayTaxi.Tests.Domain.PersonNameTests.Same_person_across_scripts_and_order(a: &quot;გიორგი მამულაშვილი&quot;, b: &quot;Giorgi Mamulashvili&quot;)" computerName="DESKTOP-K17A3M4" duration="00:00:00.0000087" startTime="2026-09-20T22:25:09.2111261+04:00" endTime="2026-09-20T22:25:09.2111262+04:00" testType="13cdc9d9-ddb5-4fa4-a97d-d965ccfc6d4b" outcome="Passed" testListId="8c84fa94-04c1-424b-9868-57a2d4851a1d" relativeResultsDirectory="8d037e70-ed6b-4faf-8ec7-57325ef13e6a" />
    <UnitTestResult executionId="1534a130-022c-4ffa-9c24-803bdd152913" testId="cba39219-5c48-5560-2a4a-99b35e0ec505" testName="PayTaxi.Tests.Tbc.TbcPayoutAdapterTests.Non_xml_response_throws_so_caller_does_lookup" computerName="DESKTOP-K17A3M4" duration="00:00:00.0031674" startTime="2026-09-20T22:25:21.5257144+04:00" endTime="2026-09-20T22:25:21.5257150+04:00" testType="13cdc9d9-ddb5-4fa4-a97d-d965ccfc6d4b" outcome="Passed" testListId="8c84fa94-04c1-424b-9868-57a2d4851a1d" relativeResultsDirectory="1534a130-022c-4ffa-9c24-803bdd152913" />
    <UnitTestResult executionId="6f374089-0e90-49d3-979c-2cd88f08b973" testId="90de623f-9895-66f6-ed62-e9408c688e4a" testName="PayTaxi.Tests.Integration.AuthAndAuthorizationTests.Fee_is_swich_only_but_limits_are_park_editable" computerName="DESKTOP-K17A3M4" duration="00:00:00.7484948" startTime="2026-09-20T22:25:31.7557578+04:00" endTime="2026-09-20T22:25:31.7557582+04:00" testType="13cdc9d9-ddb5-4fa4-a97d-d965ccfc6d4b" outcome="Passed" testListId="8c84fa94-04c1-424b-9868-57a2d4851a1d" relativeResultsDirectory="6f374089-0e90-49d3-979c-2cd88f08b973" />
    <UnitTestResult executionId="b4623641-7c79-435c-8052-a50b7ea0e85b" testId="82074611-b4f5-7fac-c1d4-2a250abd53d4" testName="PayTaxi.Tests.Integration.AuthAndAuthorizationTests.Otp_requests_are_capped_per_phone" computerName="DESKTOP-K17A3M4" duration="00:00:00.1105330" startTime="2026-09-20T22:25:31.8996103+04:00" endTime="2026-09-20T22:25:31.8996106+04:00" testType="13cdc9d9-ddb5-4fa4-a97d-d965ccfc6d4b" outcome="Passed" testListId="8c84fa94-04c1-424b-9868-57a2d4851a1d" relativeResultsDirectory="b4623641-7c79-435c-8052-a50b7ea0e85b" />
    <UnitTestResult executionId="fa101750-0603-42bc-ab83-6dac4a839c57" testId="0161f87a-a713-96ef-8897-57f39464b4d4" testName="PayTaxi.Tests.Integration.AuthAndAuthorizationTests.Every_common_phone_spelling_reaches_the_same_driver(pattern: &quot;995{local}&quot;)" computerName="DESKTOP-K17A3M4" duration="00:00:00.0296614" startTime="2026-09-20T22:25:30.4586484+04:00" endTime="2026-09-20T22:25:30.4586489+04:00" testType="13cdc9d9-ddb5-4fa4-a97d-d965ccfc6d4b" outcome="Passed" testListId="8c84fa94-04c1-424b-9868-57a2d4851a1d" relativeResultsDirectory="fa101750-0603-42bc-ab83-6dac4a839c57" />
    <UnitTestResult executionId="2bcb096b-d681-4ea1-bd8f-f7bd91a8a15c" testId="6eea26f9-276b-eb9b-b4a7-67e117490f14" testName="PayTaxi.Tests.Tbc.TbcPayoutAdapterTests.Find_by_key_returns_null_when_bank_never_saw_it" computerName="DESKTOP-K17A3M4" duration="00:00:00.0026438" startTime="2026-09-20T22:25:21.4932727+04:00" endTime="2026-09-20T22:25:21.4932731+04:00" testType="13cdc9d9-ddb5-4fa4-a97d-d965ccfc6d4b" outcome="Passed" testListId="8c84fa94-04c1-424b-9868-57a2d4851a1d" relativeResultsDirectory="2bcb096b-d681-4ea1-bd8f-f7bd91a8a15c" />
    <UnitTestResult executionId="c900e027-fd72-41a9-912c-5b8b453d21d5" testId="d61a0251-de71-1a36-8033-4f35f519602b" testName="PayTaxi.Tests.Domain.FieldEncryptorTests.Tampering_or_wrong_key_is_detected" computerName="DESKTOP-K17A3M4" duration="00:00:00.0012746" startTime="2026-09-20T22:25:09.2107940+04:00" endTime="2026-09-20T22:25:09.2107940+04:00" testType="13cdc9d9-ddb5-4fa4-a97d-d965ccfc6d4b" outcome="Passed" testListId="8c84fa94-04c1-424b-9868-57a2d4851a1d" relativeResultsDirectory="c900e027-fd72-41a9-912c-5b8b453d21d5" />
    <UnitTestResult executionId="512f34ea-e3d9-477c-9f9e-1922f6b5a479" testId="149c8e3c-2b7c-ac5f-1cb3-e198e1c0b01b" testName="PayTaxi.Tests.Integration.AuthAndAuthorizationTests.Tokens_are_scope_checked" computerName="DESKTOP-K17A3M4" duration="00:00:00.0187920" startTime="2026-09-20T22:25:31.7879447+04:00" endTime="2026-09-20T22:25:31.7879450+04:00" testType="13cdc9d9-ddb5-4fa4-a97d-d965ccfc6d4b" outcome="Passed" testListId="8c84fa94-04c1-424b-9868-57a2d4851a1d" relativeResultsDirectory="512f34ea-e3d9-477c-9f9e-1922f6b5a479" />
    <UnitTestResult executionId="342d9988-24e6-4429-99a4-c2ea8b101353" testId="d0876f4f-77fa-3d2e-8ca4-ace31a538231" testName="PayTaxi.Tests.Integration.CashoutSagaTests.Two_concurrent_requests_never_pay_more_than_the_balance" computerName="DESKTOP-K17A3M4" duration="00:00:00.1759486" startTime="2026-09-20T22:25:32.4531311+04:00" endTime="2026-09-20T22:25:32.4531313+04:00" testType="13cdc9d9-ddb5-4fa4-a97d-d965ccfc6d4b" outcome="Failed" testListId="8c84fa94-04c1-424b-9868-57a2d4851a1d" relativeResultsDirectory="342d9988-24e6-4429-99a4-c2ea8b101353">
      <Output>
        <ErrorInfo>
          <Message>expected exactly one refusal, got 0: {"cashoutId":"31decb0c-4bad-4444-910a-41351c838d34","status":"Completed","amount":26.70,"fee":0.50,"net":26.20,"bankTransferId":"mock_tr_c2fb3700f324","yandexTransactionId":"yx_tx_4ed53696-48a","failureReason":null,"wasDeduped":false,"nextAttemptAt":null,"attemptCount":1} || {"cashoutId":"12a1478e-9d06-4145-81f0-d5089e1ee92f","status":"Failed","amount":26.70,"fee":0.50,"net":26.20,"bankTransferId":null,"yandexTransactionId":null,"failureReason":"insufficient_balance: Mock failure: insufficient_balance","wasDeduped":false,"nextAttemptAt":null,"attemptCount":0}</Message>
          <StackTrace>   at PayTaxi.Tests.Integration.CashoutSagaTests.Two_concurrent_requests_never_pay_more_than_the_balance() in C:\Users\Home\.gemini\antigravity\scratch\paytaxi\backend\PayTaxi.Tests\Integration\CashoutSagaTests.cs:line 76&#xD;
--- End of stack trace from previous location ---</StackTrace>
        </ErrorInfo>
      </Output>
    </UnitTestResult>
    <UnitTestResult executionId="18e85e29-98c0-4883-82cf-f7ff9971c34d" testId="56f5ba34-2268-fb0b-4a3c-219badce1d19" testName="PayTaxi.Tests.Integration.CashoutSagaTests.Third_party_account_payout_completes_and_is_flagged_in_queue_and_invoice" computerName="DESKTOP-K17A3M4" duration="00:00:00.8932828" startTime="2026-09-20T22:25:33.3366872+04:00" endTime="2026-09-20T22:25:33.3366878+04:00" testType="13cdc9d9-ddb5-4fa4-a97d-d965ccfc6d4b" outcome="Passed" testListId="8c84fa94-04c1-424b-9868-57a2d4851a1d" relativeResultsDirectory="18e85e29-98c0-4883-82cf-f7ff9971c34d" />
    <UnitTestResult executionId="4e23afc0-4a9f-4512-b5fa-c1541d532c1d" testId="df4cd59c-8dc4-d3f8-533a-11029821310f" testName="PayTaxi.Tests.Domain.PersonNameTests.Same_person_across_scripts_and_order(a: &quot;დავით წერეთელი&quot;, b: &quot;Davit Tsereteli&quot;)" computerName="DESKTOP-K17A3M4" duration="00:00:00.0000077" startTime="2026-09-20T22:25:09.2111608+04:00" endTime="2026-09-20T22:25:09.2111609+04:00" testType="13cdc9d9-ddb5-4fa4-a97d-d965ccfc6d4b" outcome="Passed" testListId="8c84fa94-04c1-424b-9868-57a2d4851a1d" relativeResultsDirectory="4e23afc0-4a9f-4512-b5fa-c1541d532c1d" />
    <UnitTestResult executionId="229f5aad-7ba2-408c-9cc0-bcfbbffb65aa" testId="cf6bcd09-7076-79bc-5f96-be9a732f4a30" testName="PayTaxi.Tests.Yandex.YandexFleetClientTests.Reversal_posts_positive_amount_and_same_token_for_same_key" computerName="DESKTOP-K17A3M4" duration="00:00:00.0024608" startTime="2026-09-20T22:25:09.1840994+04:00" endTime="2026-09-20T22:25:09.1840996+04:00" testType="13cdc9d9-ddb5-4fa4-a97d-d965ccfc6d4b" outcome="Passed" testListId="8c84fa94-04c1-424b-9868-57a2d4851a1d" relativeResultsDirectory="229f5aad-7ba2-408c-9cc0-bcfbbffb65aa" />
    <UnitTestResult executionId="72e80ccf-f0d4-41bf-a2b2-8eb235bbacd9" testId="5c2f2d34-7fcf-a4ad-1c08-07221b922d50" testName="PayTaxi.Tests.Integration.SessionsAndNotificationsTests.Refresh_rotates_and_a_replayed_token_revokes_every_session" computerName="DESKTOP-K17A3M4" duration="00:00:00.1794920" startTime="2026-09-20T22:25:35.9454455+04:00" endTime="2026-09-20T22:25:35.9454458+04:00" testType="13cdc9d9-ddb5-4fa4-a97d-d965ccfc6d4b" outcome="Passed" testListId="8c84fa94-04c1-424b-9868-57a2d4851a1d" relativeResultsDirectory="72e80ccf-f0d4-41bf-a2b2-8eb235bbacd9" />
    <UnitTestResult executionId="783a1604-96bf-4433-bd34-a4059d4be327" testId="57d30707-6f8c-6fb8-630f-378485ca23c7" testName="PayTaxi.Tests.Integration.OwnershipRuleTests.Driver_is_refused_for_someone_elses_name(profile: &quot;yp_tb3_007&quot;, holder: &quot;ნინო ბერიძე&quot;)" computerName="DESKTOP-K17A3M4" duration="00:00:00.0092460" startTime="2026-09-20T22:25:34.8269358+04:00" endTime="2026-09-20T22:25:34.8269361+04:00" testType="13cdc9d9-ddb5-4fa4-a97d-d965ccfc6d4b" outcome="Passed" testListId="8c84fa94-04c1-424b-9868-57a2d4851a1d" relativeResultsDirectory="783a1604-96bf-4433-bd34-a4059d4be327" />
    <UnitTestResult executionId="18be703d-e20e-4632-931a-1c396b700231" testId="dff9e8e2-f7c9-c6dc-388d-528717befcd6" testName="PayTaxi.Tests.Integration.PayoutQueueTests.Bank_says_not_now_so_the_cashout_queues_and_the_worker_completes_it" computerName="DESKTOP-K17A3M4" duration="00:00:10.2309143" startTime="2026-09-20T22:25:21.3728425+04:00" endTime="2026-09-20T22:25:21.3728430+04:00" testType="13cdc9d9-ddb5-4fa4-a97d-d965ccfc6d4b" outcome="Passed" testListId="8c84fa94-04c1-424b-9868-57a2d4851a1d" relativeResultsDirectory="18be703d-e20e-4632-931a-1c396b700231" />
    <UnitTestResult executionId="0fbed096-4cc5-4bb6-8a7d-9fcaa901f2a9" testId="326266f6-b6df-a453-0c19-b9c7080a6971" testName="PayTaxi.Tests.Domain.GeorgianIbanTests.Build_produces_valid_ibans_with_bank_code" computerName="DESKTOP-K17A3M4" duration="00:00:00.0062268" startTime="2026-09-20T22:25:21.5348598+04:00" endTime="2026-09-20T22:25:21.5348603+04:00" testType="13cdc9d9-ddb5-4fa4-a97d-d965ccfc6d4b" outcome="Passed" testListId="8c84fa94-04c1-424b-9868-57a2d4851a1d" relativeResultsDirectory="0fbed096-4cc5-4bb6-8a7d-9fcaa901f2a9" />
    <UnitTestResult executionId="be798bc5-204d-465e-826f-58ffa244cbee" testId="d914d186-fd84-98eb-87ca-13fc6fb3c715" testName="PayTaxi.Tests.Integration.AuthAndAuthorizationTests.Production_bootstrap_does_not_seed_demo_data" computerName="DESKTOP-K17A3M4" duration="00:00:00.0113901" startTime="2026-09-20T22:25:31.7680093+04:00" endTime="2026-09-20T22:25:31.7680098+04:00" testType="13cdc9d9-ddb5-4fa4-a97d-d965ccfc6d4b" outcome="Passed" testListId="8c84fa94-04c1-424b-9868-57a2d4851a1d" relativeResultsDirectory="be798bc5-204d-465e-826f-58ffa244cbee" />
    <UnitTestResult executionId="0a348bf1-f692-4646-8391-c67c275b054d" testId="f306c384-dcdb-2909-dfe8-fd5fbcdb2395" testName="PayTaxi.Tests.Integration.CashoutSagaTests.Balance_cache_reflects_a_debit_immediately" computerName="DESKTOP-K17A3M4" duration="00:00:00.0924582" startTime="2026-09-20T22:25:31.9934591+04:00" endTime="2026-09-20T22:25:31.9934598+04:00" testType="13cdc9d9-ddb5-4fa4-a97d-d965ccfc6d4b" outcome="Passed" testListId="8c84fa94-04c1-424b-9868-57a2d4851a1d" relativeResultsDirectory="0a348bf1-f692-4646-8391-c67c275b054d" />
    <UnitTestResult executionId="636b3125-dda8-4c33-9f93-282fbc19e641" testId="2276dff7-820b-a6e0-b7a1-78b4bcb4439a" testName="PayTaxi.Tests.Domain.GeorgianIbanTests.Accepts_national_bank_example_iban" computerName="DESKTOP-K17A3M4" duration="00:00:00.0001302" startTime="2026-09-20T22:25:21.5356061+04:00" endTime="2026-09-20T22:25:21.5356063+04:00" testType="13cdc9d9-ddb5-4fa4-a97d-d965ccfc6d4b" outcome="Passed" testListId="8c84fa94-04c1-424b-9868-57a2d4851a1d" relativeResultsDirectory="636b3125-dda8-4c33-9f93-282fbc19e641" />
    <UnitTestResult executionId="af8b7174-badb-4a5b-ab8d-0e0843c62333" testId="9773d186-1620-6bbd-ad8b-6ad99709cd11" testName="PayTaxi.Tests.Tbc.TbcPayoutAdapterTests.Import_builds_within_bank_order_with_wsse_header_and_soapaction" computerName="DESKTOP-K17A3M4" duration="00:00:00.0388653" startTime="2026-09-20T22:25:21.4460107+04:00" endTime="2026-09-20T22:25:21.4460114+04:00" testType="13cdc9d9-ddb5-4fa4-a97d-d965ccfc6d4b" outcome="Passed" testListId="8c84fa94-04c1-424b-9868-57a2d4851a1d" relativeResultsDirectory="af8b7174-badb-4a5b-ab8d-0e0843c62333" />
    <UnitTestResult executionId="c3429b23-3266-415a-a1cf-2d5e58fa9002" testId="92f2ab7a-e1cd-72f3-ac35-f4a0313b236a" testName="PayTaxi.Tests.Integration.OwnershipRuleTests.Driver_is_refused_for_someone_elses_name(profile: &quot;yp_tb3_003&quot;, holder: &quot;Nino Beridze&quot;)" computerName="DESKTOP-K17A3M4" duration="00:00:00.0130639" startTime="2026-09-20T22:25:34.8063401+04:00" endTime="2026-09-20T22:25:34.8063404+04:00" testType="13cdc9d9-ddb5-4fa4-a97d-d965ccfc6d4b" outcome="Passed" testListId="8c84fa94-04c1-424b-9868-57a2d4851a1d" relativeResultsDirectory="c3429b23-3266-415a-a1cf-2d5e58fa9002" />
    <UnitTestResult executionId="2f30066a-26f7-4d4d-8f0b-9ae6348d6bdc" testId="5b0dffec-f79a-34dc-cb2b-8fe5f0acdfba" testName="PayTaxi.Tests.Yandex.YandexFleetClientTests.Read_only_mode_blocks_writes" computerName="DESKTOP-K17A3M4" duration="00:00:00.0005164" startTime="2026-09-20T22:25:09.2078519+04:00" endTime="2026-09-20T22:25:09.2078521+04:00" testType="13cdc9d9-ddb5-4fa4-a97d-d965ccfc6d4b" outcome="Passed" testListId="8c84fa94-04c1-424b-9868-57a2d4851a1d" relativeResultsDirectory="2f30066a-26f7-4d4d-8f0b-9ae6348d6bdc" />
    <UnitTestResult executionId="f57ca7c8-f47b-4731-a93f-244f1e46583c" testId="d4e6723f-4775-c9c3-7a16-663236244838" testName="PayTaxi.Tests.Domain.FieldEncryptorTests.Hash_is_stable_lowercase_hex" computerName="DESKTOP-K17A3M4" duration="00:00:00.0002285" startTime="2026-09-20T22:25:09.2086174+04:00" endTime="2026-09-20T22:25:09.2086174+04:00" testType="13cdc9d9-ddb5-4fa4-a97d-d965ccfc6d4b" outcome="Passed" testListId="8c84fa94-04c1-424b-9868-57a2d4851a1d" relativeResultsDirectory="f57ca7c8-f47b-4731-a93f-244f1e46583c" />
    <UnitTestResult executionId="396816d5-00bd-4075-abf5-ec4ba0803397" testId="8a949554-0f4e-e28d-fa29-5880179c7a97" testName="PayTaxi.Tests.Tbc.TbcPayoutAdapterTests.Status_codes_map_per_documentation(code: &quot;F&quot;, expected: Completed)" computerName="DESKTOP-K17A3M4" duration="00:00:00.0009497" startTime="2026-09-20T22:25:21.4061904+04:00" endTime="2026-09-20T22:25:21.4061909+04:00" testType="13cdc9d9-ddb5-4fa4-a97d-d965ccfc6d4b" outcome="Passed" testListId="8c84fa94-04c1-424b-9868-57a2d4851a1d" relativeResultsDirectory="396816d5-00bd-4075-abf5-ec4ba0803397" />
    <UnitTestResult executionId="cdcdc30a-1eeb-4f5d-8e2f-46bcd596bb32" testId="b5d49954-ca59-c6c5-481a-9a91445f4bca" testName="PayTaxi.Tests.Domain.PersonNameTests.Different_person_is_rejected(a: &quot;Giorgi Mamulashvili&quot;, b: &quot;Nino Beridze&quot;)" computerName="DESKTOP-K17A3M4" duration="00:00:00.0000045" startTime="2026-09-20T22:25:09.2129425+04:00" endTime="2026-09-20T22:25:09.2129425+04:00" testType="13cdc9d9-ddb5-4fa4-a97d-d965ccfc6d4b" outcome="Passed" testListId="8c84fa94-04c1-424b-9868-57a2d4851a1d" relativeResultsDirectory="cdcdc30a-1eeb-4f5d-8e2f-46bcd596bb32" />
    <UnitTestResult executionId="b8210763-f879-422a-b1c7-161a2cc252d2" testId="952f170f-d6d8-e495-296d-5a08e6bc0434" testName="PayTaxi.Tests.Domain.PersonNameTests.Same_person_across_scripts_and_order(a: &quot;ლევან კობახიძე&quot;, b: &quot;Levan Kobahidze&quot;)" computerName="DESKTOP-K17A3M4" duration="00:00:00.0000066" startTime="2026-09-20T22:25:09.2128265+04:00" endTime="2026-09-20T22:25:09.2128265+04:00" testType="13cdc9d9-ddb5-4fa4-a97d-d965ccfc6d4b" outcome="Passed" testListId="8c84fa94-04c1-424b-9868-57a2d4851a1d" relativeResultsDirectory="b8210763-f879-422a-b1c7-161a2cc252d2" />
    <UnitTestResult executionId="9ac40ab7-d343-4da3-b98e-4dc150aa746d" testId="2682ce0e-8858-3cbd-990b-843eb45e3793" testName="PayTaxi.Tests.Tbc.TbcPayoutAdapterTests.Expired_credentials_fault_is_retryable_ops_problem" computerName="DESKTOP-K17A3M4" duration="00:00:00.0020209" startTime="2026-09-20T22:25:21.5279749+04:00" endTime="2026-09-20T22:25:21.5279761+04:00" testType="13cdc9d9-ddb5-4fa4-a97d-d965ccfc6d4b" outcome="Passed" testListId="8c84fa94-04c1-424b-9868-57a2d4851a1d" relativeResultsDirectory="9ac40ab7-d343-4da3-b98e-4dc150aa746d" />
  </Results>
  <TestDefinitions>
    <UnitTest name="PayTaxi.Tests.Domain.PersonNameTests.Different_person_is_rejected(a: &quot;გიორგი მამულაშვილი&quot;, b: &quot;Nino Beridze&quot;)" storage="c:\users\home\.gemini\antigravity\scratch\paytaxi\backend\paytaxi.tests\bin\debug\net8.0\paytaxi.tests.dll" id="45383c55-6dc3-0d85-5daa-8919dc11eaf2">
      <Execution id="58be175c-7595-4543-841c-418d93a35be1" />
      <TestMethod codeBase="C:\Users\Home\.gemini\antigravity\scratch\paytaxi\backend\PayTaxi.Tests\bin\Debug\net8.0\PayTaxi.Tests.dll" adapterTypeName="executor://xunit/VsTestRunner2/netcoreapp" className="PayTaxi.Tests.Domain.PersonNameTests" name="Different_person_is_rejected" />
    </UnitTest>
    <UnitTest name="PayTaxi.Tests.Integration.SettlementAndReconciliationTests.Reconciliation_does_not_flag_the_settlement_transfer_as_an_orphan" storage="c:\users\home\.gemini\antigravity\scratch\paytaxi\backend\paytaxi.tests\bin\debug\net8.0\paytaxi.tests.dll" id="36d2427d-2764-c798-da00-2ae104ea7b66">
      <Execution id="50cd932f-004f-4c64-b7f0-78d63fe25fa1" />
      <TestMethod codeBase="C:\Users\Home\.gemini\antigravity\scratch\paytaxi\backend\PayTaxi.Tests\bin\Debug\net8.0\PayTaxi.Tests.dll" adapterTypeName="executor://xunit/VsTestRunner2/netcoreapp" className="PayTaxi.Tests.Integration.SettlementAndReconciliationTests" name="Reconciliation_does_not_flag_the_settlement_transfer_as_an_orphan" />
    </UnitTest>
    <UnitTest name="PayTaxi.Tests.Integration.CashoutSagaTests.Idempotency_is_scoped_to_the_driver" storage="c:\users\home\.gemini\antigravity\scratch\paytaxi\backend\paytaxi.tests\bin\debug\net8.0\paytaxi.tests.dll" id="920cecfb-1fdf-6c25-f8e4-314ab8d74cc6">
      <Execution id="fc3f73f8-7206-4a1e-8aed-becc19c60bda" />
      <TestMethod codeBase="C:\Users\Home\.gemini\antigravity\scratch\paytaxi\backend\PayTaxi.Tests\bin\Debug\net8.0\PayTaxi.Tests.dll" adapterTypeName="executor://xunit/VsTestRunner2/netcoreapp" className="PayTaxi.Tests.Integration.CashoutSagaTests" name="Idempotency_is_scoped_to_the_driver" />
    </UnitTest>
    <UnitTest name="PayTaxi.Tests.Integration.AlertsTests.Failed_settlement_raises_a_danger_alert_scoped_by_role_and_the_signature_tracks_the_set" storage="c:\users\home\.gemini\antigravity\scratch\paytaxi\backend\paytaxi.tests\bin\debug\net8.0\paytaxi.tests.dll" id="2d030a41-db52-2472-6fb9-7e9fe6d44e4b">
      <Execution id="ee51f941-9ab6-4150-bc8b-6ad24d92f1fb" />
      <TestMethod codeBase="C:\Users\Home\.gemini\antigravity\scratch\paytaxi\backend\PayTaxi.Tests\bin\Debug\net8.0\PayTaxi.Tests.dll" adapterTypeName="executor://xunit/VsTestRunner2/netcoreapp" className="PayTaxi.Tests.Integration.AlertsTests" name="Failed_settlement_raises_a_danger_alert_scoped_by_role_and_the_signature_tracks_the_set" />
    </UnitTest>
    <UnitTest name="PayTaxi.Tests.Tbc.TbcPayoutAdapterTests.Find_by_key_returns_null_when_bank_never_saw_it" storage="c:\users\home\.gemini\antigravity\scratch\paytaxi\backend\paytaxi.tests\bin\debug\net8.0\paytaxi.tests.dll" id="6eea26f9-276b-eb9b-b4a7-67e117490f14">
      <Execution id="2bcb096b-d681-4ea1-bd8f-f7bd91a8a15c" />
      <TestMethod codeBase="C:\Users\Home\.gemini\antigravity\scratch\paytaxi\backend\PayTaxi.Tests\bin\Debug\net8.0\PayTaxi.Tests.dll" adapterTypeName="executor://xunit/VsTestRunner2/netcoreapp" className="PayTaxi.Tests.Tbc.TbcPayoutAdapterTests" name="Find_by_key_returns_null_when_bank_never_saw_it" />
    </UnitTest>
    <UnitTest name="PayTaxi.Tests.Tbc.TbcPayoutAdapterTests.Status_codes_map_per_documentation(code: &quot;FL&quot;, expected: Failed)" storage="c:\users\home\.gemini\antigravity\scratch\paytaxi\backend\paytaxi.tests\bin\debug\net8.0\paytaxi.tests.dll" id="14c88695-3fbd-0e57-1795-c92a7c513baf">
      <Execution id="6f744bb8-0d75-4102-9be1-4812b061eddc" />
      <TestMethod codeBase="C:\Users\Home\.gemini\antigravity\scratch\paytaxi\backend\PayTaxi.Tests\bin\Debug\net8.0\PayTaxi.Tests.dll" adapterTypeName="executor://xunit/VsTestRunner2/netcoreapp" className="PayTaxi.Tests.Tbc.TbcPayoutAdapterTests" name="Status_codes_map_per_documentation" />
    </UnitTest>
    <UnitTest name="PayTaxi.Tests.Tbc.TbcPayoutAdapterTests.Validation_fault_is_non_retryable" storage="c:\users\home\.gemini\antigravity\scratch\paytaxi\backend\paytaxi.tests\bin\debug\net8.0\paytaxi.tests.dll" id="fd269e50-0ace-0f92-3666-6d8e6bb7f7e1">
      <Execution id="51fb5c79-c3be-4700-baa9-fe9dc4613ed6" />
      <TestMethod codeBase="C:\Users\Home\.gemini\antigravity\scratch\paytaxi\backend\PayTaxi.Tests\bin\Debug\net8.0\PayTaxi.Tests.dll" adapterTypeName="executor://xunit/VsTestRunner2/netcoreapp" className="PayTaxi.Tests.Tbc.TbcPayoutAdapterTests" name="Validation_fault_is_non_retryable" />
    </UnitTest>
    <UnitTest name="PayTaxi.Tests.Tbc.TbcPayoutAdapterTests.Expired_credentials_fault_is_retryable_ops_problem" storage="c:\users\home\.gemini\antigravity\scratch\paytaxi\backend\paytaxi.tests\bin\debug\net8.0\paytaxi.tests.dll" id="2682ce0e-8858-3cbd-990b-843eb45e3793">
      <Execution id="9ac40ab7-d343-4da3-b98e-4dc150aa746d" />
      <TestMethod codeBase="C:\Users\Home\.gemini\antigravity\scratch\paytaxi\backend\PayTaxi.Tests\bin\Debug\net8.0\PayTaxi.Tests.dll" adapterTypeName="executor://xunit/VsTestRunner2/netcoreapp" className="PayTaxi.Tests.Tbc.TbcPayoutAdapterTests" name="Expired_credentials_fault_is_retryable_ops_problem" />
    </UnitTest>
    <UnitTest name="PayTaxi.Tests.Domain.FieldEncryptorTests.Tampering_or_wrong_key_is_detected" storage="c:\users\home\.gemini\antigravity\scratch\paytaxi\backend\paytaxi.tests\bin\debug\net8.0\paytaxi.tests.dll" id="d61a0251-de71-1a36-8033-4f35f519602b">
      <Execution id="c900e027-fd72-41a9-912c-5b8b453d21d5" />
      <TestMethod codeBase="C:\Users\Home\.gemini\antigravity\scratch\paytaxi\backend\PayTaxi.Tests\bin\Debug\net8.0\PayTaxi.Tests.dll" adapterTypeName="executor://xunit/VsTestRunner2/netcoreapp" className="PayTaxi.Tests.Domain.FieldEncryptorTests" name="Tampering_or_wrong_key_is_detected" />
    </UnitTest>
    <UnitTest name="PayTaxi.Tests.Domain.PersonNameTests.Different_person_is_rejected(a: &quot;Георгий Кобахидзе&quot;, b: &quot;Giorgi Kobakhidze&quot;)" storage="c:\users\home\.gemini\antigravity\scratch\paytaxi\backend\paytaxi.tests\bin\debug\net8.0\paytaxi.tests.dll" id="e34228c5-f04c-befe-99c5-2d73c51f7b59">
      <Execution id="7c6d00d3-323e-416d-b597-2ee43839342d" />
      <TestMethod codeBase="C:\Users\Home\.gemini\antigravity\scratch\paytaxi\backend\PayTaxi.Tests\bin\Debug\net8.0\PayTaxi.Tests.dll" adapterTypeName="executor://xunit/VsTestRunner2/netcoreapp" className="PayTaxi.Tests.Domain.PersonNameTests" name="Different_person_is_rejected" />
    </UnitTest>
    <UnitTest name="PayTaxi.Tests.Domain.PersonNameTests.Same_person_across_scripts_and_order(a: &quot;ლევან ყიფიანი&quot;, b: &quot;Levan Kipiani&quot;)" storage="c:\users\home\.gemini\antigravity\scratch\paytaxi\backend\paytaxi.tests\bin\debug\net8.0\paytaxi.tests.dll" id="3ff4535a-cc74-96b6-5ad6-c059e71a613b">
      <Execution id="2e9a5400-aaf5-4489-a4fc-e1a779d48f67" />
      <TestMethod codeBase="C:\Users\Home\.gemini\antigravity\scratch\paytaxi\backend\PayTaxi.Tests\bin\Debug\net8.0\PayTaxi.Tests.dll" adapterTypeName="executor://xunit/VsTestRunner2/netcoreapp" className="PayTaxi.Tests.Domain.PersonNameTests" name="Same_person_across_scripts_and_order" />
    </UnitTest>
    <UnitTest name="PayTaxi.Tests.Tbc.TbcPayoutAdapterTests.Non_xml_response_throws_so_caller_does_lookup" storage="c:\users\home\.gemini\antigravity\scratch\paytaxi\backend\paytaxi.tests\bin\debug\net8.0\paytaxi.tests.dll" id="cba39219-5c48-5560-2a4a-99b35e0ec505">
      <Execution id="1534a130-022c-4ffa-9c24-803bdd152913" />
      <TestMethod codeBase="C:\Users\Home\.gemini\antigravity\scratch\paytaxi\backend\PayTaxi.Tests\bin\Debug\net8.0\PayTaxi.Tests.dll" adapterTypeName="executor://xunit/VsTestRunner2/netcoreapp" className="PayTaxi.Tests.Tbc.TbcPayoutAdapterTests" name="Non_xml_response_throws_so_caller_does_lookup" />
    </UnitTest>
    <UnitTest name="PayTaxi.Tests.Tbc.TbcPayoutAdapterTests.Missing_credentials_are_retryable_not_reversing" storage="c:\users\home\.gemini\antigravity\scratch\paytaxi\backend\paytaxi.tests\bin\debug\net8.0\paytaxi.tests.dll" id="5a8184c7-0b6a-b186-79cb-afb193aea782">
      <Execution id="8f67aaab-900f-41e2-af5e-0d36172ee55b" />
      <TestMethod codeBase="C:\Users\Home\.gemini\antigravity\scratch\paytaxi\backend\PayTaxi.Tests\bin\Debug\net8.0\PayTaxi.Tests.dll" adapterTypeName="executor://xunit/VsTestRunner2/netcoreapp" className="PayTaxi.Tests.Tbc.TbcPayoutAdapterTests" name="Missing_credentials_are_retryable_not_reversing" />
    </UnitTest>
    <UnitTest name="PayTaxi.Tests.Tbc.TbcPayoutAdapterTests.Import_then_bank_fails_it_is_non_retryable_with_error_detail" storage="c:\users\home\.gemini\antigravity\scratch\paytaxi\backend\paytaxi.tests\bin\debug\net8.0\paytaxi.tests.dll" id="9dac7c61-3e8a-ef94-dfc0-a8a839e9c665">
      <Execution id="948a59ae-3cae-48c5-8d63-beb6a7acbd59" />
      <TestMethod codeBase="C:\Users\Home\.gemini\antigravity\scratch\paytaxi\backend\PayTaxi.Tests\bin\Debug\net8.0\PayTaxi.Tests.dll" adapterTypeName="executor://xunit/VsTestRunner2/netcoreapp" className="PayTaxi.Tests.Tbc.TbcPayoutAdapterTests" name="Import_then_bank_fails_it_is_non_retryable_with_error_detail" />
    </UnitTest>
    <UnitTest name="PayTaxi.Tests.Domain.PersonNameTests.Same_person_across_scripts_and_order(a: &quot;გიგა ფირცხალავა&quot;, b: &quot;Giga Firtskhalava&quot;)" storage="c:\users\home\.gemini\antigravity\scratch\paytaxi\backend\paytaxi.tests\bin\debug\net8.0\paytaxi.tests.dll" id="a83a29f1-f7e6-7c1d-fef3-46d79086e7c8">
      <Execution id="b44188a5-54b2-493c-b1aa-27f5c7ef13f8" />
      <TestMethod codeBase="C:\Users\Home\.gemini\antigravity\scratch\paytaxi\backend\PayTaxi.Tests\bin\Debug\net8.0\PayTaxi.Tests.dll" adapterTypeName="executor://xunit/VsTestRunner2/netcoreapp" className="PayTaxi.Tests.Domain.PersonNameTests" name="Same_person_across_scripts_and_order" />
    </UnitTest>
    <UnitTest name="PayTaxi.Tests.Domain.PersonNameTests.Same_person_across_scripts_and_order(a: &quot;Levan Kobakhidze&quot;, b: &quot;levan  kobakhidze &quot;)" storage="c:\users\home\.gemini\antigravity\scratch\paytaxi\backend\paytaxi.tests\bin\debug\net8.0\paytaxi.tests.dll" id="d822ae40-3eee-d6d9-8293-7e31caeca762">
      <Execution id="6728b6b2-0e59-417e-8474-6f02412f8cdb" />
      <TestMethod codeBase="C:\Users\Home\.gemini\antigravity\scratch\paytaxi\backend\PayTaxi.Tests\bin\Debug\net8.0\PayTaxi.Tests.dll" adapterTypeName="executor://xunit/VsTestRunner2/netcoreapp" className="PayTaxi.Tests.Domain.PersonNameTests" name="Same_person_across_scripts_and_order" />
    </UnitTest>
    <UnitTest name="PayTaxi.Tests.Integration.OwnershipRuleTests.Driver_is_refused_for_someone_elses_name(profile: &quot;yp_tb3_003&quot;, holder: &quot;Nino Beridze&quot;)" storage="c:\users\home\.gemini\antigravity\scratch\paytaxi\backend\paytaxi.tests\bin\debug\net8.0\paytaxi.tests.dll" id="92f2ab7a-e1cd-72f3-ac35-f4a0313b236a">
      <Execution id="c3429b23-3266-415a-a1cf-2d5e58fa9002" />
      <TestMethod codeBase="C:\Users\Home\.gemini\antigravity\scratch\paytaxi\backend\PayTaxi.Tests\bin\Debug\net8.0\PayTaxi.Tests.dll" adapterTypeName="executor://xunit/VsTestRunner2/netcoreapp" className="PayTaxi.Tests.Integration.OwnershipRuleTests" name="Driver_is_refused_for_someone_elses_name" />
    </UnitTest>
    <UnitTest name="PayTaxi.Tests.Integration.OwnershipRuleTests.Overlong_input_is_a_400_not_a_500" storage="c:\users\home\.gemini\antigravity\scratch\paytaxi\backend\paytaxi.tests\bin\debug\net8.0\paytaxi.tests.dll" id="95d383b3-9288-20e4-16e0-d722edc5eb73">
      <Execution id="77278ba8-102f-4218-b149-7c42221b8f5d" />
      <TestMethod codeBase="C:\Users\Home\.gemini\antigravity\scratch\paytaxi\backend\PayTaxi.Tests\bin\Debug\net8.0\PayTaxi.Tests.dll" adapterTypeName="executor://xunit/VsTestRunner2/netcoreapp" className="PayTaxi.Tests.Integration.OwnershipRuleTests" name="Overlong_input_is_a_400_not_a_500" />
    </UnitTest>
    <UnitTest name="PayTaxi.Tests.Integration.OwnershipRuleTests.Driver_can_add_account_in_own_name(profile: &quot;yp_tb3_003&quot;, holder: &quot;ლევან კობახიძე&quot;)" storage="c:\users\home\.gemini\antigravity\scratch\paytaxi\backend\paytaxi.tests\bin\debug\net8.0\paytaxi.tests.dll" id="b5bf4958-f2ad-2336-30cc-f465e0ee2b2a">
      <Execution id="619f7afd-92f1-4957-89ae-9d9ef36bff7d" />
      <TestMethod codeBase="C:\Users\Home\.gemini\antigravity\scratch\paytaxi\backend\PayTaxi.Tests\bin\Debug\net8.0\PayTaxi.Tests.dll" adapterTypeName="executor://xunit/VsTestRunner2/netcoreapp" className="PayTaxi.Tests.Integration.OwnershipRuleTests" name="Driver_can_add_account_in_own_name" />
    </UnitTest>
[...]
info: Microsoft.AspNetCore.Mvc.Infrastructure.ControllerActionInvoker[105]&#xD;
      Executed action PayTaxi.Api.Controllers.DriverController.Me (PayTaxi.Api) in 7.7252ms&#xD;
info: Microsoft.AspNetCore.Routing.EndpointMiddleware[1]&#xD;
      Executed endpoint 'PayTaxi.Api.Controllers.DriverController.Me (PayTaxi.Api)'&#xD;
info: Microsoft.AspNetCore.Hosting.Diagnostics[2]&#xD;
      Request finished HTTP/1.1 GET http://localhost/api/driver/me - 200 - application/json;+charset=utf-8 9.3157ms&#xD;
info: Microsoft.AspNetCore.Hosting.Diagnostics[1]&#xD;
      Request starting HTTP/1.1 POST http://localhost/api/driver/cashouts - application/json;+charset=utf-8 116&#xD;
info: Microsoft.AspNetCore.Routing.EndpointMiddleware[0]&#xD;
      Executing endpoint 'PayTaxi.Api.Controllers.DriverController.CreateMyCashout (PayTaxi.Api)'&#xD;
info: Microsoft.AspNetCore.Mvc.Infrastructure.ControllerActionInvoker[102]&#xD;
      Route matched with {action = "CreateMyCashout", controller = "Driver"}. Executing controller action with signature System.Threading.Tasks.Task`1[Microsoft.AspNetCore.Mvc.IActionResult] CreateMyCashout(PayTaxi.Api.Controllers.CreateMyCashoutRequest, System.Threading.CancellationToken) on controller PayTaxi.Api.Controllers.DriverController (PayTaxi.Api).&#xD;
info: PayTaxi.Infrastructure.Adapters.Yandex.MockYandexFleetClient[0]&#xD;
      Mock Yandex debited 5 GEL from driver yp_tb3_002 in park yx_park_tb3; tx_id=yx_tx_6f68d68f-cf3&#xD;
info: PayTaxi.Infrastructure.Adapters.Banks.MockBankPayoutProvider[0]&#xD;
      Mock bank transfer OK: 4.50 GEL ****4567 \u001a ****0060 (transfer_id=mock_tr_1ef172fe6bc9)&#xD;
info: PayTaxi.Infrastructure.Services.CashoutOrchestrator[0]&#xD;
      Cashout 9695f5ef-fbc5-49a4-aec0-0b7c2ce7bf41 completed: park=Tbilisi Auto Park #3 driver=???? ??????????? gross=5 fee=0.50 net=4.50 bank_tx=mock_tr_1ef172fe6bc9 yandex_tx=yx_tx_6f68d68f-cf3 attempts=1&#xD;
info: Microsoft.AspNetCore.Mvc.Infrastructure.ObjectResultExecutor[1]&#xD;
      Executing OkObjectResult, writing value of type 'PayTaxi.Core.Interfaces.CashoutSagaResult'.&#xD;
info: Microsoft.AspNetCore.Mvc.Infrastructure.ControllerActionInvoker[105]&#xD;
      Executed action PayTaxi.Api.Controllers.DriverController.CreateMyCashout (PayTaxi.Api) in 56.7817ms&#xD;
info: Microsoft.AspNetCore.Routing.EndpointMiddleware[1]&#xD;
      Executed endpoint 'PayTaxi.Api.Controllers.DriverController.CreateMyCashout (PayTaxi.Api)'&#xD;
info: Microsoft.AspNetCore.Hosting.Diagnostics[2]&#xD;
      Request finished HTTP/1.1 POST http://localhost/api/driver/cashouts - 200 - application/json;+charset=utf-8 58.7129ms&#xD;
info: Microsoft.AspNetCore.Hosting.Diagnostics[1]&#xD;
      Request starting HTTP/1.1 POST http://localhost/api/admin/settlements/run?parkId=f05861e0-415a-4a02-aa71-d5c575524d1f&amp;date=2026-09-20 - - -&#xD;
info: Microsoft.AspNetCore.Routing.EndpointMiddleware[0]&#xD;
      Executing endpoint 'PayTaxi.Api.Controllers.SettlementsController.RunNow (PayTaxi.Api)'&#xD;
info: Microsoft.AspNetCore.Mvc.Infrastructure.ControllerActionInvoker[102]&#xD;
      Route matched with {action = "RunNow", controller = "Settlements"}. Executing controller action with signature System.Threading.Tasks.Task`1[Microsoft.AspNetCore.Mvc.IActionResult] RunNow(System.Nullable`1[System.Guid], System.Nullable`1[System.DateOnly], System.Threading.CancellationToken) on controller PayTaxi.Api.Controllers.SettlementsController (PayTaxi.Api).&#xD;
info: Microsoft.AspNetCore.Mvc.Infrastructure.ObjectResultExecutor[1]&#xD;
      Executing OkObjectResult, writing value of type '&lt;&gt;f__AnonymousType102`17[[System.Guid, System.Private.CoreLib, Version=8.0.0.0, Culture=neutral, PublicKeyToken=7cec85d7bea7798e],[System.Guid, System.Private.CoreLib, Version=8.0.0.0, Culture=neutral, PublicKeyToken=7cec85d7bea7798e],[System.DateOnly, System.Private.CoreLib, Version=8.0.0.0, Culture=neutral, PublicKeyToken=7cec85d7bea7798e],[System.Int32, System.Private.CoreLib, Version=8.0.0.0, Culture=neutral, PublicKeyToken=7cec85d7bea7798e],[System.Decimal, System.Private.CoreLib, Version=8.0.0.0, Culture=neutral, PublicKeyToken=7cec85d7bea7798e],[System.Decimal, System.Private.CoreLib, Version=8.0.0.0, Culture=neutral, PublicKeyToken=7cec85d7bea7798e],[System.Decimal, System.Private.CoreLib, Version=8.0.0.0, Culture=neutral, PublicKeyToken=7cec85d7bea7798e],[System.Decimal, System.Private.CoreLib, Version=8.0.0.0, Culture=neutral, PublicKeyToken=7cec85d7bea7798e],[System.Decimal, System.Private.CoreLib, Version=8.0.0.0, Culture=neutral, PublicKeyToken=7cec85d7bea7798e],[System.Decimal, System.Private.CoreLib, Version=8.0.0.0, Culture=neutral, PublicKeyToken=7cec85d7bea7798e],[System.String, System.Private.CoreLib, Version=8.0.0.0, Culture=neutral, PublicKeyToken=7cec85d7bea7798e],[System.String, System.Private.CoreLib, Version=8.0.0.0, Culture=neutral, PublicKeyToken=7cec85d7bea7798e],[System.String, System.Private.CoreLib, Version=8.0.0.0, Culture=neutral, PublicKeyToken=7cec85d7bea7798e],[System.Int32, System.Private.CoreLib, Version=8.0.0.0, Culture=neutral, PublicKeyToken=7cec85d7bea7798e],[System.Nullable`1[[System.DateTime, System.Private.CoreLib, Version=8.0.0.0, Culture=neutral, PublicKeyToken=7cec85d7bea7798e]], System.Private.CoreLib, Version=8.0.0.0, Culture=neutral, PublicKeyToken=7cec85d7bea7798e],[System.String, System.Private.CoreLib, Version=8.0.0.0, Culture=neutral, PublicKeyToken=7cec85d7bea7798e],[System.String, System.Private.CoreLib, Version=8.0.0.0, Culture=neutral, PublicKeyToken=7cec85d7bea7798e]]'.&#xD;
info: Microsoft.AspNetCore.Mvc.Infrastructure.ControllerActionInvoker[105]&#xD;
      Executed action PayTaxi.Api.Controllers.SettlementsController.RunNow (PayTaxi.Api) in 3.6327ms&#xD;
info: Microsoft.AspNetCore.Routing.EndpointMiddleware[1]&#xD;
      Executed endpoint 'PayTaxi.Api.Controllers.SettlementsController.RunNow (PayTaxi.Api)'&#xD;
info: Microsoft.AspNetCore.Hosting.Diagnostics[2]&#xD;
      Request finished HTTP/1.1 POST http://localhost/api/admin/settlements/run?parkId=f05861e0-415a-4a02-aa71-d5c575524d1f&amp;date=2026-09-20 - 200 - application/json;+charset=utf-8 4.7627ms&#xD;
info: Microsoft.AspNetCore.Hosting.Diagnostics[1]&#xD;
      Request starting HTTP/1.1 POST http://localhost/api/admin/parks/f05861e0-415a-4a02-aa71-d5c575524d1f/reconciliation/run - - -&#xD;
info: Microsoft.AspNetCore.Routing.EndpointMiddleware[0]&#xD;
      Executing endpoint 'PayTaxi.Api.Controllers.ReconciliationController.RunNow (PayTaxi.Api)'&#xD;
info: Microsoft.AspNetCore.Mvc.Infrastructure.ControllerActionInvoker[102]&#xD;
      Route matched with {action = "RunNow", controller = "Reconciliation"}. Executing controller action with signature System.Threading.Tasks.Task`1[Microsoft.AspNetCore.Mvc.IActionResult] RunNow(System.Guid, System.Threading.CancellationToken) on controller PayTaxi.Api.Controllers.ReconciliationController (PayTaxi.Api).&#xD;
info: PayTaxi.Infrastructure.Services.ReconciliationWorker[0]&#xD;
      Reconciliation: park=Tbilisi Auto Park #3 cashouts=9 bank=9 yandex=8 discrepancies=0&#xD;
info: PayTaxi.Api.Controllers.ReconciliationController[0]&#xD;
      Reconciliation run 1ec4273d-622e-4464-ab8e-6c2ad33918f8 for park f05861e0-415a-4a02-aa71-d5c575524d1f triggered by admin:ops@swich.dev&#xD;
info: Microsoft.AspNetCore.Mvc.Infrastructure.ObjectResultExecutor[1]&#xD;
      Executing OkObjectResult, writing value of type '&lt;&gt;f__AnonymousType85`11[[System.Guid, System.Private.CoreLib, Version=8.0.0.0, Culture=neutral, PublicKeyToken=7cec85d7bea7798e],[System.String, System.Private.CoreLib, Version=8.0.0.0, Culture=neutral, PublicKeyToken=7cec85d7bea7798e],[System.DateTime, System.Private.CoreLib, Version=8.0.0.0, Culture=neutral, PublicKeyToken=7cec85d7bea7798e],[System.DateTime, System.Private.CoreLib, Version=8.0.0.0, Culture=neutral, PublicKeyToken=7cec85d7bea7798e],[System.Int32, System.Private.CoreLib, Version=8.0.0.0, Culture=neutral, PublicKeyToken=7cec85d7bea7798e],[System.Int32, System.Private.CoreLib, Version=8.0.0.0, Culture=neutral, PublicKeyToken=7cec85d7bea7798e],[System.Int32, System.Private.CoreLib, Version=8.0.0.0, Culture=neutral, PublicKeyToken=7cec85d7bea7798e],[System.Int32, System.Private.CoreLib, Version=8.0.0.0, Culture=neutral, PublicKeyToken=7cec85d7bea7798e],[System.String, System.Private.CoreLib, Version=8.0.0.0, Culture=neutral, PublicKeyToken=7cec85d7bea7798e],[System.DateTime, System.Private.CoreLib, Version=8.0.0.0, Culture=neutral, PublicKeyToken=7cec85d7bea7798e],[System.Nullable`1[[System.DateTime, System.Private.CoreLib, Version=8.0.0.0, Culture=neutral, PublicKeyToken=7cec85d7bea7798e]], System.Private.CoreLib, Version=8.0.0.0, Culture=neutral, PublicKeyToken=7cec85d7bea7798e]]'.&#xD;
info: Microsoft.AspNetCore.Mvc.Infrastructure.ControllerActionInvoker[105]&#xD;
      Executed action PayTaxi.Api.Controllers.ReconciliationController.RunNow (PayTaxi.Api) in 260.449ms&#xD;
info: Microsoft.AspNetCore.Routing.EndpointMiddleware[1]&#xD;
      Executed endpoint 'PayTaxi.Api.Controllers.ReconciliationController.RunNow (PayTaxi.Api)'&#xD;
info: Microsoft.AspNetCore.Hosting.Diagnostics[2]&#xD;
      Request finished HTTP/1.1 POST http://localhost/api/admin/parks/f05861e0-415a-4a02-aa71-d5c575524d1f/reconciliation/run - 200 - application/json;+charset=utf-8 268.2101ms&#xD;
info: Microsoft.AspNetCore.Hosting.Diagnostics[1]&#xD;
      Request starting HTTP/1.1 GET http://localhost/api/admin/parks/f05861e0-415a-4a02-aa71-d5c575524d1f/reconciliation/discrepancies?take=200 - - -&#xD;
info: Microsoft.AspNetCore.Routing.EndpointMiddleware[0]&#xD;
      Executing endpoint 'PayTaxi.Api.Controllers.ReconciliationController.ListDiscrepancies (PayTaxi.Api)'&#xD;
info: Microsoft.AspNetCore.Mvc.Infrastructure.ControllerActionInvoker[102]&#xD;
      Route matched with {action = "ListDiscrepancies", controller = "Reconciliation"}. Executing controller action with signature System.Threading.Tasks.Task`1[Microsoft.AspNetCore.Mvc.IActionResult] ListDiscrepancies(System.Guid, Boolean, Int32, System.Threading.CancellationToken) on controller PayTaxi.Api.Controllers.ReconciliationController (PayTaxi.Api).&#xD;
info: Microsoft.AspNetCore.Mvc.Infrastructure.ObjectResultExecutor[1]&#xD;
      Executing OkObjectResult, writing value of type '&lt;&gt;f__AnonymousType89`4[[System.Guid, System.Private.CoreLib, Version=8.0.0.0, Culture=neutral, PublicKeyToken=7cec85d7bea7798e],[System.Int32, System.Private.CoreLib, Version=8.0.0.0, Culture=neutral, PublicKeyToken=7cec85d7bea7798e],[System.Int32, System.Private.CoreLib, Version=8.0.0.0, Culture=neutral, PublicKeyToken=7cec85d7bea7798e],[System.Collections.Generic.List`1[[&lt;&gt;f__AnonymousType88`14[[System.Guid, System.Private.CoreLib, Version=8.0.0.0, Culture=neutral, PublicKeyToken=7cec85d7bea7798e],[System.Guid, System.Private.CoreLib, Version=8.0.0.0, Culture=neutral, PublicKeyToken=7cec85d7bea7798e],[System.Nullable`1[[System.Guid, System.Private.CoreLib, Version=8.0.0.0, Culture=neutral, PublicKeyToken=7cec85d7bea7798e]], System.Private.CoreLib, Version=8.0.0.0, Culture=neutral, PublicKeyToken=7cec85d7bea7798e],[System.String, System.Private.CoreLib, Version=8.0.0.0, Culture=neutral, PublicKeyToken=7cec85d7bea7798e],[System.Nullable`1[[System.Decimal, System.Private.CoreLib, Version=8.0.0.0, Culture=neutral, PublicKeyToken=7cec85d7bea7798e]], System.Private.CoreLib, Version=8.0.0.0, Culture=neutral, PublicKeyToken=7cec85d7bea7798e],[System.Nullable`1[[System.Decimal, System.Private.CoreLib, Version=8.0.0.0, Culture=neutral, PublicKeyToken=7cec85d7bea7798e]], System.Private.CoreLib, Version=8.0.0.0, Culture=neutral, PublicKeyToken=7cec85d7bea7798e],[System.String, System.Private.CoreLib, Version=8.0.0.0, Culture=neutral, PublicKeyToken=7cec85d7bea7798e],[System.String, System.Private.CoreLib, Version=8.0.0.0, Culture=neutral, PublicKeyToken=7cec85d7bea7798e],[System.String, System.Private.CoreLib, Version=8.0.0.0, Culture=neutral, PublicKeyToken=7cec85d7bea7798e],[System.Boolean, System.Private.CoreLib, Version=8.0.0.0, Culture=neutral, PublicKeyToken=7cec85d7bea7798e],[System.Nullable`1[[System.DateTime, System.Private.CoreLib, Version=8.0.0.0, Culture=neutral, PublicKeyToken=7cec85d7bea7798e]], System.Private.CoreLib, Version=8.0.0.0, Culture=neutral, PublicKeyToken=7cec85d7bea7798e],[System.String, System.Private.CoreLib, Version=8.0.0.0, Culture=neutral, PublicKeyToken=7cec85d7bea7798e],[System.String, System.Private.CoreLib, Version=8.0.0.0, Culture=neutral, PublicKeyToken=7cec85d7bea7798e],[System.DateTime, System.Private.CoreLib, Version=8.0.0.0, Culture=neutral, PublicKeyToken=7cec85d7bea7798e]], PayTaxi.Api, Version=1.0.0.0, Culture=neutral, PublicKeyToken=null]], System.Private.CoreLib, Version=8.0.0.0, Culture=neutral, PublicKeyToken=7cec85d7bea7798e]]'.&#xD;
info: Microsoft.AspNetCore.Mvc.Infrastructure.ControllerActionInvoker[105]&#xD;
      Executed action PayTaxi.Api.Controllers.ReconciliationController.ListDiscrepancies (PayTaxi.Api) in 28.8927ms&#xD;
info: Microsoft.AspNetCore.Routing.EndpointMiddleware[1]&#xD;
      Executed endpoint 'PayTaxi.Api.Controllers.ReconciliationController.ListDiscrepancies (PayTaxi.Api)'&#xD;
info: Microsoft.AspNetCore.Hosting.Diagnostics[2]&#xD;
      Request finished HTTP/1.1 GET http://localhost/api/admin/parks/f05861e0-415a-4a02-aa71-d5c575524d1f/reconciliation/discrepancies?take=200 - 200 - application/json;+charset=utf-8 38.8759ms&#xD;
info: Microsoft.AspNetCore.Hosting.Diagnostics[1]&#xD;
      Request starting HTTP/1.1 POST http://localhost/api/admin/auth/login - application/json;+charset=utf-8 65&#xD;
info: Microsoft.AspNetCore.Routing.EndpointMiddleware[0]&#xD;
      Executing endpoint 'PayTaxi.Api.Controllers.AdminAuthController.Login (PayTaxi.Api)'&#xD;
info: Microsoft.AspNetCore.Mvc.Infrastructure.ControllerActionInvoker[102]&#xD;
      Route matched with {action = "Login", controller = "AdminAuth"}. Executing controller action with signature System.Threading.Tasks.Task`1[Microsoft.AspNetCore.Mvc.IActionResult] Login(LoginDto, System.Threading.CancellationToken) on controller PayTaxi.Api.Controllers.AdminAuthController (PayTaxi.Api).&#xD;
warn: PayTaxi.Api.Controllers.AdminAuthController[0]&#xD;
      Admin login failed for manager@tbilisi-auto-park-3.local&#xD;
info: Microsoft.AspNetCore.Mvc.Infrastructure.ObjectResultExecutor[1]&#xD;
      Executing UnauthorizedObjectResult, writing value of type '&lt;&gt;f__AnonymousType0`1[[System.String, System.Private.CoreLib, Version=8.0.0.0, Culture=neutral, PublicKeyToken=7cec85d7bea7798e]]'.&#xD;
info: Microsoft.AspNetCore.Mvc.Infrastructure.ControllerActionInvoker[105]&#xD;
      Executed action PayTaxi.Api.Controllers.AdminAuthController.Login (PayTaxi.Api) in 351.3351ms&#xD;
info: Microsoft.AspNetCore.Routing.EndpointMiddleware[1]&#xD;
      Executed endpoint 'PayTaxi.Api.Controllers.AdminAuthController.Login (PayTaxi.Api)'&#xD;
info: Microsoft.AspNetCore.Hosting.Diagnostics[2]&#xD;
      Request finished HTTP/1.1 POST http://localhost/api/admin/auth/login - 401 - application/json;+charset=utf-8 352.4969ms&#xD;
info: Microsoft.AspNetCore.Hosting.Diagnostics[1]&#xD;
      Request starting HTTP/1.1 POST http://localhost/api/admin/auth/login - application/json;+charset=utf-8 65&#xD;
info: Microsoft.AspNetCore.Routing.EndpointMiddleware[0]&#xD;
      Executing endpoint 'PayTaxi.Api.Controllers.AdminAuthController.Login (PayTaxi.Api)'&#xD;
info: Microsoft.AspNetCore.Mvc.Infrastructure.ControllerActionInvoker[102]&#xD;
      Route matched with {action = "Login", controller = "AdminAuth"}. Executing controller action with signature System.Threading.Tasks.Task`1[Microsoft.AspNetCore.Mvc.IActionResult] Login(LoginDto, System.Threading.CancellationToken) on controller PayTaxi.Api.Controllers.AdminAuthController (PayTaxi.Api).&#xD;
info: Microsoft.AspNetCore.Mvc.Infrastructure.ObjectResultExecutor[1]&#xD;
      Executing OkObjectResult, writing value of type '&lt;&gt;f__AnonymousType2`3[[System.String, System.Private.CoreLib, Version=8.0.0.0, Culture=neutral, PublicKeyToken=7cec85d7bea7798e],[System.DateTime, System.Private.CoreLib, Version=8.0.0.0, Culture=neutral, PublicKeyToken=7cec85d7bea7798e],[&lt;&gt;f__AnonymousType3`6[[System.Guid, System.Private.CoreLib, Version=8.0.0.0, Culture=neutral, PublicKeyToken=7cec85d7bea7798e],[System.String, System.Private.CoreLib, Version=8.0.0.0, Culture=neutral, PublicKeyToken=7cec85d7bea7798e],[System.String, System.Private.CoreLib, Version=8.0.0.0, Culture=neutral, PublicKeyToken=7cec85d7bea7798e],[System.String, System.Private.CoreLib, Version=8.0.0.0, Culture=neutral, PublicKeyToken=7cec85d7bea7798e],[System.Nullable`1[[System.Guid, System.Private.CoreLib, Version=8.0.0.0, Culture=neutral, PublicKeyToken=7cec85d7bea7798e]], System.Private.CoreLib, Version=8.0.0.0, Culture=neutral, PublicKeyToken=7cec85d7bea7798e],[System.String, System.Private.CoreLib, Version=8.0.0.0, Culture=neutral, PublicKeyToken=7cec85d7bea7798e]], PayTaxi.Api, Version=1.0.0.0, Culture=neutral, PublicKeyToken=null]]'.&#xD;
info: Microsoft.AspNetCore.Mvc.Infrastructure.ControllerActionInvoker[105]&#xD;
      Executed action PayTaxi.Api.Controllers.AdminAuthController.Login (PayTaxi.Api) in 409.2986ms&#xD;
info: Microsoft.AspNetCore.Routing.EndpointMiddleware[1]&#xD;
      Executed endpoint 'PayTaxi.Api.Controllers.AdminAuthController.Login (PayTaxi.Api)'&#xD;
info: Microsoft.AspNetCore.Hosting.Diagnostics[2]&#xD;
      Request finished HTTP/1.1 POST http://localhost/api/admin/auth/login - 200 - application/json;+charset=utf-8 410.2742ms&#xD;
info: Microsoft.AspNetCore.Hosting.Diagnostics[1]&#xD;
      Request starting HTTP/1.1 POST http://localhost/api/admin/parks/f05861e0-415a-4a02-aa71-d5c575524d1f/reconciliation/run - - -&#xD;
info: Microsoft.AspNetCore.Routing.EndpointMiddleware[0]&#xD;
      Executing endpoint 'PayTaxi.Api.Controllers.ReconciliationController.RunNow (PayTaxi.Api)'&#xD;
info: Microsoft.AspNetCore.Mvc.Infrastructure.ControllerActionInvoker[102]&#xD;
      Route matched with {action = "RunNow", controller = "Reconciliation"}. Executing controller action with signature System.Threading.Tasks.Task`1[Microsoft.AspNetCore.Mvc.IActionResult] RunNow(System.Guid, System.Threading.CancellationToken) on controller PayTaxi.Api.Controllers.ReconciliationController (PayTaxi.Api).&#xD;
info: Microsoft.AspNetCore.Mvc.ForbidResult[1]&#xD;
      Executing ForbidResult with authentication schemes ().&#xD;
info: Microsoft.AspNetCore.Authentication.JwtBearer.JwtBearerHandler[13]&#xD;
      AuthenticationScheme: Bearer was forbidden.&#xD;
info: Microsoft.AspNetCore.Mvc.Infrastructure.ControllerActionInvoker[105]&#xD;
      Executed action PayTaxi.Api.Controllers.ReconciliationController.RunNow (PayTaxi.Api) in 1.1922ms&#xD;
info: Microsoft.AspNetCore.Routing.EndpointMiddleware[1]&#xD;
      Executed endpoint 'PayTaxi.Api.Controllers.ReconciliationController.RunNow (PayTaxi.Api)'&#xD;
info: Microsoft.AspNetCore.Hosting.Diagnostics[2]&#xD;
      Request finished HTTP/1.1 POST http://localhost/api/admin/parks/f05861e0-415a-4a02-aa71-d5c575524d1f/reconciliation/run - 403 - - 2.2318ms&#xD;
info: PayTaxi.Infrastructure.Services.PayoutQueueWorker[0]&#xD;
      Payout queue worker stopped&#xD;
[xUnit.net 00:00:30.30]   Finished:    PayTaxi.Tests&#xD;
</StdOut>
    </Output>
    <RunInfos>
      <RunInfo computerName="DESKTOP-K17A3M4" outcome="Error" timestamp="2026-09-20T22:25:32.4483497+04:00">
        <Text>[xUnit.net 00:00:23.53]     PayTaxi.Tests.Integration.CashoutSagaTests.Two_concurrent_requests_never_pay_more_than_the_balance [FAIL]</Text>
      </RunInfo>
    </RunInfos>
  </ResultSummary>
</TestRun>