<?xml version="1.0" encoding="utf-8"?>
<TestRun id="218a5160-7877-4be4-998e-147ca6501834" name="Home@DESKTOP-K17A3M4 2026-09-20 22:25:57" runUser="DESKTOP-K17A3M4\Home" xmlns="http://microsoft.com/schemas/VisualStudio/TeamTest/2010">
  <Times creation="2026-09-20T22:25:57.3460829+04:00" queuing="2026-09-20T22:25:57.3460836+04:00" start="2026-09-20T22:25:43.4361808+04:00" finish="2026-09-20T22:26:15.6144947+04:00" />
  <TestSettings name="default" id="5abd6f43-296d-471d-a2aa-d1fe12528e7c">
    <Deployment runDeploymentRoot="Home_DESKTOP-K17A3M4_2026-09-20_22_25_57" />
  </TestSettings>
  <Results>
    <UnitTestResult executionId="bb70372f-9fba-4dec-a311-102a06cea01f" testId="2ff3f9e1-4927-cbaf-adfd-2ca6a71f449f" testName="PayTaxi.Tests.Domain.SettlementShareTests.Levan_park_takes_everything_under_the_cap" computerName="DESKTOP-K17A3M4" duration="00:00:00.0005199" startTime="2026-09-20T22:25:57.4858062+04:00" endTime="2026-09-20T22:25:57.4858064+04:00" testType="13cdc9d9-ddb5-4fa4-a97d-d965ccfc6d4b" outcome="Passed" testListId="8c84fa94-04c1-424b-9868-57a2d4851a1d" relativeResultsDirectory="bb70372f-9fba-4dec-a311-102a06cea01f" />
    <UnitTestResult executionId="5d8a001b-de16-4c56-b09f-98933a82e87e" testId="36d2427d-2764-c798-da00-2ae104ea7b66" testName="PayTaxi.Tests.Integration.SettlementAndReconciliationTests.Reconciliation_does_not_flag_the_settlement_transfer_as_an_orphan" computerName="DESKTOP-K17A3M4" duration="00:00:01.3701503" startTime="2026-09-20T22:26:15.3972700+04:00" endTime="2026-09-20T22:26:15.3972706+04:00" testType="13cdc9d9-ddb5-4fa4-a97d-d965ccfc6d4b" outcome="Passed" testListId="8c84fa94-04c1-424b-9868-57a2d4851a1d" relativeResultsDirectory="5d8a001b-de16-4c56-b09f-98933a82e87e" />
    <UnitTestResult executionId="9db15851-c6dd-461f-9136-079085f427e2" testId="df3d80ec-e59f-fb0f-9bb3-7d2e8955162b" testName="PayTaxi.Tests.Tbc.TbcPayoutAdapterTests.Status_codes_map_per_documentation(code: &quot;XYZ&quot;, expected: Unknown)" computerName="DESKTOP-K17A3M4" duration="00:00:00.0000099" startTime="2026-09-20T22:25:57.3103677+04:00" endTime="2026-09-20T22:25:57.3103678+04:00" testType="13cdc9d9-ddb5-4fa4-a97d-d965ccfc6d4b" outcome="Passed" testListId="8c84fa94-04c1-424b-9868-57a2d4851a1d" relativeResultsDirectory="9db15851-c6dd-461f-9136-079085f427e2" />
    <UnitTestResult executionId="3bed6eb8-5a5f-434e-843d-b598f5b6031f" testId="21d2816d-5bf0-e95e-87dd-e946ae3992a2" testName="PayTaxi.Tests.Domain.PersonNameTests.Same_person_across_scripts_and_order(a: &quot;ნიკოლოზ მიქელაძე&quot;, b: &quot;Nikoloz Mikelladze&quot;)" computerName="DESKTOP-K17A3M4" duration="00:00:00.0000434" startTime="2026-09-20T22:26:15.4019534+04:00" endTime="2026-09-20T22:26:15.4019535+04:00" testType="13cdc9d9-ddb5-4fa4-a97d-d965ccfc6d4b" outcome="Passed" testListId="8c84fa94-04c1-424b-9868-57a2d4851a1d" relativeResultsDirectory="3bed6eb8-5a5f-434e-843d-b598f5b6031f" />
    <UnitTestResult executionId="57f08fed-04b7-4d51-99c8-6b98d9d50aaa" testId="7a6a5112-c981-c333-66f7-abf599a058b2" testName="PayTaxi.Tests.Integration.OwnershipRuleTests.Driver_can_add_account_in_own_name(profile: &quot;yp_tb3_003&quot;, holder: &quot;L. Kobakhidze&quot;)" computerName="DESKTOP-K17A3M4" duration="00:00:00.0336529" startTime="2026-09-20T22:26:11.0890569+04:00" endTime="2026-09-20T22:26:11.0890572+04:00" testType="13cdc9d9-ddb5-4fa4-a97d-d965ccfc6d4b" outcome="Passed" testListId="8c84fa94-04c1-424b-9868-57a2d4851a1d" relativeResultsDirectory="57f08fed-04b7-4d51-99c8-6b98d9d50aaa" />
    <UnitTestResult executionId="888ae6c7-3271-4afd-a60b-01acfb9da4b8" testId="a9d2ed44-8216-b25b-29f6-df823e732abc" testName="PayTaxi.Tests.Integration.AuthAndAuthorizationTests.Park_admin_is_confined_to_their_park" computerName="DESKTOP-K17A3M4" duration="00:00:00.4653896" startTime="2026-09-20T22:26:06.6353204+04:00" endTime="2026-09-20T22:26:06.6353207+04:00" testType="13cdc9d9-ddb5-4fa4-a97d-d965ccfc6d4b" outcome="Passed" testListId="8c84fa94-04c1-424b-9868-57a2d4851a1d" relativeResultsDirectory="888ae6c7-3271-4afd-a60b-01acfb9da4b8" />
    <UnitTestResult executionId="405d9f75-95bf-4e89-80e1-3d8ff5add87d" testId="c466366d-714f-d584-c90b-5ce357e0ba2e" testName="PayTaxi.Tests.Integration.OwnershipRuleTests.Driver_can_add_account_in_own_name(profile: &quot;yp_tb3_003&quot;, holder: &quot;Levan Kobahidze&quot;)" computerName="DESKTOP-K17A3M4" duration="00:00:00.0327649" startTime="2026-09-20T22:26:11.0540071+04:00" endTime="2026-09-20T22:26:11.0540073+04:00" testType="13cdc9d9-ddb5-4fa4-a97d-d965ccfc6d4b" outcome="Passed" testListId="8c84fa94-04c1-424b-9868-57a2d4851a1d" relativeResultsDirectory="405d9f75-95bf-4e89-80e1-3d8ff5add87d" />
    <UnitTestResult executionId="79a1b909-a49a-49b0-81b9-029a5ff551be" testId="a51f6246-5a31-efd9-7aa0-53be3ae133d8" testName="PayTaxi.Tests.Domain.PersonNameTests.Different_person_is_rejected(a: &quot;Giorgi Mamulashvili&quot;, b: &quot;Giorgi Beridze&quot;)" computerName="DESKTOP-K17A3M4" duration="00:00:00.0003486" startTime="2026-09-20T22:26:15.4042843+04:00" endTime="2026-09-20T22:26:15.4042844+04:00" testType="13cdc9d9-ddb5-4fa4-a97d-d965ccfc6d4b" outcome="Passed" testListId="8c84fa94-04c1-424b-9868-57a2d4851a1d" relativeResultsDirectory="79a1b909-a49a-49b0-81b9-029a5ff551be" />
    <UnitTestResult executionId="77e9ce77-9efb-4e6f-b6c7-b69dc74c9efd" testId="43087e67-77ca-9d9c-c185-c1ec3eee0ce1" testName="PayTaxi.Tests.Integration.OwnershipRuleTests.Admin_needs_a_reason_for_a_third_party_account_and_the_flag_is_visible_everywhere" computerName="DESKTOP-K17A3M4" duration="00:00:00.5282337" startTime="2026-09-20T22:26:11.8543206+04:00" endTime="2026-09-20T22:26:11.8543212+04:00" testType="13cdc9d9-ddb5-4fa4-a97d-d965ccfc6d4b" outcome="Passed" testListId="8c84fa94-04c1-424b-9868-57a2d4851a1d" relativeResultsDirectory="77e9ce77-9efb-4e6f-b6c7-b69dc74c9efd" />
    <UnitTestResult executionId="f4edb111-1e16-4668-8478-b5f5ccb936fe" testId="b538e72d-e6ea-c1d6-5051-5c68f89ba086" testName="PayTaxi.Tests.Domain.FieldEncryptorTests.Rejects_wrong_key_length" computerName="DESKTOP-K17A3M4" duration="00:00:00.0008854" startTime="2026-09-20T22:25:57.4735999+04:00" endTime="2026-09-20T22:25:57.4736000+04:00" testType="13cdc9d9-ddb5-4fa4-a97d-d965ccfc6d4b" outcome="Passed" testListId="8c84fa94-04c1-424b-9868-57a2d4851a1d" relativeResultsDirectory="f4edb111-1e16-4668-8478-b5f5ccb936fe" />
    <UnitTestResult executionId="6a277f07-448e-4919-91a7-003e58614647" testId="d0876f4f-77fa-3d2e-8ca4-ace31a538231" testName="PayTaxi.Tests.Integration.CashoutSagaTests.Two_concurrent_requests_never_pay_more_than_the_balance" computerName="DESKTOP-K17A3M4" duration="00:00:00.2304001" startTime="2026-09-20T22:26:08.2239971+04:00" endTime="2026-09-20T22:26:08.2239974+04:00" testType="13cdc9d9-ddb5-4fa4-a97d-d965ccfc6d4b" outcome="Passed" testListId="8c84fa94-04c1-424b-9868-57a2d4851a1d" relativeResultsDirectory="6a277f07-448e-4919-91a7-003e58614647" />
    <UnitTestResult executionId="6a0848f6-d0f2-4ddb-a31e-30c1ca2fc017" testId="5fcef2be-8964-301d-4445-134d939388a2" testName="PayTaxi.Tests.Integration.SettlementAndReconciliationTests.Invoice_is_refused_for_a_cashout_that_did_not_complete" computerName="DESKTOP-K17A3M4" duration="00:00:00.3418625" startTime="2026-09-20T22:26:14.0256969+04:00" endTime="2026-09-20T22:26:14.0256971+04:00" testType="13cdc9d9-ddb5-4fa4-a97d-d965ccfc6d4b" outcome="Passed" testListId="8c84fa94-04c1-424b-9868-57a2d4851a1d" relativeResultsDirectory="6a0848f6-d0f2-4ddb-a31e-30c1ca2fc017" />
    <UnitTestResult executionId="6ca6f07a-2fab-4651-a331-7ddd5e31487b" testId="fd269e50-0ace-0f92-3666-6d8e6bb7f7e1" testName="PayTaxi.Tests.Tbc.TbcPayoutAdapterTests.Validation_fault_is_non_retryable" computerName="DESKTOP-K17A3M4" duration="00:00:00.0030336" startTime="2026-09-20T22:25:57.3988719+04:00" endTime="2026-09-20T22:25:57.3988726+04:00" testType="13cdc9d9-ddb5-4fa4-a97d-d965ccfc6d4b" outcome="Passed" testListId="8c84fa94-04c1-424b-9868-57a2d4851a1d" relativeResultsDirectory="6ca6f07a-2fab-4651-a331-7ddd5e31487b" />
    <UnitTestResult executionId="4da35bb0-997e-4a69-9463-18197e771511" testId="111db447-b3dc-8b96-0d74-f1d86708a16c" testName="PayTaxi.Tests.Integration.OwnershipRuleTests.Driver_can_add_account_in_own_name(profile: &quot;yp_tb3_003&quot;, holder: &quot;Levan Giorgi Kobakhidze&quot;)" computerName="DESKTOP-K17A3M4" duration="00:00:00.0345846" startTime="2026-09-20T22:26:11.1247576+04:00" endTime="2026-09-20T22:26:11.1247580+04:00" testType="13cdc9d9-ddb5-4fa4-a97d-d965ccfc6d4b" outcome="Passed" testListId="8c84fa94-04c1-424b-9868-57a2d4851a1d" relativeResultsDirectory="4da35bb0-997e-4a69-9463-18197e771511" />
    <UnitTestResult executionId="6be43820-e63d-405a-9c73-1fee8d342275" testId="7b6b5b98-470e-3604-e3c1-297392eef644" testName="PayTaxi.Tests.Tbc.TbcPayoutAdapterTests.Status_codes_map_per_documentation(code: &quot;G&quot;, expected: Pending)" computerName="DESKTOP-K17A3M4" duration="00:00:00.0000092" startTime="2026-09-20T22:25:57.3102176+04:00" endTime="2026-09-20T22:25:57.3102177+04:00" testType="13cdc9d9-ddb5-4fa4-a97d-d965ccfc6d4b" outcome="Passed" testListId="8c84fa94-04c1-424b-9868-57a2d4851a1d" relativeResultsDirectory="6be43820-e63d-405a-9c73-1fee8d342275" />
    <UnitTestResult executionId="b04e2285-b9f7-4ce9-a2cb-35066893d30a" testId="4a875892-d373-5041-d135-192fd4af5a1d" testName="PayTaxi.Tests.Tbc.TbcPayoutAdapterTests.Request_id_is_deterministic_and_fits_xsd_long" computerName="DESKTOP-K17A3M4" duration="00:00:00.0096242" startTime="2026-09-20T22:25:57.4143408+04:00" endTime="2026-09-20T22:25:57.4143410+04:00" testType="13cdc9d9-ddb5-4fa4-a97d-d965ccfc6d4b" outcome="Passed" testListId="8c84fa94-04c1-424b-9868-57a2d4851a1d" relativeResultsDirectory="b04e2285-b9f7-4ce9-a2cb-35066893d30a" />
    <UnitTestResult executionId="28155166-08a2-4d06-aa5a-927d97a07319" testId="45383c55-6dc3-0d85-5daa-8919dc11eaf2" testName="PayTaxi.Tests.Domain.PersonNameTests.Different_person_is_rejected(a: &quot;გიორგი მამულაშვილი&quot;, b: &quot;Nino Beridze&quot;)" computerName="DESKTOP-K17A3M4" duration="00:00:00.0000213" startTime="2026-09-20T22:26:15.4044431+04:00" endTime="2026-09-20T22:26:15.4044432+04:00" testType="13cdc9d9-ddb5-4fa4-a97d-d965ccfc6d4b" outcome="Passed" testListId="8c84fa94-04c1-424b-9868-57a2d4851a1d" relativeResultsDirectory="28155166-08a2-4d06-aa5a-927d97a07319" />
    <UnitTestResult executionId="23f915c6-a88b-4889-af3a-8975585cd8e8" testId="2d030a41-db52-2472-6fb9-7e9fe6d44e4b" testName="PayTaxi.Tests.Integration.AlertsTests.Failed_settlement_raises_a_danger_alert_scoped_by_role_and_the_signature_tracks_the_set" computerName="DESKTOP-K17A3M4" duration="00:00:01.7689092" startTime="2026-09-20T22:26:04.8698359+04:00" endTime="2026-09-20T22:26:04.8698364+04:00" testType="13cdc9d9-ddb5-4fa4-a97d-d965ccfc6d4b" outcome="Passed" testListId="8c84fa94-04c1-424b-9868-57a2d4851a1d" relativeResultsDirectory="23f915c6-a88b-4889-af3a-8975585cd8e8" />
    <UnitTestResult executionId="4acb2ed1-99c4-4c0e-9acc-fd9a22576417" testId="0ce74592-5259-970d-e3da-5b596827daa3" testName="PayTaxi.Tests.Integration.SessionsAndNotificationsTests.Cashout_writes_a_structured_notification_and_read_state_works" computerName="DESKTOP-K17A3M4" duration="00:00:00.1557738" startTime="2026-09-20T22:26:12.7944690+04:00" endTime="2026-09-20T22:26:12.7944692+04:00" testType="13cdc9d9-ddb5-4fa4-a97d-d965ccfc6d4b" outcome="Passed" testListId="8c84fa94-04c1-424b-9868-57a2d4851a1d" relativeResultsDirectory="4acb2ed1-99c4-4c0e-9acc-fd9a22576417" />
    <UnitTestResult executionId="ec911816-ea70-4a05-8860-6892dda80888" testId="5b0dffec-f79a-34dc-cb2b-8fe5f0acdfba" testName="PayTaxi.Tests.Yandex.YandexFleetClientTests.Read_only_mode_blocks_writes" computerName="DESKTOP-K17A3M4" duration="00:00:00.0016220" startTime="2026-09-20T22:25:57.5529816+04:00" endTime="2026-09-20T22:25:57.5529819+04:00" testType="13cdc9d9-ddb5-4fa4-a97d-d965ccfc6d4b" outcome="Passed" testListId="8c84fa94-04c1-424b-9868-57a2d4851a1d" relativeResultsDirectory="ec911816-ea70-4a05-8860-6892dda80888" />
    <UnitTestResult executionId="524bc1cc-5114-4a42-bf46-31e7d484a19f" testId="b58dfb2a-b0c0-e65f-6fa7-84034df42af6" testName="PayTaxi.Tests.Tbc.TbcPayoutAdapterTests.Status_codes_map_per_documentation(code: &quot;VERIF&quot;, expected: Pending)" computerName="DESKTOP-K17A3M4" duration="00:00:00.0085924" startTime="2026-09-20T22:25:57.3080976+04:00" endTime="2026-09-20T22:25:57.3080978+04:00" testType="13cdc9d9-ddb5-4fa4-a97d-d965ccfc6d4b" outcome="Passed" testListId="8c84fa94-04c1-424b-9868-57a2d4851a1d" relativeResultsDirectory="524bc1cc-5114-4a42-bf46-31e7d484a19f" />
    <UnitTestResult executionId="f9ed2d3c-1d48-4551-a5da-8d38da6931b8" testId="ad01aade-b05f-34be-133e-684c10033d8d" testName="PayTaxi.Tests.Domain.SettlementShareTests.After_the_cap_only_the_steady_share_applies" computerName="DESKTOP-K17A3M4" duration="00:00:00.0003352" startTime="2026-09-20T22:25:57.4879700+04:00" endTime="2026-09-20T22:25:57.4879701+04:00" testType="13cdc9d9-ddb5-4fa4-a97d-d965ccfc6d4b" outcome="Passed" testListId="8c84fa94-04c1-424b-9868-57a2d4851a1d" relativeResultsDirectory="f9ed2d3c-1d48-4551-a5da-8d38da6931b8" />
    <UnitTestResult executionId="41a09338-652e-4c5f-b9aa-69d890e90f69" testId="cba39219-5c48-5560-2a4a-99b35e0ec505" testName="PayTaxi.Tests.Tbc.TbcPayoutAdapterTests.Non_xml_response_throws_so_caller_does_lookup" computerName="DESKTOP-K17A3M4" duration="00:00:00.0066101" startTime="2026-09-20T22:25:57.4526525+04:00" endTime="2026-09-20T22:25:57.4526529+04:00" testType="13cdc9d9-ddb5-4fa4-a97d-d965ccfc6d4b" outcome="Passed" testListId="8c84fa94-04c1-424b-9868-57a2d4851a1d" relativeResultsDirectory="41a09338-652e-4c5f-b9aa-69d890e90f69" />
    <UnitTestResult executionId="f2a6c29d-d6b2-4038-9bb7-d55f5f20fdbc" testId="dd9d5646-437d-d38a-0895-ca9418ff553d" testName="PayTaxi.Tests.Domain.PersonNameTests.Same_person_across_scripts_and_order(a: &quot;ნინო ჩხეიძე&quot;, b: &quot;Nino Chkheidze&quot;)" computerName="DESKTOP-K17A3M4" duration="00:00:00.0000324" startTime="2026-09-20T22:26:15.4022782+04:00" endTime="2026-09-20T22:26:15.4022783+04:00" testType="13cdc9d9-ddb5-4fa4-a97d-d965ccfc6d4b" outcome="Passed" testListId="8c84fa94-04c1-424b-9868-57a2d4851a1d" relativeResultsDirectory="f2a6c29d-d6b2-4038-9bb7-d55f5f20fdbc" />
    <UnitTestResult executionId="6260bae0-92b8-44d2-a01f-0a702843dfcf" testId="f306c384-dcdb-2909-dfe8-fd5fbcdb2395" testName="PayTaxi.Tests.Integration.CashoutSagaTests.Balance_cache_reflects_a_debit_immediately" computerName="DESKTOP-K17A3M4" duration="00:00:00.1059055" startTime="2026-09-20T22:26:07.7119051+04:00" endTime="2026-09-20T22:26:07.7119054+04:00" testType="13cdc9d9-ddb5-4fa4-a97d-d965ccfc6d4b" outcome="Passed" testListId="8c84fa94-04c1-424b-9868-57a2d4851a1d" relativeResultsDirectory="6260bae0-92b8-44d2-a01f-0a702843dfcf" />
    <UnitTestResult executionId="36ab2636-5b10-45c5-b881-ce19ba0e63d4" testId="a048b8c5-413a-adca-2ecd-21aa20513f69" testName="PayTaxi.Tests.Yandex.YandexFleetClientTests.Orders_map_price_and_addresses" computerName="DESKTOP-K17A3M4" duration="00:00:00.0065489" startTime="2026-09-20T22:25:57.5351339+04:00" endTime="2026-09-20T22:25:57.5351342+04:00" testType="13cdc9d9-ddb5-4fa4-a97d-d965ccfc6d4b" outcome="Passed" testListId="8c84fa94-04c1-424b-9868-57a2d4851a1d" relativeResultsDirectory="36ab2636-5b10-45c5-b881-ce19ba0e63d4" />
    <UnitTestResult executionId="60ca7c69-7394-4822-a36c-21bb7f6d8fd9" testId="8c46cbb2-05d2-bb95-dc4d-92c20d4490b1" testName="PayTaxi.Tests.Integration.AlertsTests.Review_required_cashouts_and_open_discrepancies_are_reported" computerName="DESKTOP-K17A3M4" duration="00:00:00.7984919" startTime="2026-09-20T22:26:05.6997072+04:00" endTime="2026-09-20T22:26:05.6997077+04:00" testType="13cdc9d9-ddb5-4fa4-a97d-d965ccfc6d4b" outcome="Passed" testListId="8c84fa94-04c1-424b-9868-57a2d4851a1d" relativeResultsDirectory="60ca7c69-7394-4822-a36c-21bb7f6d8fd9" />
    <UnitTestResult executionId="4e06c209-3c59-49d6-8b71-0fa5eb986fd6" testId="d454eeb5-96fd-2011-c8da-5f1449fb1a71" testName="PayTaxi.Tests.Integration.OwnershipRuleTests.Unnamed_driver_is_not_blocked_by_the_placeholder" computerName="DESKTOP-K17A3M4" duration="00:00:00.0564383" startTime="2026-09-20T22:26:11.2817121+04:00" endTime="2026-09-20T22:26:11.2817139+04:00" testType="13cdc9d9-ddb5-4fa4-a97d-d965ccfc6d4b" outcome="Passed" testListId="8c84fa94-04c1-424b-9868-57a2d4851a1d" relativeResultsDirectory="4e06c209-3c59-49d6-8b71-0fa5eb986fd6" />
    <UnitTestResult executionId="22de63d5-3446-46f2-903c-f49a5684d63b" testId="f3ffa624-26ff-9f64-90de-e9dd9d0edf3b" testName="PayTaxi.Tests.Yandex.YandexFleetClientTests.Cashout_posts_negative_amount_with_category_and_idempotency_token" computerName="DESKTOP-K17A3M4" duration="00:00:00.0023145" startTime="2026-09-20T22:25:57.5491135+04:00" endTime="2026-09-20T22:25:57.5491138+04:00" testType="13cdc9d9-ddb5-4fa4-a97d-d965ccfc6d4b" outcome="Passed" testListId="8c84fa94-04c1-424b-9868-57a2d4851a1d" relativeResultsDirectory="22de63d5-3446-46f2-903c-f49a5684d63b" />
    <UnitTestResult executionId="6fc8a66e-1aa8-4495-a72a-79ff0a7e129b" testId="4f9ab524-6d33-c40c-adfd-4de4bc735e8c" testName="PayTaxi.Tests.Integration.OnboardingTests.Duplicate_phone_or_yandex_id_is_a_conflict_and_status_values_are_validated" computerName="DESKTOP-K17A3M4" duration="00:00:00.3775240" startTime="2026-09-20T22:26:10.5936735+04:00" endTime="2026-09-20T22:26:10.5936739+04:00" testType="13cdc9d9-ddb5-4fa4-a97d-d965ccfc6d4b" outcome="Passed" testListId="8c84fa94-04c1-424b-9868-57a2d4851a1d" relativeResultsDirectory="6fc8a66e-1aa8-4495-a72a-79ff0a7e129b" />
    <UnitTestResult executionId="ec12e6f2-0e14-4c1a-9f42-709445dce984" testId="82074611-b4f5-7fac-c1d4-2a250abd53d4" testName="PayTaxi.Tests.Integration.AuthAndAuthorizationTests.Otp_requests_are_capped_per_phone" computerName="DESKTOP-K17A3M4" duration="00:00:00.0893008" startTime="2026-09-20T22:26:07.6041098+04:00" endTime="2026-09-20T22:26:07.6041103+04:00" testType="13cdc9d9-ddb5-4fa4-a97d-d965ccfc6d4b" outcome="Passed" testListId="8c84fa94-04c1-424b-9868-57a2d4851a1d" relativeResultsDirectory="ec12e6f2-0e14-4c1a-9f42-709445dce984" />
    <UnitTestResult executionId="40cb9d9e-da22-4338-81e1-029e5b955dda" testId="26e031d4-6d3d-9c74-b1eb-f3b1d7522127" testName="PayTaxi.Tests.Tbc.TbcPayoutAdapterTests.Status_codes_map_per_documentation(code: &quot;WC&quot;, expected: Pending)" computerName="DESKTOP-K17A3M4" duration="00:00:00.0000376" startTime="2026-09-20T22:25:57.3100500+04:00" endTime="2026-09-20T22:25:57.3100501+04:00" testType="13cdc9d9-ddb5-4fa4-a97d-d965ccfc6d4b" outcome="Passed" testListId="8c84fa94-04c1-424b-9868-57a2d4851a1d" relativeResultsDirectory="40cb9d9e-da22-4338-81e1-029e5b955dda" />
    <UnitTestResult executionId="b4eb3572-034f-44ae-9a14-d1ca231b1e23" testId="0161f87a-a713-96ef-8897-57f39464b4d4" testName="PayTaxi.Tests.Integration.AuthAndAuthorizationTests.Every_common_phone_spelling_reaches_the_same_driver(pattern: &quot;995{local}&quot;)" computerName="DESKTOP-K17A3M4" duration="00:00:00.0369067" startTime="2026-09-20T22:26:06.1044448+04:00" endTime="2026-09-20T22:26:06.1044451+04:00" testType="13cdc9d9-ddb5-4fa4-a97d-d965ccfc6d4b" outcome="Passed" testListId="8c84fa94-04c1-424b-9868-57a2d4851a1d" relativeResultsDirectory="b4eb3572-034f-44ae-9a14-d1ca231b1e23" />
    <UnitTestResult executionId="d0c23dec-ba87-40bd-96db-9f4531c3a27e" testId="8c903265-6831-3e29-e650-627590b07377" testName="PayTaxi.Tests.Yandex.YandexFleetClientTests.Rate_limit_and_server_errors_are_transient_for_the_retry_wrapper" computerName="DESKTOP-K17A3M4" duration="00:00:00.0038942" startTime="2026-09-20T22:25:57.5393647+04:00" endTime="2026-09-20T22:25:57.5393649+04:00" testType="13cdc9d9-ddb5-4fa4-a97d-d965ccfc6d4b" outcome="Passed" testListId="8c84fa94-04c1-424b-9868-57a2d4851a1d" relativeResultsDirectory="d0c23dec-ba87-40bd-96db-9f4531c3a27e" />
    <UnitTestResult executionId="714af120-2831-4d4f-9f89-48abed7e2dd3" testId="326266f6-b6df-a453-0c19-b9c7080a6971" testName="PayTaxi.Tests.Domain.GeorgianIbanTests.Build_produces_valid_ibans_with_bank_code" computerName="DESKTOP-K17A3M4" duration="00:00:00.0085241" startTime="2026-09-20T22:25:57.4804037+04:00" endTime="2026-09-20T22:25:57.4804042+04:00" testType="13cdc9d9-ddb5-4fa4-a97d-d965ccfc6d4b" outcome="Passed" testListId="8c84fa94-04c1-424b-9868-57a2d4851a1d" relativeResultsDirectory="714af120-2831-4d4f-9f89-48abed7e2dd3" />
    <UnitTestResult executionId="ce4015b4-fdaf-4e27-87a1-04584d99e5ea" testId="f900cc05-a387-dee0-ad45-17c55cdefbb7" testName="PayTaxi.Tests.Tbc.TbcPayoutAdapterTests.Find_by_key_returns_status_when_found" computerName="DESKTOP-K17A3M4" duration="00:00:00.0080401" startTime="2026-09-20T22:25:57.3743463+04:00" endTime="2026-09-20T22:25:57.3743470+04:00" testType="13cdc9d9-ddb5-4fa4-a97d-d965ccfc6d4b" outcome="Passed" testListId="8c84fa94-04c1-424b-9868-57a2d4851a1d" relativeResultsDirectory="ce4015b4-fdaf-4e27-87a1-04584d99e5ea" />
    <UnitTestResult executionId="720269a2-0b14-437f-819c-434eb629f84f" testId="88dee36d-4634-24ef-e6bc-bd35a9ffb043" testName="PayTaxi.Tests.Integration.CashoutSagaTests.Cashout_to_a_removed_card_is_a_typed_rejection_and_a_foreign_card_is_forbidden" computerName="DESKTOP-K17A3M4" duration="00:00:00.2099243" startTime="2026-09-20T22:26:07.9926596+04:00" endTime="2026-09-20T22:26:07.9926600+04:00" testType="13cdc9d9-ddb5-4fa4-a97d-d965ccfc6d4b" outcome="Passed" testListId="8c84fa94-04c1-424b-9868-57a2d4851a1d" relativeResultsDirectory="720269a2-0b14-437f-819c-434eb629f84f" />
    <UnitTestResult executionId="e74c14f9-0c9b-42d3-b2e6-8be418171d13" testId="d0103832-2b63-5ad0-dde0-49b974922595" testName="PayTaxi.Tests.Domain.PersonNameTests.Same_person_across_scripts_and_order(a: &quot;გიორგი მამულაშვილი&quot;, b: &quot;Giorgi Mamulashvili&quot;)" computerName="DESKTOP-K17A3M4" duration="00:00:00.0000354" startTime="2026-09-20T22:26:15.4020480+04:00" endTime="2026-09-20T22:26:15.4020482+04:00" testType="13cdc9d9-ddb5-4fa4-a97d-d965ccfc6d4b" outcome="Passed" testListId="8c84fa94-04c1-424b-9868-57a2d4851a1d" relativeResultsDirectory="e74c14f9-0c9b-42d3-b2e6-8be418171d13" />
    <UnitTestResult executionId="e20e34df-839f-4dae-b87c-740b03be5971" testId="e34228c5-f04c-befe-99c5-2d73c51f7b59" testName="PayTaxi.Tests.Domain.PersonNameTests.Different_person_is_rejected(a: &quot;Георгий Кобахидзе&quot;, b: &quot;Giorgi Kobakhidze&quot;)" computerName="DESKTOP-K17A3M4" duration="00:00:00.0000422" startTime="2026-09-20T22:26:15.4043627+04:00" endTime="2026-09-20T22:26:15.4043628+04:00" testType="13cdc9d9-ddb5-4fa4-a97d-d965ccfc6d4b" outcome="Passed" testListId="8c84fa94-04c1-424b-9868-57a2d4851a1d" relativeResultsDirectory="e20e34df-839f-4dae-b87c-740b03be5971" />
    <UnitTestResult executionId="73127a06-dbf7-4713-a14f-2efc10fffcc1" testId="7271bd64-55c1-be8d-3c8d-c3f49b075091" testName="PayTaxi.Tests.Tbc.TbcPayoutAdapterTests.Nonce_is_included_when_configured" computerName="DESKTOP-K17A3M4" duration="00:00:00.0037847" startTime="2026-09-20T22:25:57.4183758+04:00" endTime="2026-09-20T22:25:57.4183762+04:00" testType="13cdc9d9-ddb5-4fa4-a97d-d965ccfc6d4b" outcome="Passed" testListId="8c84fa94-04c1-424b-9868-57a2d4851a1d" relativeResultsDirectory="73127a06-dbf7-4713-a14f-2efc10fffcc1" />
    <UnitTestResult executionId="2eaa2dab-7e97-47d3-89bd-7ed22823f324" testId="d0d86145-3a14-8537-bd16-2b038ebfa848" testName="PayTaxi.Tests.Integration.AlertsTests.Alerts_need_an_admin_token" computerName="DESKTOP-K17A3M4" duration="00:00:00.0290539" startTime="2026-09-20T22:26:04.8998578+04:00" endTime="2026-09-20T22:26:04.8998581+04:00" testType="13cdc9d9-ddb5-4fa4-a97d-d965ccfc6d4b" outcome="Passed" testListId="8c84fa94-04c1-424b-9868-57a2d4851a1d" relativeResultsDirectory="2eaa2dab-7e97-47d3-89bd-7ed22823f324" />
    <UnitTestResult executionId="7589020b-a284-4461-8c79-36bc64896ba4" testId="9773d186-1620-6bbd-ad8b-6ad99709cd11" testName="PayTaxi.Tests.Tbc.TbcPayoutAdapterTests.Import_builds_within_bank_order_with_wsse_header_and_soapaction" computerName="DESKTOP-K17A3M4" duration="00:00:00.0505769" startTime="2026-09-20T22:25:57.3444922+04:00" endTime="2026-09-20T22:25:57.3444926+04:00" testType="13cdc9d9-ddb5-4fa4-a97d-d965ccfc6d4b" outcome="Passed" testListId="8c84fa94-04c1-424b-9868-57a2d4851a1d" relativeResultsDirectory="7589020b-a284-4461-8c79-36bc64896ba4" />
    <UnitTestResult executionId="b0dea6b5-6dee-47f4-b118-cd1324400d5a" testId="c0f82097-8660-994a-92f5-cb76cedc7a60" testName="PayTaxi.Tests.Integration.CashoutSagaTests.Rejections_are_typed_with_params" computerName="DESKTOP-K17A3M4" duration="00:00:00.0683481" startTime="2026-09-20T22:26:07.7815365+04:00" endTime="2026-09-20T22:26:07.7815368+04:00" testType="13cdc9d9-ddb5-4fa4-a97d-d965ccfc6d4b" outcome="Passed" testListId="8c84fa94-04c1-424b-9868-57a2d4851a1d" relativeResultsDirectory="b0dea6b5-6dee-47f4-b118-cd1324400d5a" />
    <UnitTestResult executionId="8046783a-683f-4e14-8ba5-6137a217470c" testId="9dac7c61-3e8a-ef94-dfc0-a8a839e9c665" testName="PayTaxi.Tests.Tbc.TbcPayoutAdapterTests.Import_then_bank_fails_it_is_non_retryable_with_error_detail" computerName="DESKTOP-K17A3M4" duration="00:00:00.0032479" startTime="2026-09-20T22:25:57.4457283+04:00" endTime="2026-09-20T22:25:57.4457290+04:00" testType="13cdc9d9-ddb5-4fa4-a97d-d965ccfc6d4b" outcome="Passed" testListId="8c84fa94-04c1-424b-9868-57a2d4851a1d" relativeResultsDirectory="8046783a-683f-4e14-8ba5-6137a217470c" />
    <UnitTestResult executionId="825d524b-a7df-499d-8ce1-76dc46eb98c3" testId="d822ae40-3eee-d6d9-8293-7e31caeca762" testName="PayTaxi.Tests.Domain.PersonNameTests.Same_person_across_scripts_and_order(a: &quot;Levan Kobakhidze&quot;, b: &quot;levan  kobakhidze &quot;)" computerName="DESKTOP-K17A3M4" duration="00:00:00.0000345" startTime="2026-09-20T22:26:15.4023649+04:00" endTime="2026-09-20T22:26:15.4023651+04:00" testType="13cdc9d9-ddb5-4fa4-a97d-d965ccfc6d4b" outcome="Passed" testListId="8c84fa94-04c1-424b-9868-57a2d4851a1d" relativeResultsDirectory="825d524b-a7df-499d-8ce1-76dc46eb98c3" />
    <UnitTestResult executionId="1e5b59ec-bf77-4ca2-b6ac-f005f87f27cb" testId="5c3ec09b-2e10-5202-bb1d-cefc5927f5f3" testName="PayTaxi.Tests.Integration.SettlementAndReconciliationTests.Levans_park_settles_at_phase1_and_a_network_park_at_50_percent" computerName="DESKTOP-K17A3M4" duration="00:00:00.8869627" startTime="2026-09-20T22:26:13.6830682+04:00" endTime="2026-09-20T22:26:13.6830684+04:00" testType="13cdc9d9-ddb5-4fa4-a97d-d965ccfc6d4b" outcome="Passed" testListId="8c84fa94-04c1-424b-9868-57a2d4851a1d" relativeResultsDirectory="1e5b59ec-bf77-4ca2-b6ac-f005f87f27cb" />
    <UnitTestResult executionId="725fb55c-51b4-458f-994e-f85be634657b" testId="94db0975-7c4a-0b0c-3bbc-976febc8bbde" testName="PayTaxi.Tests.Integration.AuthAndAuthorizationTests.Suspended_driver_cannot_log_in" computerName="DESKTOP-K17A3M4" duration="00:00:00.0799127" startTime="2026-09-20T22:26:06.7164987+04:00" endTime="2026-09-20T22:26:06.7164993+04:00" testType="13cdc9d9-ddb5-4fa4-a97d-d965ccfc6d4b" outcome="Passed" testListId="8c84fa94-04c1-424b-9868-57a2d4851a1d" relativeResultsDirectory="725fb55c-51b4-458f-994e-f85be634657b" />
    <UnitTestResult executionId="c81d08df-17a2-40c5-a3e1-0bdff54da46b" testId="5fae6256-8ab5-04cf-7a36-140eb0c050ed" testName="PayTaxi.Tests.Domain.PersonNameTests.Same_person_across_scripts_and_order(a: &quot;თამარ ბერიძე&quot;, b: &quot;Tamar Beridze&quot;)" computerName="DESKTOP-K17A3M4" duration="00:00:00.0000316" startTime="2026-09-20T22:26:15.4032481+04:00" endTime="2026-09-20T22:26:15.4032482+04:00" testType="13cdc9d9-ddb5-4fa4-a97d-d965ccfc6d4b" outcome="Passed" testListId="8c84fa94-04c1-424b-9868-57a2d4851a1d" relativeResultsDirectory="c81d08df-17a2-40c5-a3e1-0bdff54da46b" />
    <UnitTestResult executionId="0fb46391-1deb-43b7-8ff7-f81b12dd9131" testId="f7ff2bb3-b056-e6d2-ed26-8d6194553648" testName="PayTaxi.Tests.Domain.PersonNameTests.Same_person_across_scripts_and_order(a: &quot;გიორგი ღვინიაშვილი&quot;, b: &quot;Giorgi Gviniashvili&quot;)" computerName="DESKTOP-K17A3M4" duration="00:00:00.0000292" startTime="2026-09-20T22:26:15.4034318+04:00" endTime="2026-09-20T22:26:15.4034319+04:00" testType="13cdc9d9-ddb5-4fa4-a97d-d965ccfc6d4b" outcome="Passed" testListId="8c84fa94-04c1-424b-9868-57a2d4851a1d" relativeResultsDirectory="0fb46391-1deb-43b7-8ff7-f81b12dd9131" />
    <UnitTestResult executionId="e5ce61e1-6ab7-49b3-ab3f-c900a2adce81" testId="b5bf4958-f2ad-2336-30cc-f465e0ee2b2a" testName="PayTaxi.Tests.Integration.OwnershipRuleTests.Driver_can_add_account_in_own_name(profile: &quot;yp_tb3_003&quot;, holder: &quot;ლევან კობახიძე&quot;)" computerName="DESKTOP-K17A3M4" duration="00:00:00.0319104" startTime="2026-09-20T22:26:11.1578707+04:00" endTime="2026-09-20T22:26:11.1578711+04:00" testType="13cdc9d9-ddb5-4fa4-a97d-d965ccfc6d4b" outcome="Passed" testListId="8c84fa94-04c1-424b-9868-57a2d4851a1d" relativeResultsDirectory="e5ce61e1-6ab7-49b3-ab3f-c900a2adce81" />
    <UnitTestResult executionId="78c71844-2ce4-45f3-93ed-7fe4dd7bf300" testId="64f177bf-2eb7-6be1-1193-b814ee504420" testName="PayTaxi.Tests.Integration.AuthAndAuthorizationTests.Every_common_phone_spelling_reaches_the_same_driver(pattern: &quot;{local}&quot;)" computerName="DESKTOP-K17A3M4" duration="00:00:00.3643883" startTime="2026-09-20T22:26:06.0663877+04:00" endTime="2026-09-20T22:26:06.0663884+04:00" testType="13cdc9d9-ddb5-4fa4-a97d-d965ccfc6d4b" outcome="Passed" testListId="8c84fa94-04c1-424b-9868-57a2d4851a1d" relativeResultsDirectory="78c71844-2ce4-45f3-93ed-7fe4dd7bf300" />
    <UnitTestResult executionId="88c96d98-c8ed-4f28-9b5d-6a1daa925712" testId="bef91c4b-aa98-2ddb-01bc-90bdfc1f8471" testName="PayTaxi.Tests.Domain.PersonNameTests.Same_person_across_scripts_and_order(a: &quot;Giorgi Mamulashvili&quot;, b: &quot;Giorgi Tornike Mamulashvili&quot;)" computerName="DESKTOP-K17A3M4" duration="00:00:00.0000348" startTime="2026-09-20T22:26:15.4021829+04:00" endTime="2026-09-20T22:26:15.4021830+04:00" testType="13cdc9d9-ddb5-4fa4-a97d-d965ccfc6d4b" outcome="Passed" testListId="8c84fa94-04c1-424b-9868-57a2d4851a1d" relativeResultsDirectory="88c96d98-c8ed-4f28-9b5d-6a1daa925712" />
    <UnitTestResult executionId="e059564d-fb33-49be-941d-a8f61f01ecf4" testId="ea046591-e621-30a4-6948-feebd5f36181" testName="PayTaxi.Tests.Domain.SettlementShareTests.A_single_cashout_straddling_the_cap_is_split_inside_it" computerName="DESKTOP-K17A3M4" duration="00:00:00.0008014" startTime="2026-09-20T22:25:57.4851764+04:00" endTime="2026-09-20T22:25:57.4851766+04:00" testType="13cdc9d9-ddb5-4fa4-a97d-d965ccfc6d4b" outcome="Passed" testListId="8c84fa94-04c1-424b-9868-57a2d4851a1d" relativeResultsDirectory="e059564d-fb33-49be-941d-a8f61f01ecf4" />
    <UnitTestResult executionId="6ea95b17-6487-434b-aba2-d179b4cf6fc6" testId="355ea4d7-7763-e64f-9e9c-12929477063c" testName="PayTaxi.Tests.Integration.SessionsAndNotificationsTests.Logout_kills_only_that_device_and_garbage_tokens_are_rejected" computerName="DESKTOP-K17A3M4" duration="00:00:00.0827996" startTime="2026-09-20T22:26:12.6375205+04:00" endTime="2026-09-20T22:26:12.6375209+04:00" testType="13cdc9d9-ddb5-4fa4-a97d-d965ccfc6d4b" outcome="Passed" testListId="8c84fa94-04c1-424b-9868-57a2d4851a1d" relativeResultsDirectory="6ea95b17-6487-434b-aba2-d179b4cf6fc6" />
    <UnitTestResult executionId="516cc2ec-ebc8-4e1a-9cff-1aa222cc729a" testId="3b2a31ac-db3d-bd3c-eb42-7e3663ffb75f" testName="PayTaxi.Tests.Domain.PersonNameTests.Same_person_across_scripts_and_order(a: &quot;გიორგი მამულაშვილი&quot;, b: &quot;Гиорги Мамулашвили&quot;)" computerName="DESKTOP-K17A3M4" duration="00:00:00.0000422" startTime="2026-09-20T22:26:15.4034726+04:00" endTime="2026-09-20T22:26:15.4034727+04:00" testType="13cdc9d9-ddb5-4fa4-a97d-d965ccfc6d4b" outcome="Passed" testListId="8c84fa94-04c1-424b-9868-57a2d4851a1d" relativeResultsDirectory="516cc2ec-ebc8-4e1a-9cff-1aa222cc729a" />
    <UnitTestResult executionId="b159df3a-9945-4198-ae53-ac6b3b19b9cd" testId="501716dc-53ed-348d-15fb-f69f3e3bf557" testName="PayTaxi.Tests.Domain.PersonNameTests.Same_person_across_scripts_and_order(a: &quot;ნიკა ჯავახიშვილი&quot;, b: &quot;Nika Javakhishvili&quot;)" computerName="DESKTOP-K17A3M4" duration="00:00:00.0004720" startTime="2026-09-20T22:26:15.4018239+04:00" endTime="2026-09-20T22:26:15.4018241+04:00" testType="13cdc9d9-ddb5-4fa4-a97d-d965ccfc6d4b" outcome="Passed" testListId="8c84fa94-04c1-424b-9868-57a2d4851a1d" relativeResultsDirectory="b159df3a-9945-4198-ae53-ac6b3b19b9cd" />
    <UnitTestResult executionId="fa4208b1-1bbe-48f7-8338-3f9576604e77" testId="3bb749ca-c184-60cd-6426-89febc41f3a7" testName="PayTaxi.Tests.Domain.PersonNameTests.Different_person_is_rejected(a: &quot;ლევან კობახიძე&quot;, b: &quot;Levan Kobakhadze&quot;)" computerName="DESKTOP-K17A3M4" duration="00:00:00.0000203" startTime="2026-09-20T22:26:15.4044027+04:00" endTime="2026-09-20T22:26:15.4044028+04:00" testType="13cdc9d9-ddb5-4fa4-a97d-d965ccfc6d4b" outcome="Passed" testListId="8c84fa94-04c1-424b-9868-57a2d4851a1d" relativeResultsDirectory="fa4208b1-1bbe-48f7-8338-3f9576604e77" />
    <UnitTestResult executionId="7feb8637-5110-409e-930c-69feb39b6e3e" testId="737dc152-d987-6e4e-8aa2-65c33b6ca09c" testName="PayTaxi.Tests.Tbc.TbcPayoutAdapterTests.List_transfers_returns_debits_keyed_by_payment_id" computerName="DESKTOP-K17A3M4" duration="00:00:00.0233828" startTime="2026-09-20T22:25:57.4421425+04:00" endTime="2026-09-20T22:25:57.4421432+04:00" testType="13cdc9d9-ddb5-4fa4-a97d-d965ccfc6d4b" outcome="Passed" testListId="8c84fa94-04c1-424b-9868-57a2d4851a1d" relativeResultsDirectory="7feb8637-5110-409e-930c-69feb39b6e3e" />
    <UnitTestResult executionId="cf72d8ee-3900-4168-b11c-376f7b4a9615" testId="952f170f-d6d8-e495-296d-5a08e6bc0434" testName="PayTaxi.Tests.Domain.PersonNameTests.Same_person_across_scripts_and_order(a: &quot;ლევან კობახიძე&quot;, b: &quot;Levan Kobahidze&quot;)" computerName="DESKTOP-K17A3M4" duration="00:00:00.0000281" startTime="2026-09-20T22:26:15.4035905+04:00" endTime="2026-09-20T22:26:15.4035905+04:00" testType="13cdc9d9-ddb5-4fa4-a97d-d965ccfc6d4b" outcome="Passed" testListId="8c84fa94-04c1-424b-9868-57a2d4851a1d" relativeResultsDirectory="cf72d8ee-3900-4168-b11c-376f7b4a9615" />
    <UnitTestResult executionId="3f9ac229-3285-4a03-ade4-3c3d090bcd8d" testId="ff559925-4efc-da4b-c51b-9adf6d6c8210" testName="PayTaxi.Tests.Domain.FieldEncryptorTests.Already_encrypted_is_not_double_encrypted" computerName="DESKTOP-K17A3M4" duration="00:00:00.0013990" startTime="2026-09-20T22:25:57.4582437+04:00" endTime="2026-09-20T22:25:57.4582441+04:00" testType="13cdc9d9-ddb5-4fa4-a97d-d965ccfc6d4b" outcome="Passed" testListId="8c84fa94-04c1-424b-9868-57a2d4851a1d" relativeResultsDirectory="3f9ac229-3285-4a03-ade4-3c3d090bcd8d" />
    <UnitTestResult executionId="f73c41ff-e127-49c6-b004-f64ecf1464f7" testId="089b2ff6-6103-f8eb-7041-5c8f02017f55" testName="PayTaxi.Tests.Domain.PersonNameTests.Transliteration_yields_lowercase_latin_only" computerName="DESKTOP-K17A3M4" duration="00:00:00.0002407" startTime="2026-09-20T22:26:15.4044911+04:00" endTime="2026-09-20T22:26:15.4044912+04:00" testType="13cdc9d9-ddb5-4fa4-a97d-d965ccfc6d4b" outcome="Passed" testListId="8c84fa94-04c1-424b-9868-57a2d4851a1d" relativeResultsDirectory="f73c41ff-e127-49c6-b004-f64ecf1464f7" />
    <UnitTestResult executionId="fc1980d1-8101-4df6-8293-dcef9212aa5c" testId="d914d186-fd84-98eb-87ca-13fc6fb3c715" testName="PayTaxi.Tests.Integration.AuthAndAuthorizationTests.Production_bootstrap_does_not_seed_demo_data" computerName="DESKTOP-K17A3M4" duration="00:00:00.0114237" startTime="2026-09-20T22:26:07.4950838+04:00" endTime="2026-09-20T22:26:07.4950844+04:00" testType="13cdc9d9-ddb5-4fa4-a97d-d965ccfc6d4b" outcome="Passed" testListId="8c84fa94-04c1-424b-9868-57a2d4851a1d" relativeResultsDirectory="fc1980d1-8101-4df6-8293-dcef9212aa5c" />
    <UnitTestResult executionId="cb163bd6-eed0-439c-9e48-65ac12a05af3" testId="c9bbf10e-c4cf-033c-fd2f-b04b4939dcbe" testName="PayTaxi.Tests.Domain.SettlementShareTests.Crossover_day_splits_exactly_at_the_cap" computerName="DESKTOP-K17A3M4" duration="00:00:00.0004620" startTime="2026-09-20T22:25:57.4864345+04:00" endTime="2026-09-20T22:25:57.4864347+04:00" testType="13cdc9d9-ddb5-4fa4-a97d-d965ccfc6d4b" outcome="Passed" testListId="8c84fa94-04c1-424b-9868-57a2d4851a1d" relativeResultsDirectory="cb163bd6-eed0-439c-9e48-65ac12a05af3" />
    <UnitTestResult executionId="1bfb9c5d-79e3-4488-98b5-d62adcc31398" testId="493c1b12-6a10-b30d-3590-b275dfa4b60d" testName="PayTaxi.Tests.Yandex.YandexFleetClientTests.Transactions_follow_cursor_and_map_amount_strings" computerName="DESKTOP-K17A3M4" duration="00:00:00.0068160" startTime="2026-09-20T22:25:57.5464985+04:00" endTime="2026-09-20T22:25:57.5464987+04:00" testType="13cdc9d9-ddb5-4fa4-a97d-d965ccfc6d4b" outcome="Passed" testListId="8c84fa94-04c1-424b-9868-57a2d4851a1d" relativeResultsDirectory="1bfb9c5d-79e3-4488-98b5-d62adcc31398" />
    <UnitTestResult executionId="8d8f4f58-9d36-4ccf-a92a-028a66775e55" testId="8a949554-0f4e-e28d-fa29-5880179c7a97" testName="PayTaxi.Tests.Tbc.TbcPayoutAdapterTests.Status_codes_map_per_documentation(code: &quot;F&quot;, expected: Completed)" computerName="DESKTOP-K17A3M4" duration="00:00:00.0007688" startTime="2026-09-20T22:25:57.3097728+04:00" endTime="2026-09-20T22:25:57.3097729+04:00" testType="13cdc9d9-ddb5-4fa4-a97d-d965ccfc6d4b" outcome="Passed" testListId="8c84fa94-04c1-424b-9868-57a2d4851a1d" relativeResultsDirectory="8d8f4f58-9d36-4ccf-a92a-028a66775e55" />
    <UnitTestResult executionId="3b049d91-80a4-4471-9e82-e5f5c5d01f20" testId="0fbc6bd6-15ef-7ea8-6ce9-b42da81f5857" testName="PayTaxi.Tests.Tbc.TbcPayoutAdapterTests.Import_to_other_bank_uses_national_currency_type_and_tax_code" computerName="DESKTOP-K17A3M4" duration="00:00:00.0028011" startTime="2026-09-20T22:25:57.4045279+04:00" endTime="2026-09-20T22:25:57.4045281+04:00" testType="13cdc9d9-ddb5-4fa4-a97d-d965ccfc6d4b" outcome="Passed" testListId="8c84fa94-04c1-424b-9868-57a2d4851a1d" relativeResultsDirectory="3b049d91-80a4-4471-9e82-e5f5c5d01f20" />
    <UnitTestResult executionId="064bad0c-e45d-41c1-95d6-b6fd85abd5de" testId="dff9e8e2-f7c9-c6dc-388d-528717befcd6" testName="PayTaxi.Tests.Integration.PayoutQueueTests.Bank_says_not_now_so_the_cashout_queues_and_the_worker_completes_it" computerName="DESKTOP-K17A3M4" duration="00:00:10.9269490" startTime="2026-09-20T22:25:57.2440914+04:00" endTime="2026-09-20T22:25:57.2441659+04:00" testType="13cdc9d9-ddb5-4fa4-a97d-d965ccfc6d4b" outcome="Passed" testListId="8c84fa94-04c1-424b-9868-57a2d4851a1d" relativeResultsDirectory="064bad0c-e45d-41c1-95d6-b6fd85abd5de" />
    <UnitTestResult executionId="7ff03509-a162-496d-b628-950ffe927228" testId="5a8184c7-0b6a-b186-79cb-afb193aea782" testName="PayTaxi.Tests.Tbc.TbcPayoutAdapterTests.Missing_credentials_are_retryable_not_reversing" computerName="DESKTOP-K17A3M4" duration="00:00:00.0020215" startTime="2026-09-20T22:25:57.3531373+04:00" endTime="2026-09-20T22:25:57.3531374+04:00" testType="13cdc9d9-ddb5-4fa4-a97d-d965ccfc6d4b" outcome="Passed" testListId="8c84fa94-04c1-424b-9868-57a2d4851a1d" relativeResultsDirectory="7ff03509-a162-496d-b628-950ffe927228" />
    <UnitTestResult executionId="386c7bf6-c431-4f4a-9543-6d25f5755878" testId="62da4db8-6243-9495-66a3-927d567636d0" testName="PayTaxi.Tests.Domain.PersonNameTests.Same_person_across_scripts_and_order(a: &quot;ილია ჭავჭავაძე&quot;, b: &quot;Ilia Chavchavadze&quot;)" computerName="DESKTOP-K17A3M4" duration="00:00:00.0003870" startTime="2026-09-20T22:26:15.4012311+04:00" endTime="2026-09-20T22:26:15.4012314+04:00" testType="13cdc9d9-ddb5-4fa4-a97d-d965ccfc6d4b" outcome="Passed" testListId="8c84fa94-04c1-424b-9868-57a2d4851a1d" relativeResultsDirectory="386c7bf6-c431-4f4a-9543-6d25f5755878" />
    <UnitTestResult executionId="84a6ee39-39f0-4658-9349-24b054887417" testId="0500610a-e9fc-92f3-544e-3852886a0a1d" testName="PayTaxi.Tests.Domain.PersonNameTests.Same_person_across_scripts_and_order(a: &quot;ზურაბ ჟვანია&quot;, b: &quot;Zurab Jvania&quot;)" computerName="DESKTOP-K17A3M4" duration="00:00:00.0000278" startTime="2026-09-20T22:26:15.4035509+04:00" endTime="2026-09-20T22:26:15.4035510+04:00" testType="13cdc9d9-ddb5-4fa4-a97d-d965ccfc6d4b" outcome="Passed" testListId="8c84fa94-04c1-424b-9868-57a2d4851a1d" relativeResultsDirectory="84a6ee39-39f0-4658-9349-24b054887417" />
    <UnitTestResult executionId="e7a5ca0e-5369-4ae8-bcd8-7ff4240617b7" testId="cf6bcd09-7076-79bc-5f96-be9a732f4a30" testName="PayTaxi.Tests.Yandex.YandexFleetClientTests.Reversal_posts_positive_amount_and_same_token_for_same_key" computerName="DESKTOP-K17A3M4" duration="00:00:00.0019112" startTime="2026-09-20T22:25:57.5512058+04:00" endTime="2026-09-20T22:25:57.5512060+04:00" testType="13cdc9d9-ddb5-4fa4-a97d-d965ccfc6d4b" outcome="Passed" testListId="8c84fa94-04c1-424b-9868-57a2d4851a1d" relativeResultsDirectory="e7a5ca0e-5369-4ae8-bcd8-7ff4240617b7" />
    <UnitTestResult executionId="30254a12-9f75-4728-a614-b64970cfd87e" testId="5c2f2d34-7fcf-a4ad-1c08-07221b922d50" testName="PayTaxi.Tests.Integration.SessionsAndNotificationsTests.Refresh_rotates_and_a_replayed_token_revokes_every_session" computerName="DESKTOP-K17A3M4" duration="00:00:00.2058362" startTime="2026-09-20T22:26:12.5534967+04:00" endTime="2026-09-20T22:26:12.5534972+04:00" testType="13cdc9d9-ddb5-4fa4-a97d-d965ccfc6d4b" outcome="Passed" testListId="8c84fa94-04c1-424b-9868-57a2d4851a1d" relativeResultsDirectory="30254a12-9f75-4728-a614-b64970cfd87e" />
    <UnitTestResult executionId="8bef77ca-d2c7-4e53-8593-a6380eebd78d" testId="d7386cb1-006b-4944-b0cf-8cb3266ef011" testName="PayTaxi.Tests.Integration.SessionsAndNotificationsTests.Rides_come_from_yandex_clamped_and_cached" computerName="DESKTOP-K17A3M4" duration="00:00:00.1516461" startTime="2026-09-20T22:26:12.3465465+04:00" endTime="2026-09-20T22:26:12.3465467+04:00" testType="13cdc9d9-ddb5-4fa4-a97d-d965ccfc6d4b" outcome="Passed" testListId="8c84fa94-04c1-424b-9868-57a2d4851a1d" relativeResultsDirectory="8bef77ca-d2c7-4e53-8593-a6380eebd78d" />
    <UnitTestResult executionId="b38c853d-121f-4138-818b-f237232c94fa" testId="3244576b-4845-5b25-41fd-26a97d491666" testName="PayTaxi.Tests.Tbc.TbcPayoutAdapterTests.Balance_comes_from_statement_closing_balance" computerName="DESKTOP-K17A3M4" duration="00:00:00.0138440" startTime="2026-09-20T22:25:57.3659475+04:00" endTime="2026-09-20T22:25:57.3659482+04:00" testType="13cdc9d9-ddb5-4fa4-a97d-d965ccfc6d4b" outcome="Passed" testListId="8c84fa94-04c1-424b-9868-57a2d4851a1d" relativeResultsDirectory="b38c853d-121f-4138-818b-f237232c94fa" />
    <UnitTestResult executionId="0865dd90-0a1c-4d68-811c-13e33ff47938" testId="fdbff144-9d5c-0757-2610-9a21de2baa2b" testName="PayTaxi.Tests.Tbc.TbcPayoutAdapterTests.Import_still_processing_after_polls_returns_pending" computerName="DESKTOP-K17A3M4" duration="00:00:00.0047972" startTime="2026-09-20T22:25:57.3495383+04:00" endTime="2026-09-20T22:25:57.3495386+04:00" testType="13cdc9d9-ddb5-4fa4-a97d-d965ccfc6d4b" outcome="Passed" testListId="8c84fa94-04c1-424b-9868-57a2d4851a1d" relativeResultsDirectory="0865dd90-0a1c-4d68-811c-13e33ff47938" />
    <UnitTestResult executionId="41d485ef-8886-4b2b-9577-cde68d34adcc" testId="a83a29f1-f7e6-7c1d-fef3-46d79086e7c8" testName="PayTaxi.Tests.Domain.PersonNameTests.Same_person_across_scripts_and_order(a: &quot;გიგა ფირცხალავა&quot;, b: &quot;Giga Firtskhalava&quot;)" computerName="DESKTOP-K17A3M4" duration="00:00:00.0000308" startTime="2026-09-20T22:26:15.4035110+04:00" endTime="2026-09-20T22:26:15.4035111+04:00" testType="13cdc9d9-ddb5-4fa4-a97d-d965ccfc6d4b" outcome="Passed" testListId="8c84fa94-04c1-424b-9868-57a2d4851a1d" relativeResultsDirectory="41d485ef-8886-4b2b-9577-cde68d34adcc" />
    <UnitTestResult executionId="35fb92da-4168-43f7-8fe9-80b9757f2cc5" testId="229aed27-fe43-707b-684a-63eb6bec0d16" testName="PayTaxi.Tests.Integration.OwnershipRuleTests.Driver_can_add_account_in_own_name(profile: &quot;yp_tb3_003&quot;, holder: &quot;Kobakhidze&quot;)" computerName="DESKTOP-K17A3M4" duration="00:00:00.0383545" startTime="2026-09-20T22:26:11.0199348+04:00" endTime="2026-09-20T22:26:11.0199351+04:00" testType="13cdc9d9-ddb5-4fa4-a97d-d965ccfc6d4b" outcome="Passed" testListId="8c84fa94-04c1-424b-9868-57a2d4851a1d" relativeResultsDirectory="35fb92da-4168-43f7-8fe9-80b9757f2cc5" />
    <UnitTestResult executionId="4be78025-97d0-476f-9671-705a107a7d6a" testId="37602a43-6b59-1b34-f94b-d3f65c28afcd" testName="PayTaxi.Tests.Yandex.YandexFleetClientTests.Rejected_write_returns_failure_with_yandex_code" computerName="DESKTOP-K17A3M4" duration="00:00:00.0059430" startTime="2026-09-20T22:25:57.5208075+04:00" endTime="2026-09-20T22:25:57.5208079+04:00" testType="13cdc9d9-ddb5-4fa4-a97d-d965ccfc6d4b" outcome="Passed" testListId="8c84fa94-04c1-424b-9868-57a2d4851a1d" relativeResultsDirectory="4be78025-97d0-476f-9671-705a107a7d6a" />
    <UnitTestResult executionId="1ec1f02f-25bb-44c4-b82b-613a18a7ac00" testId="df4cd59c-8dc4-d3f8-533a-11029821310f" testName="PayTaxi.Tests.Domain.PersonNameTests.Same_person_across_scripts_and_order(a: &quot;დავით წერეთელი&quot;, b: &quot;Davit Tsereteli&quot;)" computerName="DESKTOP-K17A3M4" duration="00:00:00.0000324" startTime="2026-09-20T22:26:15.4021349+04:00" endTime="2026-09-20T22:26:15.4021350+04:00" testType="13cdc9d9-ddb5-4fa4-a97d-d965ccfc6d4b" outcome="Passed" testListId="8c84fa94-04c1-424b-9868-57a2d4851a1d" relativeResultsDirectory="1ec1f02f-25bb-44c4-b82b-613a18a7ac00" />
    <UnitTestResult executionId="4614c654-a195-4712-9523-c3b3c0cfc64b" testId="95d383b3-9288-20e4-16e0-d722edc5eb73" testName="PayTaxi.Tests.Integration.OwnershipRuleTests.Overlong_input_is_a_400_not_a_500" computerName="DESKTOP-K17A3M4" duration="00:00:00.3378137" startTime="2026-09-20T22:26:12.1934301+04:00" endTime="2026-09-20T22:26:12.1934305+04:00" testType="13cdc9d9-ddb5-4fa4-a97d-d965ccfc6d4b" outcome="Passed" testListId="8c84fa94-04c1-424b-9868-57a2d4851a1d" relativeResultsDirectory="4614c654-a195-4712-9523-c3b3c0cfc64b" />
    <UnitTestResult executionId="67829858-9518-4636-839d-9d4a69c4898a" testId="92f2ab7a-e1cd-72f3-ac35-f4a0313b236a" testName="PayTaxi.Tests.Integration.OwnershipRuleTests.Driver_is_refused_for_someone_elses_name(profile: &quot;yp_tb3_003&quot;, holder: &quot;Nino Beridze&quot;)" computerName="DESKTOP-K17A3M4" duration="00:00:00.0131559" startTime="2026-09-20T22:26:11.2959578+04:00" endTime="2026-09-20T22:26:11.2959582+04:00" testType="13cdc9d9-ddb5-4fa4-a97d-d965ccfc6d4b" outcome="Passed" testListId="8c84fa94-04c1-424b-9868-57a2d4851a1d" relativeResultsDirectory="67829858-9518-4636-839d-9d4a69c4898a" />
    <UnitTestResult executionId="ce6afe74-e1bc-49b8-8022-f4bea98520d4" testId="b389221f-00dd-10a8-cfb0-7828e1c54df4" testName="PayTaxi.Tests.Integration.AuthAndAuthorizationTests.Every_common_phone_spelling_reaches_the_same_driver(pattern: &quot;+995 {spaced}&quot;)" computerName="DESKTOP-K17A3M4" duration="00:00:00.0276748" startTime="2026-09-20T22:26:06.1334921+04:00" endTime="2026-09-20T22:26:06.1334923+04:00" testType="13cdc9d9-ddb5-4fa4-a97d-d965ccfc6d4b" outcome="Passed" testListId="8c84fa94-04c1-424b-9868-57a2d4851a1d" relativeResultsDirectory="ce6afe74-e1bc-49b8-8022-f4bea98520d4" />
    <UnitTestResult executionId="3af13b2e-0a84-479b-9bde-309818c912bf" testId="2276dff7-820b-a6e0-b7a1-78b4bcb4439a" testName="PayTaxi.Tests.Domain.GeorgianIbanTests.Accepts_national_bank_example_iban" computerName="DESKTOP-K17A3M4" duration="00:00:00.0001834" startTime="2026-09-20T22:25:57.4812491+04:00" endTime="2026-09-20T22:25:57.4812493+04:00" testType="13cdc9d9-ddb5-4fa4-a97d-d965ccfc6d4b" outcome="Passed" testListId="8c84fa94-04c1-424b-9868-57a2d4851a1d" relativeResultsDirectory="3af13b2e-0a84-479b-9bde-309818c912bf" />
    <UnitTestResult executionId="9ffbadc4-11b7-42e8-87de-7286ae06faed" testId="d4e6723f-4775-c9c3-7a16-663236244838" testName="PayTaxi.Tests.Domain.FieldEncryptorTests.Hash_is_stable_lowercase_hex" computerName="DESKTOP-K17A3M4" duration="00:00:00.0004815" startTime="2026-09-20T22:25:57.4589780+04:00" endTime="2026-09-20T22:25:57.4589783+04:00" testType="13cdc9d9-ddb5-4fa4-a97d-d965ccfc6d4b" outcome="Passed" testListId="8c84fa94-04c1-424b-9868-57a2d4851a1d" relativeResultsDirectory="9ffbadc4-11b7-42e8-87de-7286ae06faed" />
    <UnitTestResult executionId="d9f93a1a-36ea-4fe2-8b67-5621eab0e867" testId="57d30707-6f8c-6fb8-630f-378485ca23c7" testName="PayTaxi.Tests.Integration.OwnershipRuleTests.Driver_is_refused_for_someone_elses_name(profile: &quot;yp_tb3_007&quot;, holder: &quot;ნინო ბერიძე&quot;)" computerName="DESKTOP-K17A3M4" duration="00:00:00.0137519" startTime="2026-09-20T22:26:11.3238729+04:00" endTime="2026-09-20T22:26:11.3238732+04:00" testType="13cdc9d9-ddb5-4fa4-a97d-d965ccfc6d4b" outcome="Passed" testListId="8c84fa94-04c1-424b-9868-57a2d4851a1d" relativeResultsDirectory="d9f93a1a-36ea-4fe2-8b67-5621eab0e867" />
    <UnitTestResult executionId="55e74343-0123-44a8-a492-8b4eb420a8f7" testId="a663c87b-cf55-d0c2-6f74-98c20df41d23" testName="PayTaxi.Tests.Integration.AuthAndAuthorizationTests.Every_common_phone_spelling_reaches_the_same_driver(pattern: &quot;0{local}&quot;)" computerName="DESKTOP-K17A3M4" duration="00:00:00.0343828" startTime="2026-09-20T22:26:06.1687531+04:00" endTime="2026-09-20T22:26:06.1687534+04:00" testType="13cdc9d9-ddb5-4fa4-a97d-d965ccfc6d4b" outcome="Passed" testListId="8c84fa94-04c1-424b-9868-57a2d4851a1d" relativeResultsDirectory="55e74343-0123-44a8-a492-8b4eb420a8f7" />
    <UnitTestResult executionId="103fab5d-1e7d-4678-bc6f-df587bb1a081" testId="14c88695-3fbd-0e57-1795-c92a7c513baf" testName="PayTaxi.Tests.Tbc.TbcPayoutAdapterTests.Status_codes_map_per_documentation(code: &quot;FL&quot;, expected: Failed)" computerName="DESKTOP-K17A3M4" duration="00:00:00.0000113" startTime="2026-09-20T22:25:57.3102993+04:00" endTime="2026-09-20T22:25:57.3102995+04:00" testType="13cdc9d9-ddb5-4fa4-a97d-d965ccfc6d4b" outcome="Passed" testListId="8c84fa94-04c1-424b-9868-57a2d4851a1d" relativeResultsDirectory="103fab5d-1e7d-4678-bc6f-df587bb1a081" />
    <UnitTestResult executionId="a1b6cd16-0181-474a-9e5b-b550ef6c33bf" testId="622daf75-dd1d-59d7-442b-cd8a22b03133" testName="PayTaxi.Tests.Yandex.YandexFleetClientTests.Every_request_carries_park_headers" computerName="DESKTOP-K17A3M4" duration="00:00:00.0032203" startTime="2026-09-20T22:25:57.5242461+04:00" endTime="2026-09-20T22:25:57.5242467+04:00" testType="13cdc9d9-ddb5-4fa4-a97d-d965ccfc6d4b" outcome="Passed" testListId="8c84fa94-04c1-424b-9868-57a2d4851a1d" relativeResultsDirectory="a1b6cd16-0181-474a-9e5b-b550ef6c33bf" />
    <UnitTestResult executionId="37f38e0b-b12b-4865-89e4-a8408a907c91" testId="d6a11105-2791-09b8-3cdf-b77e0f209ccc" testName="PayTaxi.Tests.Integration.OwnershipRuleTests.Driver_can_add_account_in_own_name(profile: &quot;yp_tb3_003&quot;, holder: &quot;&quot;)" computerName="DESKTOP-K17A3M4" duration="00:00:00.0314240" startTime="2026-09-20T22:26:11.2239898+04:00" endTime="2026-09-20T22:26:11.2239901+04:00" testType="13cdc9d9-ddb5-4fa4-a97d-d965ccfc6d4b" outcome="Passed" testListId="8c84fa94-04c1-424b-9868-57a2d4851a1d" relativeResultsDirectory="37f38e0b-b12b-4865-89e4-a8408a907c91" />
    <UnitTestResult executionId="04ce4907-1aea-41c9-bc2b-754b911e97ed" testId="9ec24d16-46f2-6a8e-0dcf-9b06bb09a22d" testName="PayTaxi.Tests.Yandex.YandexFleetClientTests.Profiles_are_paged_by_offset_and_mapped" computerName="DESKTOP-K17A3M4" duration="00:00:00.0271056" startTime="2026-09-20T22:25:57.5146039+04:00" endTime="2026-09-20T22:25:57.5146043+04:00" testType="13cdc9d9-ddb5-4fa4-a97d-d965ccfc6d4b" outcome="Passed" testListId="8c84fa94-04c1-424b-9868-57a2d4851a1d" relativeResultsDirectory="04ce4907-1aea-41c9-bc2b-754b911e97ed" />
    <UnitTestResult executionId="742e0e07-8682-470c-b1f3-bd8038320b12" testId="65bff3cf-732a-436e-3473-477efe9562d6" testName="PayTaxi.Tests.Integration.OnboardingTests.Onboarding_with_someone_elses_iban_needs_a_reason_and_creates_nothing_without_one" computerName="DESKTOP-K17A3M4" duration="00:00:00.4848417" startTime="2026-09-20T22:26:10.2149969+04:00" endTime="2026-09-20T22:26:10.2149973+04:00" testType="13cdc9d9-ddb5-4fa4-a97d-d965ccfc6d4b" outcome="Passed" testListId="8c84fa94-04c1-424b-9868-57a2d4851a1d" relativeResultsDirectory="742e0e07-8682-470c-b1f3-bd8038320b12" />
    <UnitTestResult executionId="b5605005-5a77-4112-938d-86f104049d92" testId="cbe9f1ef-3c9c-f7bb-0b4e-b2085bcb3afb" testName="PayTaxi.Tests.Tbc.TbcPayoutAdapterTests.Duplicate_request_recovers_original_payment_id" computerName="DESKTOP-K17A3M4" duration="00:00:00.0207723" startTime="2026-09-20T22:25:57.3954996+04:00" endTime="2026-09-20T22:25:57.3955005+04:00" testType="13cdc9d9-ddb5-4fa4-a97d-d965ccfc6d4b" outcome="Passed" testListId="8c84fa94-04c1-424b-9868-57a2d4851a1d" relativeResultsDirectory="b5605005-5a77-4112-938d-86f104049d92" />
    <UnitTestResult executionId="2e12d99e-8fa5-4434-9d7c-0f39a21dcc5e" testId="3ff4535a-cc74-96b6-5ad6-c059e71a613b" testName="PayTaxi.Tests.Domain.PersonNameTests.Same_person_across_scripts_and_order(a: &quot;ლევან ყიფიანი&quot;, b: &quot;Levan Kipiani&quot;)" computerName="DESKTOP-K17A3M4" duration="00:00:00.0000454" startTime="2026-09-20T22:26:15.4033491+04:00" endTime="2026-09-20T22:26:15.4033492+04:00" testType="13cdc9d9-ddb5-4fa4-a97d-d965ccfc6d4b" outcome="Passed" testListId="8c84fa94-04c1-424b-9868-57a2d4851a1d" relativeResultsDirectory="2e12d99e-8fa5-4434-9d7c-0f39a21dcc5e" />
    <UnitTestResult executionId="5b578686-7755-48f2-80b8-5d88d5f2d650" testId="2682ce0e-8858-3cbd-990b-843eb45e3793" testName="PayTaxi.Tests.Tbc.TbcPayoutAdapterTests.Expired_credentials_fault_is_retryable_ops_problem" computerName="DESKTOP-K17A3M4" duration="00:00:00.0021934" startTime="2026-09-20T22:25:57.4550579+04:00" endTime="2026-09-20T22:25:57.4550581+04:00" testType="13cdc9d9-ddb5-4fa4-a97d-d965ccfc6d4b" outcome="Passed" testListId="8c84fa94-04c1-424b-9868-57a2d4851a1d" relativeResultsDirectory="5b578686-7755-48f2-80b8-5d88d5f2d650" />
    <UnitTestResult executionId="e85a756e-1154-4d77-91d6-be5da9982240" testId="65638460-a717-3fd7-baa8-5de7c1b5597f" testName="PayTaxi.Tests.Domain.SettlementShareTests.Network_park_is_flat_fifty_percent" computerName="DESKTOP-K17A3M4" duration="00:00:00.0024315" startTime="2026-09-20T22:25:57.4840562+04:00" endTime="2026-09-20T22:25:57.4840566+04:00" testType="13cdc9d9-ddb5-4fa4-a97d-d965ccfc6d4b" outcome="Passed" testListId="8c84fa94-04c1-424b-9868-57a2d4851a1d" relativeResultsDirectory="e85a756e-1154-4d77-91d6-be5da9982240" />
    <UnitTestResult executionId="640a7dca-7f79-4348-8ab6-db131d8b9fd7" testId="18e05992-c94e-021c-a1ef-507bc9eda9a3" testName="PayTaxi.Tests.Domain.PersonNameTests.Same_person_across_scripts_and_order(a: &quot;სოფო ხაჩიძე&quot;, b: &quot;Sopho Hachidze&quot;)" computerName="DESKTOP-K17A3M4" duration="00:00:00.0000323" startTime="2026-09-20T22:26:15.4033906+04:00" endTime="2026-09-20T22:26:15.4033907+04:00" testType="13cdc9d9-ddb5-4fa4-a97d-d965ccfc6d4b" outcome="Passed" testListId="8c84fa94-04c1-424b-9868-57a2d4851a1d" relativeResultsDirectory="640a7dca-7f79-4348-8ab6-db131d8b9fd7" />
    <UnitTestResult executionId="5704d2ca-f09c-4884-84d7-943cae16bac8" testId="0136c90b-2c22-ee1b-492b-3a48f42e963a" testName="PayTaxi.Tests.Domain.PersonNameTests.Same_person_across_scripts_and_order(a: &quot;Giorgi Mamulashvili&quot;, b: &quot;MAMULASHVILI GIORGI&quot;)" computerName="DESKTOP-K17A3M4" duration="00:00:00.0000302" startTime="2026-09-20T22:26:15.4033071+04:00" endTime="2026-09-20T22:26:15.4033072+04:00" testType="13cdc9d9-ddb5-4fa4-a97d-d965ccfc6d4b" outcome="Passed" testListId="8c84fa94-04c1-424b-9868-57a2d4851a1d" relativeResultsDirectory="5704d2ca-f09c-4884-84d7-943cae16bac8" />
    <UnitTestResult executionId="22713ac6-3a7c-41f0-871d-cf62842bc4d3" testId="a311b686-d906-7b0b-cb74-5addfc657e37" testName="PayTaxi.Tests.Yandex.YandexFleetClientTests.Balance_query_filters_by_profile_id" computerName="DESKTOP-K17A3M4" duration="00:00:00.0036579" startTime="2026-09-20T22:25:57.5283000+04:00" endTime="2026-09-20T22:25:57.5283006+04:00" testType="13cdc9d9-ddb5-4fa4-a97d-d965ccfc6d4b" outcome="Passed" testListId="8c84fa94-04c1-424b-9868-57a2d4851a1d" relativeResultsDirectory="22713ac6-3a7c-41f0-871d-cf62842bc4d3" />
    <UnitTestResult executionId="83165bec-b896-4778-833f-0536c86cc6f0" testId="90f0841b-fc95-4067-e633-87b3e16a4543" testName="PayTaxi.Tests.Domain.GeorgianIbanTests.Rejects_bad_checksum_and_bad_shape" computerName="DESKTOP-K17A3M4" duration="00:00:00.0002896" startTime="2026-09-20T22:25:57.4808891+04:00" endTime="2026-09-20T22:25:57.4808895+04:00" testType="13cdc9d9-ddb5-4fa4-a97d-d965ccfc6d4b" outcome="Passed" testListId="8c84fa94-04c1-424b-9868-57a2d4851a1d" relativeResultsDirectory="83165bec-b896-4778-833f-0536c86cc6f0" />
    <UnitTestResult executionId="22f487e9-be94-4200-9492-9764ddb9b437" testId="1bc98f8f-cdbc-acdf-08a3-726943cfb9f9" testName="PayTaxi.Tests.Integration.OwnershipRuleTests.Driver_is_refused_for_someone_elses_name(profile: &quot;yp_tb3_003&quot;, holder: &quot;Levan Kobakhadze&quot;)" computerName="DESKTOP-K17A3M4" duration="00:00:00.0112434" startTime="2026-09-20T22:26:11.3081125+04:00" endTime="2026-09-20T22:26:11.3081127+04:00" testType="13cdc9d9-ddb5-4fa4-a97d-d965ccfc6d4b" outcome="Passed" testListId="8c84fa94-04c1-424b-9868-57a2d4851a1d" relativeResultsDirectory="22f487e9-be94-4200-9492-9764ddb9b437" />
    <UnitTestResult executionId="c4bc7771-bd94-4c38-a7f4-bf880f9f72b4" testId="6eea26f9-276b-eb9b-b4a7-67e117490f14" testName="PayTaxi.Tests.Tbc.TbcPayoutAdapterTests.Find_by_key_returns_null_when_bank_never_saw_it" computerName="DESKTOP-K17A3M4" duration="00:00:00.0023922" startTime="2026-09-20T22:25:57.4015442+04:00" endTime="2026-09-20T22:25:57.4015444+04:00" testType="13cdc9d9-ddb5-4fa4-a97d-d965ccfc6d4b" outcome="Passed" testListId="8c84fa94-04c1-424b-9868-57a2d4851a1d" relativeResultsDirectory="c4bc7771-bd94-4c38-a7f4-bf880f9f72b4" />
    <UnitTestResult executionId="de61e22f-4f53-4956-acb7-b130984a2a5e" testId="90de623f-9895-66f6-ed62-e9408c688e4a" testName="PayTaxi.Tests.Integration.AuthAndAuthorizationTests.Fee_is_swich_only_but_limits_are_park_editable" computerName="DESKTOP-K17A3M4" duration="00:00:00.7647233" startTime="2026-09-20T22:26:07.4820277+04:00" endTime="2026-09-20T22:26:07.4820280+04:00" testType="13cdc9d9-ddb5-4fa4-a97d-d965ccfc6d4b" outcome="Passed" testListId="8c84fa94-04c1-424b-9868-57a2d4851a1d" relativeResultsDirectory="de61e22f-4f53-4956-acb7-b130984a2a5e" />
    <UnitTestResult executionId="9f91577c-83bd-4f1a-8e7f-c646d8dcc299" testId="8f783880-7daf-016d-0f5f-a630eccb60d0" testName="PayTaxi.Tests.Domain.PersonNameTests.Different_person_is_rejected(a: &quot;გიორგი მამულაშვილი&quot;, b: &quot;ნინო ბერიძე&quot;)" computerName="DESKTOP-K17A3M4" duration="00:00:00.0001877" startTime="2026-09-20T22:26:15.4042339+04:00" endTime="2026-09-20T22:26:15.4042340+04:00" testType="13cdc9d9-ddb5-4fa4-a97d-d965ccfc6d4b" outcome="Passed" testListId="8c84fa94-04c1-424b-9868-57a2d4851a1d" relativeResultsDirectory="9f91577c-83bd-4f1a-8e7f-c646d8dcc299" />
    <UnitTestResult executionId="ae8129ac-863f-420d-8efa-155b821a2bcb" testId="d61a0251-de71-1a36-8033-4f35f519602b" testName="PayTaxi.Tests.Domain.FieldEncryptorTests.Tampering_or_wrong_key_is_detected" computerName="DESKTOP-K17A3M4" duration="00:00:00.0045163" startTime="2026-09-20T22:25:57.4680464+04:00" endTime="2026-09-20T22:25:57.4680470+04:00" testType="13cdc9d9-ddb5-4fa4-a97d-d965ccfc6d4b" outcome="Passed" testListId="8c84fa94-04c1-424b-9868-57a2d4851a1d" relativeResultsDirectory="ae8129ac-863f-420d-8efa-155b821a2bcb" />
    <UnitTestResult executionId="338526cc-96de-483d-bb97-686061c66f6d" testId="de1aade7-516b-8e0d-9d53-4c9b580b675b" testName="PayTaxi.Tests.Tbc.TbcPayoutAdapterTests.Status_codes_map_per_documentation(code: &quot;C&quot;, expected: Failed)" computerName="DESKTOP-K17A3M4" duration="00:00:00.0000108" startTime="2026-09-20T22:25:57.3101367+04:00" endTime="2026-09-20T22:25:57.3101368+04:00" testType="13cdc9d9-ddb5-4fa4-a97d-d965ccfc6d4b" outcome="Passed" testListId="8c84fa94-04c1-424b-9868-57a2d4851a1d" relativeResultsDirectory="338526cc-96de-483d-bb97-686061c66f6d" />
    <UnitTestResult executionId="bdb81167-fa30-4554-b6c4-7e61b2763c41" testId="0c7d1fb5-3b61-cd13-d754-6e8d970844ba" testName="PayTaxi.Tests.Domain.FieldEncryptorTests.Legacy_plaintext_and_empty_pass_through" computerName="DESKTOP-K17A3M4" duration="00:00:00.0005954" startTime="2026-09-20T22:25:57.4734423+04:00" endTime="2026-09-20T22:25:57.4734426+04:00" testType="13cdc9d9-ddb5-4fa4-a97d-d965ccfc6d4b" outcome="Passed" testListId="8c84fa94-04c1-424b-9868-57a2d4851a1d" relativeResultsDirectory="bdb81167-fa30-4554-b6c4-7e61b2763c41" />
    <UnitTestResult executionId="5660fae1-956c-4b6e-8e1f-533c6a35d63e" testId="8046ded4-7a39-cece-5faa-2c8d70558848" testName="PayTaxi.Tests.Integration.OnboardingTests.Onboarding_with_the_drivers_own_iban_creates_an_unflagged_default_account" computerName="DESKTOP-K17A3M4" duration="00:00:00.3847474" startTime="2026-09-20T22:26:10.9795913+04:00" endTime="2026-09-20T22:26:10.9795922+04:00" testType="13cdc9d9-ddb5-4fa4-a97d-d965ccfc6d4b" outcome="Passed" testListId="8c84fa94-04c1-424b-9868-57a2d4851a1d" relativeResultsDirectory="5660fae1-956c-4b6e-8e1f-533c6a35d63e" />
    <UnitTestResult executionId="a280d2e9-a02f-491c-9cfd-966ac5c09230" testId="149c8e3c-2b7c-ac5f-1cb3-e198e1c0b01b" testName="PayTaxi.Tests.Integration.AuthAndAuthorizationTests.Tokens_are_scope_checked" computerName="DESKTOP-K17A3M4" duration="00:00:00.0177396" startTime="2026-09-20T22:26:07.5138074+04:00" endTime="2026-09-20T22:26:07.5138077+04:00" testType="13cdc9d9-ddb5-4fa4-a97d-d965ccfc6d4b" outcome="Passed" testListId="8c84fa94-04c1-424b-9868-57a2d4851a1d" relativeResultsDirectory="a280d2e9-a02f-491c-9cfd-966ac5c09230" />
    <UnitTestResult executionId="27b11ed4-99a0-4adb-a2b4-bc1e836052a3" testId="2dad9616-5dbd-a2b3-42c2-4e687805b1d5" testName="PayTaxi.Tests.Domain.PersonNameTests.Empty_or_unusable_names_never_match" computerName="DESKTOP-K17A3M4" duration="00:00:00.0001755" startTime="2026-09-20T22:26:15.4045362+04:00" endTime="2026-09-20T22:26:15.4045363+04:00" testType="13cdc9d9-ddb5-4fa4-a97d-d965ccfc6d4b" outcome="Passed" testListId="8c84fa94-04c1-424b-9868-57a2d4851a1d" relativeResultsDirectory="27b11ed4-99a0-4adb-a2b4-bc1e836052a3" />
    <UnitTestResult executionId="366dc064-1723-41d2-aa77-1ec187548b97" testId="4d941c63-7b84-e527-b196-8ddb3bfd9f5c" testName="PayTaxi.Tests.Integration.OwnershipRuleTests.Driver_can_add_account_in_own_name(profile: &quot;yp_tb3_007&quot;, holder: &quot;Valeri Tavadze&quot;)" computerName="DESKTOP-K17A3M4" duration="00:00:00.0323740" startTime="2026-09-20T22:26:11.1914440+04:00" endTime="2026-09-20T22:26:11.1914445+04:00" testType="13cdc9d9-ddb5-4fa4-a97d-d965ccfc6d4b" outcome="Passed" testListId="8c84fa94-04c1-424b-9868-57a2d4851a1d" relativeResultsDirectory="366dc064-1723-41d2-aa77-1ec187548b97" />
    <UnitTestResult executionId="61c8c777-b00f-40e9-8ee2-5a60290c233d" testId="56f5ba34-2268-fb0b-4a3c-219badce1d19" testName="PayTaxi.Tests.Integration.CashoutSagaTests.Third_party_account_payout_completes_and_is_flagged_in_queue_and_invoice" computerName="DESKTOP-K17A3M4" duration="00:00:01.2939987" startTime="2026-09-20T22:26:09.5188773+04:00" endTime="2026-09-20T22:26:09.5188778+04:00" testType="13cdc9d9-ddb5-4fa4-a97d-d965ccfc6d4b" outcome="Passed" testListId="8c84fa94-04c1-424b-9868-57a2d4851a1d" relativeResultsDirectory="61c8c777-b00f-40e9-8ee2-5a60290c233d" />
    <UnitTestResult executionId="5bbfb8fe-1447-4927-b6b0-10049a4074a6" testId="95c87574-86fa-7cfb-46fb-9b6777dd914e" testName="PayTaxi.Tests.Domain.FieldEncryptorTests.Same_plaintext_encrypts_differently_each_time" computerName="DESKTOP-K17A3M4" duration="00:00:00.0037270" startTime="2026-09-20T22:25:57.4631967+04:00" endTime="2026-09-20T22:25:57.4631973+04:00" testType="13cdc9d9-ddb5-4fa4-a97d-d965ccfc6d4b" outcome="Passed" testListId="8c84fa94-04c1-424b-9868-57a2d4851a1d" relativeResultsDirectory="5bbfb8fe-1447-4927-b6b0-10049a4074a6" />
    <UnitTestResult executionId="19beb4ce-4e53-4445-9dce-5678fc06bb71" testId="b5d49954-ca59-c6c5-481a-9a91445f4bca" testName="PayTaxi.Tests.Domain.PersonNameTests.Different_person_is_rejected(a: &quot;Giorgi Mamulashvili&quot;, b: &quot;Nino Beridze&quot;)" computerName="DESKTOP-K17A3M4" duration="00:00:00.0000216" startTime="2026-09-20T22:26:15.4043247+04:00" endTime="2026-09-20T22:26:15.4043248+04:00" testType="13cdc9d9-ddb5-4fa4-a97d-d965ccfc6d4b" outcome="Passed" testListId="8c84fa94-04c1-424b-9868-57a2d4851a1d" relativeResultsDirectory="19beb4ce-4e53-4445-9dce-5678fc06bb71" />
    <UnitTestResult executionId="4d8932e3-3fa4-4279-9967-2ab5e796f834" testId="74fcdb71-95b1-1e18-efb5-a6d4fb5466ed" testName="PayTaxi.Tests.Domain.FieldEncryptorTests.Roundtrip_and_prefix" computerName="DESKTOP-K17A3M4" duration="00:00:00.0008015" startTime="2026-09-20T22:25:57.4691674+04:00" endTime="2026-09-20T22:25:57.4691676+04:00" testType="13cdc9d9-ddb5-4fa4-a97d-d965ccfc6d4b" outcome="Passed" testListId="8c84fa94-04c1-424b-9868-57a2d4851a1d" relativeResultsDirectory="4d8932e3-3fa4-4279-9967-2ab5e796f834" />
    <UnitTestResult executionId="1a5cb7dd-6cf1-413d-8458-7f43a5b156a5" testId="920cecfb-1fdf-6c25-f8e4-314ab8d74cc6" testName="PayTaxi.Tests.Integration.CashoutSagaTests.Idempotency_is_scoped_to_the_driver" computerName="DESKTOP-K17A3M4" duration="00:00:00.2084165" startTime="2026-09-20T22:26:09.7284876+04:00" endTime="2026-09-20T22:26:09.7284878+04:00" testType="13cdc9d9-ddb5-4fa4-a97d-d965ccfc6d4b" outcome="Passed" testListId="8c84fa94-04c1-424b-9868-57a2d4851a1d" relativeResultsDirectory="1a5cb7dd-6cf1-413d-8458-7f43a5b156a5" />
  </Results>
  <TestDefinitions>
    <UnitTest name="PayTaxi.Tests.Domain.PersonNameTests.Different_person_is_rejected(a: &quot;გიორგი მამულაშვილი&quot;, b: &quot;Nino Beridze&quot;)" storage="c:\users\home\.gemini\antigravity\scratch\paytaxi\backend\paytaxi.tests\bin\debug\net8.0\paytaxi.tests.dll" id="45383c55-6dc3-0d85-5daa-8919dc11eaf2">
      <Execution id="28155166-08a2-4d06-aa5a-927d97a07319" />
      <TestMethod codeBase="C:\Users\Home\.gemini\antigravity\scratch\paytaxi\backend\PayTaxi.Tests\bin\Debug\net8.0\PayTaxi.Tests.dll" adapterTypeName="executor://xunit/VsTestRunner2/netcoreapp" className="PayTaxi.Tests.Domain.PersonNameTests" name="Different_person_is_rejected" />
    </UnitTest>
    <UnitTest name="PayTaxi.Tests.Integration.SettlementAndReconciliationTests.Reconciliation_does_not_flag_the_settlement_transfer_as_an_orphan" storage="c:\users\home\.gemini\antigravity\scratch\paytaxi\backend\paytaxi.tests\bin\debug\net8.0\paytaxi.tests.dll" id="36d2427d-2764-c798-da00-2ae104ea7b66">
      <Execution id="5d8a001b-de16-4c56-b09f-98933a82e87e" />
      <TestMethod codeBase="C:\Users\Home\.gemini\antigravity\scratch\paytaxi\backend\PayTaxi.Tests\bin\Debug\net8.0\PayTaxi.Tests.dll" adapterTypeName="executor://xunit/VsTestRunner2/netcoreapp" className="PayTaxi.Tests.Integration.SettlementAndReconciliationTests" name="Reconciliation_does_not_flag_the_settlement_transfer_as_an_orphan" />
    </UnitTest>
    <UnitTest name="PayTaxi.Tests.Integration.AlertsTests.Failed_settlement_raises_a_danger_alert_scoped_by_role_and_the_signature_tracks_the_set" storage="c:\users\home\.gemini\antigravity\scratch\paytaxi\backend\paytaxi.tests\bin\debug\net8.0\paytaxi.tests.dll" id="2d030a41-db52-2472-6fb9-7e9fe6d44e4b">
      <Execution id="23f915c6-a88b-4889-af3a-8975585cd8e8" />
      <TestMethod codeBase="C:\Users\Home\.gemini\antigravity\scratch\paytaxi\backend\PayTaxi.Tests\bin\Debug\net8.0\PayTaxi.Tests.dll" adapterTypeName="executor://xunit/VsTestRunner2/netcoreapp" className="PayTaxi.Tests.Integration.AlertsTests" name="Failed_settlement_raises_a_danger_alert_scoped_by_role_and_the_signature_tracks_the_set" />
    </UnitTest>
    <UnitTest name="PayTaxi.Tests.Integration.CashoutSagaTests.Idempotency_is_scoped_to_the_driver" storage="c:\users\home\.gemini\antigravity\scratch\paytaxi\backend\paytaxi.tests\bin\debug\net8.0\paytaxi.tests.dll" id="920cecfb-1fdf-6c25-f8e4-314ab8d74cc6">
      <Execution id="1a5cb7dd-6cf1-413d-8458-7f43a5b156a5" />
      <TestMethod codeBase="C:\Users\Home\.gemini\antigravity\scratch\paytaxi\backend\PayTaxi.Tests\bin\Debug\net8.0\PayTaxi.Tests.dll" adapterTypeName="executor://xunit/VsTestRunner2/netcoreapp" className="PayTaxi.Tests.Integration.CashoutSagaTests" name="Idempotency_is_scoped_to_the_driver" />
    </UnitTest>
    <UnitTest name="PayTaxi.Tests.Tbc.TbcPayoutAdapterTests.Find_by_key_returns_null_when_bank_never_saw_it" storage="c:\users\home\.gemini\antigravity\scratch\paytaxi\backend\paytaxi.tests\bin\debug\net8.0\paytaxi.tests.dll" id="6eea26f9-276b-eb9b-b4a7-67e117490f14">
      <Execution id="c4bc7771-bd94-4c38-a7f4-bf880f9f72b4" />
      <TestMethod codeBase="C:\Users\Home\.gemini\antigravity\scratch\paytaxi\backend\PayTaxi.Tests\bin\Debug\net8.0\PayTaxi.Tests.dll" adapterTypeName="executor://xunit/VsTestRunner2/netcoreapp" className="PayTaxi.Tests.Tbc.TbcPayoutAdapterTests" name="Find_by_key_returns_null_when_bank_never_saw_it" />
    </UnitTest>
    <UnitTest name="PayTaxi.Tests.Tbc.TbcPayoutAdapterTests.Status_codes_map_per_documentation(code: &quot;FL&quot;, expected: Failed)" storage="c:\users\home\.gemini\antigravity\scratch\paytaxi\backend\paytaxi.tests\bin\debug\net8.0\paytaxi.tests.dll" id="14c88695-3fbd-0e57-1795-c92a7c513baf">
      <Execution id="103fab5d-1e7d-4678-bc6f-df587bb1a081" />
      <TestMethod codeBase="C:\Users\Home\.gemini\antigravity\scratch\paytaxi\backend\PayTaxi.Tests\bin\Debug\net8.0\PayTaxi.Tests.dll" adapterTypeName="executor://xunit/VsTestRunner2/netcoreapp" className="PayTaxi.Tests.Tbc.TbcPayoutAdapterTests" name="Status_codes_map_per_documentation" />
    </UnitTest>
    <UnitTest name="PayTaxi.Tests.Tbc.TbcPayoutAdapterTests.Validation_fault_is_non_retryable" storage="c:\users\home\.gemini\antigravity\scratch\paytaxi\backend\paytaxi.tests\bin\debug\net8.0\paytaxi.tests.dll" id="fd269e50-0ace-0f92-3666-6d8e6bb7f7e1">
      <Execution id="6ca6f07a-2fab-4651-a331-7ddd5e31487b" />
      <TestMethod codeBase="C:\Users\Home\.gemini\antigravity\scratch\paytaxi\backend\PayTaxi.Tests\bin\Debug\net8.0\PayTaxi.Tests.dll" adapterTypeName="executor://xunit/VsTestRunner2/netcoreapp" className="PayTaxi.Tests.Tbc.TbcPayoutAdapterTests" name="Validation_fault_is_non_retryable" />
    </UnitTest>
    <UnitTest name="PayTaxi.Tests.Tbc.TbcPayoutAdapterTests.Expired_credentials_fault_is_retryable_ops_problem" storage="c:\users\home\.gemini\antigravity\scratch\paytaxi\backend\paytaxi.tests\bin\debug\net8.0\paytaxi.tests.dll" id="2682ce0e-8858-3cbd-990b-843eb45e3793">
      <Execution id="5b578686-7755-48f2-80b8-5d88d5f2d650" />
      <TestMethod codeBase="C:\Users\Home\.gemini\antigravity\scratch\paytaxi\backend\PayTaxi.Tests\bin\Debug\net8.0\PayTaxi.Tests.dll" adapterTypeName="executor://xunit/VsTestRunner2/netcoreapp" className="PayTaxi.Tests.Tbc.TbcPayoutAdapterTests" name="Expired_credentials_fault_is_retryable_ops_problem" />
    </UnitTest>
    <UnitTest name="PayTaxi.Tests.Domain.FieldEncryptorTests.Tampering_or_wrong_key_is_detected" storage="c:\users\home\.gemini\antigravity\scratch\paytaxi\backend\paytaxi.tests\bin\debug\net8.0\paytaxi.tests.dll" id="d61a0251-de71-1a36-8033-4f35f519602b">
      <Execution id="ae8129ac-863f-420d-8efa-155b821a2bcb" />
      <TestMethod codeBase="C:\Users\Home\.gemini\antigravity\scratch\paytaxi\backend\PayTaxi.Tests\bin\Debug\net8.0\PayTaxi.Tests.dll" adapterTypeName="executor://xunit/VsTestRunner2/netcoreapp" className="PayTaxi.Tests.Domain.FieldEncryptorTests" name="Tampering_or_wrong_key_is_detected" />
    </UnitTest>
    <UnitTest name="PayTaxi.Tests.Domain.PersonNameTests.Different_person_is_rejected(a: &quot;Георгий Кобахидзе&quot;, b: &quot;Giorgi Kobakhidze&quot;)" storage="c:\users\home\.gemini\antigravity\scratch\paytaxi\backend\paytaxi.tests\bin\debug\net8.0\paytaxi.tests.dll" id="e34228c5-f04c-befe-99c5-2d73c51f7b59">
      <Execution id="e20e34df-839f-4dae-b87c-740b03be5971" />
      <TestMethod codeBase="C:\Users\Home\.gemini\antigravity\scratch\paytaxi\backend\PayTaxi.Tests\bin\Debug\net8.0\PayTaxi.Tests.dll" adapterTypeName="executor://xunit/VsTestRunner2/netcoreapp" className="PayTaxi.Tests.Domain.PersonNameTests" name="Different_person_is_rejected" />
    </UnitTest>
    <UnitTest name="PayTaxi.Tests.Domain.PersonNameTests.Same_person_across_scripts_and_order(a: &quot;ლევან ყიფიანი&quot;, b: &quot;Levan Kipiani&quot;)" storage="c:\users\home\.gemini\antigravity\scratch\paytaxi\backend\paytaxi.tests\bin\debug\net8.0\paytaxi.tests.dll" id="3ff4535a-cc74-96b6-5ad6-c059e71a613b">
      <Execution id="2e12d99e-8fa5-4434-9d7c-0f39a21dcc5e" />
      <TestMethod codeBase="C:\Users\Home\.gemini\antigravity\scratch\paytaxi\backend\PayTaxi.Tests\bin\Debug\net8.0\PayTaxi.Tests.dll" adapterTypeName="executor://xunit/VsTestRunner2/netcoreapp" className="PayTaxi.Tests.Domain.PersonNameTests" name="Same_person_across_scripts_and_order" />
    </UnitTest>
    <UnitTest name="PayTaxi.Tests.Tbc.TbcPayoutAdapterTests.Missing_credentials_are_retryable_not_reversing" storage="c:\users\home\.gemini\antigravity\scratch\paytaxi\backend\paytaxi.tests\bin\debug\net8.0\paytaxi.tests.dll" id="5a8184c7-0b6a-b186-79cb-afb193aea782">
      <Execution id="7ff03509-a162-496d-b628-950ffe927228" />
      <TestMethod codeBase="C:\Users\Home\.gemini\antigravity\scratch\paytaxi\backend\PayTaxi.Tests\bin\Debug\net8.0\PayTaxi.Tests.dll" adapterTypeName="executor://xunit/VsTestRunner2/netcoreapp" className="PayTaxi.Tests.Tbc.TbcPayoutAdapterTests" name="Missing_credentials_are_retryable_not_reversing" />
    </UnitTest>
    <UnitTest name="PayTaxi.Tests.Tbc.TbcPayoutAdapterTests.Non_xml_response_throws_so_caller_does_lookup" storage="c:\users\home\.gemini\antigravity\scratch\paytaxi\backend\paytaxi.tests\bin\debug\net8.0\paytaxi.tests.dll" id="cba39219-5c48-5560-2a4a-99b35e0ec505">
      <Execution id="41a09338-652e-4c5f-b9aa-69d890e90f69" />
      <TestMethod codeBase="C:\Users\Home\.gemini\antigravity\scratch\paytaxi\backend\PayTaxi.Tests\bin\Debug\net8.0\PayTaxi.Tests.dll" adapterTypeName="executor://xunit/VsTestRunner2/netcoreapp" className="PayTaxi.Tests.Tbc.TbcPayoutAdapterTests" name="Non_xml_response_throws_so_caller_does_lookup" />
    </UnitTest>
    <UnitTest name="PayTaxi.Tests.Domain.PersonNameTests.Same_person_across_scripts_and_order(a: &quot;გიგა ფირცხალავა&quot;, b: &quot;Giga Firtskhalava&quot;)" storage="c:\users\home\.gemini\antigravity\scratch\paytaxi\backend\paytaxi.tests\bin\debug\net8.0\paytaxi.tests.dll" id="a83a29f1-f7e6-7c1d-fef3-46d79086e7c8">
      <Execution id="41d485ef-8886-4b2b-9577-cde68d34adcc" />
      <TestMethod codeBase="C:\Users\Home\.gemini\antigravity\scratch\paytaxi\backend\PayTaxi.Tests\bin\Debug\net8.0\PayTaxi.Tests.dll" adapterTypeName="executor://xunit/VsTestRunner2/netcoreapp" className="PayTaxi.Tests.Domain.PersonNameTests" name="Same_person_across_scripts_and_order" />
    </UnitTest>
    <UnitTest name="PayTaxi.Tests.Domain.PersonNameTests.Same_person_across_scripts_and_order(a: &quot;Levan Kobakhidze&quot;, b: &quot;levan  kobakhidze &quot;)" storage="c:\users\home\.gemini\antigravity\scratch\paytaxi\backend\paytaxi.tests\bin\debug\net8.0\paytaxi.tests.dll" id="d822ae40-3eee-d6d9-8293-7e31caeca762">
      <Execution id="825d524b-a7df-499d-8ce1-76dc46eb98c3" />
      <TestMethod codeBase="C:\Users\Home\.gemini\antigravity\scratch\paytaxi\backend\PayTaxi.Tests\bin\Debug\net8.0\PayTaxi.Tests.dll" adapterTypeName="executor://xunit/VsTestRunner2/netcoreapp" className="PayTaxi.Tests.Domain.PersonNameTests" name="Same_person_across_scripts_and_order" />
    </UnitTest>
    <UnitTest name="PayTaxi.Tests.Tbc.TbcPayoutAdapterTests.Import_then_bank_fails_it_is_non_retryable_with_error_detail" storage="c:\users\home\.gemini\antigravity\scratch\paytaxi\backend\paytaxi.tests\bin\debug\net8.0\paytaxi.tests.dll" id="9dac7c61-3e8a-ef94-dfc0-a8a839e9c665">
      <Execution id="8046783a-683f-4e14-8ba5-6137a217470c" />
      <TestMethod codeBase="C:\Users\Home\.gemini\antigravity\scratch\paytaxi\backend\PayTaxi.Tests\bin\Debug\net8.0\PayTaxi.Tests.dll" adapterTypeName="executor://xunit/VsTestRunner2/netcoreapp" className="PayTaxi.Tests.Tbc.TbcPayoutAdapterTests" name="Import_then_bank_fails_it_is_non_retryable_with_error_detail" />
    </UnitTest>
    <UnitTest name="PayTaxi.Tests.Integration.OwnershipRuleTests.Driver_is_refused_for_someone_elses_name(profile: &quot;yp_tb3_003&quot;, holder: &quot;Nino Beridze&quot;)" storage="c:\users\home\.gemini\antigravity\scratch\paytaxi\backend\paytaxi.tests\bin\debug\net8.0\paytaxi.tests.dll" id="92f2ab7a-e1cd-72f3-ac35-f4a0313b236a">
      <Execution id="67829858-9518-4636-839d-9d4a69c4898a" />
      <TestMethod codeBase="C:\Users\Home\.gemini\antigravity\scratch\paytaxi\backend\PayTaxi.Tests\bin\Debug\net8.0\PayTaxi.Tests.dll" adapterTypeName="executor://xunit/VsTestRunner2/netcoreapp" className="PayTaxi.Tests.Integration.OwnershipRuleTests" name="Driver_is_refused_for_someone_elses_name" />
    </UnitTest>
    <UnitTest name="PayTaxi.Tests.Domain.PersonNameTests.Same_person_across_scripts_and_order(a: &quot;ზურაბ ჟვანია&quot;, b: &quot;Zurab Jvania&quot;)" storage="c:\users\home\.gemini\antigravity\scratch\paytaxi\backend\paytaxi.tests\bin\debug\net8.0\paytaxi.tests.dll" id="0500610a-e9fc-92f3-544e-3852886a0a1d">
      <Execution id="84a6ee39-39f0-4658-9349-24b054887417" />
      <TestMethod codeBase="C:\Users\Home\.gemini\antigravity\scratch\paytaxi\backend\PayTaxi.Tests\bin\Debug\net8.0\PayTaxi.Tests.dll" adapterTypeName="executor://xunit/VsTestRunner2/netcoreapp" className="PayTaxi.Tests.Domain.PersonNameTests" name="Same_person_across_scripts_and_order" />
    </UnitTest>
    <UnitTest name="PayTaxi.Tests.Domain.PersonNameTests.Same_person_across_scripts_and_order(a: &quot;გიორგი მამულაშვილი&quot;, b: &quot;Giorgi Mamulashvili&quot;)" storage="c:\users\home\.gemini\antigravity\scratch\paytaxi\backend\paytaxi.tests\bin\debug\net8.0\paytaxi.tests.dll" id="d0103832-2b63-5ad0-dde0-49b974922595">
      <Execution id="e74c14f9-0c9b-42d3-b2e6-8be418171d13" />
      <TestMethod codeBase="C:\Users\Home\.gemini\antigravity\scratch\paytaxi\backend\PayTaxi.Tests\bin\Debug\net8.0\PayTaxi.Tests.dll" adapterTypeName="executor://xunit/VsTestRunner2/netcoreapp" className="PayTaxi.Tests.Domain.PersonNameTests" name="Same_person_across_scripts_and_order" />
    </UnitTest>
    <UnitTest name="PayTaxi.Tests.Integration.OwnershipRuleTests.Overlong_input_is_a_400_not_a_500" storage="c:\users\home\.gemini\antigravity\scratch\paytaxi\backend\paytaxi.tests\bin\debug\net8.0\paytaxi.tests.dll" id="95d383b3-9288-20e4-16e0-d722edc5eb73">
      <Execution id="4614c654-a195-4712-9523-c3b3c0cfc64b" />
      <TestMethod codeBase="C:\Users\Home\.gemini\antigravity\scratch\paytaxi\backend\PayTaxi.Tests\bin\Debug\net8.0\PayTaxi.Tests.dll" adapterTypeName="executor://xunit/VsTestRunner2/netcoreapp" className="PayTaxi.Tests.Integration.OwnershipRuleTests" name="Overlong_input_is_a_400_not_a_500" />
    </UnitTest>
    <UnitTest name="PayTaxi.Tests.Integration.OwnershipRuleTests.Driver_can_add_account_in_own_name(profile: &quot;yp_tb3_003&quot;, holder: &quot;ლევან კობახიძე&quot;)" storage="c:\users\home\.gemini\antigravity\scratch\paytaxi\backend\paytaxi.tests\bin\debug\net8.0\paytaxi.tests.dll" id="b5bf4958-f2ad-2336-30cc-f465e0ee2b2a">
      <Execution id="e5ce61e1-6ab7-49b3-ab3f-c900a2adce81" />
[...]
info: Microsoft.AspNetCore.Mvc.Infrastructure.ControllerActionInvoker[105]&#xD;
      Executed action PayTaxi.Api.Controllers.DriverController.Me (PayTaxi.Api) in 11.2128ms&#xD;
info: Microsoft.AspNetCore.Routing.EndpointMiddleware[1]&#xD;
      Executed endpoint 'PayTaxi.Api.Controllers.DriverController.Me (PayTaxi.Api)'&#xD;
info: Microsoft.AspNetCore.Hosting.Diagnostics[2]&#xD;
      Request finished HTTP/1.1 GET http://localhost/api/driver/me - 200 - application/json;+charset=utf-8 12.0260ms&#xD;
info: Microsoft.AspNetCore.Hosting.Diagnostics[1]&#xD;
      Request starting HTTP/1.1 POST http://localhost/api/driver/cashouts - application/json;+charset=utf-8 116&#xD;
info: Microsoft.AspNetCore.Routing.EndpointMiddleware[0]&#xD;
      Executing endpoint 'PayTaxi.Api.Controllers.DriverController.CreateMyCashout (PayTaxi.Api)'&#xD;
info: Microsoft.AspNetCore.Mvc.Infrastructure.ControllerActionInvoker[102]&#xD;
      Route matched with {action = "CreateMyCashout", controller = "Driver"}. Executing controller action with signature System.Threading.Tasks.Task`1[Microsoft.AspNetCore.Mvc.IActionResult] CreateMyCashout(PayTaxi.Api.Controllers.CreateMyCashoutRequest, System.Threading.CancellationToken) on controller PayTaxi.Api.Controllers.DriverController (PayTaxi.Api).&#xD;
info: PayTaxi.Infrastructure.Adapters.Yandex.MockYandexFleetClient[0]&#xD;
      Mock Yandex debited 5 GEL from driver yp_tb3_002 in park yx_park_tb3; tx_id=yx_tx_740959db-86d&#xD;
info: PayTaxi.Infrastructure.Adapters.Banks.MockBankPayoutProvider[0]&#xD;
      Mock bank transfer OK: 4.50 GEL ****4567 \u001a ****3122 (transfer_id=mock_tr_555e8d6cfedc)&#xD;
info: PayTaxi.Infrastructure.Services.CashoutOrchestrator[0]&#xD;
      Cashout 82f210aa-6bc1-4649-b4ee-510c64dc4b31 completed: park=Tbilisi Auto Park #3 driver=???? ??????????? gross=5 fee=0.50 net=4.50 bank_tx=mock_tr_555e8d6cfedc yandex_tx=yx_tx_740959db-86d attempts=1&#xD;
info: Microsoft.AspNetCore.Mvc.Infrastructure.ObjectResultExecutor[1]&#xD;
      Executing OkObjectResult, writing value of type 'PayTaxi.Core.Interfaces.CashoutSagaResult'.&#xD;
info: Microsoft.AspNetCore.Mvc.Infrastructure.ControllerActionInvoker[105]&#xD;
      Executed action PayTaxi.Api.Controllers.DriverController.CreateMyCashout (PayTaxi.Api) in 42.5306ms&#xD;
info: Microsoft.AspNetCore.Routing.EndpointMiddleware[1]&#xD;
      Executed endpoint 'PayTaxi.Api.Controllers.DriverController.CreateMyCashout (PayTaxi.Api)'&#xD;
info: Microsoft.AspNetCore.Hosting.Diagnostics[2]&#xD;
      Request finished HTTP/1.1 POST http://localhost/api/driver/cashouts - 200 - application/json;+charset=utf-8 43.4238ms&#xD;
info: Microsoft.AspNetCore.Hosting.Diagnostics[1]&#xD;
      Request starting HTTP/1.1 POST http://localhost/api/admin/settlements/run?parkId=a5a38438-5ec9-4c8d-ba38-447e60b66dcc&amp;date=2026-09-20 - - -&#xD;
info: Microsoft.AspNetCore.Routing.EndpointMiddleware[0]&#xD;
      Executing endpoint 'PayTaxi.Api.Controllers.SettlementsController.RunNow (PayTaxi.Api)'&#xD;
info: Microsoft.AspNetCore.Mvc.Infrastructure.ControllerActionInvoker[102]&#xD;
      Route matched with {action = "RunNow", controller = "Settlements"}. Executing controller action with signature System.Threading.Tasks.Task`1[Microsoft.AspNetCore.Mvc.IActionResult] RunNow(System.Nullable`1[System.Guid], System.Nullable`1[System.DateOnly], System.Threading.CancellationToken) on controller PayTaxi.Api.Controllers.SettlementsController (PayTaxi.Api).&#xD;
info: Microsoft.AspNetCore.Mvc.Infrastructure.ObjectResultExecutor[1]&#xD;
      Executing OkObjectResult, writing value of type '&lt;&gt;f__AnonymousType102`17[[System.Guid, System.Private.CoreLib, Version=8.0.0.0, Culture=neutral, PublicKeyToken=7cec85d7bea7798e],[System.Guid, System.Private.CoreLib, Version=8.0.0.0, Culture=neutral, PublicKeyToken=7cec85d7bea7798e],[System.DateOnly, System.Private.CoreLib, Version=8.0.0.0, Culture=neutral, PublicKeyToken=7cec85d7bea7798e],[System.Int32, System.Private.CoreLib, Version=8.0.0.0, Culture=neutral, PublicKeyToken=7cec85d7bea7798e],[System.Decimal, System.Private.CoreLib, Version=8.0.0.0, Culture=neutral, PublicKeyToken=7cec85d7bea7798e],[System.Decimal, System.Private.CoreLib, Version=8.0.0.0, Culture=neutral, PublicKeyToken=7cec85d7bea7798e],[System.Decimal, System.Private.CoreLib, Version=8.0.0.0, Culture=neutral, PublicKeyToken=7cec85d7bea7798e],[System.Decimal, System.Private.CoreLib, Version=8.0.0.0, Culture=neutral, PublicKeyToken=7cec85d7bea7798e],[System.Decimal, System.Private.CoreLib, Version=8.0.0.0, Culture=neutral, PublicKeyToken=7cec85d7bea7798e],[System.Decimal, System.Private.CoreLib, Version=8.0.0.0, Culture=neutral, PublicKeyToken=7cec85d7bea7798e],[System.String, System.Private.CoreLib, Version=8.0.0.0, Culture=neutral, PublicKeyToken=7cec85d7bea7798e],[System.String, System.Private.CoreLib, Version=8.0.0.0, Culture=neutral, PublicKeyToken=7cec85d7bea7798e],[System.String, System.Private.CoreLib, Version=8.0.0.0, Culture=neutral, PublicKeyToken=7cec85d7bea7798e],[System.Int32, System.Private.CoreLib, Version=8.0.0.0, Culture=neutral, PublicKeyToken=7cec85d7bea7798e],[System.Nullable`1[[System.DateTime, System.Private.CoreLib, Version=8.0.0.0, Culture=neutral, PublicKeyToken=7cec85d7bea7798e]], System.Private.CoreLib, Version=8.0.0.0, Culture=neutral, PublicKeyToken=7cec85d7bea7798e],[System.String, System.Private.CoreLib, Version=8.0.0.0, Culture=neutral, PublicKeyToken=7cec85d7bea7798e],[System.String, System.Private.CoreLib, Version=8.0.0.0, Culture=neutral, PublicKeyToken=7cec85d7bea7798e]]'.&#xD;
info: Microsoft.AspNetCore.Mvc.Infrastructure.ControllerActionInvoker[105]&#xD;
      Executed action PayTaxi.Api.Controllers.SettlementsController.RunNow (PayTaxi.Api) in 3.4159ms&#xD;
info: Microsoft.AspNetCore.Routing.EndpointMiddleware[1]&#xD;
      Executed endpoint 'PayTaxi.Api.Controllers.SettlementsController.RunNow (PayTaxi.Api)'&#xD;
info: Microsoft.AspNetCore.Hosting.Diagnostics[2]&#xD;
      Request finished HTTP/1.1 POST http://localhost/api/admin/settlements/run?parkId=a5a38438-5ec9-4c8d-ba38-447e60b66dcc&amp;date=2026-09-20 - 200 - application/json;+charset=utf-8 4.2563ms&#xD;
info: Microsoft.AspNetCore.Hosting.Diagnostics[1]&#xD;
      Request starting HTTP/1.1 POST http://localhost/api/admin/parks/a5a38438-5ec9-4c8d-ba38-447e60b66dcc/reconciliation/run - - -&#xD;
info: Microsoft.AspNetCore.Routing.EndpointMiddleware[0]&#xD;
      Executing endpoint 'PayTaxi.Api.Controllers.ReconciliationController.RunNow (PayTaxi.Api)'&#xD;
info: Microsoft.AspNetCore.Mvc.Infrastructure.ControllerActionInvoker[102]&#xD;
      Route matched with {action = "RunNow", controller = "Reconciliation"}. Executing controller action with signature System.Threading.Tasks.Task`1[Microsoft.AspNetCore.Mvc.IActionResult] RunNow(System.Guid, System.Threading.CancellationToken) on controller PayTaxi.Api.Controllers.ReconciliationController (PayTaxi.Api).&#xD;
info: PayTaxi.Infrastructure.Services.ReconciliationWorker[0]&#xD;
      Reconciliation: park=Tbilisi Auto Park #3 cashouts=8 bank=9 yandex=8 discrepancies=0&#xD;
info: PayTaxi.Api.Controllers.ReconciliationController[0]&#xD;
      Reconciliation run f9b43e98-c6d2-4a78-a027-092801e24a52 for park a5a38438-5ec9-4c8d-ba38-447e60b66dcc triggered by admin:ops@swich.dev&#xD;
info: Microsoft.AspNetCore.Mvc.Infrastructure.ObjectResultExecutor[1]&#xD;
      Executing OkObjectResult, writing value of type '&lt;&gt;f__AnonymousType85`11[[System.Guid, System.Private.CoreLib, Version=8.0.0.0, Culture=neutral, PublicKeyToken=7cec85d7bea7798e],[System.String, System.Private.CoreLib, Version=8.0.0.0, Culture=neutral, PublicKeyToken=7cec85d7bea7798e],[System.DateTime, System.Private.CoreLib, Version=8.0.0.0, Culture=neutral, PublicKeyToken=7cec85d7bea7798e],[System.DateTime, System.Private.CoreLib, Version=8.0.0.0, Culture=neutral, PublicKeyToken=7cec85d7bea7798e],[System.Int32, System.Private.CoreLib, Version=8.0.0.0, Culture=neutral, PublicKeyToken=7cec85d7bea7798e],[System.Int32, System.Private.CoreLib, Version=8.0.0.0, Culture=neutral, PublicKeyToken=7cec85d7bea7798e],[System.Int32, System.Private.CoreLib, Version=8.0.0.0, Culture=neutral, PublicKeyToken=7cec85d7bea7798e],[System.Int32, System.Private.CoreLib, Version=8.0.0.0, Culture=neutral, PublicKeyToken=7cec85d7bea7798e],[System.String, System.Private.CoreLib, Version=8.0.0.0, Culture=neutral, PublicKeyToken=7cec85d7bea7798e],[System.DateTime, System.Private.CoreLib, Version=8.0.0.0, Culture=neutral, PublicKeyToken=7cec85d7bea7798e],[System.Nullable`1[[System.DateTime, System.Private.CoreLib, Version=8.0.0.0, Culture=neutral, PublicKeyToken=7cec85d7bea7798e]], System.Private.CoreLib, Version=8.0.0.0, Culture=neutral, PublicKeyToken=7cec85d7bea7798e]]'.&#xD;
info: Microsoft.AspNetCore.Mvc.Infrastructure.ControllerActionInvoker[105]&#xD;
      Executed action PayTaxi.Api.Controllers.ReconciliationController.RunNow (PayTaxi.Api) in 257.0758ms&#xD;
info: Microsoft.AspNetCore.Routing.EndpointMiddleware[1]&#xD;
      Executed endpoint 'PayTaxi.Api.Controllers.ReconciliationController.RunNow (PayTaxi.Api)'&#xD;
info: Microsoft.AspNetCore.Hosting.Diagnostics[2]&#xD;
      Request finished HTTP/1.1 POST http://localhost/api/admin/parks/a5a38438-5ec9-4c8d-ba38-447e60b66dcc/reconciliation/run - 200 - application/json;+charset=utf-8 264.6141ms&#xD;
info: Microsoft.AspNetCore.Hosting.Diagnostics[1]&#xD;
      Request starting HTTP/1.1 GET http://localhost/api/admin/parks/a5a38438-5ec9-4c8d-ba38-447e60b66dcc/reconciliation/discrepancies?take=200 - - -&#xD;
info: Microsoft.AspNetCore.Routing.EndpointMiddleware[0]&#xD;
      Executing endpoint 'PayTaxi.Api.Controllers.ReconciliationController.ListDiscrepancies (PayTaxi.Api)'&#xD;
info: Microsoft.AspNetCore.Mvc.Infrastructure.ControllerActionInvoker[102]&#xD;
      Route matched with {action = "ListDiscrepancies", controller = "Reconciliation"}. Executing controller action with signature System.Threading.Tasks.Task`1[Microsoft.AspNetCore.Mvc.IActionResult] ListDiscrepancies(System.Guid, Boolean, Int32, System.Threading.CancellationToken) on controller PayTaxi.Api.Controllers.ReconciliationController (PayTaxi.Api).&#xD;
info: Microsoft.AspNetCore.Mvc.Infrastructure.ObjectResultExecutor[1]&#xD;
      Executing OkObjectResult, writing value of type '&lt;&gt;f__AnonymousType89`4[[System.Guid, System.Private.CoreLib, Version=8.0.0.0, Culture=neutral, PublicKeyToken=7cec85d7bea7798e],[System.Int32, System.Private.CoreLib, Version=8.0.0.0, Culture=neutral, PublicKeyToken=7cec85d7bea7798e],[System.Int32, System.Private.CoreLib, Version=8.0.0.0, Culture=neutral, PublicKeyToken=7cec85d7bea7798e],[System.Collections.Generic.List`1[[&lt;&gt;f__AnonymousType88`14[[System.Guid, System.Private.CoreLib, Version=8.0.0.0, Culture=neutral, PublicKeyToken=7cec85d7bea7798e],[System.Guid, System.Private.CoreLib, Version=8.0.0.0, Culture=neutral, PublicKeyToken=7cec85d7bea7798e],[System.Nullable`1[[System.Guid, System.Private.CoreLib, Version=8.0.0.0, Culture=neutral, PublicKeyToken=7cec85d7bea7798e]], System.Private.CoreLib, Version=8.0.0.0, Culture=neutral, PublicKeyToken=7cec85d7bea7798e],[System.String, System.Private.CoreLib, Version=8.0.0.0, Culture=neutral, PublicKeyToken=7cec85d7bea7798e],[System.Nullable`1[[System.Decimal, System.Private.CoreLib, Version=8.0.0.0, Culture=neutral, PublicKeyToken=7cec85d7bea7798e]], System.Private.CoreLib, Version=8.0.0.0, Culture=neutral, PublicKeyToken=7cec85d7bea7798e],[System.Nullable`1[[System.Decimal, System.Private.CoreLib, Version=8.0.0.0, Culture=neutral, PublicKeyToken=7cec85d7bea7798e]], System.Private.CoreLib, Version=8.0.0.0, Culture=neutral, PublicKeyToken=7cec85d7bea7798e],[System.String, System.Private.CoreLib, Version=8.0.0.0, Culture=neutral, PublicKeyToken=7cec85d7bea7798e],[System.String, System.Private.CoreLib, Version=8.0.0.0, Culture=neutral, PublicKeyToken=7cec85d7bea7798e],[System.String, System.Private.CoreLib, Version=8.0.0.0, Culture=neutral, PublicKeyToken=7cec85d7bea7798e],[System.Boolean, System.Private.CoreLib, Version=8.0.0.0, Culture=neutral, PublicKeyToken=7cec85d7bea7798e],[System.Nullable`1[[System.DateTime, System.Private.CoreLib, Version=8.0.0.0, Culture=neutral, PublicKeyToken=7cec85d7bea7798e]], System.Private.CoreLib, Version=8.0.0.0, Culture=neutral, PublicKeyToken=7cec85d7bea7798e],[System.String, System.Private.CoreLib, Version=8.0.0.0, Culture=neutral, PublicKeyToken=7cec85d7bea7798e],[System.String, System.Private.CoreLib, Version=8.0.0.0, Culture=neutral, PublicKeyToken=7cec85d7bea7798e],[System.DateTime, System.Private.CoreLib, Version=8.0.0.0, Culture=neutral, PublicKeyToken=7cec85d7bea7798e]], PayTaxi.Api, Version=1.0.0.0, Culture=neutral, PublicKeyToken=null]], System.Private.CoreLib, Version=8.0.0.0, Culture=neutral, PublicKeyToken=7cec85d7bea7798e]]'.&#xD;
info: Microsoft.AspNetCore.Mvc.Infrastructure.ControllerActionInvoker[105]&#xD;
      Executed action PayTaxi.Api.Controllers.ReconciliationController.ListDiscrepancies (PayTaxi.Api) in 29.149ms&#xD;
info: Microsoft.AspNetCore.Routing.EndpointMiddleware[1]&#xD;
      Executed endpoint 'PayTaxi.Api.Controllers.ReconciliationController.ListDiscrepancies (PayTaxi.Api)'&#xD;
info: Microsoft.AspNetCore.Hosting.Diagnostics[2]&#xD;
      Request finished HTTP/1.1 GET http://localhost/api/admin/parks/a5a38438-5ec9-4c8d-ba38-447e60b66dcc/reconciliation/discrepancies?take=200 - 200 - application/json;+charset=utf-8 40.6136ms&#xD;
info: Microsoft.AspNetCore.Hosting.Diagnostics[1]&#xD;
      Request starting HTTP/1.1 POST http://localhost/api/admin/auth/login - application/json;+charset=utf-8 65&#xD;
info: Microsoft.AspNetCore.Routing.EndpointMiddleware[0]&#xD;
      Executing endpoint 'PayTaxi.Api.Controllers.AdminAuthController.Login (PayTaxi.Api)'&#xD;
info: Microsoft.AspNetCore.Mvc.Infrastructure.ControllerActionInvoker[102]&#xD;
      Route matched with {action = "Login", controller = "AdminAuth"}. Executing controller action with signature System.Threading.Tasks.Task`1[Microsoft.AspNetCore.Mvc.IActionResult] Login(LoginDto, System.Threading.CancellationToken) on controller PayTaxi.Api.Controllers.AdminAuthController (PayTaxi.Api).&#xD;
warn: PayTaxi.Api.Controllers.AdminAuthController[0]&#xD;
      Admin login failed for manager@tbilisi-auto-park-3.local&#xD;
info: Microsoft.AspNetCore.Mvc.Infrastructure.ObjectResultExecutor[1]&#xD;
      Executing UnauthorizedObjectResult, writing value of type '&lt;&gt;f__AnonymousType0`1[[System.String, System.Private.CoreLib, Version=8.0.0.0, Culture=neutral, PublicKeyToken=7cec85d7bea7798e]]'.&#xD;
info: Microsoft.AspNetCore.Mvc.Infrastructure.ControllerActionInvoker[105]&#xD;
      Executed action PayTaxi.Api.Controllers.AdminAuthController.Login (PayTaxi.Api) in 316.7701ms&#xD;
info: Microsoft.AspNetCore.Routing.EndpointMiddleware[1]&#xD;
      Executed endpoint 'PayTaxi.Api.Controllers.AdminAuthController.Login (PayTaxi.Api)'&#xD;
info: Microsoft.AspNetCore.Hosting.Diagnostics[2]&#xD;
      Request finished HTTP/1.1 POST http://localhost/api/admin/auth/login - 401 - application/json;+charset=utf-8 317.3868ms&#xD;
info: Microsoft.AspNetCore.Hosting.Diagnostics[1]&#xD;
      Request starting HTTP/1.1 POST http://localhost/api/admin/auth/login - application/json;+charset=utf-8 65&#xD;
info: Microsoft.AspNetCore.Routing.EndpointMiddleware[0]&#xD;
      Executing endpoint 'PayTaxi.Api.Controllers.AdminAuthController.Login (PayTaxi.Api)'&#xD;
info: Microsoft.AspNetCore.Mvc.Infrastructure.ControllerActionInvoker[102]&#xD;
      Route matched with {action = "Login", controller = "AdminAuth"}. Executing controller action with signature System.Threading.Tasks.Task`1[Microsoft.AspNetCore.Mvc.IActionResult] Login(LoginDto, System.Threading.CancellationToken) on controller PayTaxi.Api.Controllers.AdminAuthController (PayTaxi.Api).&#xD;
info: Microsoft.AspNetCore.Mvc.Infrastructure.ObjectResultExecutor[1]&#xD;
      Executing OkObjectResult, writing value of type '&lt;&gt;f__AnonymousType2`3[[System.String, System.Private.CoreLib, Version=8.0.0.0, Culture=neutral, PublicKeyToken=7cec85d7bea7798e],[System.DateTime, System.Private.CoreLib, Version=8.0.0.0, Culture=neutral, PublicKeyToken=7cec85d7bea7798e],[&lt;&gt;f__AnonymousType3`6[[System.Guid, System.Private.CoreLib, Version=8.0.0.0, Culture=neutral, PublicKeyToken=7cec85d7bea7798e],[System.String, System.Private.CoreLib, Version=8.0.0.0, Culture=neutral, PublicKeyToken=7cec85d7bea7798e],[System.String, System.Private.CoreLib, Version=8.0.0.0, Culture=neutral, PublicKeyToken=7cec85d7bea7798e],[System.String, System.Private.CoreLib, Version=8.0.0.0, Culture=neutral, PublicKeyToken=7cec85d7bea7798e],[System.Nullable`1[[System.Guid, System.Private.CoreLib, Version=8.0.0.0, Culture=neutral, PublicKeyToken=7cec85d7bea7798e]], System.Private.CoreLib, Version=8.0.0.0, Culture=neutral, PublicKeyToken=7cec85d7bea7798e],[System.String, System.Private.CoreLib, Version=8.0.0.0, Culture=neutral, PublicKeyToken=7cec85d7bea7798e]], PayTaxi.Api, Version=1.0.0.0, Culture=neutral, PublicKeyToken=null]]'.&#xD;
info: Microsoft.AspNetCore.Mvc.Infrastructure.ControllerActionInvoker[105]&#xD;
      Executed action PayTaxi.Api.Controllers.AdminAuthController.Login (PayTaxi.Api) in 346.9018ms&#xD;
info: Microsoft.AspNetCore.Routing.EndpointMiddleware[1]&#xD;
      Executed endpoint 'PayTaxi.Api.Controllers.AdminAuthController.Login (PayTaxi.Api)'&#xD;
info: Microsoft.AspNetCore.Hosting.Diagnostics[2]&#xD;
      Request finished HTTP/1.1 POST http://localhost/api/admin/auth/login - 200 - application/json;+charset=utf-8 347.8388ms&#xD;
info: Microsoft.AspNetCore.Hosting.Diagnostics[1]&#xD;
      Request starting HTTP/1.1 POST http://localhost/api/admin/parks/a5a38438-5ec9-4c8d-ba38-447e60b66dcc/reconciliation/run - - -&#xD;
info: Microsoft.AspNetCore.Routing.EndpointMiddleware[0]&#xD;
      Executing endpoint 'PayTaxi.Api.Controllers.ReconciliationController.RunNow (PayTaxi.Api)'&#xD;
info: Microsoft.AspNetCore.Mvc.Infrastructure.ControllerActionInvoker[102]&#xD;
      Route matched with {action = "RunNow", controller = "Reconciliation"}. Executing controller action with signature System.Threading.Tasks.Task`1[Microsoft.AspNetCore.Mvc.IActionResult] RunNow(System.Guid, System.Threading.CancellationToken) on controller PayTaxi.Api.Controllers.ReconciliationController (PayTaxi.Api).&#xD;
info: Microsoft.AspNetCore.Mvc.ForbidResult[1]&#xD;
      Executing ForbidResult with authentication schemes ().&#xD;
info: Microsoft.AspNetCore.Authentication.JwtBearer.JwtBearerHandler[13]&#xD;
      AuthenticationScheme: Bearer was forbidden.&#xD;
info: Microsoft.AspNetCore.Mvc.Infrastructure.ControllerActionInvoker[105]&#xD;
      Executed action PayTaxi.Api.Controllers.ReconciliationController.RunNow (PayTaxi.Api) in 0.7139ms&#xD;
info: Microsoft.AspNetCore.Routing.EndpointMiddleware[1]&#xD;
      Executed endpoint 'PayTaxi.Api.Controllers.ReconciliationController.RunNow (PayTaxi.Api)'&#xD;
info: Microsoft.AspNetCore.Hosting.Diagnostics[2]&#xD;
      Request finished HTTP/1.1 POST http://localhost/api/admin/parks/a5a38438-5ec9-4c8d-ba38-447e60b66dcc/reconciliation/run - 403 - - 2.3048ms&#xD;
info: PayTaxi.Infrastructure.Services.PayoutQueueWorker[0]&#xD;
      Payout queue worker stopped&#xD;
[xUnit.net 00:00:31.46]   Finished:    PayTaxi.Tests&#xD;
</StdOut>
    </Output>
  </ResultSummary>
</TestRun>