<?xml version="1.0" encoding="utf-8"?>
<TestRun id="802e0950-1160-478e-abe1-135051ea2562" name="Home@DESKTOP-K17A3M4 2026-09-20 22:26:58" runUser="DESKTOP-K17A3M4\Home" xmlns="http://microsoft.com/schemas/VisualStudio/TeamTest/2010">
  <Times creation="2026-09-20T22:26:58.2495206+04:00" queuing="2026-09-20T22:26:58.2495213+04:00" start="2026-09-20T22:26:57.5125936+04:00" finish="2026-09-20T22:27:29.4323806+04:00" />
  <TestSettings name="default" id="04faaaee-9369-4589-a2e3-a6df0ffbaf8e">
    <Deployment runDeploymentRoot="Home_DESKTOP-K17A3M4_2026-09-20_22_26_58" />
  </TestSettings>
  <Results>
    <UnitTestResult executionId="e4f78176-b507-4af3-bfaf-eddc8d3133cd" testId="18e05992-c94e-021c-a1ef-507bc9eda9a3" testName="PayTaxi.Tests.Domain.PersonNameTests.Same_person_across_scripts_and_order(a: &quot;სოფო ხაჩიძე&quot;, b: &quot;Sopho Hachidze&quot;)" computerName="DESKTOP-K17A3M4" duration="00:00:00.0000252" startTime="2026-09-20T22:26:58.2176409+04:00" endTime="2026-09-20T22:26:58.2176409+04:00" testType="13cdc9d9-ddb5-4fa4-a97d-d965ccfc6d4b" outcome="Passed" testListId="8c84fa94-04c1-424b-9868-57a2d4851a1d" relativeResultsDirectory="e4f78176-b507-4af3-bfaf-eddc8d3133cd" />
    <UnitTestResult executionId="2a0487ee-61ba-4382-8a44-aeda6109c9ef" testId="355ea4d7-7763-e64f-9e9c-12929477063c" testName="PayTaxi.Tests.Integration.SessionsAndNotificationsTests.Logout_kills_only_that_device_and_garbage_tokens_are_rejected" computerName="DESKTOP-K17A3M4" duration="00:00:00.0981946" startTime="2026-09-20T22:27:25.9659362+04:00" endTime="2026-09-20T22:27:25.9659366+04:00" testType="13cdc9d9-ddb5-4fa4-a97d-d965ccfc6d4b" outcome="Passed" testListId="8c84fa94-04c1-424b-9868-57a2d4851a1d" relativeResultsDirectory="2a0487ee-61ba-4382-8a44-aeda6109c9ef" />
    <UnitTestResult executionId="89447f41-efd7-4dbc-a0de-dbfef9196b4f" testId="de1aade7-516b-8e0d-9d53-4c9b580b675b" testName="PayTaxi.Tests.Tbc.TbcPayoutAdapterTests.Status_codes_map_per_documentation(code: &quot;C&quot;, expected: Failed)" computerName="DESKTOP-K17A3M4" duration="00:00:00.0000342" startTime="2026-09-20T22:27:10.7090598+04:00" endTime="2026-09-20T22:27:10.7090600+04:00" testType="13cdc9d9-ddb5-4fa4-a97d-d965ccfc6d4b" outcome="Passed" testListId="8c84fa94-04c1-424b-9868-57a2d4851a1d" relativeResultsDirectory="89447f41-efd7-4dbc-a0de-dbfef9196b4f" />
    <UnitTestResult executionId="61566128-676d-40ff-aeef-0991398c2d56" testId="149c8e3c-2b7c-ac5f-1cb3-e198e1c0b01b" testName="PayTaxi.Tests.Integration.AuthAndAuthorizationTests.Tokens_are_scope_checked" computerName="DESKTOP-K17A3M4" duration="00:00:00.0155445" startTime="2026-09-20T22:27:21.0075620+04:00" endTime="2026-09-20T22:27:21.0075623+04:00" testType="13cdc9d9-ddb5-4fa4-a97d-d965ccfc6d4b" outcome="Passed" testListId="8c84fa94-04c1-424b-9868-57a2d4851a1d" relativeResultsDirectory="61566128-676d-40ff-aeef-0991398c2d56" />
    <UnitTestResult executionId="a590bc90-6401-4ee6-b1c2-9c5c4847ef43" testId="3b2a31ac-db3d-bd3c-eb42-7e3663ffb75f" testName="PayTaxi.Tests.Domain.PersonNameTests.Same_person_across_scripts_and_order(a: &quot;გიორგი მამულაშვილი&quot;, b: &quot;Гиорги Мамулашвили&quot;)" computerName="DESKTOP-K17A3M4" duration="00:00:00.0000381" startTime="2026-09-20T22:26:58.2176883+04:00" endTime="2026-09-20T22:26:58.2176884+04:00" testType="13cdc9d9-ddb5-4fa4-a97d-d965ccfc6d4b" outcome="Passed" testListId="8c84fa94-04c1-424b-9868-57a2d4851a1d" relativeResultsDirectory="a590bc90-6401-4ee6-b1c2-9c5c4847ef43" />
    <UnitTestResult executionId="3d43c351-283e-42b5-bdb0-d8a31f08048e" testId="df3d80ec-e59f-fb0f-9bb3-7d2e8955162b" testName="PayTaxi.Tests.Tbc.TbcPayoutAdapterTests.Status_codes_map_per_documentation(code: &quot;XYZ&quot;, expected: Unknown)" computerName="DESKTOP-K17A3M4" duration="00:00:00.0000131" startTime="2026-09-20T22:27:10.7093640+04:00" endTime="2026-09-20T22:27:10.7093641+04:00" testType="13cdc9d9-ddb5-4fa4-a97d-d965ccfc6d4b" outcome="Passed" testListId="8c84fa94-04c1-424b-9868-57a2d4851a1d" relativeResultsDirectory="3d43c351-283e-42b5-bdb0-d8a31f08048e" />
    <UnitTestResult executionId="cfe8edca-d9a6-4418-93e1-5e17916ac9e8" testId="ea046591-e621-30a4-6948-feebd5f36181" testName="PayTaxi.Tests.Domain.SettlementShareTests.A_single_cashout_straddling_the_cap_is_split_inside_it" computerName="DESKTOP-K17A3M4" duration="00:00:00.0012426" startTime="2026-09-20T22:27:10.8963305+04:00" endTime="2026-09-20T22:27:10.8963307+04:00" testType="13cdc9d9-ddb5-4fa4-a97d-d965ccfc6d4b" outcome="Passed" testListId="8c84fa94-04c1-424b-9868-57a2d4851a1d" relativeResultsDirectory="cfe8edca-d9a6-4418-93e1-5e17916ac9e8" />
    <UnitTestResult executionId="b3b7006f-4869-4b75-8ead-ddcfa124e2b9" testId="c466366d-714f-d584-c90b-5ce357e0ba2e" testName="PayTaxi.Tests.Integration.OwnershipRuleTests.Driver_can_add_account_in_own_name(profile: &quot;yp_tb3_003&quot;, holder: &quot;Levan Kobahidze&quot;)" computerName="DESKTOP-K17A3M4" duration="00:00:00.0322172" startTime="2026-09-20T22:27:24.4339370+04:00" endTime="2026-09-20T22:27:24.4339372+04:00" testType="13cdc9d9-ddb5-4fa4-a97d-d965ccfc6d4b" outcome="Passed" testListId="8c84fa94-04c1-424b-9868-57a2d4851a1d" relativeResultsDirectory="b3b7006f-4869-4b75-8ead-ddcfa124e2b9" />
    <UnitTestResult executionId="d80be862-705c-4d6b-820c-97e932a9cd88" testId="737dc152-d987-6e4e-8aa2-65c33b6ca09c" testName="PayTaxi.Tests.Tbc.TbcPayoutAdapterTests.List_transfers_returns_debits_keyed_by_payment_id" computerName="DESKTOP-K17A3M4" duration="00:00:00.0292574" startTime="2026-09-20T22:27:10.8749280+04:00" endTime="2026-09-20T22:27:10.8749287+04:00" testType="13cdc9d9-ddb5-4fa4-a97d-d965ccfc6d4b" outcome="Passed" testListId="8c84fa94-04c1-424b-9868-57a2d4851a1d" relativeResultsDirectory="d80be862-705c-4d6b-820c-97e932a9cd88" />
    <UnitTestResult executionId="eb32a6c9-e1d7-4d49-9f95-072753e26532" testId="37602a43-6b59-1b34-f94b-d3f65c28afcd" testName="PayTaxi.Tests.Yandex.YandexFleetClientTests.Rejected_write_returns_failure_with_yandex_code" computerName="DESKTOP-K17A3M4" duration="00:00:00.0059881" startTime="2026-09-20T22:27:29.2048211+04:00" endTime="2026-09-20T22:27:29.2048217+04:00" testType="13cdc9d9-ddb5-4fa4-a97d-d965ccfc6d4b" outcome="Passed" testListId="8c84fa94-04c1-424b-9868-57a2d4851a1d" relativeResultsDirectory="eb32a6c9-e1d7-4d49-9f95-072753e26532" />
    <UnitTestResult executionId="17c21f87-c926-49cd-9fdc-9aac7ff867d8" testId="a83a29f1-f7e6-7c1d-fef3-46d79086e7c8" testName="PayTaxi.Tests.Domain.PersonNameTests.Same_person_across_scripts_and_order(a: &quot;გიგა ფირცხალავა&quot;, b: &quot;Giga Firtskhalava&quot;)" computerName="DESKTOP-K17A3M4" duration="00:00:00.0000129" startTime="2026-09-20T22:26:58.2177224+04:00" endTime="2026-09-20T22:26:58.2177225+04:00" testType="13cdc9d9-ddb5-4fa4-a97d-d965ccfc6d4b" outcome="Passed" testListId="8c84fa94-04c1-424b-9868-57a2d4851a1d" relativeResultsDirectory="17c21f87-c926-49cd-9fdc-9aac7ff867d8" />
    <UnitTestResult executionId="eab6d3a9-28b5-48cc-9c4f-7a456455a56b" testId="cbe9f1ef-3c9c-f7bb-0b4e-b2085bcb3afb" testName="PayTaxi.Tests.Tbc.TbcPayoutAdapterTests.Duplicate_request_recovers_original_payment_id" computerName="DESKTOP-K17A3M4" duration="00:00:00.0239142" startTime="2026-09-20T22:27:10.8174948+04:00" endTime="2026-09-20T22:27:10.8174956+04:00" testType="13cdc9d9-ddb5-4fa4-a97d-d965ccfc6d4b" outcome="Passed" testListId="8c84fa94-04c1-424b-9868-57a2d4851a1d" relativeResultsDirectory="eab6d3a9-28b5-48cc-9c4f-7a456455a56b" />
    <UnitTestResult executionId="9beacf24-c856-435f-8e9e-df58657ae625" testId="43087e67-77ca-9d9c-c185-c1ec3eee0ce1" testName="PayTaxi.Tests.Integration.OwnershipRuleTests.Admin_needs_a_reason_for_a_third_party_account_and_the_flag_is_visible_everywhere" computerName="DESKTOP-K17A3M4" duration="00:00:00.5223122" startTime="2026-09-20T22:27:25.2313313+04:00" endTime="2026-09-20T22:27:25.2313318+04:00" testType="13cdc9d9-ddb5-4fa4-a97d-d965ccfc6d4b" outcome="Passed" testListId="8c84fa94-04c1-424b-9868-57a2d4851a1d" relativeResultsDirectory="9beacf24-c856-435f-8e9e-df58657ae625" />
    <UnitTestResult executionId="68df243a-b4a7-4188-b57b-d4ad53597850" testId="920cecfb-1fdf-6c25-f8e4-314ab8d74cc6" testName="PayTaxi.Tests.Integration.CashoutSagaTests.Idempotency_is_scoped_to_the_driver" computerName="DESKTOP-K17A3M4" duration="00:00:00.1894906" startTime="2026-09-20T22:27:23.0675287+04:00" endTime="2026-09-20T22:27:23.0675289+04:00" testType="13cdc9d9-ddb5-4fa4-a97d-d965ccfc6d4b" outcome="Passed" testListId="8c84fa94-04c1-424b-9868-57a2d4851a1d" relativeResultsDirectory="68df243a-b4a7-4188-b57b-d4ad53597850" />
    <UnitTestResult executionId="0ffb8967-46b1-4f8e-964d-d7d2c731c809" testId="dff9e8e2-f7c9-c6dc-388d-528717befcd6" testName="PayTaxi.Tests.Integration.PayoutQueueTests.Bank_says_not_now_so_the_cashout_queues_and_the_worker_completes_it" computerName="DESKTOP-K17A3M4" duration="00:00:10.4329843" startTime="2026-09-20T22:27:10.6764135+04:00" endTime="2026-09-20T22:27:10.6764141+04:00" testType="13cdc9d9-ddb5-4fa4-a97d-d965ccfc6d4b" outcome="Passed" testListId="8c84fa94-04c1-424b-9868-57a2d4851a1d" relativeResultsDirectory="0ffb8967-46b1-4f8e-964d-d7d2c731c809" />
    <UnitTestResult executionId="ba385a00-c567-4d82-aab4-df2ab530ef9e" testId="14c88695-3fbd-0e57-1795-c92a7c513baf" testName="PayTaxi.Tests.Tbc.TbcPayoutAdapterTests.Status_codes_map_per_documentation(code: &quot;FL&quot;, expected: Failed)" computerName="DESKTOP-K17A3M4" duration="00:00:00.0000119" startTime="2026-09-20T22:27:10.7092868+04:00" endTime="2026-09-20T22:27:10.7092869+04:00" testType="13cdc9d9-ddb5-4fa4-a97d-d965ccfc6d4b" outcome="Passed" testListId="8c84fa94-04c1-424b-9868-57a2d4851a1d" relativeResultsDirectory="ba385a00-c567-4d82-aab4-df2ab530ef9e" />
    <UnitTestResult executionId="dd643785-5fe2-4df1-9f3a-6b77c98cb71c" testId="62da4db8-6243-9495-66a3-927d567636d0" testName="PayTaxi.Tests.Domain.PersonNameTests.Same_person_across_scripts_and_order(a: &quot;ილია ჭავჭავაძე&quot;, b: &quot;Ilia Chavchavadze&quot;)" computerName="DESKTOP-K17A3M4" duration="00:00:00.0076631" startTime="2026-09-20T22:26:58.1875552+04:00" endTime="2026-09-20T22:26:58.1875784+04:00" testType="13cdc9d9-ddb5-4fa4-a97d-d965ccfc6d4b" outcome="Passed" testListId="8c84fa94-04c1-424b-9868-57a2d4851a1d" relativeResultsDirectory="dd643785-5fe2-4df1-9f3a-6b77c98cb71c" />
    <UnitTestResult executionId="ee0fd34e-f8f5-4f6b-b0da-ecbaaebaae17" testId="b538e72d-e6ea-c1d6-5051-5c68f89ba086" testName="PayTaxi.Tests.Domain.FieldEncryptorTests.Rejects_wrong_key_length" computerName="DESKTOP-K17A3M4" duration="00:00:00.0004699" startTime="2026-09-20T22:26:58.2196498+04:00" endTime="2026-09-20T22:26:58.2196498+04:00" testType="13cdc9d9-ddb5-4fa4-a97d-d965ccfc6d4b" outcome="Passed" testListId="8c84fa94-04c1-424b-9868-57a2d4851a1d" relativeResultsDirectory="ee0fd34e-f8f5-4f6b-b0da-ecbaaebaae17" />
    <UnitTestResult executionId="449737c2-eb47-4fd6-b1ea-1344a8e7c878" testId="2276dff7-820b-a6e0-b7a1-78b4bcb4439a" testName="PayTaxi.Tests.Domain.GeorgianIbanTests.Accepts_national_bank_example_iban" computerName="DESKTOP-K17A3M4" duration="00:00:00.0000670" startTime="2026-09-20T22:26:58.2197363+04:00" endTime="2026-09-20T22:26:58.2197364+04:00" testType="13cdc9d9-ddb5-4fa4-a97d-d965ccfc6d4b" outcome="Passed" testListId="8c84fa94-04c1-424b-9868-57a2d4851a1d" relativeResultsDirectory="449737c2-eb47-4fd6-b1ea-1344a8e7c878" />
    <UnitTestResult executionId="91291766-af8a-494f-aac4-b6e497cfdd9f" testId="95d383b3-9288-20e4-16e0-d722edc5eb73" testName="PayTaxi.Tests.Integration.OwnershipRuleTests.Overlong_input_is_a_400_not_a_500" computerName="DESKTOP-K17A3M4" duration="00:00:00.3362241" startTime="2026-09-20T22:27:25.5690996+04:00" endTime="2026-09-20T22:27:25.5690998+04:00" testType="13cdc9d9-ddb5-4fa4-a97d-d965ccfc6d4b" outcome="Passed" testListId="8c84fa94-04c1-424b-9868-57a2d4851a1d" relativeResultsDirectory="91291766-af8a-494f-aac4-b6e497cfdd9f" />
    <UnitTestResult executionId="77c9c31e-d9f8-46f1-bc6a-5d8083581c18" testId="4d941c63-7b84-e527-b196-8ddb3bfd9f5c" testName="PayTaxi.Tests.Integration.OwnershipRuleTests.Driver_can_add_account_in_own_name(profile: &quot;yp_tb3_007&quot;, holder: &quot;Valeri Tavadze&quot;)" computerName="DESKTOP-K17A3M4" duration="00:00:00.0356135" startTime="2026-09-20T22:27:24.5710961+04:00" endTime="2026-09-20T22:27:24.5710962+04:00" testType="13cdc9d9-ddb5-4fa4-a97d-d965ccfc6d4b" outcome="Passed" testListId="8c84fa94-04c1-424b-9868-57a2d4851a1d" relativeResultsDirectory="77c9c31e-d9f8-46f1-bc6a-5d8083581c18" />
    <UnitTestResult executionId="18803a5c-156f-4ad0-8e58-d374c397f08c" testId="b5d49954-ca59-c6c5-481a-9a91445f4bca" testName="PayTaxi.Tests.Domain.PersonNameTests.Different_person_is_rejected(a: &quot;Giorgi Mamulashvili&quot;, b: &quot;Nino Beridze&quot;)" computerName="DESKTOP-K17A3M4" duration="00:00:00.0000148" startTime="2026-09-20T22:26:58.2190048+04:00" endTime="2026-09-20T22:26:58.2190048+04:00" testType="13cdc9d9-ddb5-4fa4-a97d-d965ccfc6d4b" outcome="Passed" testListId="8c84fa94-04c1-424b-9868-57a2d4851a1d" relativeResultsDirectory="18803a5c-156f-4ad0-8e58-d374c397f08c" />
    <UnitTestResult executionId="ef7fae9e-75a0-40da-8a25-324bddc08bd5" testId="b389221f-00dd-10a8-cfb0-7828e1c54df4" testName="PayTaxi.Tests.Integration.AuthAndAuthorizationTests.Every_common_phone_spelling_reaches_the_same_driver(pattern: &quot;+995 {spaced}&quot;)" computerName="DESKTOP-K17A3M4" duration="00:00:00.0229896" startTime="2026-09-20T22:27:19.6665246+04:00" endTime="2026-09-20T22:27:19.6665249+04:00" testType="13cdc9d9-ddb5-4fa4-a97d-d965ccfc6d4b" outcome="Passed" testListId="8c84fa94-04c1-424b-9868-57a2d4851a1d" relativeResultsDirectory="ef7fae9e-75a0-40da-8a25-324bddc08bd5" />
    <UnitTestResult executionId="34be5e35-e087-4b9d-9ba5-fa3a3d65f4d5" testId="a51f6246-5a31-efd9-7aa0-53be3ae133d8" testName="PayTaxi.Tests.Domain.PersonNameTests.Different_person_is_rejected(a: &quot;Giorgi Mamulashvili&quot;, b: &quot;Giorgi Beridze&quot;)" computerName="DESKTOP-K17A3M4" duration="00:00:00.0002001" startTime="2026-09-20T22:26:58.2189750+04:00" endTime="2026-09-20T22:26:58.2189751+04:00" testType="13cdc9d9-ddb5-4fa4-a97d-d965ccfc6d4b" outcome="Passed" testListId="8c84fa94-04c1-424b-9868-57a2d4851a1d" relativeResultsDirectory="34be5e35-e087-4b9d-9ba5-fa3a3d65f4d5" />
    <UnitTestResult executionId="d4c194cc-52e0-4a45-ad52-121b0a5e046f" testId="5fcef2be-8964-301d-4445-134d939388a2" testName="PayTaxi.Tests.Integration.SettlementAndReconciliationTests.Invoice_is_refused_for_a_cashout_that_did_not_complete" computerName="DESKTOP-K17A3M4" duration="00:00:00.3830818" startTime="2026-09-20T22:27:27.7364849+04:00" endTime="2026-09-20T22:27:27.7364854+04:00" testType="13cdc9d9-ddb5-4fa4-a97d-d965ccfc6d4b" outcome="Passed" testListId="8c84fa94-04c1-424b-9868-57a2d4851a1d" relativeResultsDirectory="d4c194cc-52e0-4a45-ad52-121b0a5e046f" />
    <UnitTestResult executionId="05d60c91-8ab7-4898-97fa-a3a16a8b8ec5" testId="8046ded4-7a39-cece-5faa-2c8d70558848" testName="PayTaxi.Tests.Integration.OnboardingTests.Onboarding_with_the_drivers_own_iban_creates_an_unflagged_default_account" computerName="DESKTOP-K17A3M4" duration="00:00:00.3866852" startTime="2026-09-20T22:27:24.3596950+04:00" endTime="2026-09-20T22:27:24.3596952+04:00" testType="13cdc9d9-ddb5-4fa4-a97d-d965ccfc6d4b" outcome="Passed" testListId="8c84fa94-04c1-424b-9868-57a2d4851a1d" relativeResultsDirectory="05d60c91-8ab7-4898-97fa-a3a16a8b8ec5" />
    <UnitTestResult executionId="5e051223-8d0f-4527-881e-abf97b8bf47a" testId="3244576b-4845-5b25-41fd-26a97d491666" testName="PayTaxi.Tests.Tbc.TbcPayoutAdapterTests.Balance_comes_from_statement_closing_balance" computerName="DESKTOP-K17A3M4" duration="00:00:00.0138444" startTime="2026-09-20T22:27:10.7843086+04:00" endTime="2026-09-20T22:27:10.7843096+04:00" testType="13cdc9d9-ddb5-4fa4-a97d-d965ccfc6d4b" outcome="Passed" testListId="8c84fa94-04c1-424b-9868-57a2d4851a1d" relativeResultsDirectory="5e051223-8d0f-4527-881e-abf97b8bf47a" />
    <UnitTestResult executionId="de9f6d55-5283-4f70-8b57-f24e5f3cf22c" testId="8f783880-7daf-016d-0f5f-a630eccb60d0" testName="PayTaxi.Tests.Domain.PersonNameTests.Different_person_is_rejected(a: &quot;გიორგი მამულაშვილი&quot;, b: &quot;ნინო ბერიძე&quot;)" computerName="DESKTOP-K17A3M4" duration="00:00:00.0002996" startTime="2026-09-20T22:26:58.2178192+04:00" endTime="2026-09-20T22:26:58.2178193+04:00" testType="13cdc9d9-ddb5-4fa4-a97d-d965ccfc6d4b" outcome="Passed" testListId="8c84fa94-04c1-424b-9868-57a2d4851a1d" relativeResultsDirectory="de9f6d55-5283-4f70-8b57-f24e5f3cf22c" />
    <UnitTestResult executionId="1f164b9c-cbed-4f5f-a181-69489f88b0b7" testId="493c1b12-6a10-b30d-3590-b275dfa4b60d" testName="PayTaxi.Tests.Yandex.YandexFleetClientTests.Transactions_follow_cursor_and_map_amount_strings" computerName="DESKTOP-K17A3M4" duration="00:00:00.0055455" startTime="2026-09-20T22:27:29.2257415+04:00" endTime="2026-09-20T22:27:29.2257419+04:00" testType="13cdc9d9-ddb5-4fa4-a97d-d965ccfc6d4b" outcome="Passed" testListId="8c84fa94-04c1-424b-9868-57a2d4851a1d" relativeResultsDirectory="1f164b9c-cbed-4f5f-a181-69489f88b0b7" />
    <UnitTestResult executionId="41202ac2-e5da-494c-9eab-abc45eb18f97" testId="d0876f4f-77fa-3d2e-8ca4-ace31a538231" testName="PayTaxi.Tests.Integration.CashoutSagaTests.Two_concurrent_requests_never_pay_more_than_the_balance" computerName="DESKTOP-K17A3M4" duration="00:00:00.2205350" startTime="2026-09-20T22:27:21.6600857+04:00" endTime="2026-09-20T22:27:21.6600858+04:00" testType="13cdc9d9-ddb5-4fa4-a97d-d965ccfc6d4b" outcome="Passed" testListId="8c84fa94-04c1-424b-9868-57a2d4851a1d" relativeResultsDirectory="41202ac2-e5da-494c-9eab-abc45eb18f97" />
    <UnitTestResult executionId="c9644541-8929-4057-a48b-b89164d5a3c7" testId="952f170f-d6d8-e495-296d-5a08e6bc0434" testName="PayTaxi.Tests.Domain.PersonNameTests.Same_person_across_scripts_and_order(a: &quot;ლევან კობახიძე&quot;, b: &quot;Levan Kobahidze&quot;)" computerName="DESKTOP-K17A3M4" duration="00:00:00.0000113" startTime="2026-09-20T22:26:58.2177612+04:00" endTime="2026-09-20T22:26:58.2177613+04:00" testType="13cdc9d9-ddb5-4fa4-a97d-d965ccfc6d4b" outcome="Passed" testListId="8c84fa94-04c1-424b-9868-57a2d4851a1d" relativeResultsDirectory="c9644541-8929-4057-a48b-b89164d5a3c7" />
    <UnitTestResult executionId="5c8e92a4-71ef-4d58-90b2-85da7524fee1" testId="7b6b5b98-470e-3604-e3c1-297392eef644" testName="PayTaxi.Tests.Tbc.TbcPayoutAdapterTests.Status_codes_map_per_documentation(code: &quot;G&quot;, expected: Pending)" computerName="DESKTOP-K17A3M4" duration="00:00:00.0000145" startTime="2026-09-20T22:27:10.7091563+04:00" endTime="2026-09-20T22:27:10.7091564+04:00" testType="13cdc9d9-ddb5-4fa4-a97d-d965ccfc6d4b" outcome="Passed" testListId="8c84fa94-04c1-424b-9868-57a2d4851a1d" relativeResultsDirectory="5c8e92a4-71ef-4d58-90b2-85da7524fee1" />
    <UnitTestResult executionId="89df6384-172f-47e5-a5b9-bf78193af4e1" testId="d0d86145-3a14-8537-bd16-2b038ebfa848" testName="PayTaxi.Tests.Integration.AlertsTests.Alerts_need_an_admin_token" computerName="DESKTOP-K17A3M4" duration="00:00:00.0311645" startTime="2026-09-20T22:27:18.7766959+04:00" endTime="2026-09-20T22:27:18.7766966+04:00" testType="13cdc9d9-ddb5-4fa4-a97d-d965ccfc6d4b" outcome="Passed" testListId="8c84fa94-04c1-424b-9868-57a2d4851a1d" relativeResultsDirectory="89df6384-172f-47e5-a5b9-bf78193af4e1" />
    <UnitTestResult executionId="74b42d44-edaa-4316-9b23-e685ff4b96ea" testId="0136c90b-2c22-ee1b-492b-3a48f42e963a" testName="PayTaxi.Tests.Domain.PersonNameTests.Same_person_across_scripts_and_order(a: &quot;Giorgi Mamulashvili&quot;, b: &quot;MAMULASHVILI GIORGI&quot;)" computerName="DESKTOP-K17A3M4" duration="00:00:00.0000305" startTime="2026-09-20T22:26:58.2174872+04:00" endTime="2026-09-20T22:26:58.2174873+04:00" testType="13cdc9d9-ddb5-4fa4-a97d-d965ccfc6d4b" outcome="Passed" testListId="8c84fa94-04c1-424b-9868-57a2d4851a1d" relativeResultsDirectory="74b42d44-edaa-4316-9b23-e685ff4b96ea" />
    <UnitTestResult executionId="6816e31d-a309-49ee-a3d3-9f97446105d2" testId="622daf75-dd1d-59d7-442b-cd8a22b03133" testName="PayTaxi.Tests.Yandex.YandexFleetClientTests.Every_request_carries_park_headers" computerName="DESKTOP-K17A3M4" duration="00:00:00.0025604" startTime="2026-09-20T22:27:29.2076429+04:00" endTime="2026-09-20T22:27:29.2076434+04:00" testType="13cdc9d9-ddb5-4fa4-a97d-d965ccfc6d4b" outcome="Passed" testListId="8c84fa94-04c1-424b-9868-57a2d4851a1d" relativeResultsDirectory="6816e31d-a309-49ee-a3d3-9f97446105d2" />
    <UnitTestResult executionId="84af51a8-63d2-434f-acba-ad71f4f3436f" testId="8c903265-6831-3e29-e650-627590b07377" testName="PayTaxi.Tests.Yandex.YandexFleetClientTests.Rate_limit_and_server_errors_are_transient_for_the_retry_wrapper" computerName="DESKTOP-K17A3M4" duration="00:00:00.0034538" startTime="2026-09-20T22:27:29.2198573+04:00" endTime="2026-09-20T22:27:29.2198576+04:00" testType="13cdc9d9-ddb5-4fa4-a97d-d965ccfc6d4b" outcome="Passed" testListId="8c84fa94-04c1-424b-9868-57a2d4851a1d" relativeResultsDirectory="84af51a8-63d2-434f-acba-ad71f4f3436f" />
    <UnitTestResult executionId="3942cfb1-3dc1-4b35-841d-897c0a722d86" testId="57d30707-6f8c-6fb8-630f-378485ca23c7" testName="PayTaxi.Tests.Integration.OwnershipRuleTests.Driver_is_refused_for_someone_elses_name(profile: &quot;yp_tb3_007&quot;, holder: &quot;ნინო ბერიძე&quot;)" computerName="DESKTOP-K17A3M4" duration="00:00:00.0103231" startTime="2026-09-20T22:27:24.7072353+04:00" endTime="2026-09-20T22:27:24.7072356+04:00" testType="13cdc9d9-ddb5-4fa4-a97d-d965ccfc6d4b" outcome="Passed" testListId="8c84fa94-04c1-424b-9868-57a2d4851a1d" relativeResultsDirectory="3942cfb1-3dc1-4b35-841d-897c0a722d86" />
    <UnitTestResult executionId="068cee0c-913c-4b29-9483-31101f265f4d" testId="5c3ec09b-2e10-5202-bb1d-cefc5927f5f3" testName="PayTaxi.Tests.Integration.SettlementAndReconciliationTests.Levans_park_settles_at_phase1_and_a_network_park_at_50_percent" computerName="DESKTOP-K17A3M4" duration="00:00:01.1757091" startTime="2026-09-20T22:27:27.3520928+04:00" endTime="2026-09-20T22:27:27.3520932+04:00" testType="13cdc9d9-ddb5-4fa4-a97d-d965ccfc6d4b" outcome="Passed" testListId="8c84fa94-04c1-424b-9868-57a2d4851a1d" relativeResultsDirectory="068cee0c-913c-4b29-9483-31101f265f4d" />
    <UnitTestResult executionId="d3ecad36-b60f-4478-b219-910874035bd5" testId="64f177bf-2eb7-6be1-1193-b814ee504420" testName="PayTaxi.Tests.Integration.AuthAndAuthorizationTests.Every_common_phone_spelling_reaches_the_same_driver(pattern: &quot;{local}&quot;)" computerName="DESKTOP-K17A3M4" duration="00:00:00.2400502" startTime="2026-09-20T22:27:19.6172817+04:00" endTime="2026-09-20T22:27:19.6172820+04:00" testType="13cdc9d9-ddb5-4fa4-a97d-d965ccfc6d4b" outcome="Passed" testListId="8c84fa94-04c1-424b-9868-57a2d4851a1d" relativeResultsDirectory="d3ecad36-b60f-4478-b219-910874035bd5" />
    <UnitTestResult executionId="ce97f523-e6ff-494f-b121-2adc2aa6978d" testId="4f9ab524-6d33-c40c-adfd-4de4bc735e8c" testName="PayTaxi.Tests.Integration.OnboardingTests.Duplicate_phone_or_yandex_id_is_a_conflict_and_status_values_are_validated" computerName="DESKTOP-K17A3M4" duration="00:00:00.4389001" startTime="2026-09-20T22:27:23.9714750+04:00" endTime="2026-09-20T22:27:23.9714752+04:00" testType="13cdc9d9-ddb5-4fa4-a97d-d965ccfc6d4b" outcome="Passed" testListId="8c84fa94-04c1-424b-9868-57a2d4851a1d" relativeResultsDirectory="ce97f523-e6ff-494f-b121-2adc2aa6978d" />
    <UnitTestResult executionId="4da826a4-65a5-4b3a-a55c-b5f747f905c9" testId="2ff3f9e1-4927-cbaf-adfd-2ca6a71f449f" testName="PayTaxi.Tests.Domain.SettlementShareTests.Levan_park_takes_everything_under_the_cap" computerName="DESKTOP-K17A3M4" duration="00:00:00.0009471" startTime="2026-09-20T22:27:10.8980172+04:00" endTime="2026-09-20T22:27:10.8980174+04:00" testType="13cdc9d9-ddb5-4fa4-a97d-d965ccfc6d4b" outcome="Passed" testListId="8c84fa94-04c1-424b-9868-57a2d4851a1d" relativeResultsDirectory="4da826a4-65a5-4b3a-a55c-b5f747f905c9" />
    <UnitTestResult executionId="adf34af8-8140-41a1-ac57-97e38b824d63" testId="fdbff144-9d5c-0757-2610-9a21de2baa2b" testName="PayTaxi.Tests.Tbc.TbcPayoutAdapterTests.Import_still_processing_after_polls_returns_pending" computerName="DESKTOP-K17A3M4" duration="00:00:00.0058979" startTime="2026-09-20T22:27:10.7675976+04:00" endTime="2026-09-20T22:27:10.7675982+04:00" testType="13cdc9d9-ddb5-4fa4-a97d-d965ccfc6d4b" outcome="Passed" testListId="8c84fa94-04c1-424b-9868-57a2d4851a1d" relativeResultsDirectory="adf34af8-8140-41a1-ac57-97e38b824d63" />
    <UnitTestResult executionId="8b399428-698a-4857-82e5-cb9d4d937a1d" testId="d61a0251-de71-1a36-8033-4f35f519602b" testName="PayTaxi.Tests.Domain.FieldEncryptorTests.Tampering_or_wrong_key_is_detected" computerName="DESKTOP-K17A3M4" duration="00:00:00.0023317" startTime="2026-09-20T22:26:58.2195389+04:00" endTime="2026-09-20T22:26:58.2195390+04:00" testType="13cdc9d9-ddb5-4fa4-a97d-d965ccfc6d4b" outcome="Passed" testListId="8c84fa94-04c1-424b-9868-57a2d4851a1d" relativeResultsDirectory="8b399428-698a-4857-82e5-cb9d4d937a1d" />
    <UnitTestResult executionId="434fcef8-db33-4327-aa50-587ccddf9579" testId="94db0975-7c4a-0b0c-3bbc-976febc8bbde" testName="PayTaxi.Tests.Integration.AuthAndAuthorizationTests.Suspended_driver_cannot_log_in" computerName="DESKTOP-K17A3M4" duration="00:00:00.0890779" startTime="2026-09-20T22:27:20.1532099+04:00" endTime="2026-09-20T22:27:20.1532101+04:00" testType="13cdc9d9-ddb5-4fa4-a97d-d965ccfc6d4b" outcome="Passed" testListId="8c84fa94-04c1-424b-9868-57a2d4851a1d" relativeResultsDirectory="434fcef8-db33-4327-aa50-587ccddf9579" />
    <UnitTestResult executionId="d6b1947a-0420-4cda-8141-ff9ee4c4dfca" testId="9dac7c61-3e8a-ef94-dfc0-a8a839e9c665" testName="PayTaxi.Tests.Tbc.TbcPayoutAdapterTests.Import_then_bank_fails_it_is_non_retryable_with_error_detail" computerName="DESKTOP-K17A3M4" duration="00:00:00.0026022" startTime="2026-09-20T22:27:10.8781451+04:00" endTime="2026-09-20T22:27:10.8781456+04:00" testType="13cdc9d9-ddb5-4fa4-a97d-d965ccfc6d4b" outcome="Passed" testListId="8c84fa94-04c1-424b-9868-57a2d4851a1d" relativeResultsDirectory="d6b1947a-0420-4cda-8141-ff9ee4c4dfca" />
    <UnitTestResult executionId="dba8e9c4-8f8b-473f-9994-8f1a27e11027" testId="65bff3cf-732a-436e-3473-477efe9562d6" testName="PayTaxi.Tests.Integration.OnboardingTests.Onboarding_with_someone_elses_iban_needs_a_reason_and_creates_nothing_without_one" computerName="DESKTOP-K17A3M4" duration="00:00:00.4613374" startTime="2026-09-20T22:27:23.5313009+04:00" endTime="2026-09-20T22:27:23.5313014+04:00" testType="13cdc9d9-ddb5-4fa4-a97d-d965ccfc6d4b" outcome="Passed" testListId="8c84fa94-04c1-424b-9868-57a2d4851a1d" relativeResultsDirectory="dba8e9c4-8f8b-473f-9994-8f1a27e11027" />
    <UnitTestResult executionId="961b94c4-52ad-49da-9911-1b54e73fe578" testId="f306c384-dcdb-2909-dfe8-fd5fbcdb2395" testName="PayTaxi.Tests.Integration.CashoutSagaTests.Balance_cache_reflects_a_debit_immediately" computerName="DESKTOP-K17A3M4" duration="00:00:00.1076251" startTime="2026-09-20T22:27:21.1945844+04:00" endTime="2026-09-20T22:27:21.1945847+04:00" testType="13cdc9d9-ddb5-4fa4-a97d-d965ccfc6d4b" outcome="Passed" testListId="8c84fa94-04c1-424b-9868-57a2d4851a1d" relativeResultsDirectory="961b94c4-52ad-49da-9911-1b54e73fe578" />
    <UnitTestResult executionId="f1d76ccb-8b85-48b8-aa9a-0ca07014b43f" testId="b58dfb2a-b0c0-e65f-6fa7-84034df42af6" testName="PayTaxi.Tests.Tbc.TbcPayoutAdapterTests.Status_codes_map_per_documentation(code: &quot;VERIF&quot;, expected: Pending)" computerName="DESKTOP-K17A3M4" duration="00:00:00.0072484" startTime="2026-09-20T22:27:10.7076247+04:00" endTime="2026-09-20T22:27:10.7076254+04:00" testType="13cdc9d9-ddb5-4fa4-a97d-d965ccfc6d4b" outcome="Passed" testListId="8c84fa94-04c1-424b-9868-57a2d4851a1d" relativeResultsDirectory="f1d76ccb-8b85-48b8-aa9a-0ca07014b43f" />
    <UnitTestResult executionId="cae7dc59-f12e-4792-91d8-0f14dd40fc61" testId="26e031d4-6d3d-9c74-b1eb-f3b1d7522127" testName="PayTaxi.Tests.Tbc.TbcPayoutAdapterTests.Status_codes_map_per_documentation(code: &quot;WC&quot;, expected: Pending)" computerName="DESKTOP-K17A3M4" duration="00:00:00.0000301" startTime="2026-09-20T22:27:10.7088212+04:00" endTime="2026-09-20T22:27:10.7088215+04:00" testType="13cdc9d9-ddb5-4fa4-a97d-d965ccfc6d4b" outcome="Passed" testListId="8c84fa94-04c1-424b-9868-57a2d4851a1d" relativeResultsDirectory="cae7dc59-f12e-4792-91d8-0f14dd40fc61" />
    <UnitTestResult executionId="d6a3ebd0-e882-44c5-968d-48120bd9f26f" testId="089b2ff6-6103-f8eb-7041-5c8f02017f55" testName="PayTaxi.Tests.Domain.PersonNameTests.Transliteration_yields_lowercase_latin_only" computerName="DESKTOP-K17A3M4" duration="00:00:00.0008820" startTime="2026-09-20T22:26:58.2190879+04:00" endTime="2026-09-20T22:26:58.2190880+04:00" testType="13cdc9d9-ddb5-4fa4-a97d-d965ccfc6d4b" outcome="Passed" testListId="8c84fa94-04c1-424b-9868-57a2d4851a1d" relativeResultsDirectory="d6a3ebd0-e882-44c5-968d-48120bd9f26f" />
    <UnitTestResult executionId="67143300-13d3-4e7b-8d6d-207f3d2826f4" testId="d0103832-2b63-5ad0-dde0-49b974922595" testName="PayTaxi.Tests.Domain.PersonNameTests.Same_person_across_scripts_and_order(a: &quot;გიორგი მამულაშვილი&quot;, b: &quot;Giorgi Mamulashvili&quot;)" computerName="DESKTOP-K17A3M4" duration="00:00:00.0000376" startTime="2026-09-20T22:26:58.1917648+04:00" endTime="2026-09-20T22:26:58.1917649+04:00" testType="13cdc9d9-ddb5-4fa4-a97d-d965ccfc6d4b" outcome="Passed" testListId="8c84fa94-04c1-424b-9868-57a2d4851a1d" relativeResultsDirectory="67143300-13d3-4e7b-8d6d-207f3d2826f4" />
    <UnitTestResult executionId="ad58d4b5-54db-45b7-95cb-8994139598ab" testId="74fcdb71-95b1-1e18-efb5-a6d4fb5466ed" testName="PayTaxi.Tests.Domain.FieldEncryptorTests.Roundtrip_and_prefix" computerName="DESKTOP-K17A3M4" duration="00:00:00.0002664" startTime="2026-09-20T22:26:58.2195674+04:00" endTime="2026-09-20T22:26:58.2195675+04:00" testType="13cdc9d9-ddb5-4fa4-a97d-d965ccfc6d4b" outcome="Passed" testListId="8c84fa94-04c1-424b-9868-57a2d4851a1d" relativeResultsDirectory="ad58d4b5-54db-45b7-95cb-8994139598ab" />
    <UnitTestResult executionId="73ba2ce3-a8b5-4f89-b544-a88db48e5df7" testId="0161f87a-a713-96ef-8897-57f39464b4d4" testName="PayTaxi.Tests.Integration.AuthAndAuthorizationTests.Every_common_phone_spelling_reaches_the_same_driver(pattern: &quot;995{local}&quot;)" computerName="DESKTOP-K17A3M4" duration="00:00:00.0243068" startTime="2026-09-20T22:27:19.6426074+04:00" endTime="2026-09-20T22:27:19.6426077+04:00" testType="13cdc9d9-ddb5-4fa4-a97d-d965ccfc6d4b" outcome="Passed" testListId="8c84fa94-04c1-424b-9868-57a2d4851a1d" relativeResultsDirectory="73ba2ce3-a8b5-4f89-b544-a88db48e5df7" />
    <UnitTestResult executionId="6b668157-48be-4525-9aa6-ba4de794e136" testId="f7ff2bb3-b056-e6d2-ed26-8d6194553648" testName="PayTaxi.Tests.Domain.PersonNameTests.Same_person_across_scripts_and_order(a: &quot;გიორგი ღვინიაშვილი&quot;, b: &quot;Giorgi Gviniashvili&quot;)" computerName="DESKTOP-K17A3M4" duration="00:00:00.0000129" startTime="2026-09-20T22:26:58.2176607+04:00" endTime="2026-09-20T22:26:58.2176607+04:00" testType="13cdc9d9-ddb5-4fa4-a97d-d965ccfc6d4b" outcome="Passed" testListId="8c84fa94-04c1-424b-9868-57a2d4851a1d" relativeResultsDirectory="6b668157-48be-4525-9aa6-ba4de794e136" />
    <UnitTestResult executionId="da6b4aec-4926-467c-bc30-c98588fcd39f" testId="90de623f-9895-66f6-ed62-e9408c688e4a" testName="PayTaxi.Tests.Integration.AuthAndAuthorizationTests.Fee_is_swich_only_but_limits_are_park_editable" computerName="DESKTOP-K17A3M4" duration="00:00:00.8264421" startTime="2026-09-20T22:27:20.9808968+04:00" endTime="2026-09-20T22:27:20.9808971+04:00" testType="13cdc9d9-ddb5-4fa4-a97d-d965ccfc6d4b" outcome="Passed" testListId="8c84fa94-04c1-424b-9868-57a2d4851a1d" relativeResultsDirectory="da6b4aec-4926-467c-bc30-c98588fcd39f" />
    <UnitTestResult executionId="94f154cd-2625-44db-b7b6-7e446f7c6add" testId="a311b686-d906-7b0b-cb74-5addfc657e37" testName="PayTaxi.Tests.Yandex.YandexFleetClientTests.Balance_query_filters_by_profile_id" computerName="DESKTOP-K17A3M4" duration="00:00:00.0035176" startTime="2026-09-20T22:27:29.2112663+04:00" endTime="2026-09-20T22:27:29.2112667+04:00" testType="13cdc9d9-ddb5-4fa4-a97d-d965ccfc6d4b" outcome="Passed" testListId="8c84fa94-04c1-424b-9868-57a2d4851a1d" relativeResultsDirectory="94f154cd-2625-44db-b7b6-7e446f7c6add" />
    <UnitTestResult executionId="60fff5f9-204f-4455-922c-82e9b4c941a4" testId="1bc98f8f-cdbc-acdf-08a3-726943cfb9f9" testName="PayTaxi.Tests.Integration.OwnershipRuleTests.Driver_is_refused_for_someone_elses_name(profile: &quot;yp_tb3_003&quot;, holder: &quot;Levan Kobakhadze&quot;)" computerName="DESKTOP-K17A3M4" duration="00:00:00.0124041" startTime="2026-09-20T22:27:24.6960403+04:00" endTime="2026-09-20T22:27:24.6960407+04:00" testType="13cdc9d9-ddb5-4fa4-a97d-d965ccfc6d4b" outcome="Passed" testListId="8c84fa94-04c1-424b-9868-57a2d4851a1d" relativeResultsDirectory="60fff5f9-204f-4455-922c-82e9b4c941a4" />
    <UnitTestResult executionId="ff83e681-fbb1-47ad-8603-2546bfe13cd9" testId="9ec24d16-46f2-6a8e-0dcf-9b06bb09a22d" testName="PayTaxi.Tests.Yandex.YandexFleetClientTests.Profiles_are_paged_by_offset_and_mapped" computerName="DESKTOP-K17A3M4" duration="00:00:00.0262455" startTime="2026-09-20T22:27:29.1985903+04:00" endTime="2026-09-20T22:27:29.1985908+04:00" testType="13cdc9d9-ddb5-4fa4-a97d-d965ccfc6d4b" outcome="Passed" testListId="8c84fa94-04c1-424b-9868-57a2d4851a1d" relativeResultsDirectory="ff83e681-fbb1-47ad-8603-2546bfe13cd9" />
    <UnitTestResult executionId="45959498-0497-4658-a243-38741d582c92" testId="82074611-b4f5-7fac-c1d4-2a250abd53d4" testName="PayTaxi.Tests.Integration.AuthAndAuthorizationTests.Otp_requests_are_capped_per_phone" computerName="DESKTOP-K17A3M4" duration="00:00:00.0765427" startTime="2026-09-20T22:27:21.0853620+04:00" endTime="2026-09-20T22:27:21.0853626+04:00" testType="13cdc9d9-ddb5-4fa4-a97d-d965ccfc6d4b" outcome="Passed" testListId="8c84fa94-04c1-424b-9868-57a2d4851a1d" relativeResultsDirectory="45959498-0497-4658-a243-38741d582c92" />
    <UnitTestResult executionId="2bc7fc39-fbbc-41ad-bafb-20ee06fd129f" testId="2d030a41-db52-2472-6fb9-7e9fe6d44e4b" testName="PayTaxi.Tests.Integration.AlertsTests.Failed_settlement_raises_a_danger_alert_scoped_by_role_and_the_signature_tracks_the_set" computerName="DESKTOP-K17A3M4" duration="00:00:01.5677191" startTime="2026-09-20T22:27:18.7440353+04:00" endTime="2026-09-20T22:27:18.7440357+04:00" testType="13cdc9d9-ddb5-4fa4-a97d-d965ccfc6d4b" outcome="Passed" testListId="8c84fa94-04c1-424b-9868-57a2d4851a1d" relativeResultsDirectory="2bc7fc39-fbbc-41ad-bafb-20ee06fd129f" />
    <UnitTestResult executionId="1017d1ef-acbc-4df9-8cd6-5483133013e3" testId="2682ce0e-8858-3cbd-990b-843eb45e3793" testName="PayTaxi.Tests.Tbc.TbcPayoutAdapterTests.Expired_credentials_fault_is_retryable_ops_problem" computerName="DESKTOP-K17A3M4" duration="00:00:00.0039265" startTime="2026-09-20T22:27:10.8894401+04:00" endTime="2026-09-20T22:27:10.8894407+04:00" testType="13cdc9d9-ddb5-4fa4-a97d-d965ccfc6d4b" outcome="Passed" testListId="8c84fa94-04c1-424b-9868-57a2d4851a1d" relativeResultsDirectory="1017d1ef-acbc-4df9-8cd6-5483133013e3" />
    <UnitTestResult executionId="ca51e779-2051-4ad3-a987-df64b2fea356" testId="cba39219-5c48-5560-2a4a-99b35e0ec505" testName="PayTaxi.Tests.Tbc.TbcPayoutAdapterTests.Non_xml_response_throws_so_caller_does_lookup" computerName="DESKTOP-K17A3M4" duration="00:00:00.0064087" startTime="2026-09-20T22:27:10.8852228+04:00" endTime="2026-09-20T22:27:10.8852232+04:00" testType="13cdc9d9-ddb5-4fa4-a97d-d965ccfc6d4b" outcome="Passed" testListId="8c84fa94-04c1-424b-9868-57a2d4851a1d" relativeResultsDirectory="ca51e779-2051-4ad3-a987-df64b2fea356" />
    <UnitTestResult executionId="0a7165aa-bd15-4c6d-afa1-457f1a131b44" testId="4a875892-d373-5041-d135-192fd4af5a1d" testName="PayTaxi.Tests.Tbc.TbcPayoutAdapterTests.Request_id_is_deterministic_and_fits_xsd_long" computerName="DESKTOP-K17A3M4" duration="00:00:00.0106986" startTime="2026-09-20T22:27:10.8406574+04:00" endTime="2026-09-20T22:27:10.8406582+04:00" testType="13cdc9d9-ddb5-4fa4-a97d-d965ccfc6d4b" outcome="Passed" testListId="8c84fa94-04c1-424b-9868-57a2d4851a1d" relativeResultsDirectory="0a7165aa-bd15-4c6d-afa1-457f1a131b44" />
    <UnitTestResult executionId="e3e41d94-e125-48a8-8929-b7fdcc8cb53f" testId="e34228c5-f04c-befe-99c5-2d73c51f7b59" testName="PayTaxi.Tests.Domain.PersonNameTests.Different_person_is_rejected(a: &quot;Георгий Кобахидзе&quot;, b: &quot;Giorgi Kobakhidze&quot;)" computerName="DESKTOP-K17A3M4" duration="00:00:00.0000260" startTime="2026-09-20T22:26:58.2190248+04:00" endTime="2026-09-20T22:26:58.2190249+04:00" testType="13cdc9d9-ddb5-4fa4-a97d-d965ccfc6d4b" outcome="Passed" testListId="8c84fa94-04c1-424b-9868-57a2d4851a1d" relativeResultsDirectory="e3e41d94-e125-48a8-8929-b7fdcc8cb53f" />
    <UnitTestResult executionId="0a7ec52a-af1d-4b74-8168-0ed7867ce4e8" testId="bef91c4b-aa98-2ddb-01bc-90bdfc1f8471" testName="PayTaxi.Tests.Domain.PersonNameTests.Same_person_across_scripts_and_order(a: &quot;Giorgi Mamulashvili&quot;, b: &quot;Giorgi Tornike Mamulashvili&quot;)" computerName="DESKTOP-K17A3M4" duration="00:00:00.0000388" startTime="2026-09-20T22:26:58.1918730+04:00" endTime="2026-09-20T22:26:58.1918731+04:00" testType="13cdc9d9-ddb5-4fa4-a97d-d965ccfc6d4b" outcome="Passed" testListId="8c84fa94-04c1-424b-9868-57a2d4851a1d" relativeResultsDirectory="0a7ec52a-af1d-4b74-8168-0ed7867ce4e8" />
    <UnitTestResult executionId="02cf4e31-73f1-40d8-a76a-dbfdca0ba400" testId="5a8184c7-0b6a-b186-79cb-afb193aea782" testName="PayTaxi.Tests.Tbc.TbcPayoutAdapterTests.Missing_credentials_are_retryable_not_reversing" computerName="DESKTOP-K17A3M4" duration="00:00:00.0021259" startTime="2026-09-20T22:27:10.7700155+04:00" endTime="2026-09-20T22:27:10.7700159+04:00" testType="13cdc9d9-ddb5-4fa4-a97d-d965ccfc6d4b" outcome="Passed" testListId="8c84fa94-04c1-424b-9868-57a2d4851a1d" relativeResultsDirectory="02cf4e31-73f1-40d8-a76a-dbfdca0ba400" />
    <UnitTestResult executionId="945366ac-5f86-48c0-9b2c-982d69c50adc" testId="c9bbf10e-c4cf-033c-fd2f-b04b4939dcbe" testName="PayTaxi.Tests.Domain.SettlementShareTests.Crossover_day_splits_exactly_at_the_cap" computerName="DESKTOP-K17A3M4" duration="00:00:00.0006371" startTime="2026-09-20T22:27:10.8981357+04:00" endTime="2026-09-20T22:27:10.8981358+04:00" testType="13cdc9d9-ddb5-4fa4-a97d-d965ccfc6d4b" outcome="Passed" testListId="8c84fa94-04c1-424b-9868-57a2d4851a1d" relativeResultsDirectory="945366ac-5f86-48c0-9b2c-982d69c50adc" />
    <UnitTestResult executionId="d9afed77-d793-4021-9cc1-fb807b371c69" testId="5fae6256-8ab5-04cf-7a36-140eb0c050ed" testName="PayTaxi.Tests.Domain.PersonNameTests.Same_person_across_scripts_and_order(a: &quot;თამარ ბერიძე&quot;, b: &quot;Tamar Beridze&quot;)" computerName="DESKTOP-K17A3M4" duration="00:00:00.0000338" startTime="2026-09-20T22:26:58.1920544+04:00" endTime="2026-09-20T22:26:58.1920544+04:00" testType="13cdc9d9-ddb5-4fa4-a97d-d965ccfc6d4b" outcome="Passed" testListId="8c84fa94-04c1-424b-9868-57a2d4851a1d" relativeResultsDirectory="d9afed77-d793-4021-9cc1-fb807b371c69" />
    <UnitTestResult executionId="9d214096-b21e-493b-9915-a8fa59acbbf3" testId="f3ffa624-26ff-9f64-90de-e9dd9d0edf3b" testName="PayTaxi.Tests.Yandex.YandexFleetClientTests.Cashout_posts_negative_amount_with_category_and_idempotency_token" computerName="DESKTOP-K17A3M4" duration="00:00:00.0017015" startTime="2026-09-20T22:27:29.2275928+04:00" endTime="2026-09-20T22:27:29.2275930+04:00" testType="13cdc9d9-ddb5-4fa4-a97d-d965ccfc6d4b" outcome="Passed" testListId="8c84fa94-04c1-424b-9868-57a2d4851a1d" relativeResultsDirectory="9d214096-b21e-493b-9915-a8fa59acbbf3" />
    <UnitTestResult executionId="ae833c56-4bf4-4dff-9812-d764e28d976c" testId="36d2427d-2764-c798-da00-2ae104ea7b66" testName="PayTaxi.Tests.Integration.SettlementAndReconciliationTests.Reconciliation_does_not_flag_the_settlement_transfer_as_an_orphan" computerName="DESKTOP-K17A3M4" duration="00:00:01.4290346" startTime="2026-09-20T22:27:29.1665997+04:00" endTime="2026-09-20T22:27:29.1665999+04:00" testType="13cdc9d9-ddb5-4fa4-a97d-d965ccfc6d4b" outcome="Passed" testListId="8c84fa94-04c1-424b-9868-57a2d4851a1d" relativeResultsDirectory="ae833c56-4bf4-4dff-9812-d764e28d976c" />
    <UnitTestResult executionId="bf340307-3c89-485e-aca5-2cea894f0af0" testId="cf6bcd09-7076-79bc-5f96-be9a732f4a30" testName="PayTaxi.Tests.Yandex.YandexFleetClientTests.Reversal_posts_positive_amount_and_same_token_for_same_key" computerName="DESKTOP-K17A3M4" duration="00:00:00.0019167" startTime="2026-09-20T22:27:29.2297988+04:00" endTime="2026-09-20T22:27:29.2297990+04:00" testType="13cdc9d9-ddb5-4fa4-a97d-d965ccfc6d4b" outcome="Passed" testListId="8c84fa94-04c1-424b-9868-57a2d4851a1d" relativeResultsDirectory="bf340307-3c89-485e-aca5-2cea894f0af0" />
    <UnitTestResult executionId="7dd03456-fa3d-4e95-9f66-98e52b1bb480" testId="c0f82097-8660-994a-92f5-cb76cedc7a60" testName="PayTaxi.Tests.Integration.CashoutSagaTests.Rejections_are_typed_with_params" computerName="DESKTOP-K17A3M4" duration="00:00:00.0629830" startTime="2026-09-20T22:27:21.2587592+04:00" endTime="2026-09-20T22:27:21.2587594+04:00" testType="13cdc9d9-ddb5-4fa4-a97d-d965ccfc6d4b" outcome="Passed" testListId="8c84fa94-04c1-424b-9868-57a2d4851a1d" relativeResultsDirectory="7dd03456-fa3d-4e95-9f66-98e52b1bb480" />
    <UnitTestResult executionId="134bb0b9-f55e-44da-b10d-3abf65da71b9" testId="6eea26f9-276b-eb9b-b4a7-67e117490f14" testName="PayTaxi.Tests.Tbc.TbcPayoutAdapterTests.Find_by_key_returns_null_when_bank_never_saw_it" computerName="DESKTOP-K17A3M4" duration="00:00:00.0035262" startTime="2026-09-20T22:27:10.8255047+04:00" endTime="2026-09-20T22:27:10.8255067+04:00" testType="13cdc9d9-ddb5-4fa4-a97d-d965ccfc6d4b" outcome="Passed" testListId="8c84fa94-04c1-424b-9868-57a2d4851a1d" relativeResultsDirectory="134bb0b9-f55e-44da-b10d-3abf65da71b9" />
    <UnitTestResult executionId="84e5342f-7959-4477-a95a-89bd7ecb6b35" testId="95c87574-86fa-7cfb-46fb-9b6777dd914e" testName="PayTaxi.Tests.Domain.FieldEncryptorTests.Same_plaintext_encrypts_differently_each_time" computerName="DESKTOP-K17A3M4" duration="00:00:00.0035495" startTime="2026-09-20T22:26:58.2195082+04:00" endTime="2026-09-20T22:26:58.2195083+04:00" testType="13cdc9d9-ddb5-4fa4-a97d-d965ccfc6d4b" outcome="Passed" testListId="8c84fa94-04c1-424b-9868-57a2d4851a1d" relativeResultsDirectory="84e5342f-7959-4477-a95a-89bd7ecb6b35" />
    <UnitTestResult executionId="be6f5e07-412c-48b2-96ed-45f408590c81" testId="d822ae40-3eee-d6d9-8293-7e31caeca762" testName="PayTaxi.Tests.Domain.PersonNameTests.Same_person_across_scripts_and_order(a: &quot;Levan Kobakhidze&quot;, b: &quot;levan  kobakhidze &quot;)" computerName="DESKTOP-K17A3M4" duration="00:00:00.0000530" startTime="2026-09-20T22:26:58.1919784+04:00" endTime="2026-09-20T22:26:58.1919785+04:00" testType="13cdc9d9-ddb5-4fa4-a97d-d965ccfc6d4b" outcome="Passed" testListId="8c84fa94-04c1-424b-9868-57a2d4851a1d" relativeResultsDirectory="be6f5e07-412c-48b2-96ed-45f408590c81" />
    <UnitTestResult executionId="3bdcd13a-62d6-4e77-a232-40ed40aa267a" testId="5c2f2d34-7fcf-a4ad-1c08-07221b922d50" testName="PayTaxi.Tests.Integration.SessionsAndNotificationsTests.Refresh_rotates_and_a_replayed_token_revokes_every_session" computerName="DESKTOP-K17A3M4" duration="00:00:00.1811537" startTime="2026-09-20T22:27:25.8667825+04:00" endTime="2026-09-20T22:27:25.8667827+04:00" testType="13cdc9d9-ddb5-4fa4-a97d-d965ccfc6d4b" outcome="Passed" testListId="8c84fa94-04c1-424b-9868-57a2d4851a1d" relativeResultsDirectory="3bdcd13a-62d6-4e77-a232-40ed40aa267a" />
    <UnitTestResult executionId="a66a6968-785c-4a39-9e09-c5ac9b55400e" testId="d914d186-fd84-98eb-87ca-13fc6fb3c715" testName="PayTaxi.Tests.Integration.AuthAndAuthorizationTests.Production_bootstrap_does_not_seed_demo_data" computerName="DESKTOP-K17A3M4" duration="00:00:00.0095095" startTime="2026-09-20T22:27:20.9911199+04:00" endTime="2026-09-20T22:27:20.9911201+04:00" testType="13cdc9d9-ddb5-4fa4-a97d-d965ccfc6d4b" outcome="Passed" testListId="8c84fa94-04c1-424b-9868-57a2d4851a1d" relativeResultsDirectory="a66a6968-785c-4a39-9e09-c5ac9b55400e" />
    <UnitTestResult executionId="6493a4be-5c4b-42d6-9e37-472e89ffe228" testId="b5bf4958-f2ad-2336-30cc-f465e0ee2b2a" testName="PayTaxi.Tests.Integration.OwnershipRuleTests.Driver_can_add_account_in_own_name(profile: &quot;yp_tb3_003&quot;, holder: &quot;ლევან კობახიძე&quot;)" computerName="DESKTOP-K17A3M4" duration="00:00:00.0309256" startTime="2026-09-20T22:27:24.5345069+04:00" endTime="2026-09-20T22:27:24.5345071+04:00" testType="13cdc9d9-ddb5-4fa4-a97d-d965ccfc6d4b" outcome="Passed" testListId="8c84fa94-04c1-424b-9868-57a2d4851a1d" relativeResultsDirectory="6493a4be-5c4b-42d6-9e37-472e89ffe228" />
    <UnitTestResult executionId="b1af944d-902d-4067-b3b1-5da3dcead58c" testId="a663c87b-cf55-d0c2-6f74-98c20df41d23" testName="PayTaxi.Tests.Integration.AuthAndAuthorizationTests.Every_common_phone_spelling_reaches_the_same_driver(pattern: &quot;0{local}&quot;)" computerName="DESKTOP-K17A3M4" duration="00:00:00.0213086" startTime="2026-09-20T22:27:19.6888318+04:00" endTime="2026-09-20T22:27:19.6888323+04:00" testType="13cdc9d9-ddb5-4fa4-a97d-d965ccfc6d4b" outcome="Passed" testListId="8c84fa94-04c1-424b-9868-57a2d4851a1d" relativeResultsDirectory="b1af944d-902d-4067-b3b1-5da3dcead58c" />
    <UnitTestResult executionId="df19cca6-2bb5-4297-b92a-591d43d11f59" testId="7271bd64-55c1-be8d-3c8d-c3f49b075091" testName="PayTaxi.Tests.Tbc.TbcPayoutAdapterTests.Nonce_is_included_when_configured" computerName="DESKTOP-K17A3M4" duration="00:00:00.0044353" startTime="2026-09-20T22:27:10.8454070+04:00" endTime="2026-09-20T22:27:10.8454076+04:00" testType="13cdc9d9-ddb5-4fa4-a97d-d965ccfc6d4b" outcome="Passed" testListId="8c84fa94-04c1-424b-9868-57a2d4851a1d" relativeResultsDirectory="df19cca6-2bb5-4297-b92a-591d43d11f59" />
    <UnitTestResult executionId="eb35287d-79f9-4b7f-9aec-07d9813a7f3d" testId="0500610a-e9fc-92f3-544e-3852886a0a1d" testName="PayTaxi.Tests.Domain.PersonNameTests.Same_person_across_scripts_and_order(a: &quot;ზურაბ ჟვანია&quot;, b: &quot;Zurab Jvania&quot;)" computerName="DESKTOP-K17A3M4" duration="00:00:00.0000119" startTime="2026-09-20T22:26:58.2177422+04:00" endTime="2026-09-20T22:26:58.2177422+04:00" testType="13cdc9d9-ddb5-4fa4-a97d-d965ccfc6d4b" outcome="Passed" testListId="8c84fa94-04c1-424b-9868-57a2d4851a1d" relativeResultsDirectory="eb35287d-79f9-4b7f-9aec-07d9813a7f3d" />
    <UnitTestResult executionId="f32a5b12-1f3f-4935-a516-61ee90f2a87a" testId="dd9d5646-437d-d38a-0895-ca9418ff553d" testName="PayTaxi.Tests.Domain.PersonNameTests.Same_person_across_scripts_and_order(a: &quot;ნინო ჩხეიძე&quot;, b: &quot;Nino Chkheidze&quot;)" computerName="DESKTOP-K17A3M4" duration="00:00:00.0000352" startTime="2026-09-20T22:26:58.1919241+04:00" endTime="2026-09-20T22:26:58.1919242+04:00" testType="13cdc9d9-ddb5-4fa4-a97d-d965ccfc6d4b" outcome="Passed" testListId="8c84fa94-04c1-424b-9868-57a2d4851a1d" relativeResultsDirectory="f32a5b12-1f3f-4935-a516-61ee90f2a87a" />
    <UnitTestResult executionId="6592f0c2-d77f-487e-84c9-b11c04c48944" testId="0c7d1fb5-3b61-cd13-d754-6e8d970844ba" testName="PayTaxi.Tests.Domain.FieldEncryptorTests.Legacy_plaintext_and_empty_pass_through" computerName="DESKTOP-K17A3M4" duration="00:00:00.0001413" startTime="2026-09-20T22:26:58.2196100+04:00" endTime="2026-09-20T22:26:58.2196101+04:00" testType="13cdc9d9-ddb5-4fa4-a97d-d965ccfc6d4b" outcome="Passed" testListId="8c84fa94-04c1-424b-9868-57a2d4851a1d" relativeResultsDirectory="6592f0c2-d77f-487e-84c9-b11c04c48944" />
    <UnitTestResult executionId="204d6933-d36c-47bf-9e70-f3454c174c8a" testId="21d2816d-5bf0-e95e-87dd-e946ae3992a2" testName="PayTaxi.Tests.Domain.PersonNameTests.Same_person_across_scripts_and_order(a: &quot;ნიკოლოზ მიქელაძე&quot;, b: &quot;Nikoloz Mikelladze&quot;)" computerName="DESKTOP-K17A3M4" duration="00:00:00.0000621" startTime="2026-09-20T22:26:58.1917070+04:00" endTime="2026-09-20T22:26:58.1917071+04:00" testType="13cdc9d9-ddb5-4fa4-a97d-d965ccfc6d4b" outcome="Passed" testListId="8c84fa94-04c1-424b-9868-57a2d4851a1d" relativeResultsDirectory="204d6933-d36c-47bf-9e70-f3454c174c8a" />
    <UnitTestResult executionId="d0e893ce-6f27-4873-9b27-d7943921b2b4" testId="65638460-a717-3fd7-baa8-5de7c1b5597f" testName="PayTaxi.Tests.Domain.SettlementShareTests.Network_park_is_flat_fifty_percent" computerName="DESKTOP-K17A3M4" duration="00:00:00.0041519" startTime="2026-09-20T22:27:10.8960839+04:00" endTime="2026-09-20T22:27:10.8960844+04:00" testType="13cdc9d9-ddb5-4fa4-a97d-d965ccfc6d4b" outcome="Passed" testListId="8c84fa94-04c1-424b-9868-57a2d4851a1d" relativeResultsDirectory="d0e893ce-6f27-4873-9b27-d7943921b2b4" />
    <UnitTestResult executionId="25ce5434-3b55-4112-99dc-dfcad1d720c1" testId="fd269e50-0ace-0f92-3666-6d8e6bb7f7e1" testName="PayTaxi.Tests.Tbc.TbcPayoutAdapterTests.Validation_fault_is_non_retryable" computerName="DESKTOP-K17A3M4" duration="00:00:00.0035443" startTime="2026-09-20T22:27:10.8214499+04:00" endTime="2026-09-20T22:27:10.8214505+04:00" testType="13cdc9d9-ddb5-4fa4-a97d-d965ccfc6d4b" outcome="Passed" testListId="8c84fa94-04c1-424b-9868-57a2d4851a1d" relativeResultsDirectory="25ce5434-3b55-4112-99dc-dfcad1d720c1" />
    <UnitTestResult executionId="e1939a1d-b713-45df-b0de-a11f4eb3d0b0" testId="7a6a5112-c981-c333-66f7-abf599a058b2" testName="PayTaxi.Tests.Integration.OwnershipRuleTests.Driver_can_add_account_in_own_name(profile: &quot;yp_tb3_003&quot;, holder: &quot;L. Kobakhidze&quot;)" computerName="DESKTOP-K17A3M4" duration="00:00:00.0330909" startTime="2026-09-20T22:27:24.4683979+04:00" endTime="2026-09-20T22:27:24.4683982+04:00" testType="13cdc9d9-ddb5-4fa4-a97d-d965ccfc6d4b" outcome="Passed" testListId="8c84fa94-04c1-424b-9868-57a2d4851a1d" relativeResultsDirectory="e1939a1d-b713-45df-b0de-a11f4eb3d0b0" />
    <UnitTestResult executionId="af581f89-f5d6-4406-a2ec-e3d3ee8c3ffe" testId="9773d186-1620-6bbd-ad8b-6ad99709cd11" testName="PayTaxi.Tests.Tbc.TbcPayoutAdapterTests.Import_builds_within_bank_order_with_wsse_header_and_soapaction" computerName="DESKTOP-K17A3M4" duration="00:00:00.0516828" startTime="2026-09-20T22:27:10.7613183+04:00" endTime="2026-09-20T22:27:10.7613190+04:00" testType="13cdc9d9-ddb5-4fa4-a97d-d965ccfc6d4b" outcome="Passed" testListId="8c84fa94-04c1-424b-9868-57a2d4851a1d" relativeResultsDirectory="af581f89-f5d6-4406-a2ec-e3d3ee8c3ffe" />
    <UnitTestResult executionId="288abdbc-52ed-48fa-ab14-967b5782b6e0" testId="a048b8c5-413a-adca-2ecd-21aa20513f69" testName="PayTaxi.Tests.Yandex.YandexFleetClientTests.Orders_map_price_and_addresses" computerName="DESKTOP-K17A3M4" duration="00:00:00.0048448" startTime="2026-09-20T22:27:29.2162549+04:00" endTime="2026-09-20T22:27:29.2162554+04:00" testType="13cdc9d9-ddb5-4fa4-a97d-d965ccfc6d4b" outcome="Passed" testListId="8c84fa94-04c1-424b-9868-57a2d4851a1d" relativeResultsDirectory="288abdbc-52ed-48fa-ab14-967b5782b6e0" />
    <UnitTestResult executionId="76e02e44-2873-40f2-a066-1207f2527609" testId="45383c55-6dc3-0d85-5daa-8919dc11eaf2" testName="PayTaxi.Tests.Domain.PersonNameTests.Different_person_is_rejected(a: &quot;გიორგი მამულაშვილი&quot;, b: &quot;Nino Beridze&quot;)" computerName="DESKTOP-K17A3M4" duration="00:00:00.0000273" startTime="2026-09-20T22:26:58.2190625+04:00" endTime="2026-09-20T22:26:58.2190625+04:00" testType="13cdc9d9-ddb5-4fa4-a97d-d965ccfc6d4b" outcome="Passed" testListId="8c84fa94-04c1-424b-9868-57a2d4851a1d" relativeResultsDirectory="76e02e44-2873-40f2-a066-1207f2527609" />
    <UnitTestResult executionId="1789cc9d-f120-4c8a-80f0-57df98e043d4" testId="111db447-b3dc-8b96-0d74-f1d86708a16c" testName="PayTaxi.Tests.Integration.OwnershipRuleTests.Driver_can_add_account_in_own_name(profile: &quot;yp_tb3_003&quot;, holder: &quot;Levan Giorgi Kobakhidze&quot;)" computerName="DESKTOP-K17A3M4" duration="00:00:00.0324283" startTime="2026-09-20T22:27:24.5024237+04:00" endTime="2026-09-20T22:27:24.5024239+04:00" testType="13cdc9d9-ddb5-4fa4-a97d-d965ccfc6d4b" outcome="Passed" testListId="8c84fa94-04c1-424b-9868-57a2d4851a1d" relativeResultsDirectory="1789cc9d-f120-4c8a-80f0-57df98e043d4" />
    <UnitTestResult executionId="0c450f04-9b61-4619-807c-fdff55830457" testId="88dee36d-4634-24ef-e6bc-bd35a9ffb043" testName="PayTaxi.Tests.Integration.CashoutSagaTests.Cashout_to_a_removed_card_is_a_typed_rejection_and_a_foreign_card_is_forbidden" computerName="DESKTOP-K17A3M4" duration="00:00:00.1780449" startTime="2026-09-20T22:27:21.4382834+04:00" endTime="2026-09-20T22:27:21.4382835+04:00" testType="13cdc9d9-ddb5-4fa4-a97d-d965ccfc6d4b" outcome="Passed" testListId="8c84fa94-04c1-424b-9868-57a2d4851a1d" relativeResultsDirectory="0c450f04-9b61-4619-807c-fdff55830457" />
    <UnitTestResult executionId="e7ba6e96-1b56-47f7-8bff-d13b6073c93e" testId="0ce74592-5259-970d-e3da-5b596827daa3" testName="PayTaxi.Tests.Integration.SessionsAndNotificationsTests.Cashout_writes_a_structured_notification_and_read_state_works" computerName="DESKTOP-K17A3M4" duration="00:00:00.2073878" startTime="2026-09-20T22:27:26.1742908+04:00" endTime="2026-09-20T22:27:26.1742911+04:00" testType="13cdc9d9-ddb5-4fa4-a97d-d965ccfc6d4b" outcome="Passed" testListId="8c84fa94-04c1-424b-9868-57a2d4851a1d" relativeResultsDirectory="e7ba6e96-1b56-47f7-8bff-d13b6073c93e" />
    <UnitTestResult executionId="e320ef63-b927-4900-a0e1-156b3d206711" testId="a9d2ed44-8216-b25b-29f6-df823e732abc" testName="PayTaxi.Tests.Integration.AuthAndAuthorizationTests.Park_admin_is_confined_to_their_park" computerName="DESKTOP-K17A3M4" duration="00:00:00.3726678" startTime="2026-09-20T22:27:20.0627087+04:00" endTime="2026-09-20T22:27:20.0627090+04:00" testType="13cdc9d9-ddb5-4fa4-a97d-d965ccfc6d4b" outcome="Passed" testListId="8c84fa94-04c1-424b-9868-57a2d4851a1d" relativeResultsDirectory="e320ef63-b927-4900-a0e1-156b3d206711" />
    <UnitTestResult executionId="56c44209-9fe8-4445-820c-2ddfad7ec484" testId="501716dc-53ed-348d-15fb-f69f3e3bf557" testName="PayTaxi.Tests.Domain.PersonNameTests.Same_person_across_scripts_and_order(a: &quot;ნიკა ჯავახიშვილი&quot;, b: &quot;Nika Javakhishvili&quot;)" computerName="DESKTOP-K17A3M4" duration="00:00:00.0006353" startTime="2026-09-20T22:26:58.1913868+04:00" endTime="2026-09-20T22:26:58.1913871+04:00" testType="13cdc9d9-ddb5-4fa4-a97d-d965ccfc6d4b" outcome="Passed" testListId="8c84fa94-04c1-424b-9868-57a2d4851a1d" relativeResultsDirectory="56c44209-9fe8-4445-820c-2ddfad7ec484" />
    <UnitTestResult executionId="c8609d7c-fde4-425b-9e35-906227e93c5f" testId="92f2ab7a-e1cd-72f3-ac35-f4a0313b236a" testName="PayTaxi.Tests.Integration.OwnershipRuleTests.Driver_is_refused_for_someone_elses_name(profile: &quot;yp_tb3_003&quot;, holder: &quot;Nino Beridze&quot;)" computerName="DESKTOP-K17A3M4" duration="00:00:00.0113276" startTime="2026-09-20T22:27:24.6825969+04:00" endTime="2026-09-20T22:27:24.6825973+04:00" testType="13cdc9d9-ddb5-4fa4-a97d-d965ccfc6d4b" outcome="Passed" testListId="8c84fa94-04c1-424b-9868-57a2d4851a1d" relativeResultsDirectory="c8609d7c-fde4-425b-9e35-906227e93c5f" />
    <UnitTestResult executionId="11325a9d-3579-48f0-9be8-b73a4b6196ec" testId="3bb749ca-c184-60cd-6426-89febc41f3a7" testName="PayTaxi.Tests.Domain.PersonNameTests.Different_person_is_rejected(a: &quot;ლევან კობახიძე&quot;, b: &quot;Levan Kobakhadze&quot;)" computerName="DESKTOP-K17A3M4" duration="00:00:00.0000106" startTime="2026-09-20T22:26:58.2190434+04:00" endTime="2026-09-20T22:26:58.2190435+04:00" testType="13cdc9d9-ddb5-4fa4-a97d-d965ccfc6d4b" outcome="Passed" testListId="8c84fa94-04c1-424b-9868-57a2d4851a1d" relativeResultsDirectory="11325a9d-3579-48f0-9be8-b73a4b6196ec" />
    <UnitTestResult executionId="13bc5585-618c-435b-81f8-22614f61c7c8" testId="d454eeb5-96fd-2011-c8da-5f1449fb1a71" testName="PayTaxi.Tests.Integration.OwnershipRuleTests.Unnamed_driver_is_not_blocked_by_the_placeholder" computerName="DESKTOP-K17A3M4" duration="00:00:00.0528795" startTime="2026-09-20T22:27:24.6704159+04:00" endTime="2026-09-20T22:27:24.6704160+04:00" testType="13cdc9d9-ddb5-4fa4-a97d-d965ccfc6d4b" outcome="Passed" testListId="8c84fa94-04c1-424b-9868-57a2d4851a1d" relativeResultsDirectory="13bc5585-618c-435b-81f8-22614f61c7c8" />
    <UnitTestResult executionId="eaf0c2c3-8750-4cdd-9b1e-39d10a0d9bb8" testId="56f5ba34-2268-fb0b-4a3c-219badce1d19" testName="PayTaxi.Tests.Integration.CashoutSagaTests.Third_party_account_payout_completes_and_is_flagged_in_queue_and_invoice" computerName="DESKTOP-K17A3M4" duration="00:00:01.2157996" startTime="2026-09-20T22:27:22.8767129+04:00" endTime="2026-09-20T22:27:22.8767133+04:00" testType="13cdc9d9-ddb5-4fa4-a97d-d965ccfc6d4b" outcome="Passed" testListId="8c84fa94-04c1-424b-9868-57a2d4851a1d" relativeResultsDirectory="eaf0c2c3-8750-4cdd-9b1e-39d10a0d9bb8" />
    <UnitTestResult executionId="562d6a78-5604-43fa-a8f4-816057883e83" testId="ff559925-4efc-da4b-c51b-9adf6d6c8210" testName="PayTaxi.Tests.Domain.FieldEncryptorTests.Already_encrypted_is_not_double_encrypted" computerName="DESKTOP-K17A3M4" duration="00:00:00.0017491" startTime="2026-09-20T22:26:58.2191849+04:00" endTime="2026-09-20T22:26:58.2191850+04:00" testType="13cdc9d9-ddb5-4fa4-a97d-d965ccfc6d4b" outcome="Passed" testListId="8c84fa94-04c1-424b-9868-57a2d4851a1d" relativeResultsDirectory="562d6a78-5604-43fa-a8f4-816057883e83" />
    <UnitTestResult executionId="a6a88952-5922-4d72-9dea-468c093d6aa5" testId="8c46cbb2-05d2-bb95-dc4d-92c20d4490b1" testName="PayTaxi.Tests.Integration.AlertsTests.Review_required_cashouts_and_open_discrepancies_are_reported" computerName="DESKTOP-K17A3M4" duration="00:00:00.5974111" startTime="2026-09-20T22:27:19.3752422+04:00" endTime="2026-09-20T22:27:19.3752427+04:00" testType="13cdc9d9-ddb5-4fa4-a97d-d965ccfc6d4b" outcome="Passed" testListId="8c84fa94-04c1-424b-9868-57a2d4851a1d" relativeResultsDirectory="a6a88952-5922-4d72-9dea-468c093d6aa5" />
    <UnitTestResult executionId="72d04a55-c74e-4057-9ae7-f2b894f87603" testId="d7386cb1-006b-4944-b0cf-8cb3266ef011" testName="PayTaxi.Tests.Integration.SessionsAndNotificationsTests.Rides_come_from_yandex_clamped_and_cached" computerName="DESKTOP-K17A3M4" duration="00:00:00.1133875" startTime="2026-09-20T22:27:25.6845776+04:00" endTime="2026-09-20T22:27:25.6845778+04:00" testType="13cdc9d9-ddb5-4fa4-a97d-d965ccfc6d4b" outcome="Passed" testListId="8c84fa94-04c1-424b-9868-57a2d4851a1d" relativeResultsDirectory="72d04a55-c74e-4057-9ae7-f2b894f87603" />
    <UnitTestResult executionId="db8b7cf4-c8d6-4efc-a8f9-8d8b5007bbd1" testId="3ff4535a-cc74-96b6-5ad6-c059e71a613b" testName="PayTaxi.Tests.Domain.PersonNameTests.Same_person_across_scripts_and_order(a: &quot;ლევან ყიფიანი&quot;, b: &quot;Levan Kipiani&quot;)" computerName="DESKTOP-K17A3M4" duration="00:00:00.0002964" startTime="2026-09-20T22:26:58.2176184+04:00" endTime="2026-09-20T22:26:58.2176185+04:00" testType="13cdc9d9-ddb5-4fa4-a97d-d965ccfc6d4b" outcome="Passed" testListId="8c84fa94-04c1-424b-9868-57a2d4851a1d" relativeResultsDirectory="db8b7cf4-c8d6-4efc-a8f9-8d8b5007bbd1" />
    <UnitTestResult executionId="61ef095b-8f60-4f71-961a-6a5124fbe334" testId="d4e6723f-4775-c9c3-7a16-663236244838" testName="PayTaxi.Tests.Domain.FieldEncryptorTests.Hash_is_stable_lowercase_hex" computerName="DESKTOP-K17A3M4" duration="00:00:00.0041753" startTime="2026-09-20T22:26:58.2192136+04:00" endTime="2026-09-20T22:26:58.2192136+04:00" testType="13cdc9d9-ddb5-4fa4-a97d-d965ccfc6d4b" outcome="Passed" testListId="8c84fa94-04c1-424b-9868-57a2d4851a1d" relativeResultsDirectory="61ef095b-8f60-4f71-961a-6a5124fbe334" />
    <UnitTestResult executionId="0724bed7-587d-4496-9a4e-93faf925bd4a" testId="2dad9616-5dbd-a2b3-42c2-4e687805b1d5" testName="PayTaxi.Tests.Domain.PersonNameTests.Empty_or_unusable_names_never_match" computerName="DESKTOP-K17A3M4" duration="00:00:00.0001126" startTime="2026-09-20T22:26:58.2191116+04:00" endTime="2026-09-20T22:26:58.2191116+04:00" testType="13cdc9d9-ddb5-4fa4-a97d-d965ccfc6d4b" outcome="Passed" testListId="8c84fa94-04c1-424b-9868-57a2d4851a1d" relativeResultsDirectory="0724bed7-587d-4496-9a4e-93faf925bd4a" />
    <UnitTestResult executionId="ec70218d-1da9-468c-9457-4bac46dedbc9" testId="df4cd59c-8dc4-d3f8-533a-11029821310f" testName="PayTaxi.Tests.Domain.PersonNameTests.Same_person_across_scripts_and_order(a: &quot;დავით წერეთელი&quot;, b: &quot;Davit Tsereteli&quot;)" computerName="DESKTOP-K17A3M4" duration="00:00:00.0000326" startTime="2026-09-20T22:26:58.1918133+04:00" endTime="2026-09-20T22:26:58.1918134+04:00" testType="13cdc9d9-ddb5-4fa4-a97d-d965ccfc6d4b" outcome="Passed" testListId="8c84fa94-04c1-424b-9868-57a2d4851a1d" relativeResultsDirectory="ec70218d-1da9-468c-9457-4bac46dedbc9" />
    <UnitTestResult executionId="a922027c-e342-4957-8e0f-3f79dfdd1fe5" testId="d6a11105-2791-09b8-3cdf-b77e0f209ccc" testName="PayTaxi.Tests.Integration.OwnershipRuleTests.Driver_can_add_account_in_own_name(profile: &quot;yp_tb3_003&quot;, holder: &quot;&quot;)" computerName="DESKTOP-K17A3M4" duration="00:00:00.0438472" startTime="2026-09-20T22:27:24.6163779+04:00" endTime="2026-09-20T22:27:24.6163784+04:00" testType="13cdc9d9-ddb5-4fa4-a97d-d965ccfc6d4b" outcome="Passed" testListId="8c84fa94-04c1-424b-9868-57a2d4851a1d" relativeResultsDirectory="a922027c-e342-4957-8e0f-3f79dfdd1fe5" />
    <UnitTestResult executionId="e98771ee-0f7b-4b82-ae05-65477720d35a" testId="229aed27-fe43-707b-684a-63eb6bec0d16" testName="PayTaxi.Tests.Integration.OwnershipRuleTests.Driver_can_add_account_in_own_name(profile: &quot;yp_tb3_003&quot;, holder: &quot;Kobakhidze&quot;)" computerName="DESKTOP-K17A3M4" duration="00:00:00.0391637" startTime="2026-09-20T22:27:24.4005682+04:00" endTime="2026-09-20T22:27:24.4005684+04:00" testType="13cdc9d9-ddb5-4fa4-a97d-d965ccfc6d4b" outcome="Passed" testListId="8c84fa94-04c1-424b-9868-57a2d4851a1d" relativeResultsDirectory="e98771ee-0f7b-4b82-ae05-65477720d35a" />
    <UnitTestResult executionId="6e45bbac-1132-4e36-b350-54910ae6f49c" testId="5b0dffec-f79a-34dc-cb2b-8fe5f0acdfba" testName="PayTaxi.Tests.Yandex.YandexFleetClientTests.Read_only_mode_blocks_writes" computerName="DESKTOP-K17A3M4" duration="00:00:00.0016112" startTime="2026-09-20T22:27:29.2314098+04:00" endTime="2026-09-20T22:27:29.2314101+04:00" testType="13cdc9d9-ddb5-4fa4-a97d-d965ccfc6d4b" outcome="Passed" testListId="8c84fa94-04c1-424b-9868-57a2d4851a1d" relativeResultsDirectory="6e45bbac-1132-4e36-b350-54910ae6f49c" />
    <UnitTestResult executionId="d965a05e-4259-4beb-b0cd-c55bce848ddd" testId="0fbc6bd6-15ef-7ea8-6ce9-b42da81f5857" testName="PayTaxi.Tests.Tbc.TbcPayoutAdapterTests.Import_to_other_bank_uses_national_currency_type_and_tax_code" computerName="DESKTOP-K17A3M4" duration="00:00:00.0036475" startTime="2026-09-20T22:27:10.8295397+04:00" endTime="2026-09-20T22:27:10.8295405+04:00" testType="13cdc9d9-ddb5-4fa4-a97d-d965ccfc6d4b" outcome="Passed" testListId="8c84fa94-04c1-424b-9868-57a2d4851a1d" relativeResultsDirectory="d965a05e-4259-4beb-b0cd-c55bce848ddd" />
    <UnitTestResult executionId="e384fe48-ca4d-4ab4-8735-e51c7c0b2f40" testId="8a949554-0f4e-e28d-fa29-5880179c7a97" testName="PayTaxi.Tests.Tbc.TbcPayoutAdapterTests.Status_codes_map_per_documentation(code: &quot;F&quot;, expected: Completed)" computerName="DESKTOP-K17A3M4" duration="00:00:00.0007873" startTime="2026-09-20T22:27:10.7086706+04:00" endTime="2026-09-20T22:27:10.7086708+04:00" testType="13cdc9d9-ddb5-4fa4-a97d-d965ccfc6d4b" outcome="Passed" testListId="8c84fa94-04c1-424b-9868-57a2d4851a1d" relativeResultsDirectory="e384fe48-ca4d-4ab4-8735-e51c7c0b2f40" />
    <UnitTestResult executionId="df2df6cd-838f-406b-99e3-b263d3d5481a" testId="ad01aade-b05f-34be-133e-684c10033d8d" testName="PayTaxi.Tests.Domain.SettlementShareTests.After_the_cap_only_the_steady_share_applies" computerName="DESKTOP-K17A3M4" duration="00:00:00.0008662" startTime="2026-09-20T22:27:10.8998410+04:00" endTime="2026-09-20T22:27:10.8998412+04:00" testType="13cdc9d9-ddb5-4fa4-a97d-d965ccfc6d4b" outcome="Passed" testListId="8c84fa94-04c1-424b-9868-57a2d4851a1d" relativeResultsDirectory="df2df6cd-838f-406b-99e3-b263d3d5481a" />
    <UnitTestResult executionId="03cd6747-55b6-452f-82fa-ac9b7809d96d" testId="f900cc05-a387-dee0-ad45-17c55cdefbb7" testName="PayTaxi.Tests.Tbc.TbcPayoutAdapterTests.Find_by_key_returns_status_when_found" computerName="DESKTOP-K17A3M4" duration="00:00:00.0084463" startTime="2026-09-20T22:27:10.7934023+04:00" endTime="2026-09-20T22:27:10.7934031+04:00" testType="13cdc9d9-ddb5-4fa4-a97d-d965ccfc6d4b" outcome="Passed" testListId="8c84fa94-04c1-424b-9868-57a2d4851a1d" relativeResultsDirectory="03cd6747-55b6-452f-82fa-ac9b7809d96d" />
    <UnitTestResult executionId="e24bce67-c475-42b1-9db0-3cd4bbf3e822" testId="90f0841b-fc95-4067-e633-87b3e16a4543" testName="PayTaxi.Tests.Domain.GeorgianIbanTests.Rejects_bad_checksum_and_bad_shape" computerName="DESKTOP-K17A3M4" duration="00:00:00.0001752" startTime="2026-09-20T22:26:58.2197084+04:00" endTime="2026-09-20T22:26:58.2197085+04:00" testType="13cdc9d9-ddb5-4fa4-a97d-d965ccfc6d4b" outcome="Passed" testListId="8c84fa94-04c1-424b-9868-57a2d4851a1d" relativeResultsDirectory="e24bce67-c475-42b1-9db0-3cd4bbf3e822" />
    <UnitTestResult executionId="fd1fdab0-ee71-49e2-82a8-3c2dc08f38f1" testId="326266f6-b6df-a453-0c19-b9c7080a6971" testName="PayTaxi.Tests.Domain.GeorgianIbanTests.Build_produces_valid_ibans_with_bank_code" computerName="DESKTOP-K17A3M4" duration="00:00:00.0078952" startTime="2026-09-20T22:26:58.2196856+04:00" endTime="2026-09-20T22:26:58.2196856+04:00" testType="13cdc9d9-ddb5-4fa4-a97d-d965ccfc6d4b" outcome="Passed" testListId="8c84fa94-04c1-424b-9868-57a2d4851a1d" relativeResultsDirectory="fd1fdab0-ee71-49e2-82a8-3c2dc08f38f1" />
  </Results>
  <TestDefinitions>
    <UnitTest name="PayTaxi.Tests.Domain.PersonNameTests.Different_person_is_rejected(a: &quot;გიორგი მამულაშვილი&quot;, b: &quot;Nino Beridze&quot;)" storage="c:\users\home\.gemini\antigravity\scratch\paytaxi\backend\paytaxi.tests\bin\debug\net8.0\paytaxi.tests.dll" id="45383c55-6dc3-0d85-5daa-8919dc11eaf2">
      <Execution id="76e02e44-2873-40f2-a066-1207f2527609" />
      <TestMethod codeBase="C:\Users\Home\.gemini\antigravity\scratch\paytaxi\backend\PayTaxi.Tests\bin\Debug\net8.0\PayTaxi.Tests.dll" adapterTypeName="executor://xunit/VsTestRunner2/netcoreapp" className="PayTaxi.Tests.Domain.PersonNameTests" name="Different_person_is_rejected" />
    </UnitTest>
    <UnitTest name="PayTaxi.Tests.Integration.SettlementAndReconciliationTests.Reconciliation_does_not_flag_the_settlement_transfer_as_an_orphan" storage="c:\users\home\.gemini\antigravity\scratch\paytaxi\backend\paytaxi.tests\bin\debug\net8.0\paytaxi.tests.dll" id="36d2427d-2764-c798-da00-2ae104ea7b66">
      <Execution id="ae833c56-4bf4-4dff-9812-d764e28d976c" />
      <TestMethod codeBase="C:\Users\Home\.gemini\antigravity\scratch\paytaxi\backend\PayTaxi.Tests\bin\Debug\net8.0\PayTaxi.Tests.dll" adapterTypeName="executor://xunit/VsTestRunner2/netcoreapp" className="PayTaxi.Tests.Integration.SettlementAndReconciliationTests" name="Reconciliation_does_not_flag_the_settlement_transfer_as_an_orphan" />
    </UnitTest>
    <UnitTest name="PayTaxi.Tests.Integration.CashoutSagaTests.Idempotency_is_scoped_to_the_driver" storage="c:\users\home\.gemini\antigravity\scratch\paytaxi\backend\paytaxi.tests\bin\debug\net8.0\paytaxi.tests.dll" id="920cecfb-1fdf-6c25-f8e4-314ab8d74cc6">
      <Execution id="68df243a-b4a7-4188-b57b-d4ad53597850" />
      <TestMethod codeBase="C:\Users\Home\.gemini\antigravity\scratch\paytaxi\backend\PayTaxi.Tests\bin\Debug\net8.0\PayTaxi.Tests.dll" adapterTypeName="executor://xunit/VsTestRunner2/netcoreapp" className="PayTaxi.Tests.Integration.CashoutSagaTests" name="Idempotency_is_scoped_to_the_driver" />
    </UnitTest>
    <UnitTest name="PayTaxi.Tests.Integration.AlertsTests.Failed_settlement_raises_a_danger_alert_scoped_by_role_and_the_signature_tracks_the_set" storage="c:\users\home\.gemini\antigravity\scratch\paytaxi\backend\paytaxi.tests\bin\debug\net8.0\paytaxi.tests.dll" id="2d030a41-db52-2472-6fb9-7e9fe6d44e4b">
      <Execution id="2bc7fc39-fbbc-41ad-bafb-20ee06fd129f" />
      <TestMethod codeBase="C:\Users\Home\.gemini\antigravity\scratch\paytaxi\backend\PayTaxi.Tests\bin\Debug\net8.0\PayTaxi.Tests.dll" adapterTypeName="executor://xunit/VsTestRunner2/netcoreapp" className="PayTaxi.Tests.Integration.AlertsTests" name="Failed_settlement_raises_a_danger_alert_scoped_by_role_and_the_signature_tracks_the_set" />
    </UnitTest>
    <UnitTest name="PayTaxi.Tests.Tbc.TbcPayoutAdapterTests.Find_by_key_returns_null_when_bank_never_saw_it" storage="c:\users\home\.gemini\antigravity\scratch\paytaxi\backend\paytaxi.tests\bin\debug\net8.0\paytaxi.tests.dll" id="6eea26f9-276b-eb9b-b4a7-67e117490f14">
      <Execution id="134bb0b9-f55e-44da-b10d-3abf65da71b9" />
      <TestMethod codeBase="C:\Users\Home\.gemini\antigravity\scratch\paytaxi\backend\PayTaxi.Tests\bin\Debug\net8.0\PayTaxi.Tests.dll" adapterTypeName="executor://xunit/VsTestRunner2/netcoreapp" className="PayTaxi.Tests.Tbc.TbcPayoutAdapterTests" name="Find_by_key_returns_null_when_bank_never_saw_it" />
    </UnitTest>
    <UnitTest name="PayTaxi.Tests.Tbc.TbcPayoutAdapterTests.Status_codes_map_per_documentation(code: &quot;FL&quot;, expected: Failed)" storage="c:\users\home\.gemini\antigravity\scratch\paytaxi\backend\paytaxi.tests\bin\debug\net8.0\paytaxi.tests.dll" id="14c88695-3fbd-0e57-1795-c92a7c513baf">
      <Execution id="ba385a00-c567-4d82-aab4-df2ab530ef9e" />
      <TestMethod codeBase="C:\Users\Home\.gemini\antigravity\scratch\paytaxi\backend\PayTaxi.Tests\bin\Debug\net8.0\PayTaxi.Tests.dll" adapterTypeName="executor://xunit/VsTestRunner2/netcoreapp" className="PayTaxi.Tests.Tbc.TbcPayoutAdapterTests" name="Status_codes_map_per_documentation" />
    </UnitTest>
    <UnitTest name="PayTaxi.Tests.Tbc.TbcPayoutAdapterTests.Validation_fault_is_non_retryable" storage="c:\users\home\.gemini\antigravity\scratch\paytaxi\backend\paytaxi.tests\bin\debug\net8.0\paytaxi.tests.dll" id="fd269e50-0ace-0f92-3666-6d8e6bb7f7e1">
      <Execution id="25ce5434-3b55-4112-99dc-dfcad1d720c1" />
      <TestMethod codeBase="C:\Users\Home\.gemini\antigravity\scratch\paytaxi\backend\PayTaxi.Tests\bin\Debug\net8.0\PayTaxi.Tests.dll" adapterTypeName="executor://xunit/VsTestRunner2/netcoreapp" className="PayTaxi.Tests.Tbc.TbcPayoutAdapterTests" name="Validation_fault_is_non_retryable" />
    </UnitTest>
    <UnitTest name="PayTaxi.Tests.Tbc.TbcPayoutAdapterTests.Expired_credentials_fault_is_retryable_ops_problem" storage="c:\users\home\.gemini\antigravity\scratch\paytaxi\backend\paytaxi.tests\bin\debug\net8.0\paytaxi.tests.dll" id="2682ce0e-8858-3cbd-990b-843eb45e3793">
      <Execution id="1017d1ef-acbc-4df9-8cd6-5483133013e3" />
      <TestMethod codeBase="C:\Users\Home\.gemini\antigravity\scratch\paytaxi\backend\PayTaxi.Tests\bin\Debug\net8.0\PayTaxi.Tests.dll" adapterTypeName="executor://xunit/VsTestRunner2/netcoreapp" className="PayTaxi.Tests.Tbc.TbcPayoutAdapterTests" name="Expired_credentials_fault_is_retryable_ops_problem" />
    </UnitTest>
    <UnitTest name="PayTaxi.Tests.Domain.FieldEncryptorTests.Tampering_or_wrong_key_is_detected" storage="c:\users\home\.gemini\antigravity\scratch\paytaxi\backend\paytaxi.tests\bin\debug\net8.0\paytaxi.tests.dll" id="d61a0251-de71-1a36-8033-4f35f519602b">
      <Execution id="8b399428-698a-4857-82e5-cb9d4d937a1d" />
      <TestMethod codeBase="C:\Users\Home\.gemini\antigravity\scratch\paytaxi\backend\PayTaxi.Tests\bin\Debug\net8.0\PayTaxi.Tests.dll" adapterTypeName="executor://xunit/VsTestRunner2/netcoreapp" className="PayTaxi.Tests.Domain.FieldEncryptorTests" name="Tampering_or_wrong_key_is_detected" />
    </UnitTest>
    <UnitTest name="PayTaxi.Tests.Domain.PersonNameTests.Different_person_is_rejected(a: &quot;Георгий Кобахидзе&quot;, b: &quot;Giorgi Kobakhidze&quot;)" storage="c:\users\home\.gemini\antigravity\scratch\paytaxi\backend\paytaxi.tests\bin\debug\net8.0\paytaxi.tests.dll" id="e34228c5-f04c-befe-99c5-2d73c51f7b59">
      <Execution id="e3e41d94-e125-48a8-8929-b7fdcc8cb53f" />
      <TestMethod codeBase="C:\Users\Home\.gemini\antigravity\scratch\paytaxi\backend\PayTaxi.Tests\bin\Debug\net8.0\PayTaxi.Tests.dll" adapterTypeName="executor://xunit/VsTestRunner2/netcoreapp" className="PayTaxi.Tests.Domain.PersonNameTests" name="Different_person_is_rejected" />
    </UnitTest>
    <UnitTest name="PayTaxi.Tests.Domain.PersonNameTests.Same_person_across_scripts_and_order(a: &quot;ლევან ყიფიანი&quot;, b: &quot;Levan Kipiani&quot;)" storage="c:\users\home\.gemini\antigravity\scratch\paytaxi\backend\paytaxi.tests\bin\debug\net8.0\paytaxi.tests.dll" id="3ff4535a-cc74-96b6-5ad6-c059e71a613b">
      <Execution id="db8b7cf4-c8d6-4efc-a8f9-8d8b5007bbd1" />
      <TestMethod codeBase="C:\Users\Home\.gemini\antigravity\scratch\paytaxi\backend\PayTaxi.Tests\bin\Debug\net8.0\PayTaxi.Tests.dll" adapterTypeName="executor://xunit/VsTestRunner2/netcoreapp" className="PayTaxi.Tests.Domain.PersonNameTests" name="Same_person_across_scripts_and_order" />
    </UnitTest>
    <UnitTest name="PayTaxi.Tests.Tbc.TbcPayoutAdapterTests.Non_xml_response_throws_so_caller_does_lookup" storage="c:\users\home\.gemini\antigravity\scratch\paytaxi\backend\paytaxi.tests\bin\debug\net8.0\paytaxi.tests.dll" id="cba39219-5c48-5560-2a4a-99b35e0ec505">
      <Execution id="ca51e779-2051-4ad3-a987-df64b2fea356" />
      <TestMethod codeBase="C:\Users\Home\.gemini\antigravity\scratch\paytaxi\backend\PayTaxi.Tests\bin\Debug\net8.0\PayTaxi.Tests.dll" adapterTypeName="executor://xunit/VsTestRunner2/netcoreapp" className="PayTaxi.Tests.Tbc.TbcPayoutAdapterTests" name="Non_xml_response_throws_so_caller_does_lookup" />
    </UnitTest>
    <UnitTest name="PayTaxi.Tests.Tbc.TbcPayoutAdapterTests.Missing_credentials_are_retryable_not_reversing" storage="c:\users\home\.gemini\antigravity\scratch\paytaxi\backend\paytaxi.tests\bin\debug\net8.0\paytaxi.tests.dll" id="5a8184c7-0b6a-b186-79cb-afb193aea782">
      <Execution id="02cf4e31-73f1-40d8-a76a-dbfdca0ba400" />
      <TestMethod codeBase="C:\Users\Home\.gemini\antigravity\scratch\paytaxi\backend\PayTaxi.Tests\bin\Debug\net8.0\PayTaxi.Tests.dll" adapterTypeName="executor://xunit/VsTestRunner2/netcoreapp" className="PayTaxi.Tests.Tbc.TbcPayoutAdapterTests" name="Missing_credentials_are_retryable_not_reversing" />
    </UnitTest>
    <UnitTest name="PayTaxi.Tests.Tbc.TbcPayoutAdapterTests.Import_then_bank_fails_it_is_non_retryable_with_error_detail" storage="c:\users\home\.gemini\antigravity\scratch\paytaxi\backend\paytaxi.tests\bin\debug\net8.0\paytaxi.tests.dll" id="9dac7c61-3e8a-ef94-dfc0-a8a839e9c665">
      <Execution id="d6b1947a-0420-4cda-8141-ff9ee4c4dfca" />
      <TestMethod codeBase="C:\Users\Home\.gemini\antigravity\scratch\paytaxi\backend\PayTaxi.Tests\bin\Debug\net8.0\PayTaxi.Tests.dll" adapterTypeName="executor://xunit/VsTestRunner2/netcoreapp" className="PayTaxi.Tests.Tbc.TbcPayoutAdapterTests" name="Import_then_bank_fails_it_is_non_retryable_with_error_detail" />
    </UnitTest>
    <UnitTest name="PayTaxi.Tests.Domain.PersonNameTests.Same_person_across_scripts_and_order(a: &quot;გიგა ფირცხალავა&quot;, b: &quot;Giga Firtskhalava&quot;)" storage="c:\users\home\.gemini\antigravity\scratch\paytaxi\backend\paytaxi.tests\bin\debug\net8.0\paytaxi.tests.dll" id="a83a29f1-f7e6-7c1d-fef3-46d79086e7c8">
      <Execution id="17c21f87-c926-49cd-9fdc-9aac7ff867d8" />
      <TestMethod codeBase="C:\Users\Home\.gemini\antigravity\scratch\paytaxi\backend\PayTaxi.Tests\bin\Debug\net8.0\PayTaxi.Tests.dll" adapterTypeName="executor://xunit/VsTestRunner2/netcoreapp" className="PayTaxi.Tests.Domain.PersonNameTests" name="Same_person_across_scripts_and_order" />
    </UnitTest>
    <UnitTest name="PayTaxi.Tests.Domain.PersonNameTests.Same_person_across_scripts_and_order(a: &quot;Levan Kobakhidze&quot;, b: &quot;levan  kobakhidze &quot;)" storage="c:\users\home\.gemini\antigravity\scratch\paytaxi\backend\paytaxi.tests\bin\debug\net8.0\paytaxi.tests.dll" id="d822ae40-3eee-d6d9-8293-7e31caeca762">
      <Execution id="be6f5e07-412c-48b2-96ed-45f408590c81" />
      <TestMethod codeBase="C:\Users\Home\.gemini\antigravity\scratch\paytaxi\backend\PayTaxi.Tests\bin\Debug\net8.0\PayTaxi.Tests.dll" adapterTypeName="executor://xunit/VsTestRunner2/netcoreapp" className="PayTaxi.Tests.Domain.PersonNameTests" name="Same_person_across_scripts_and_order" />
    </UnitTest>
    <UnitTest name="PayTaxi.Tests.Integration.OwnershipRuleTests.Driver_is_refused_for_someone_elses_name(profile: &quot;yp_tb3_003&quot;, holder: &quot;Nino Beridze&quot;)" storage="c:\users\home\.gemini\antigravity\scratch\paytaxi\backend\paytaxi.tests\bin\debug\net8.0\paytaxi.tests.dll" id="92f2ab7a-e1cd-72f3-ac35-f4a0313b236a">
      <Execution id="c8609d7c-fde4-425b-9e35-906227e93c5f" />
      <TestMethod codeBase="C:\Users\Home\.gemini\antigravity\scratch\paytaxi\backend\PayTaxi.Tests\bin\Debug\net8.0\PayTaxi.Tests.dll" adapterTypeName="executor://xunit/VsTestRunner2/netcoreapp" className="PayTaxi.Tests.Integration.OwnershipRuleTests" name="Driver_is_refused_for_someone_elses_name" />
    </UnitTest>
    <UnitTest name="PayTaxi.Tests.Integration.OwnershipRuleTests.Overlong_input_is_a_400_not_a_500" storage="c:\users\home\.gemini\antigravity\scratch\paytaxi\backend\paytaxi.tests\bin\debug\net8.0\paytaxi.tests.dll" id="95d383b3-9288-20e4-16e0-d722edc5eb73">
      <Execution id="91291766-af8a-494f-aac4-b6e497cfdd9f" />
      <TestMethod codeBase="C:\Users\Home\.gemini\antigravity\scratch\paytaxi\backend\PayTaxi.Tests\bin\Debug\net8.0\PayTaxi.Tests.dll" adapterTypeName="executor://xunit/VsTestRunner2/netcoreapp" className="PayTaxi.Tests.Integration.OwnershipRuleTests" name="Overlong_input_is_a_400_not_a_500" />
    </UnitTest>
    <UnitTest name="PayTaxi.Tests.Integration.OwnershipRuleTests.Driver_can_add_account_in_own_name(profile: &quot;yp_tb3_003&quot;, holder: &quot;ლევან კობახიძე&quot;)" storage="c:\users\home\.gemini\antigravity\scratch\paytaxi\backend\paytaxi.tests\bin\debug\net8.0\paytaxi.tests.dll" id="b5bf4958-f2ad-2336-30cc-f465e0ee2b2a">
      <Execution id="6493a4be-5c4b-42d6-9e37-472e89ffe228" />
      <TestMethod codeBase="C:\Users\Home\.gemini\antigravity\scratch\paytaxi\backend\PayTaxi.Tests\bin\Debug\net8.0\PayTaxi.Tests.dll" adapterTypeName="executor://xunit/VsTestRunner2/netcoreapp" className="PayTaxi.Tests.Integration.OwnershipRuleTests" name="Driver_can_add_account_in_own_name" />
    </UnitTest>
    <UnitTest name="PayTaxi.Tests.Domain.FieldEncryptorTests.Same_plaintext_encrypts_differently_each_time" storage="c:\users\home\.gemini\antigravity\scratch\paytaxi\backend\paytaxi.tests\bin\debug\net8.0\paytaxi.tests.dll" id="95c87574-86fa-7cfb-46fb-9b6777dd914e">
      <Execution id="84e5342f-7959-4477-a95a-89bd7ecb6b35" />
      <TestMethod codeBase="C:\Users\Home\.gemini\antigravity\scratch\paytaxi\backend\PayTaxi.Tests\bin\Debug\net8.0\PayTaxi.Tests.dll" adapterTypeName="executor://xunit/VsTestRunner2/netcoreapp" className="PayTaxi.Tests.Domain.FieldEncryptorTests" name="Same_plaintext_encrypts_differently_each_time" />
    </UnitTest>
    <UnitTest name="PayTaxi.Tests.Domain.PersonNameTests.Same_person_across_scripts_and_order(a: &quot;ზურაბ ჟვანია&quot;, b: &quot;Zurab Jvania&quot;)" storage="c:\users\home\.gemini\antigravity\scratch\paytaxi\backend\paytaxi.tests\bin\debug\net8.0\paytaxi.tests.dll" id="0500610a-e9fc-92f3-544e-3852886a0a1d">
      <Execution id="eb35287d-79f9-4b7f-9aec-07d9813a7f3d" />
[...]
info: Microsoft.AspNetCore.Mvc.Infrastructure.ControllerActionInvoker[105]&#xD;
      Executed action PayTaxi.Api.Controllers.DriverController.Me (PayTaxi.Api) in 7.9983ms&#xD;
info: Microsoft.AspNetCore.Routing.EndpointMiddleware[1]&#xD;
      Executed endpoint 'PayTaxi.Api.Controllers.DriverController.Me (PayTaxi.Api)'&#xD;
info: Microsoft.AspNetCore.Hosting.Diagnostics[2]&#xD;
      Request finished HTTP/1.1 GET http://localhost/api/driver/me - 200 - application/json;+charset=utf-8 10.5577ms&#xD;
info: Microsoft.AspNetCore.Hosting.Diagnostics[1]&#xD;
      Request starting HTTP/1.1 POST http://localhost/api/driver/cashouts - application/json;+charset=utf-8 116&#xD;
info: Microsoft.AspNetCore.Routing.EndpointMiddleware[0]&#xD;
      Executing endpoint 'PayTaxi.Api.Controllers.DriverController.CreateMyCashout (PayTaxi.Api)'&#xD;
info: Microsoft.AspNetCore.Mvc.Infrastructure.ControllerActionInvoker[102]&#xD;
      Route matched with {action = "CreateMyCashout", controller = "Driver"}. Executing controller action with signature System.Threading.Tasks.Task`1[Microsoft.AspNetCore.Mvc.IActionResult] CreateMyCashout(PayTaxi.Api.Controllers.CreateMyCashoutRequest, System.Threading.CancellationToken) on controller PayTaxi.Api.Controllers.DriverController (PayTaxi.Api).&#xD;
info: PayTaxi.Infrastructure.Adapters.Yandex.MockYandexFleetClient[0]&#xD;
      Mock Yandex debited 5 GEL from driver yp_tb3_002 in park yx_park_tb3; tx_id=yx_tx_754a0b19-de3&#xD;
info: PayTaxi.Infrastructure.Adapters.Banks.MockBankPayoutProvider[0]&#xD;
      Mock bank transfer OK: 4.50 GEL ****4567 \u001a ****0204 (transfer_id=mock_tr_a8bcfb3fc6d5)&#xD;
info: PayTaxi.Infrastructure.Services.CashoutOrchestrator[0]&#xD;
      Cashout a03467c1-a5b8-4934-ae3e-a201fa6914d9 completed: park=Tbilisi Auto Park #3 driver=???? ??????????? gross=5 fee=0.50 net=4.50 bank_tx=mock_tr_a8bcfb3fc6d5 yandex_tx=yx_tx_754a0b19-de3 attempts=1&#xD;
info: Microsoft.AspNetCore.Mvc.Infrastructure.ObjectResultExecutor[1]&#xD;
      Executing OkObjectResult, writing value of type 'PayTaxi.Core.Interfaces.CashoutSagaResult'.&#xD;
info: Microsoft.AspNetCore.Mvc.Infrastructure.ControllerActionInvoker[105]&#xD;
      Executed action PayTaxi.Api.Controllers.DriverController.CreateMyCashout (PayTaxi.Api) in 44.5011ms&#xD;
info: Microsoft.AspNetCore.Routing.EndpointMiddleware[1]&#xD;
      Executed endpoint 'PayTaxi.Api.Controllers.DriverController.CreateMyCashout (PayTaxi.Api)'&#xD;
info: Microsoft.AspNetCore.Hosting.Diagnostics[2]&#xD;
      Request finished HTTP/1.1 POST http://localhost/api/driver/cashouts - 200 - application/json;+charset=utf-8 46.2128ms&#xD;
info: Microsoft.AspNetCore.Hosting.Diagnostics[1]&#xD;
      Request starting HTTP/1.1 POST http://localhost/api/admin/settlements/run?parkId=41518b3c-1cc5-4f23-81ef-7aae10fd847e&amp;date=2026-09-20 - - -&#xD;
info: Microsoft.AspNetCore.Routing.EndpointMiddleware[0]&#xD;
      Executing endpoint 'PayTaxi.Api.Controllers.SettlementsController.RunNow (PayTaxi.Api)'&#xD;
info: Microsoft.AspNetCore.Mvc.Infrastructure.ControllerActionInvoker[102]&#xD;
      Route matched with {action = "RunNow", controller = "Settlements"}. Executing controller action with signature System.Threading.Tasks.Task`1[Microsoft.AspNetCore.Mvc.IActionResult] RunNow(System.Nullable`1[System.Guid], System.Nullable`1[System.DateOnly], System.Threading.CancellationToken) on controller PayTaxi.Api.Controllers.SettlementsController (PayTaxi.Api).&#xD;
info: Microsoft.AspNetCore.Mvc.Infrastructure.ObjectResultExecutor[1]&#xD;
      Executing OkObjectResult, writing value of type '&lt;&gt;f__AnonymousType102`17[[System.Guid, System.Private.CoreLib, Version=8.0.0.0, Culture=neutral, PublicKeyToken=7cec85d7bea7798e],[System.Guid, System.Private.CoreLib, Version=8.0.0.0, Culture=neutral, PublicKeyToken=7cec85d7bea7798e],[System.DateOnly, System.Private.CoreLib, Version=8.0.0.0, Culture=neutral, PublicKeyToken=7cec85d7bea7798e],[System.Int32, System.Private.CoreLib, Version=8.0.0.0, Culture=neutral, PublicKeyToken=7cec85d7bea7798e],[System.Decimal, System.Private.CoreLib, Version=8.0.0.0, Culture=neutral, PublicKeyToken=7cec85d7bea7798e],[System.Decimal, System.Private.CoreLib, Version=8.0.0.0, Culture=neutral, PublicKeyToken=7cec85d7bea7798e],[System.Decimal, System.Private.CoreLib, Version=8.0.0.0, Culture=neutral, PublicKeyToken=7cec85d7bea7798e],[System.Decimal, System.Private.CoreLib, Version=8.0.0.0, Culture=neutral, PublicKeyToken=7cec85d7bea7798e],[System.Decimal, System.Private.CoreLib, Version=8.0.0.0, Culture=neutral, PublicKeyToken=7cec85d7bea7798e],[System.Decimal, System.Private.CoreLib, Version=8.0.0.0, Culture=neutral, PublicKeyToken=7cec85d7bea7798e],[System.String, System.Private.CoreLib, Version=8.0.0.0, Culture=neutral, PublicKeyToken=7cec85d7bea7798e],[System.String, System.Private.CoreLib, Version=8.0.0.0, Culture=neutral, PublicKeyToken=7cec85d7bea7798e],[System.String, System.Private.CoreLib, Version=8.0.0.0, Culture=neutral, PublicKeyToken=7cec85d7bea7798e],[System.Int32, System.Private.CoreLib, Version=8.0.0.0, Culture=neutral, PublicKeyToken=7cec85d7bea7798e],[System.Nullable`1[[System.DateTime, System.Private.CoreLib, Version=8.0.0.0, Culture=neutral, PublicKeyToken=7cec85d7bea7798e]], System.Private.CoreLib, Version=8.0.0.0, Culture=neutral, PublicKeyToken=7cec85d7bea7798e],[System.String, System.Private.CoreLib, Version=8.0.0.0, Culture=neutral, PublicKeyToken=7cec85d7bea7798e],[System.String, System.Private.CoreLib, Version=8.0.0.0, Culture=neutral, PublicKeyToken=7cec85d7bea7798e]]'.&#xD;
info: Microsoft.AspNetCore.Mvc.Infrastructure.ControllerActionInvoker[105]&#xD;
      Executed action PayTaxi.Api.Controllers.SettlementsController.RunNow (PayTaxi.Api) in 2.4684ms&#xD;
info: Microsoft.AspNetCore.Routing.EndpointMiddleware[1]&#xD;
      Executed endpoint 'PayTaxi.Api.Controllers.SettlementsController.RunNow (PayTaxi.Api)'&#xD;
info: Microsoft.AspNetCore.Hosting.Diagnostics[2]&#xD;
      Request finished HTTP/1.1 POST http://localhost/api/admin/settlements/run?parkId=41518b3c-1cc5-4f23-81ef-7aae10fd847e&amp;date=2026-09-20 - 200 - application/json;+charset=utf-8 3.3065ms&#xD;
info: Microsoft.AspNetCore.Hosting.Diagnostics[1]&#xD;
      Request starting HTTP/1.1 POST http://localhost/api/admin/parks/41518b3c-1cc5-4f23-81ef-7aae10fd847e/reconciliation/run - - -&#xD;
info: Microsoft.AspNetCore.Routing.EndpointMiddleware[0]&#xD;
      Executing endpoint 'PayTaxi.Api.Controllers.ReconciliationController.RunNow (PayTaxi.Api)'&#xD;
info: Microsoft.AspNetCore.Mvc.Infrastructure.ControllerActionInvoker[102]&#xD;
      Route matched with {action = "RunNow", controller = "Reconciliation"}. Executing controller action with signature System.Threading.Tasks.Task`1[Microsoft.AspNetCore.Mvc.IActionResult] RunNow(System.Guid, System.Threading.CancellationToken) on controller PayTaxi.Api.Controllers.ReconciliationController (PayTaxi.Api).&#xD;
info: PayTaxi.Infrastructure.Services.ReconciliationWorker[0]&#xD;
      Reconciliation: park=Tbilisi Auto Park #3 cashouts=8 bank=9 yandex=8 discrepancies=0&#xD;
info: PayTaxi.Api.Controllers.ReconciliationController[0]&#xD;
      Reconciliation run c08901e7-07bf-4de8-b0ef-b9a9c572409f for park 41518b3c-1cc5-4f23-81ef-7aae10fd847e triggered by admin:ops@swich.dev&#xD;
info: Microsoft.AspNetCore.Mvc.Infrastructure.ObjectResultExecutor[1]&#xD;
      Executing OkObjectResult, writing value of type '&lt;&gt;f__AnonymousType85`11[[System.Guid, System.Private.CoreLib, Version=8.0.0.0, Culture=neutral, PublicKeyToken=7cec85d7bea7798e],[System.String, System.Private.CoreLib, Version=8.0.0.0, Culture=neutral, PublicKeyToken=7cec85d7bea7798e],[System.DateTime, System.Private.CoreLib, Version=8.0.0.0, Culture=neutral, PublicKeyToken=7cec85d7bea7798e],[System.DateTime, System.Private.CoreLib, Version=8.0.0.0, Culture=neutral, PublicKeyToken=7cec85d7bea7798e],[System.Int32, System.Private.CoreLib, Version=8.0.0.0, Culture=neutral, PublicKeyToken=7cec85d7bea7798e],[System.Int32, System.Private.CoreLib, Version=8.0.0.0, Culture=neutral, PublicKeyToken=7cec85d7bea7798e],[System.Int32, System.Private.CoreLib, Version=8.0.0.0, Culture=neutral, PublicKeyToken=7cec85d7bea7798e],[System.Int32, System.Private.CoreLib, Version=8.0.0.0, Culture=neutral, PublicKeyToken=7cec85d7bea7798e],[System.String, System.Private.CoreLib, Version=8.0.0.0, Culture=neutral, PublicKeyToken=7cec85d7bea7798e],[System.DateTime, System.Private.CoreLib, Version=8.0.0.0, Culture=neutral, PublicKeyToken=7cec85d7bea7798e],[System.Nullable`1[[System.DateTime, System.Private.CoreLib, Version=8.0.0.0, Culture=neutral, PublicKeyToken=7cec85d7bea7798e]], System.Private.CoreLib, Version=8.0.0.0, Culture=neutral, PublicKeyToken=7cec85d7bea7798e]]'.&#xD;
info: Microsoft.AspNetCore.Mvc.Infrastructure.ControllerActionInvoker[105]&#xD;
      Executed action PayTaxi.Api.Controllers.ReconciliationController.RunNow (PayTaxi.Api) in 260.0181ms&#xD;
info: Microsoft.AspNetCore.Routing.EndpointMiddleware[1]&#xD;
      Executed endpoint 'PayTaxi.Api.Controllers.ReconciliationController.RunNow (PayTaxi.Api)'&#xD;
info: Microsoft.AspNetCore.Hosting.Diagnostics[2]&#xD;
      Request finished HTTP/1.1 POST http://localhost/api/admin/parks/41518b3c-1cc5-4f23-81ef-7aae10fd847e/reconciliation/run - 200 - application/json;+charset=utf-8 268.9084ms&#xD;
info: Microsoft.AspNetCore.Hosting.Diagnostics[1]&#xD;
      Request starting HTTP/1.1 GET http://localhost/api/admin/parks/41518b3c-1cc5-4f23-81ef-7aae10fd847e/reconciliation/discrepancies?take=200 - - -&#xD;
info: Microsoft.AspNetCore.Routing.EndpointMiddleware[0]&#xD;
      Executing endpoint 'PayTaxi.Api.Controllers.ReconciliationController.ListDiscrepancies (PayTaxi.Api)'&#xD;
info: Microsoft.AspNetCore.Mvc.Infrastructure.ControllerActionInvoker[102]&#xD;
      Route matched with {action = "ListDiscrepancies", controller = "Reconciliation"}. Executing controller action with signature System.Threading.Tasks.Task`1[Microsoft.AspNetCore.Mvc.IActionResult] ListDiscrepancies(System.Guid, Boolean, Int32, System.Threading.CancellationToken) on controller PayTaxi.Api.Controllers.ReconciliationController (PayTaxi.Api).&#xD;
info: Microsoft.AspNetCore.Mvc.Infrastructure.ObjectResultExecutor[1]&#xD;
      Executing OkObjectResult, writing value of type '&lt;&gt;f__AnonymousType89`4[[System.Guid, System.Private.CoreLib, Version=8.0.0.0, Culture=neutral, PublicKeyToken=7cec85d7bea7798e],[System.Int32, System.Private.CoreLib, Version=8.0.0.0, Culture=neutral, PublicKeyToken=7cec85d7bea7798e],[System.Int32, System.Private.CoreLib, Version=8.0.0.0, Culture=neutral, PublicKeyToken=7cec85d7bea7798e],[System.Collections.Generic.List`1[[&lt;&gt;f__AnonymousType88`14[[System.Guid, System.Private.CoreLib, Version=8.0.0.0, Culture=neutral, PublicKeyToken=7cec85d7bea7798e],[System.Guid, System.Private.CoreLib, Version=8.0.0.0, Culture=neutral, PublicKeyToken=7cec85d7bea7798e],[System.Nullable`1[[System.Guid, System.Private.CoreLib, Version=8.0.0.0, Culture=neutral, PublicKeyToken=7cec85d7bea7798e]], System.Private.CoreLib, Version=8.0.0.0, Culture=neutral, PublicKeyToken=7cec85d7bea7798e],[System.String, System.Private.CoreLib, Version=8.0.0.0, Culture=neutral, PublicKeyToken=7cec85d7bea7798e],[System.Nullable`1[[System.Decimal, System.Private.CoreLib, Version=8.0.0.0, Culture=neutral, PublicKeyToken=7cec85d7bea7798e]], System.Private.CoreLib, Version=8.0.0.0, Culture=neutral, PublicKeyToken=7cec85d7bea7798e],[System.Nullable`1[[System.Decimal, System.Private.CoreLib, Version=8.0.0.0, Culture=neutral, PublicKeyToken=7cec85d7bea7798e]], System.Private.CoreLib, Version=8.0.0.0, Culture=neutral, PublicKeyToken=7cec85d7bea7798e],[System.String, System.Private.CoreLib, Version=8.0.0.0, Culture=neutral, PublicKeyToken=7cec85d7bea7798e],[System.String, System.Private.CoreLib, Version=8.0.0.0, Culture=neutral, PublicKeyToken=7cec85d7bea7798e],[System.String, System.Private.CoreLib, Version=8.0.0.0, Culture=neutral, PublicKeyToken=7cec85d7bea7798e],[System.Boolean, System.Private.CoreLib, Version=8.0.0.0, Culture=neutral, PublicKeyToken=7cec85d7bea7798e],[System.Nullable`1[[System.DateTime, System.Private.CoreLib, Version=8.0.0.0, Culture=neutral, PublicKeyToken=7cec85d7bea7798e]], System.Private.CoreLib, Version=8.0.0.0, Culture=neutral, PublicKeyToken=7cec85d7bea7798e],[System.String, System.Private.CoreLib, Version=8.0.0.0, Culture=neutral, PublicKeyToken=7cec85d7bea7798e],[System.String, System.Private.CoreLib, Version=8.0.0.0, Culture=neutral, PublicKeyToken=7cec85d7bea7798e],[System.DateTime, System.Private.CoreLib, Version=8.0.0.0, Culture=neutral, PublicKeyToken=7cec85d7bea7798e]], PayTaxi.Api, Version=1.0.0.0, Culture=neutral, PublicKeyToken=null]], System.Private.CoreLib, Version=8.0.0.0, Culture=neutral, PublicKeyToken=7cec85d7bea7798e]]'.&#xD;
info: Microsoft.AspNetCore.Mvc.Infrastructure.ControllerActionInvoker[105]&#xD;
      Executed action PayTaxi.Api.Controllers.ReconciliationController.ListDiscrepancies (PayTaxi.Api) in 55.7356ms&#xD;
info: Microsoft.AspNetCore.Routing.EndpointMiddleware[1]&#xD;
      Executed endpoint 'PayTaxi.Api.Controllers.ReconciliationController.ListDiscrepancies (PayTaxi.Api)'&#xD;
info: Microsoft.AspNetCore.Hosting.Diagnostics[2]&#xD;
      Request finished HTTP/1.1 GET http://localhost/api/admin/parks/41518b3c-1cc5-4f23-81ef-7aae10fd847e/reconciliation/discrepancies?take=200 - 200 - application/json;+charset=utf-8 65.2811ms&#xD;
info: Microsoft.AspNetCore.Hosting.Diagnostics[1]&#xD;
      Request starting HTTP/1.1 POST http://localhost/api/admin/auth/login - application/json;+charset=utf-8 65&#xD;
info: Microsoft.AspNetCore.Routing.EndpointMiddleware[0]&#xD;
      Executing endpoint 'PayTaxi.Api.Controllers.AdminAuthController.Login (PayTaxi.Api)'&#xD;
info: Microsoft.AspNetCore.Mvc.Infrastructure.ControllerActionInvoker[102]&#xD;
      Route matched with {action = "Login", controller = "AdminAuth"}. Executing controller action with signature System.Threading.Tasks.Task`1[Microsoft.AspNetCore.Mvc.IActionResult] Login(LoginDto, System.Threading.CancellationToken) on controller PayTaxi.Api.Controllers.AdminAuthController (PayTaxi.Api).&#xD;
warn: PayTaxi.Api.Controllers.AdminAuthController[0]&#xD;
      Admin login failed for manager@tbilisi-auto-park-3.local&#xD;
info: Microsoft.AspNetCore.Mvc.Infrastructure.ObjectResultExecutor[1]&#xD;
      Executing UnauthorizedObjectResult, writing value of type '&lt;&gt;f__AnonymousType0`1[[System.String, System.Private.CoreLib, Version=8.0.0.0, Culture=neutral, PublicKeyToken=7cec85d7bea7798e]]'.&#xD;
info: Microsoft.AspNetCore.Mvc.Infrastructure.ControllerActionInvoker[105]&#xD;
      Executed action PayTaxi.Api.Controllers.AdminAuthController.Login (PayTaxi.Api) in 333.8705ms&#xD;
info: Microsoft.AspNetCore.Routing.EndpointMiddleware[1]&#xD;
      Executed endpoint 'PayTaxi.Api.Controllers.AdminAuthController.Login (PayTaxi.Api)'&#xD;
info: Microsoft.AspNetCore.Hosting.Diagnostics[2]&#xD;
      Request finished HTTP/1.1 POST http://localhost/api/admin/auth/login - 401 - application/json;+charset=utf-8 334.6426ms&#xD;
info: Microsoft.AspNetCore.Hosting.Diagnostics[1]&#xD;
      Request starting HTTP/1.1 POST http://localhost/api/admin/auth/login - application/json;+charset=utf-8 65&#xD;
info: Microsoft.AspNetCore.Routing.EndpointMiddleware[0]&#xD;
      Executing endpoint 'PayTaxi.Api.Controllers.AdminAuthController.Login (PayTaxi.Api)'&#xD;
info: Microsoft.AspNetCore.Mvc.Infrastructure.ControllerActionInvoker[102]&#xD;
      Route matched with {action = "Login", controller = "AdminAuth"}. Executing controller action with signature System.Threading.Tasks.Task`1[Microsoft.AspNetCore.Mvc.IActionResult] Login(LoginDto, System.Threading.CancellationToken) on controller PayTaxi.Api.Controllers.AdminAuthController (PayTaxi.Api).&#xD;
info: Microsoft.AspNetCore.Mvc.Infrastructure.ObjectResultExecutor[1]&#xD;
      Executing OkObjectResult, writing value of type '&lt;&gt;f__AnonymousType2`3[[System.String, System.Private.CoreLib, Version=8.0.0.0, Culture=neutral, PublicKeyToken=7cec85d7bea7798e],[System.DateTime, System.Private.CoreLib, Version=8.0.0.0, Culture=neutral, PublicKeyToken=7cec85d7bea7798e],[&lt;&gt;f__AnonymousType3`6[[System.Guid, System.Private.CoreLib, Version=8.0.0.0, Culture=neutral, PublicKeyToken=7cec85d7bea7798e],[System.String, System.Private.CoreLib, Version=8.0.0.0, Culture=neutral, PublicKeyToken=7cec85d7bea7798e],[System.String, System.Private.CoreLib, Version=8.0.0.0, Culture=neutral, PublicKeyToken=7cec85d7bea7798e],[System.String, System.Private.CoreLib, Version=8.0.0.0, Culture=neutral, PublicKeyToken=7cec85d7bea7798e],[System.Nullable`1[[System.Guid, System.Private.CoreLib, Version=8.0.0.0, Culture=neutral, PublicKeyToken=7cec85d7bea7798e]], System.Private.CoreLib, Version=8.0.0.0, Culture=neutral, PublicKeyToken=7cec85d7bea7798e],[System.String, System.Private.CoreLib, Version=8.0.0.0, Culture=neutral, PublicKeyToken=7cec85d7bea7798e]], PayTaxi.Api, Version=1.0.0.0, Culture=neutral, PublicKeyToken=null]]'.&#xD;
info: Microsoft.AspNetCore.Mvc.Infrastructure.ControllerActionInvoker[105]&#xD;
      Executed action PayTaxi.Api.Controllers.AdminAuthController.Login (PayTaxi.Api) in 312.0793ms&#xD;
info: Microsoft.AspNetCore.Routing.EndpointMiddleware[1]&#xD;
      Executed endpoint 'PayTaxi.Api.Controllers.AdminAuthController.Login (PayTaxi.Api)'&#xD;
info: Microsoft.AspNetCore.Hosting.Diagnostics[2]&#xD;
      Request finished HTTP/1.1 POST http://localhost/api/admin/auth/login - 200 - application/json;+charset=utf-8 312.7321ms&#xD;
info: Microsoft.AspNetCore.Hosting.Diagnostics[1]&#xD;
      Request starting HTTP/1.1 POST http://localhost/api/admin/parks/41518b3c-1cc5-4f23-81ef-7aae10fd847e/reconciliation/run - - -&#xD;
info: Microsoft.AspNetCore.Routing.EndpointMiddleware[0]&#xD;
      Executing endpoint 'PayTaxi.Api.Controllers.ReconciliationController.RunNow (PayTaxi.Api)'&#xD;
info: Microsoft.AspNetCore.Mvc.Infrastructure.ControllerActionInvoker[102]&#xD;
      Route matched with {action = "RunNow", controller = "Reconciliation"}. Executing controller action with signature System.Threading.Tasks.Task`1[Microsoft.AspNetCore.Mvc.IActionResult] RunNow(System.Guid, System.Threading.CancellationToken) on controller PayTaxi.Api.Controllers.ReconciliationController (PayTaxi.Api).&#xD;
info: Microsoft.AspNetCore.Mvc.ForbidResult[1]&#xD;
      Executing ForbidResult with authentication schemes ().&#xD;
info: Microsoft.AspNetCore.Authentication.JwtBearer.JwtBearerHandler[13]&#xD;
      AuthenticationScheme: Bearer was forbidden.&#xD;
info: Microsoft.AspNetCore.Mvc.Infrastructure.ControllerActionInvoker[105]&#xD;
      Executed action PayTaxi.Api.Controllers.ReconciliationController.RunNow (PayTaxi.Api) in 0.5247ms&#xD;
info: Microsoft.AspNetCore.Routing.EndpointMiddleware[1]&#xD;
      Executed endpoint 'PayTaxi.Api.Controllers.ReconciliationController.RunNow (PayTaxi.Api)'&#xD;
info: Microsoft.AspNetCore.Hosting.Diagnostics[2]&#xD;
      Request finished HTTP/1.1 POST http://localhost/api/admin/parks/41518b3c-1cc5-4f23-81ef-7aae10fd847e/reconciliation/run - 403 - - 1.4600ms&#xD;
info: PayTaxi.Infrastructure.Services.PayoutQueueWorker[0]&#xD;
      Payout queue worker stopped&#xD;
[xUnit.net 00:00:31.31]   Finished:    PayTaxi.Tests&#xD;
</StdOut>
    </Output>
  </ResultSummary>
</TestRun>